#-----------------------------------------------------------
# Webtalk v2016.4 (64-bit)
# SW Build 1756540 on Mon Jan 23 19:11:23 MST 2017
# 
# Start of session at: Thu Jun 22 22:38:41 2017
# Process ID: 4256
# Current directory: C:/Users/shlab_89/Downloads/0620_lab_BRAM/0316303_0619/0316303_0619.sdk/webtalk
# Command line: wbtcv.exe -mode batch -source sdk_webtalk.tcl
# Log file: C:/Users/shlab_89/Downloads/0620_lab_BRAM/0316303_0619/0316303_0619.sdk/webtalk/webtalk.log
# Journal file: C:/Users/shlab_89/Downloads/0620_lab_BRAM/0316303_0619/0316303_0619.sdk/webtalk\webtalk.jou
#-----------------------------------------------------------
source sdk_webtalk.tcl
# webtalk_init -webtalk_dir C:\\Users\\shlab_89\\Downloads\\0620_lab_BRAM\\0316303_0619\\0316303_0619.sdk\\webtalk
# webtalk_register_client -client project
# webtalk_add_data -client project -key date_generated -value "2017-06-22 22:38:41" -context "software_version_and_target_device"
# webtalk_add_data -client project -key product_version -value "SDK v2016.4" -context "software_version_and_target_device"
# webtalk_add_data -client project -key build_version -value "2016.4" -context "software_version_and_target_device"
# webtalk_add_data -client project -key os_platform -value "amd64" -context "software_version_and_target_device"
# webtalk_add_data -client project -key registration_id -value "210633467_174112215_210541164_529" -context "software_version_and_target_device"
# webtalk_add_data -client project -key tool_flow -value "SDK" -context "software_version_and_target_device"
# webtalk_add_data -client project -key beta -value "false" -context "software_version_and_target_device"
# webtalk_add_data -client project -key route_design -value "NA" -context "software_version_and_target_device"
# webtalk_add_data -client project -key target_family -value "NA" -context "software_version_and_target_device"
# webtalk_add_data -client project -key target_device -value "NA" -context "software_version_and_target_device"
# webtalk_add_data -client project -key target_package -value "NA" -context "software_version_and_target_device"
# webtalk_add_data -client project -key target_speed -value "NA" -context "software_version_and_target_device"
# webtalk_add_data -client project -key random_id -value "p05pkkigb0loegmhd2nvpqpf95" -context "software_version_and_target_device"
# webtalk_add_data -client project -key project_id -value "2016.4_85" -context "software_version_and_target_device"
# webtalk_add_data -client project -key project_iteration -value "85" -context "software_version_and_target_device"
# webtalk_add_data -client project -key os_name -value "Microsoft Windows 7 , 64-bit" -context "user_environment"
# webtalk_add_data -client project -key os_release -value "Service Pack 1  (build 7601)" -context "user_environment"
# webtalk_add_data -client project -key cpu_name -value "Intel(R) Core(TM) i3-3220 CPU @ 3.30GHz" -context "user_environment"
# webtalk_add_data -client project -key cpu_speed -value "3292 MHz" -context "user_environment"
# webtalk_add_data -client project -key total_processors -value "1" -context "user_environment"
# webtalk_add_data -client project -key system_ram -value "16.000 GB" -context "user_environment"
# webtalk_register_client -client sdk
# webtalk_add_data -client sdk -key uid -value "1498141974775" -context "sdk\\\\hardware/1498141974775"
# webtalk_add_data -client sdk -key isZynq -value "true" -context "sdk\\\\hardware/1498141974775"
# webtalk_add_data -client sdk -key isZynqMP -value "false" -context "sdk\\\\hardware/1498141974775"
# webtalk_add_data -client sdk -key Processors -value "2" -context "sdk\\\\hardware/1498141974775"
# webtalk_add_data -client sdk -key VivadoVersion -value "2016.4" -context "sdk\\\\hardware/1498141974775"
# webtalk_add_data -client sdk -key Arch -value "zynq" -context "sdk\\\\hardware/1498141974775"
# webtalk_add_data -client sdk -key Device -value "7z020" -context "sdk\\\\hardware/1498141974775"
# webtalk_add_data -client sdk -key IsHandoff -value "true" -context "sdk\\\\hardware/1498141974775"
# webtalk_add_data -client sdk -key os -value "NA" -context "sdk\\\\hardware/1498141974775"
# webtalk_add_data -client sdk -key apptemplate -value "NA" -context "sdk\\\\hardware/1498141974775"
# webtalk_add_data -client sdk -key RecordType -value "HWCreation" -context "sdk\\\\hardware/1498141974775"
# webtalk_add_data -client sdk -key uid -value "1498142073815" -context "sdk\\\\bsp/1498142073815"
# webtalk_add_data -client sdk -key hwid -value "1498018905626" -context "sdk\\\\bsp/1498142073815"
# webtalk_add_data -client sdk -key os -value "standalone" -context "sdk\\\\bsp/1498142073815"
# webtalk_add_data -client sdk -key apptemplate -value "empty_application" -context "sdk\\\\bsp/1498142073815"
# webtalk_add_data -client sdk -key RecordType -value "BSPCreation" -context "sdk\\\\bsp/1498142073815"
# webtalk_add_data -client sdk -key uid -value "1498142075421" -context "sdk\\\\application/1498142075421"
# webtalk_add_data -client sdk -key hwid -value "1498018905626" -context "sdk\\\\application/1498142075421"
# webtalk_add_data -client sdk -key bspid -value "1498142073815" -context "sdk\\\\application/1498142075421"
# webtalk_add_data -client sdk -key newbsp -value "true" -context "sdk\\\\application/1498142075421"
# webtalk_add_data -client sdk -key os -value "standalone" -context "sdk\\\\application/1498142075421"
# webtalk_add_data -client sdk -key apptemplate -value "empty_application" -context "sdk\\\\application/1498142075421"
# webtalk_add_data -client sdk -key RecordType -value "APPCreation" -context "sdk\\\\application/1498142075421"
# webtalk_add_data -client sdk -key LangUsed -value "C" -context "sdk\\\\application/1498142075421"
# webtalk_add_data -client sdk -key Procused -value "ps7_cortexa9" -context "sdk\\\\application/1498142075421"
# webtalk_add_data -client sdk -key projSize -value "683.58203125" -context "sdk\\\\application/1498142075421"
# webtalk_add_data -client sdk -key uid -value "NA" -context "sdk\\\\bsp/1498142321211"
# webtalk_add_data -client sdk -key RecordType -value "ToolUsage" -context "sdk\\\\bsp/1498142321211"
# webtalk_add_data -client sdk -key BootgenCount -value "0" -context "sdk\\\\bsp/1498142321211"
# webtalk_add_data -client sdk -key DebugCount -value "0" -context "sdk\\\\bsp/1498142321211"
# webtalk_add_data -client sdk -key PerfCount -value "0" -context "sdk\\\\bsp/1498142321211"
# webtalk_add_data -client sdk -key FlashCount -value "0" -context "sdk\\\\bsp/1498142321211"
# webtalk_add_data -client sdk -key CrossTriggCount -value "0" -context "sdk\\\\bsp/1498142321211"
# webtalk_add_data -client sdk -key QemuDebugCount -value "0" -context "sdk\\\\bsp/1498142321211"
# webtalk_transmit -clientid 2457919375 -regid "210633467_174112215_210541164_529" -xml C:\\Users\\shlab_89\\Downloads\\0620_lab_BRAM\\0316303_0619\\0316303_0619.sdk\\webtalk\\usage_statistics_ext_sdk.xml -html C:\\Users\\shlab_89\\Downloads\\0620_lab_BRAM\\0316303_0619\\0316303_0619.sdk\\webtalk\\usage_statistics_ext_sdk.html -wdm C:\\Users\\shlab_89\\Downloads\\0620_lab_BRAM\\0316303_0619\\0316303_0619.sdk\\webtalk\\sdk_webtalk.wdm -intro "<H3>SDK Usage Report</H3><BR>"
INFO: [Common 17-186] 'C:\Users\shlab_89\Downloads\0620_lab_BRAM\0316303_0619\0316303_0619.sdk\webtalk\usage_statistics_ext_sdk.xml' has been successfully sent to Xilinx on Thu Jun 22 22:38:46 2017. For additional details about this file, please refer to the WebTalk help file at C:/Xilinx/SDK/2016.4/doc/webtalk_introduction.html.
# webtalk_terminate
INFO: [Common 17-206] Exiting Webtalk at Thu Jun 22 22:38:46 2017...
