19:24:14 INFO  : Registering command handlers for SDK TCF services
19:24:15 INFO  : Launching XSCT server: xsct.bat -interactive C:\Users\shlab_61\Desktop\0316303_0619\0316303_0619.sdk\temp_xsdb_launch_script.tcl
19:24:18 INFO  : XSCT server has started successfully.
19:24:19 INFO  : Successfully done setting XSCT server connection channel  
19:24:19 INFO  : Successfully done setting SDK workspace  
19:24:19 INFO  : Processing command line option -hwspec C:/Users/shlab_61/Desktop/0316303_0619/0316303_0619.sdk/lab6_wrapper.hdf.
19:26:57 INFO  : Refreshed build settings on project find_motion
19:29:39 INFO  : Connected to target on host '127.0.0.1' and port '3121'.
19:29:40 INFO  : 'targets -set -filter {jtag_cable_name =~ "Digilent Zed 210248763559" && level==0} -index 1' command is executed.
19:29:42 INFO  : FPGA configured successfully with bitstream "C:/Users/shlab_61/Desktop/0316303_0619/0316303_0619.sdk/lab6_wrapper_hw_platform_0/lab6_wrapper.bit"
19:29:59 INFO  : ps7_init is completed.
19:29:59 INFO  : ps7_post_config is completed.
19:29:59 INFO  : Processor reset is completed for ps7_cortexa9_0
21:14:42 ERROR : Unexpected error while parsing XMD response ?: com.google.gson.JsonSyntaxException: com.google.gson.stream.MalformedJsonException: invalid number or unquoted string near 
21:22:43 INFO  : Registering command handlers for SDK TCF services
21:22:43 INFO  : Launching XSCT server: xsct.bat -interactive C:\Users\shlab_61\Desktop\0619_lab\0316303_0619\0316303_0619.sdk\temp_xsdb_launch_script.tcl
21:22:47 INFO  : XSCT server has started successfully.
21:22:47 INFO  : Successfully done setting XSCT server connection channel  
21:22:47 INFO  : Processing command line option -hwspec C:/Users/shlab_61/Desktop/0619_lab/0316303_0619/0316303_0619.sdk/lab6_wrapper.hdf.
21:22:47 INFO  : Successfully done setting SDK workspace  
21:23:15 INFO  : Processor reset is completed for ps7_cortexa9_0
21:24:57 INFO  : Connected to target on host '127.0.0.1' and port '3121'.
21:25:01 INFO  : 'targets -set -filter {jtag_cable_name =~ "Digilent Zed 210248763559" && level==0} -index 1' command is executed.
21:25:03 INFO  : FPGA configured successfully with bitstream "C:/Users/shlab_61/Desktop/0619_lab/0316303_0619/0316303_0619.sdk/lab6_wrapper_hw_platform_1/lab6_wrapper.bit"
21:30:34 INFO  : Processor reset is completed for ps7_cortexa9_0
21:35:01 ERROR : Unexpected error while parsing XMD response ?: com.google.gson.JsonSyntaxException: com.google.gson.stream.MalformedJsonException: invalid number or unquoted string near 
15:59:31 INFO  : Registering command handlers for SDK TCF services
15:59:31 INFO  : Launching XSCT server: xsct.bat -interactive C:\Users\shlab_61\Downloads\0619_lab\0316303_0619\0316303_0619.sdk\temp_xsdb_launch_script.tcl
15:59:33 INFO  : XSCT server has started successfully.
15:59:34 INFO  : Processing command line option -hwspec C:/Users/shlab_61/Downloads/0619_lab/0316303_0619/0316303_0619.sdk/lab6_wrapper.hdf.
15:59:34 INFO  : Successfully done setting XSCT server connection channel  
15:59:34 INFO  : Successfully done setting SDK workspace  
16:00:38 INFO  : Connected to target on host '127.0.0.1' and port '3121'.
16:00:42 INFO  : 'targets -set -filter {jtag_cable_name =~ "Digilent Zed 210248763559" && level==0} -index 1' command is executed.
16:00:44 INFO  : FPGA configured successfully with bitstream "C:/Users/shlab_61/Downloads/0619_lab/0316303_0619/0316303_0619.sdk/lab6_wrapper_hw_platform_2/lab6_wrapper.bit"
16:01:02 INFO  : Processor reset is completed for ps7_cortexa9_0
16:04:13 INFO  : Refreshed build settings on project find_motion
16:05:40 INFO  : Connected to target on host '127.0.0.1' and port '3121'.
16:05:40 INFO  : 'targets -set -filter {jtag_cable_name =~ "Digilent Zed 210248763559" && level==0} -index 1' command is executed.
16:05:42 INFO  : FPGA configured successfully with bitstream "C:/Users/shlab_61/Downloads/0619_lab/0316303_0619/0316303_0619.sdk/lab6_wrapper_hw_platform_2/lab6_wrapper.bit"
16:05:58 INFO  : Processor reset is completed for ps7_cortexa9_0
16:07:09 ERROR : Failed to get all peripherals
Reason: unable to find hardware specification file/project C:/Users/shlab_61/Downloads/0619_lab/0316303_0619/0316303_0619.sdk/lab6_wrapper_hw_platform_2/system.hdf
16:07:09 ERROR : Unable to disconnect from existing targets
java.lang.RuntimeException: Failed to get all peripherals
Reason: unable to find hardware specification file/project C:/Users/shlab_61/Downloads/0619_lab/0316303_0619/0316303_0619.sdk/lab6_wrapper_hw_platform_2/system.hdf
	at com.xilinx.sdk.xsdb.XsdbCommandUtils.handleResult(XsdbCommandUtils.java:313)
	at com.xilinx.sdk.xsdb.XsdbCommandUtils.executeAndRespond(XsdbCommandUtils.java:251)
	at com.xilinx.sdk.hw.internal.HwPlatform.populatePeripheralDetails(HwPlatform.java:774)
	at com.xilinx.sdk.hw.internal.HwPlatform.getProcessorNames(HwPlatform.java:621)
	at com.xilinx.sdk.targetmanager.internal.TM.disconnectExistingTargets(TM.java:299)
	at com.xilinx.sdk.targetmanager.internal.TM.terminate(TM.java:212)
	at com.xilinx.sdk.targetmanager.TMPlugin.stop(TMPlugin.java:58)
	at org.eclipse.osgi.internal.framework.BundleContextImpl$4.run(BundleContextImpl.java:827)
	at org.eclipse.osgi.internal.framework.BundleContextImpl$4.run(BundleContextImpl.java:1)
	at java.security.AccessController.doPrivileged(Native Method)
	at org.eclipse.osgi.internal.framework.BundleContextImpl.stop(BundleContextImpl.java:820)
	at org.eclipse.osgi.internal.framework.EquinoxBundle.stopWorker0(EquinoxBundle.java:955)
	at org.eclipse.osgi.internal.framework.EquinoxBundle$EquinoxModule.stopWorker(EquinoxBundle.java:323)
	at org.eclipse.osgi.container.Module.doStop(Module.java:626)
	at org.eclipse.osgi.container.Module.stop(Module.java:488)
	at org.eclipse.osgi.container.ModuleContainer$ContainerStartLevel.decStartLevel(ModuleContainer.java:1623)
	at org.eclipse.osgi.container.ModuleContainer$ContainerStartLevel.doContainerStartLevel(ModuleContainer.java:1542)
	at org.eclipse.osgi.container.SystemModule.stopWorker(SystemModule.java:248)
	at org.eclipse.osgi.internal.framework.EquinoxBundle$SystemBundle$EquinoxSystemModule.stopWorker(EquinoxBundle.java:144)
	at org.eclipse.osgi.container.Module.doStop(Module.java:626)
	at org.eclipse.osgi.container.Module.stop(Module.java:488)
	at org.eclipse.osgi.container.SystemModule.stop(SystemModule.java:186)
	at org.eclipse.osgi.internal.framework.EquinoxBundle$SystemBundle$EquinoxSystemModule$1.run(EquinoxBundle.java:159)
	at java.lang.Thread.run(Thread.java:745)
16:07:09 ERROR : Unexpected error while parsing XMD response ?: com.google.gson.JsonSyntaxException: com.google.gson.stream.MalformedJsonException: invalid number or unquoted string near 
16:07:19 INFO  : Registering command handlers for SDK TCF services
16:07:19 INFO  : Launching XSCT server: xsct.bat -interactive C:\Users\shlab_61\Downloads\0619_lab\0316303_0619\0316303_0619.sdk\temp_xsdb_launch_script.tcl
16:07:21 INFO  : XSCT server has started successfully.
16:07:21 INFO  : Successfully done setting XSCT server connection channel  
16:07:21 INFO  : Processing command line option -hwspec C:/Users/shlab_61/Downloads/0619_lab/0316303_0619/0316303_0619.sdk/lab6_wrapper.hdf.
16:07:21 INFO  : Successfully done setting SDK workspace  
16:07:49 INFO  : Connected to target on host '127.0.0.1' and port '3121'.
16:07:52 INFO  : 'targets -set -filter {jtag_cable_name =~ "Digilent Zed 210248763559" && level==0} -index 1' command is executed.
16:07:55 INFO  : FPGA configured successfully with bitstream "C:/Users/shlab_61/Downloads/0619_lab/0316303_0619/0316303_0619.sdk/lab6_wrapper_hw_platform_0/lab6_wrapper.bit"
16:08:09 INFO  : Processor reset is completed for ps7_cortexa9_0
16:22:13 INFO  : Connected to target on host '127.0.0.1' and port '3121'.
16:22:14 INFO  : 'targets -set -filter {jtag_cable_name =~ "Digilent Zed 210248763559" && level==0} -index 1' command is executed.
16:22:16 INFO  : FPGA configured successfully with bitstream "C:/Users/shlab_61/Downloads/0619_lab/0316303_0619/0316303_0619.sdk/lab6_wrapper_hw_platform_0/lab6_wrapper.bit"
16:22:19 INFO  : Processor reset is completed for ps7_cortexa9_0
16:24:48 INFO  : Connected to target on host '127.0.0.1' and port '3121'.
16:24:48 INFO  : 'targets -set -filter {jtag_cable_name =~ "Digilent Zed 210248763559" && level==0} -index 1' command is executed.
16:24:51 INFO  : FPGA configured successfully with bitstream "C:/Users/shlab_61/Downloads/0619_lab/0316303_0619/0316303_0619.sdk/lab6_wrapper_hw_platform_0/lab6_wrapper.bit"
16:24:53 INFO  : Processor reset is completed for ps7_cortexa9_0
16:24:54 ERROR : Unexpected error while launching program.
java.lang.RuntimeException: Failed to download ELF file


    Cannot access reserved memory
    Error Address = 0x00120000, Size = 0x00000008


	at com.xilinx.sdk.targetmanager.internal.TM.downloadELF(TM.java:686)
	at com.xilinx.sdk.debug.core.internal.AppRunner.run(AppRunner.java:129)
	at com.xilinx.sdk.debug.core.XilinxAppLaunchConfigurationDelegate.runApplication(XilinxAppLaunchConfigurationDelegate.java:637)
	at com.xilinx.sdk.debug.core.XilinxAppLaunchConfigurationDelegate.launch(XilinxAppLaunchConfigurationDelegate.java:309)
	at com.xilinx.sdk.debug.ui.XilinxAppLaunchDelegateWrapper.launch(XilinxAppLaunchDelegateWrapper.java:31)
	at org.eclipse.debug.internal.core.LaunchConfiguration.launch(LaunchConfiguration.java:885)
	at org.eclipse.debug.internal.core.LaunchConfiguration.launch(LaunchConfiguration.java:739)
	at org.eclipse.debug.internal.ui.DebugUIPlugin.buildAndLaunch(DebugUIPlugin.java:1039)
	at org.eclipse.debug.internal.ui.DebugUIPlugin$8.run(DebugUIPlugin.java:1256)
	at org.eclipse.core.internal.jobs.Worker.run(Worker.java:55)
16:25:00 INFO  : Connected to target on host '127.0.0.1' and port '3121'.
16:25:06 INFO  : 'targets -set -filter {jtag_cable_name =~ "Digilent Zed 210248763559" && level==0} -index 1' command is executed.
16:25:09 INFO  : FPGA configured successfully with bitstream "C:/Users/shlab_61/Downloads/0619_lab/0316303_0619/0316303_0619.sdk/lab6_wrapper_hw_platform_0/lab6_wrapper.bit"
16:25:20 ERROR : Unexpected error while parsing XMD response ?: com.google.gson.JsonSyntaxException: com.google.gson.stream.MalformedJsonException: invalid number or unquoted string near 
16:25:32 INFO  : Registering command handlers for SDK TCF services
16:25:33 INFO  : Launching XSCT server: xsct.bat -interactive C:\Users\shlab_61\Downloads\0619_lab\0316303_0619\0316303_0619.sdk\temp_xsdb_launch_script.tcl
16:25:35 INFO  : XSCT server has started successfully.
16:25:35 INFO  : Successfully done setting XSCT server connection channel  
16:25:36 INFO  : Successfully done setting SDK workspace  
16:25:36 INFO  : Processing command line option -hwspec C:/Users/shlab_61/Downloads/0619_lab/0316303_0619/0316303_0619.sdk/lab6_wrapper.hdf.
16:25:36 INFO  : Checking for hwspec changes in the project lab6_wrapper_hw_platform_0.
16:25:51 INFO  : Connected to target on host '127.0.0.1' and port '3121'.
16:25:54 INFO  : 'targets -set -filter {jtag_cable_name =~ "Digilent Zed 210248763559" && level==0} -index 1' command is executed.
16:25:57 INFO  : FPGA configured successfully with bitstream "C:/Users/shlab_61/Downloads/0619_lab/0316303_0619/0316303_0619.sdk/lab6_wrapper_hw_platform_0/lab6_wrapper.bit"
16:26:12 INFO  : ps7_init is completed.
16:26:12 INFO  : ps7_post_config is completed.
16:26:13 INFO  : Processor reset is completed for ps7_cortexa9_0
16:26:39 INFO  : Connected to target on host '127.0.0.1' and port '3121'.
16:26:39 INFO  : 'targets -set -filter {jtag_cable_name =~ "Digilent Zed 210248763559" && level==0} -index 1' command is executed.
16:26:42 INFO  : FPGA configured successfully with bitstream "C:/Users/shlab_61/Downloads/0619_lab/0316303_0619/0316303_0619.sdk/lab6_wrapper_hw_platform_0/lab6_wrapper.bit"
16:26:46 INFO  : Processor reset is completed for ps7_cortexa9_0
16:27:55 INFO  : Connected to target on host '127.0.0.1' and port '3121'.
16:27:56 INFO  : 'targets -set -filter {jtag_cable_name =~ "Digilent Zed 210248763559" && level==0} -index 1' command is executed.
16:27:58 INFO  : FPGA configured successfully with bitstream "C:/Users/shlab_61/Downloads/0619_lab/0316303_0619/0316303_0619.sdk/lab6_wrapper_hw_platform_0/lab6_wrapper.bit"
16:28:02 INFO  : Processor reset is completed for ps7_cortexa9_0
16:28:49 INFO  : Connected to target on host '127.0.0.1' and port '3121'.
16:28:49 INFO  : 'targets -set -filter {jtag_cable_name =~ "Digilent Zed 210248763559" && level==0} -index 1' command is executed.
16:28:51 INFO  : FPGA configured successfully with bitstream "C:/Users/shlab_61/Downloads/0619_lab/0316303_0619/0316303_0619.sdk/lab6_wrapper_hw_platform_0/lab6_wrapper.bit"
16:28:54 INFO  : Processor reset is completed for ps7_cortexa9_0
16:29:16 INFO  : Connected to target on host '127.0.0.1' and port '3121'.
16:29:17 INFO  : 'targets -set -filter {jtag_cable_name =~ "Digilent Zed 210248763559" && level==0} -index 1' command is executed.
16:29:19 INFO  : FPGA configured successfully with bitstream "C:/Users/shlab_61/Downloads/0619_lab/0316303_0619/0316303_0619.sdk/lab6_wrapper_hw_platform_0/lab6_wrapper.bit"
16:32:23 INFO  : Refreshed build settings on project find_motion
16:34:07 INFO  : Connected to target on host '127.0.0.1' and port '3121'.
16:34:07 INFO  : 'targets -set -filter {jtag_cable_name =~ "Digilent Zed 210248763559" && level==0} -index 1' command is executed.
16:34:09 INFO  : FPGA configured successfully with bitstream "C:/Users/shlab_61/Downloads/0619_lab/0316303_0619/0316303_0619.sdk/lab6_wrapper_hw_platform_0/lab6_wrapper.bit"
16:34:25 INFO  : Processor reset is completed for ps7_cortexa9_0
16:34:25 ERROR : Unexpected error while launching program.
java.lang.RuntimeException: Failed to download ELF file


    Cannot access DDR: the controller is held in reset

	at com.xilinx.sdk.targetmanager.internal.TM.downloadELF(TM.java:686)
	at com.xilinx.sdk.debug.core.internal.AppRunner.run(AppRunner.java:129)
	at com.xilinx.sdk.debug.core.XilinxAppLaunchConfigurationDelegate.runApplication(XilinxAppLaunchConfigurationDelegate.java:637)
	at com.xilinx.sdk.debug.core.XilinxAppLaunchConfigurationDelegate.launch(XilinxAppLaunchConfigurationDelegate.java:309)
	at com.xilinx.sdk.debug.ui.XilinxAppLaunchDelegateWrapper.launch(XilinxAppLaunchDelegateWrapper.java:31)
	at org.eclipse.debug.internal.core.LaunchConfiguration.launch(LaunchConfiguration.java:885)
	at org.eclipse.debug.internal.core.LaunchConfiguration.launch(LaunchConfiguration.java:739)
	at org.eclipse.debug.internal.ui.DebugUIPlugin.buildAndLaunch(DebugUIPlugin.java:1039)
	at org.eclipse.debug.internal.ui.DebugUIPlugin$8.run(DebugUIPlugin.java:1256)
	at org.eclipse.core.internal.jobs.Worker.run(Worker.java:55)
16:34:43 ERROR : Unexpected error while parsing XMD response ?: com.google.gson.JsonSyntaxException: com.google.gson.stream.MalformedJsonException: invalid number or unquoted string near 
16:34:55 INFO  : Registering command handlers for SDK TCF services
16:34:55 INFO  : Launching XSCT server: xsct.bat -interactive C:\Users\shlab_61\Downloads\0619_lab\0316303_0619\0316303_0619.sdk\temp_xsdb_launch_script.tcl
16:34:57 INFO  : XSCT server has started successfully.
16:34:58 INFO  : Successfully done setting XSCT server connection channel  
16:34:58 INFO  : Successfully done setting SDK workspace  
16:34:58 INFO  : Processing command line option -hwspec C:/Users/shlab_61/Downloads/0619_lab/0316303_0619/0316303_0619.sdk/lab6_wrapper.hdf.
16:34:58 INFO  : Checking for hwspec changes in the project lab6_wrapper_hw_platform_0.
16:35:16 INFO  : Connected to target on host '127.0.0.1' and port '3121'.
16:35:17 INFO  : 'targets -set -filter {jtag_cable_name =~ "Digilent Zed 210248763559" && level==0} -index 1' command is executed.
16:35:19 INFO  : FPGA configured successfully with bitstream "C:/Users/shlab_61/Downloads/0619_lab/0316303_0619/0316303_0619.sdk/lab6_wrapper_hw_platform_0/lab6_wrapper.bit"
16:35:27 INFO  : ps7_init is completed.
16:35:27 INFO  : ps7_post_config is completed.
16:35:27 INFO  : Processor reset is completed for ps7_cortexa9_0
16:36:43 INFO  : Connected to target on host '127.0.0.1' and port '3121'.
16:36:43 INFO  : 'targets -set -filter {jtag_cable_name =~ "Digilent Zed 210248763559" && level==0} -index 1' command is executed.
16:36:46 INFO  : FPGA configured successfully with bitstream "C:/Users/shlab_61/Downloads/0619_lab/0316303_0619/0316303_0619.sdk/lab6_wrapper_hw_platform_0/lab6_wrapper.bit"
16:36:53 ERROR : Unexpected error while launching program.
java.lang.RuntimeException: The program file specified in the launch configuration does not exist
	at com.xilinx.sdk.debug.core.XilinxAppLaunchConfigurationDelegate.runApplication(XilinxAppLaunchConfigurationDelegate.java:580)
	at com.xilinx.sdk.debug.core.XilinxAppLaunchConfigurationDelegate.launch(XilinxAppLaunchConfigurationDelegate.java:309)
	at com.xilinx.sdk.debug.ui.XilinxAppLaunchDelegateWrapper.launch(XilinxAppLaunchDelegateWrapper.java:31)
	at org.eclipse.debug.internal.core.LaunchConfiguration.launch(LaunchConfiguration.java:885)
	at org.eclipse.debug.internal.core.LaunchConfiguration.launch(LaunchConfiguration.java:739)
	at org.eclipse.debug.internal.ui.DebugUIPlugin.buildAndLaunch(DebugUIPlugin.java:1039)
	at org.eclipse.debug.internal.ui.DebugUIPlugin$8.run(DebugUIPlugin.java:1256)
	at org.eclipse.core.internal.jobs.Worker.run(Worker.java:55)
16:40:46 INFO  : Refreshed build settings on project find_motion
16:42:51 INFO  : Connected to target on host '127.0.0.1' and port '3121'.
16:42:51 INFO  : 'targets -set -filter {jtag_cable_name =~ "Digilent Zed 210248763559" && level==0} -index 1' command is executed.
16:42:54 INFO  : FPGA configured successfully with bitstream "C:/Users/shlab_61/Downloads/0619_lab/0316303_0619/0316303_0619.sdk/lab6_wrapper_hw_platform_0/lab6_wrapper.bit"
16:43:00 INFO  : Processor reset is completed for ps7_cortexa9_0
16:43:12 INFO  : Processor reset is completed for ps7_cortexa9_0
16:43:33 INFO  : Connected to target on host '127.0.0.1' and port '3121'.
16:43:33 INFO  : 'targets -set -filter {jtag_cable_name =~ "Digilent Zed 210248763559" && level==0} -index 1' command is executed.
16:43:36 INFO  : FPGA configured successfully with bitstream "C:/Users/shlab_61/Downloads/0619_lab/0316303_0619/0316303_0619.sdk/lab6_wrapper_hw_platform_0/lab6_wrapper.bit"
16:43:39 INFO  : Processor reset is completed for ps7_cortexa9_0
16:55:48 ERROR : Unexpected error while parsing XMD response ?: com.google.gson.JsonSyntaxException: com.google.gson.stream.MalformedJsonException: invalid number or unquoted string near 
18:33:06 INFO  : Registering command handlers for SDK TCF services
18:33:07 INFO  : Launching XSCT server: xsct.bat -interactive C:\Users\shlab_61\Downloads\0619_lab\0316303_0619\0316303_0619.sdk\temp_xsdb_launch_script.tcl
18:33:09 INFO  : XSCT server has started successfully.
18:33:09 INFO  : Successfully done setting XSCT server connection channel  
18:33:09 INFO  : Successfully done setting SDK workspace  
18:33:09 INFO  : Processing command line option -hwspec C:/Users/shlab_61/Downloads/0619_lab/0316303_0619/0316303_0619.sdk/lab6_wrapper.hdf.
18:33:09 INFO  : Checking for hwspec changes in the project lab6_wrapper_hw_platform_0.
18:33:12 INFO  : SDK has detected change in the last modified timestamps for source hardware specification file Source:1497954760572,  Project:1497945523143
18:33:12 INFO  : The hardware specification for project 'lab6_wrapper_hw_platform_0' is different from C:/Users/shlab_61/Downloads/0619_lab/0316303_0619/0316303_0619.sdk/lab6_wrapper.hdf.
18:33:12 INFO  : Copied contents of C:/Users/shlab_61/Downloads/0619_lab/0316303_0619/0316303_0619.sdk/lab6_wrapper.hdf into \lab6_wrapper_hw_platform_0\system.hdf.
18:33:17 INFO  : Synchronizing projects in the workspace with the hardware platform specification changes.
18:33:20 INFO  : 
18:33:21 INFO  : Updating hardware inferred compiler options for find_motion.
18:33:21 INFO  : Clearing existing target manager status.
18:33:30 INFO  : Connected to target on host '127.0.0.1' and port '3121'.
18:33:33 INFO  : 'targets -set -filter {jtag_cable_name =~ "Digilent Zed 210248763559" && level==0} -index 1' command is executed.
18:33:36 INFO  : FPGA configured successfully with bitstream "C:/Users/shlab_61/Downloads/0619_lab/0316303_0619/0316303_0619.sdk/lab6_wrapper_hw_platform_0/lab6_wrapper.bit"
18:33:40 ERROR : Unexpected error while parsing XMD response ?: com.google.gson.JsonSyntaxException: com.google.gson.stream.MalformedJsonException: invalid number or unquoted string near 
18:33:59 INFO  : Registering command handlers for SDK TCF services
18:33:59 INFO  : Launching XSCT server: xsct.bat -interactive C:\Users\shlab_61\Downloads\0619_lab\0316303_0619\0316303_0619.sdk\temp_xsdb_launch_script.tcl
18:34:01 INFO  : XSCT server has started successfully.
18:34:02 INFO  : Successfully done setting XSCT server connection channel  
18:34:02 INFO  : Processing command line option -hwspec C:/Users/shlab_61/Downloads/0619_lab/0316303_0619/0316303_0619.sdk/lab6_wrapper.hdf.
18:34:02 INFO  : Successfully done setting SDK workspace  
18:34:02 INFO  : Checking for hwspec changes in the project lab6_wrapper_hw_platform_0.
18:35:08 INFO  : Connected to target on host '127.0.0.1' and port '3121'.
18:35:11 INFO  : 'targets -set -filter {jtag_cable_name =~ "Digilent Zed 210248763559" && level==0} -index 1' command is executed.
18:35:14 INFO  : FPGA configured successfully with bitstream "C:/Users/shlab_61/Downloads/0619_lab/0316303_0619/0316303_0619.sdk/lab6_wrapper_hw_platform_0/lab6_wrapper.bit"
18:35:21 INFO  : Processor reset is completed for ps7_cortexa9_0
18:44:04 INFO  : Connected to target on host '127.0.0.1' and port '3121'.
18:44:05 INFO  : 'targets -set -filter {jtag_cable_name =~ "Digilent Zed 210248763559" && level==0} -index 1' command is executed.
18:44:07 INFO  : FPGA configured successfully with bitstream "C:/Users/shlab_61/Downloads/0619_lab/0316303_0619/0316303_0619.sdk/lab6_wrapper_hw_platform_0/lab6_wrapper.bit"
18:44:10 INFO  : Processor reset is completed for ps7_cortexa9_0
18:46:41 ERROR : Unexpected error while parsing XMD response ?: com.google.gson.JsonSyntaxException: com.google.gson.stream.MalformedJsonException: invalid number or unquoted string near 
19:08:33 INFO  : Registering command handlers for SDK TCF services
19:08:33 INFO  : Launching XSCT server: xsct.bat -interactive C:\Users\shlab_61\Downloads\0619_lab\0316303_0619\0316303_0619.sdk\temp_xsdb_launch_script.tcl
19:08:35 INFO  : XSCT server has started successfully.
19:08:36 INFO  : Successfully done setting XSCT server connection channel  
19:08:36 INFO  : Successfully done setting SDK workspace  
19:08:36 INFO  : Processing command line option -hwspec C:/Users/shlab_61/Downloads/0619_lab/0316303_0619/0316303_0619.sdk/lab6_wrapper.hdf.
19:08:36 INFO  : Checking for hwspec changes in the project lab6_wrapper_hw_platform_0.
19:08:38 INFO  : SDK has detected change in the last modified timestamps for source hardware specification file Source:1497956892678,  Project:1497954760572
19:08:38 INFO  : The hardware specification for project 'lab6_wrapper_hw_platform_0' is different from C:/Users/shlab_61/Downloads/0619_lab/0316303_0619/0316303_0619.sdk/lab6_wrapper.hdf.
19:08:38 INFO  : Copied contents of C:/Users/shlab_61/Downloads/0619_lab/0316303_0619/0316303_0619.sdk/lab6_wrapper.hdf into \lab6_wrapper_hw_platform_0\system.hdf.
19:08:43 INFO  : Synchronizing projects in the workspace with the hardware platform specification changes.
19:08:46 INFO  : 
19:08:47 INFO  : Updating hardware inferred compiler options for find_motion.
19:08:47 INFO  : Clearing existing target manager status.
19:08:52 INFO  : Connected to target on host '127.0.0.1' and port '3121'.
19:09:09 INFO  : Connected to target on host '127.0.0.1' and port '3121'.
19:09:15 INFO  : 'targets -set -filter {jtag_cable_name =~ "Digilent Zed 210248763559" && level==0} -index 1' command is executed.
19:09:18 INFO  : FPGA configured successfully with bitstream "C:/Users/shlab_61/Downloads/0619_lab/0316303_0619/0316303_0619.sdk/lab6_wrapper_hw_platform_0/lab6_wrapper.bit"
19:09:26 INFO  : ps7_init is completed.
19:09:26 INFO  : ps7_post_config is completed.
19:09:26 INFO  : Processor reset is completed for ps7_cortexa9_0
19:12:50 INFO  : Refreshed build settings on project find_motion
19:14:45 INFO  : Connected to target on host '127.0.0.1' and port '3121'.
19:14:45 INFO  : 'targets -set -filter {jtag_cable_name =~ "Digilent Zed 210248763559" && level==0} -index 1' command is executed.
19:14:47 INFO  : FPGA configured successfully with bitstream "C:/Users/shlab_61/Downloads/0619_lab/0316303_0619/0316303_0619.sdk/lab6_wrapper_hw_platform_0/lab6_wrapper.bit"
19:15:04 INFO  : Processor reset is completed for ps7_cortexa9_0
19:16:53 INFO  : Connected to target on host '127.0.0.1' and port '3121'.
19:16:53 INFO  : 'targets -set -filter {jtag_cable_name =~ "Digilent Zed 210248763559" && level==0} -index 1' command is executed.
19:16:55 INFO  : FPGA configured successfully with bitstream "C:/Users/shlab_61/Downloads/0619_lab/0316303_0619/0316303_0619.sdk/lab6_wrapper_hw_platform_0/lab6_wrapper.bit"
19:17:03 INFO  : Processor reset is completed for ps7_cortexa9_0
19:24:44 ERROR : Unexpected error while parsing XMD response ?: com.google.gson.JsonSyntaxException: com.google.gson.stream.MalformedJsonException: invalid number or unquoted string near 
19:41:12 INFO  : Registering command handlers for SDK TCF services
19:41:12 INFO  : Launching XSCT server: xsct.bat -interactive C:\Users\shlab_61\Downloads\0619_lab\0316303_0619\0316303_0619.sdk\temp_xsdb_launch_script.tcl
19:41:14 INFO  : XSCT server has started successfully.
19:41:15 INFO  : Successfully done setting XSCT server connection channel  
19:41:15 INFO  : Processing command line option -hwspec C:/Users/shlab_61/Downloads/0619_lab/0316303_0619/0316303_0619.sdk/lab6_wrapper.hdf.
19:41:15 INFO  : Successfully done setting SDK workspace  
19:41:15 INFO  : Checking for hwspec changes in the project lab6_wrapper_hw_platform_0.
19:41:17 INFO  : SDK has detected change in the last modified timestamps for source hardware specification file Source:1497958845140,  Project:1497956892678
19:41:17 INFO  : The hardware specification for project 'lab6_wrapper_hw_platform_0' is different from C:/Users/shlab_61/Downloads/0619_lab/0316303_0619/0316303_0619.sdk/lab6_wrapper.hdf.
19:41:17 INFO  : Copied contents of C:/Users/shlab_61/Downloads/0619_lab/0316303_0619/0316303_0619.sdk/lab6_wrapper.hdf into \lab6_wrapper_hw_platform_0\system.hdf.
19:41:22 INFO  : Synchronizing projects in the workspace with the hardware platform specification changes.
19:41:25 INFO  : 
19:41:26 INFO  : Updating hardware inferred compiler options for find_motion.
19:41:26 INFO  : Clearing existing target manager status.
19:41:33 INFO  : Connected to target on host '127.0.0.1' and port '3121'.
19:41:33 INFO  : 'targets -set -filter {jtag_cable_name =~ "Digilent Zed 210248763559" && level==0} -index 1' command is executed.
19:41:36 INFO  : FPGA configured successfully with bitstream "C:/Users/shlab_61/Downloads/0619_lab/0316303_0619/0316303_0619.sdk/lab6_wrapper_hw_platform_0/lab6_wrapper.bit"
19:41:43 INFO  : ps7_init is completed.
19:41:43 INFO  : ps7_post_config is completed.
19:41:43 INFO  : Processor reset is completed for ps7_cortexa9_0
19:43:21 INFO  : Refreshed build settings on project find_motion
19:44:40 INFO  : Connected to target on host '127.0.0.1' and port '3121'.
19:44:40 INFO  : 'targets -set -filter {jtag_cable_name =~ "Digilent Zed 210248763559" && level==0} -index 1' command is executed.
19:44:42 INFO  : FPGA configured successfully with bitstream "C:/Users/shlab_61/Downloads/0619_lab/0316303_0619/0316303_0619.sdk/lab6_wrapper_hw_platform_0/lab6_wrapper.bit"
19:44:49 INFO  : ps7_init is completed.
19:44:49 INFO  : ps7_post_config is completed.
19:44:50 INFO  : Processor reset is completed for ps7_cortexa9_0
19:45:03 INFO  : Processor reset is completed for ps7_cortexa9_0
19:45:22 ERROR : Unexpected error while parsing XMD response ?: com.google.gson.JsonSyntaxException: com.google.gson.stream.MalformedJsonException: invalid number or unquoted string near 
20:09:07 INFO  : Registering command handlers for SDK TCF services
20:09:07 INFO  : Launching XSCT server: xsct.bat -interactive C:\Users\shlab_61\Downloads\0619_lab\0316303_0619\0316303_0619.sdk\temp_xsdb_launch_script.tcl
20:09:09 INFO  : XSCT server has started successfully.
20:09:10 INFO  : Successfully done setting XSCT server connection channel  
20:09:10 INFO  : Successfully done setting SDK workspace  
20:09:10 INFO  : Processing command line option -hwspec C:/Users/shlab_61/Downloads/0619_lab/0316303_0619/0316303_0619.sdk/lab6_wrapper.hdf.
20:09:10 INFO  : Checking for hwspec changes in the project lab6_wrapper_hw_platform_0.
20:09:13 INFO  : SDK has detected change in the last modified timestamps for source hardware specification file Source:1497960519113,  Project:1497958845140
20:09:13 INFO  : The hardware specification for project 'lab6_wrapper_hw_platform_0' is different from C:/Users/shlab_61/Downloads/0619_lab/0316303_0619/0316303_0619.sdk/lab6_wrapper.hdf.
20:09:13 INFO  : Copied contents of C:/Users/shlab_61/Downloads/0619_lab/0316303_0619/0316303_0619.sdk/lab6_wrapper.hdf into \lab6_wrapper_hw_platform_0\system.hdf.
20:09:19 INFO  : Synchronizing projects in the workspace with the hardware platform specification changes.
20:09:22 INFO  : 
20:09:24 INFO  : Updating hardware inferred compiler options for find_motion.
20:09:24 INFO  : Clearing existing target manager status.
20:09:31 INFO  : Connected to target on host '127.0.0.1' and port '3121'.
20:09:34 INFO  : 'targets -set -filter {jtag_cable_name =~ "Digilent Zed 210248763559" && level==0} -index 1' command is executed.
20:09:37 INFO  : FPGA configured successfully with bitstream "C:/Users/shlab_61/Downloads/0619_lab/0316303_0619/0316303_0619.sdk/lab6_wrapper_hw_platform_0/lab6_wrapper.bit"
20:09:47 INFO  : Processor reset is completed for ps7_cortexa9_0
20:11:20 INFO  : Refreshed build settings on project find_motion
20:12:29 INFO  : Connected to target on host '127.0.0.1' and port '3121'.
20:12:29 INFO  : 'targets -set -filter {jtag_cable_name =~ "Digilent Zed 210248763559" && level==0} -index 1' command is executed.
20:12:31 INFO  : FPGA configured successfully with bitstream "C:/Users/shlab_61/Downloads/0619_lab/0316303_0619/0316303_0619.sdk/lab6_wrapper_hw_platform_0/lab6_wrapper.bit"
20:12:47 INFO  : Processor reset is completed for ps7_cortexa9_0
20:13:06 ERROR : Unexpected error while parsing XMD response ?: com.google.gson.JsonSyntaxException: com.google.gson.stream.MalformedJsonException: invalid number or unquoted string near 
20:34:27 INFO  : Registering command handlers for SDK TCF services
20:34:27 INFO  : Launching XSCT server: xsct.bat -interactive C:\Users\shlab_61\Downloads\0619_lab\0316303_0619\0316303_0619.sdk\temp_xsdb_launch_script.tcl
20:34:29 INFO  : XSCT server has started successfully.
20:34:30 INFO  : Processing command line option -hwspec C:/Users/shlab_61/Downloads/0619_lab/0316303_0619/0316303_0619.sdk/lab6_wrapper.hdf.
20:34:30 INFO  : Successfully done setting XSCT server connection channel  
20:34:30 INFO  : Checking for hwspec changes in the project lab6_wrapper_hw_platform_0.
20:34:30 INFO  : Successfully done setting SDK workspace  
20:34:32 INFO  : SDK has detected change in the last modified timestamps for source hardware specification file Source:1497961959070,  Project:1497960519113
20:34:32 INFO  : The hardware specification for project 'lab6_wrapper_hw_platform_0' is different from C:/Users/shlab_61/Downloads/0619_lab/0316303_0619/0316303_0619.sdk/lab6_wrapper.hdf.
20:34:32 INFO  : Copied contents of C:/Users/shlab_61/Downloads/0619_lab/0316303_0619/0316303_0619.sdk/lab6_wrapper.hdf into \lab6_wrapper_hw_platform_0\system.hdf.
20:34:37 INFO  : Synchronizing projects in the workspace with the hardware platform specification changes.
20:34:41 INFO  : 
20:34:42 INFO  : Updating hardware inferred compiler options for find_motion.
20:34:42 INFO  : Clearing existing target manager status.
20:35:58 INFO  : Connected to target on host '127.0.0.1' and port '3121'.
20:36:01 INFO  : 'targets -set -filter {jtag_cable_name =~ "Digilent Zed 210248763559" && level==0} -index 1' command is executed.
20:36:04 INFO  : FPGA configured successfully with bitstream "C:/Users/shlab_61/Downloads/0619_lab/0316303_0619/0316303_0619.sdk/lab6_wrapper_hw_platform_0/lab6_wrapper.bit"
20:36:13 INFO  : Processor reset is completed for ps7_cortexa9_0
20:37:46 INFO  : Refreshed build settings on project find_motion
20:38:56 INFO  : Connected to target on host '127.0.0.1' and port '3121'.
20:38:56 INFO  : 'targets -set -filter {jtag_cable_name =~ "Digilent Zed 210248763559" && level==0} -index 1' command is executed.
20:38:59 INFO  : FPGA configured successfully with bitstream "C:/Users/shlab_61/Downloads/0619_lab/0316303_0619/0316303_0619.sdk/lab6_wrapper_hw_platform_0/lab6_wrapper.bit"
20:39:09 INFO  : Processor reset is completed for ps7_cortexa9_0
20:39:10 ERROR : Unexpected error while launching program.
java.lang.RuntimeException: Failed to download ELF file


    Cannot access DDR: the controller is held in reset

	at com.xilinx.sdk.targetmanager.internal.TM.downloadELF(TM.java:686)
	at com.xilinx.sdk.debug.core.internal.AppRunner.run(AppRunner.java:129)
	at com.xilinx.sdk.debug.core.XilinxAppLaunchConfigurationDelegate.runApplication(XilinxAppLaunchConfigurationDelegate.java:637)
	at com.xilinx.sdk.debug.core.XilinxAppLaunchConfigurationDelegate.launch(XilinxAppLaunchConfigurationDelegate.java:309)
	at com.xilinx.sdk.debug.ui.XilinxAppLaunchDelegateWrapper.launch(XilinxAppLaunchDelegateWrapper.java:31)
	at org.eclipse.debug.internal.core.LaunchConfiguration.launch(LaunchConfiguration.java:885)
	at org.eclipse.debug.internal.core.LaunchConfiguration.launch(LaunchConfiguration.java:739)
	at org.eclipse.debug.internal.ui.DebugUIPlugin.buildAndLaunch(DebugUIPlugin.java:1039)
	at org.eclipse.debug.internal.ui.DebugUIPlugin$8.run(DebugUIPlugin.java:1256)
	at org.eclipse.core.internal.jobs.Worker.run(Worker.java:55)
20:39:20 INFO  : Connected to target on host '127.0.0.1' and port '3121'.
20:39:36 INFO  : Connected to target on host '127.0.0.1' and port '3121'.
20:39:36 INFO  : 'targets -set -filter {jtag_cable_name =~ "Digilent Zed 210248763559" && level==0} -index 1' command is executed.
20:39:38 INFO  : FPGA configured successfully with bitstream "C:/Users/shlab_61/Downloads/0619_lab/0316303_0619/0316303_0619.sdk/lab6_wrapper_hw_platform_0/lab6_wrapper.bit"
20:39:50 ERROR : Unexpected error while parsing XMD response ?: com.google.gson.JsonSyntaxException: com.google.gson.stream.MalformedJsonException: invalid number or unquoted string near 
20:40:01 INFO  : Registering command handlers for SDK TCF services
20:40:02 INFO  : Launching XSCT server: xsct.bat -interactive C:\Users\shlab_61\Downloads\0619_lab\0316303_0619\0316303_0619.sdk\temp_xsdb_launch_script.tcl
20:40:04 INFO  : XSCT server has started successfully.
20:40:05 INFO  : Successfully done setting XSCT server connection channel  
20:40:05 INFO  : Successfully done setting SDK workspace  
20:40:05 INFO  : Processing command line option -hwspec C:/Users/shlab_61/Downloads/0619_lab/0316303_0619/0316303_0619.sdk/lab6_wrapper.hdf.
20:40:05 INFO  : Checking for hwspec changes in the project lab6_wrapper_hw_platform_0.
20:40:12 INFO  : Connected to target on host '127.0.0.1' and port '3121'.
20:40:13 INFO  : 'targets -set -filter {jtag_cable_name =~ "Digilent Zed 210248763559" && level==0} -index 1' command is executed.
20:40:15 INFO  : FPGA configured successfully with bitstream "C:/Users/shlab_61/Downloads/0619_lab/0316303_0619/0316303_0619.sdk/lab6_wrapper_hw_platform_0/lab6_wrapper.bit"
20:40:23 INFO  : ps7_init is completed.
20:40:23 INFO  : ps7_post_config is completed.
20:40:23 INFO  : Processor reset is completed for ps7_cortexa9_0
20:40:43 ERROR : Unexpected error while parsing XMD response ?: com.google.gson.JsonSyntaxException: com.google.gson.stream.MalformedJsonException: invalid number or unquoted string near 
20:59:43 INFO  : Registering command handlers for SDK TCF services
20:59:44 INFO  : Launching XSCT server: xsct.bat -interactive C:\Users\shlab_61\Downloads\0619_lab\0316303_0619\0316303_0619.sdk\temp_xsdb_launch_script.tcl
20:59:48 INFO  : XSCT server has started successfully.
20:59:48 INFO  : Successfully done setting XSCT server connection channel  
20:59:48 INFO  : Successfully done setting SDK workspace  
20:59:48 INFO  : Processing command line option -hwspec C:/Users/shlab_61/Downloads/0619_lab/0316303_0619/0316303_0619.sdk/lab6_wrapper.hdf.
20:59:48 INFO  : Checking for hwspec changes in the project lab6_wrapper_hw_platform_0.
20:59:51 INFO  : SDK has detected change in the last modified timestamps for source hardware specification file Source:1497963556079,  Project:1497961959070
20:59:51 INFO  : The hardware specification for project 'lab6_wrapper_hw_platform_0' is different from C:/Users/shlab_61/Downloads/0619_lab/0316303_0619/0316303_0619.sdk/lab6_wrapper.hdf.
20:59:51 INFO  : Copied contents of C:/Users/shlab_61/Downloads/0619_lab/0316303_0619/0316303_0619.sdk/lab6_wrapper.hdf into \lab6_wrapper_hw_platform_0\system.hdf.
20:59:57 INFO  : Synchronizing projects in the workspace with the hardware platform specification changes.
21:00:01 INFO  : 
21:00:02 INFO  : Updating hardware inferred compiler options for find_motion.
21:00:02 INFO  : Clearing existing target manager status.
21:01:40 INFO  : Refreshed build settings on project find_motion
21:03:01 INFO  : Connected to target on host '127.0.0.1' and port '3121'.
21:03:02 INFO  : 'targets -set -filter {jtag_cable_name =~ "Digilent Zed 210248763559" && level==0} -index 1' command is executed.
21:03:04 INFO  : FPGA configured successfully with bitstream "C:/Users/shlab_61/Downloads/0619_lab/0316303_0619/0316303_0619.sdk/lab6_wrapper_hw_platform_0/lab6_wrapper.bit"
21:03:20 INFO  : ps7_init is completed.
21:03:20 INFO  : ps7_post_config is completed.
21:03:20 INFO  : Processor reset is completed for ps7_cortexa9_0
21:03:53 ERROR : Unexpected error while parsing XMD response ?: com.google.gson.JsonSyntaxException: com.google.gson.stream.MalformedJsonException: invalid number or unquoted string near 
21:04:13 INFO  : Registering command handlers for SDK TCF services
21:04:13 INFO  : Launching XSCT server: xsct.bat -interactive C:\Users\shlab_61\Downloads\0619_lab\0316303_0619\0316303_0619.sdk\temp_xsdb_launch_script.tcl
21:04:15 INFO  : XSCT server has started successfully.
21:04:16 INFO  : Successfully done setting XSCT server connection channel  
21:04:16 INFO  : Processing command line option -hwspec C:/Users/shlab_61/Downloads/0619_lab/0316303_0619/0316303_0619.sdk/lab6_wrapper.hdf.
21:04:16 INFO  : Successfully done setting SDK workspace  
21:04:16 INFO  : Checking for hwspec changes in the project lab6_wrapper_hw_platform_0.
21:04:41 INFO  : Processor reset is completed for ps7_cortexa9_0
21:05:12 INFO  : Connected to target on host '127.0.0.1' and port '3121'.
21:05:15 INFO  : 'targets -set -filter {jtag_cable_name =~ "Digilent Zed 210248763559" && level==0} -index 1' command is executed.
21:05:18 INFO  : FPGA configured successfully with bitstream "C:/Users/shlab_61/Downloads/0619_lab/0316303_0619/0316303_0619.sdk/lab6_wrapper_hw_platform_0/lab6_wrapper.bit"
21:05:24 INFO  : Processor reset is completed for ps7_cortexa9_0
21:05:41 INFO  : Connected to target on host '127.0.0.1' and port '3121'.
21:05:41 INFO  : 'targets -set -filter {jtag_cable_name =~ "Digilent Zed 210248763559" && level==0} -index 1' command is executed.
21:05:44 INFO  : FPGA configured successfully with bitstream "C:/Users/shlab_61/Downloads/0619_lab/0316303_0619/0316303_0619.sdk/lab6_wrapper_hw_platform_0/lab6_wrapper.bit"
21:05:47 INFO  : Processor reset is completed for ps7_cortexa9_0
21:06:20 ERROR : Unexpected error while parsing XMD response ?: com.google.gson.JsonSyntaxException: com.google.gson.stream.MalformedJsonException: invalid number or unquoted string near 
12:21:25 INFO  : Registering command handlers for SDK TCF services
12:21:26 INFO  : Launching XSCT server: xsct.bat -interactive C:\Users\shlab_89\Desktop\0620_lab_BRAM\0316303_0619\0316303_0619.sdk\temp_xsdb_launch_script.tcl
12:21:30 INFO  : XSCT server has started successfully.
12:21:30 INFO  : Successfully done setting XSCT server connection channel  
12:21:32 INFO  : Successfully done setting SDK workspace  
12:21:32 INFO  : Processing command line option -hwspec C:/Users/shlab_89/Desktop/0620_lab_BRAM/0316303_0619/0316303_0619.sdk/lab6_wrapper.hdf.
12:22:42 INFO  : Connected to target on host '127.0.0.1' and port '3121'.
12:22:43 INFO  : 'targets -set -filter {jtag_cable_name =~ "Digilent Zed 210248774905" && level==0} -index 1' command is executed.
12:22:45 INFO  : FPGA configured successfully with bitstream "C:/Users/shlab_89/Desktop/0620_lab_BRAM/0316303_0619/0316303_0619.sdk/lab6_wrapper_hw_platform_1/lab6_wrapper.bit"
12:23:01 INFO  : ps7_init is completed.
12:23:01 INFO  : ps7_post_config is completed.
12:23:01 INFO  : Processor reset is completed for ps7_cortexa9_0
12:23:33 ERROR : Unexpected error while parsing XMD response ?: com.google.gson.JsonSyntaxException: com.google.gson.stream.MalformedJsonException: invalid number or unquoted string near 
12:27:38 INFO  : Launching XSCT server: xsct.bat -interactive C:\Users\shlab_89\Desktop\0620_lab_BRAM\0316303_0619\0316303_0619.sdk\temp_xsdb_launch_script.tcl
12:27:39 INFO  : XSCT server has started successfully.
12:27:42 INFO  : Successfully done setting XSCT server connection channel  
12:27:42 INFO  : Successfully done setting SDK workspace  
12:27:44 INFO  : Registering command handlers for SDK TCF services
12:27:45 INFO  : Processing command line option -hwspec C:/Users/shlab_89/Desktop/0620_lab_BRAM/0316303_0619/0316303_0619.sdk/lab6_wrapper.hdf.
12:27:45 INFO  : Checking for hwspec changes in the project lab6_wrapper_hw_platform_1.
12:28:03 INFO  : Connected to target on host '127.0.0.1' and port '3121'.
12:28:06 INFO  : 'targets -set -filter {jtag_cable_name =~ "Digilent Zed 210248774905" && level==0} -index 1' command is executed.
12:28:09 INFO  : FPGA configured successfully with bitstream "C:/Users/shlab_89/Desktop/0620_lab_BRAM/0316303_0619/0316303_0619.sdk/lab6_wrapper_hw_platform_1/lab6_wrapper.bit"
12:28:20 INFO  : Processor reset is completed for ps7_cortexa9_0
12:39:25 ERROR : Unexpected error while parsing XMD response ?: com.google.gson.JsonSyntaxException: com.google.gson.stream.MalformedJsonException: invalid number or unquoted string near 
13:09:44 INFO  : Launching XSCT server: xsct.bat -interactive C:\Users\shlab_89\Desktop\0620_lab_BRAM\0316303_0619\0316303_0619.sdk\temp_xsdb_launch_script.tcl
13:09:45 INFO  : XSCT server has started successfully.
13:09:45 INFO  : Successfully done setting XSCT server connection channel  
13:09:47 INFO  : Successfully done setting SDK workspace  
13:09:49 INFO  : Registering command handlers for SDK TCF services
13:09:50 INFO  : Processing command line option -hwspec C:/Users/shlab_89/Desktop/0620_lab_BRAM/0316303_0619/0316303_0619.sdk/lab6_wrapper.hdf.
13:09:50 INFO  : Checking for hwspec changes in the project lab6_wrapper_hw_platform_1.
13:09:50 INFO  : SDK has detected change in the last modified timestamps for source hardware specification file Source:1498021764359,  Project:1498017488952
13:09:50 INFO  : The hardware specification for project 'lab6_wrapper_hw_platform_1' is different from C:/Users/shlab_89/Desktop/0620_lab_BRAM/0316303_0619/0316303_0619.sdk/lab6_wrapper.hdf.
13:09:50 INFO  : Copied contents of C:/Users/shlab_89/Desktop/0620_lab_BRAM/0316303_0619/0316303_0619.sdk/lab6_wrapper.hdf into \lab6_wrapper_hw_platform_1\system.hdf.
13:09:58 INFO  : Synchronizing projects in the workspace with the hardware platform specification changes.
13:09:58 INFO  : Clearing existing target manager status.
13:09:59 INFO  : Workspace synchronized with the new hardware specification file. Cleaning dependent projects...
13:09:59 WARN  : Linker script will not be updated automatically. Users need to update it manually.
13:10:09 INFO  : Connected to target on host '127.0.0.1' and port '3121'.
13:10:09 INFO  : 'targets -set -filter {jtag_cable_name =~ "Digilent Zed 210248774905" && level==0} -index 1' command is executed.
13:10:12 INFO  : FPGA configured successfully with bitstream "C:/Users/shlab_89/Desktop/0620_lab_BRAM/0316303_0619/0316303_0619.sdk/lab6_wrapper_hw_platform_1/lab6_wrapper.bit"
13:10:22 INFO  : ps7_init is completed.
13:10:22 INFO  : ps7_post_config is completed.
13:10:22 INFO  : Processor reset is completed for ps7_cortexa9_0
13:10:38 INFO  : Connected to target on host '127.0.0.1' and port '3121'.
13:10:38 INFO  : 'targets -set -filter {jtag_cable_name =~ "Digilent Zed 210248774905" && level==0} -index 1' command is executed.
13:10:41 INFO  : FPGA configured successfully with bitstream "C:/Users/shlab_89/Desktop/0620_lab_BRAM/0316303_0619/0316303_0619.sdk/lab6_wrapper_hw_platform_1/lab6_wrapper.bit"
13:10:49 INFO  : Processor reset is completed for ps7_cortexa9_0
13:27:24 ERROR : Unexpected error while parsing XMD response ?: com.google.gson.JsonSyntaxException: com.google.gson.stream.MalformedJsonException: invalid number or unquoted string near 
13:34:29 INFO  : Launching XSCT server: xsct.bat -interactive C:\Users\shlab_89\Desktop\0620_lab_BRAM\0316303_0619\0316303_0619.sdk\temp_xsdb_launch_script.tcl
13:34:30 INFO  : XSCT server has started successfully.
13:34:33 INFO  : Successfully done setting XSCT server connection channel  
13:34:33 INFO  : Successfully done setting SDK workspace  
13:34:35 INFO  : Registering command handlers for SDK TCF services
13:34:36 INFO  : Processing command line option -hwspec C:/Users/shlab_89/Desktop/0620_lab_BRAM/0316303_0619/0316303_0619.sdk/lab6_wrapper.hdf.
13:34:36 INFO  : Checking for hwspec changes in the project lab6_wrapper_hw_platform_1.
13:34:38 INFO  : SDK has detected change in the last modified timestamps for source hardware specification file Source:1498023237629,  Project:1498021764359
13:34:38 INFO  : The hardware specification for project 'lab6_wrapper_hw_platform_1' is different from C:/Users/shlab_89/Desktop/0620_lab_BRAM/0316303_0619/0316303_0619.sdk/lab6_wrapper.hdf.
13:34:38 INFO  : Copied contents of C:/Users/shlab_89/Desktop/0620_lab_BRAM/0316303_0619/0316303_0619.sdk/lab6_wrapper.hdf into \lab6_wrapper_hw_platform_1\system.hdf.
13:34:43 INFO  : Synchronizing projects in the workspace with the hardware platform specification changes.
13:34:43 INFO  : Clearing existing target manager status.
13:34:44 INFO  : Workspace synchronized with the new hardware specification file. Cleaning dependent projects...
13:34:44 WARN  : Linker script will not be updated automatically. Users need to update it manually.
13:34:53 INFO  : Connected to target on host '127.0.0.1' and port '3121'.
13:34:57 INFO  : 'targets -set -filter {jtag_cable_name =~ "Digilent Zed 210248774905" && level==0} -index 1' command is executed.
13:34:59 INFO  : FPGA configured successfully with bitstream "C:/Users/shlab_89/Desktop/0620_lab_BRAM/0316303_0619/0316303_0619.sdk/lab6_wrapper_hw_platform_1/lab6_wrapper.bit"
13:35:09 INFO  : Processor reset is completed for ps7_cortexa9_0
14:12:08 ERROR : Unexpected error while parsing XMD response ?: com.google.gson.JsonSyntaxException: com.google.gson.stream.MalformedJsonException: invalid number or unquoted string near 
14:23:58 INFO  : Launching XSCT server: xsct.bat -interactive C:\Users\shlab_89\Desktop\0620_lab_BRAM\0316303_0619\0316303_0619.sdk\temp_xsdb_launch_script.tcl
14:24:00 INFO  : XSCT server has started successfully.
14:24:03 INFO  : Successfully done setting XSCT server connection channel  
14:24:03 INFO  : Successfully done setting SDK workspace  
14:24:04 INFO  : Registering command handlers for SDK TCF services
14:24:06 INFO  : Processing command line option -hwspec C:/Users/shlab_89/Desktop/0620_lab_BRAM/0316303_0619/0316303_0619.sdk/lab6_wrapper.hdf.
14:24:06 INFO  : Checking for hwspec changes in the project lab6_wrapper_hw_platform_1.
14:24:09 INFO  : SDK has detected change in the last modified timestamps for source hardware specification file Source:1498026202163,  Project:1498023237629
14:24:09 INFO  : The hardware specification for project 'lab6_wrapper_hw_platform_1' is different from C:/Users/shlab_89/Desktop/0620_lab_BRAM/0316303_0619/0316303_0619.sdk/lab6_wrapper.hdf.
14:24:09 INFO  : Copied contents of C:/Users/shlab_89/Desktop/0620_lab_BRAM/0316303_0619/0316303_0619.sdk/lab6_wrapper.hdf into \lab6_wrapper_hw_platform_1\system.hdf.
14:24:14 INFO  : Synchronizing projects in the workspace with the hardware platform specification changes.
14:24:14 INFO  : Clearing existing target manager status.
14:24:14 INFO  : Workspace synchronized with the new hardware specification file. Cleaning dependent projects...
14:24:14 WARN  : Linker script will not be updated automatically. Users need to update it manually.
14:24:33 INFO  : Connected to target on host '127.0.0.1' and port '3121'.
14:24:37 INFO  : 'targets -set -filter {jtag_cable_name =~ "Digilent Zed 210248774905" && level==0} -index 1' command is executed.
14:24:39 INFO  : FPGA configured successfully with bitstream "C:/Users/shlab_89/Desktop/0620_lab_BRAM/0316303_0619/0316303_0619.sdk/lab6_wrapper_hw_platform_1/lab6_wrapper.bit"
14:24:50 INFO  : ps7_init is completed.
14:24:50 INFO  : ps7_post_config is completed.
14:24:50 INFO  : Processor reset is completed for ps7_cortexa9_0
14:31:49 ERROR : Unexpected error while parsing XMD response ?: com.google.gson.JsonSyntaxException: com.google.gson.stream.MalformedJsonException: invalid number or unquoted string near 
14:59:07 INFO  : Launching XSCT server: xsct.bat -interactive C:\Users\shlab_89\Desktop\0620_lab_BRAM\0316303_0619\0316303_0619.sdk\temp_xsdb_launch_script.tcl
14:59:08 INFO  : XSCT server has started successfully.
14:59:11 INFO  : Successfully done setting XSCT server connection channel  
14:59:11 INFO  : Successfully done setting SDK workspace  
14:59:12 INFO  : Registering command handlers for SDK TCF services
14:59:13 INFO  : Processing command line option -hwspec C:/Users/shlab_89/Desktop/0620_lab_BRAM/0316303_0619/0316303_0619.sdk/lab6_wrapper.hdf.
14:59:13 INFO  : Checking for hwspec changes in the project lab6_wrapper_hw_platform_1.
14:59:16 INFO  : SDK has detected change in the last modified timestamps for source hardware specification file Source:1498028323858,  Project:1498026202163
14:59:16 INFO  : The hardware specification for project 'lab6_wrapper_hw_platform_1' is different from C:/Users/shlab_89/Desktop/0620_lab_BRAM/0316303_0619/0316303_0619.sdk/lab6_wrapper.hdf.
14:59:16 INFO  : Copied contents of C:/Users/shlab_89/Desktop/0620_lab_BRAM/0316303_0619/0316303_0619.sdk/lab6_wrapper.hdf into \lab6_wrapper_hw_platform_1\system.hdf.
14:59:20 INFO  : Synchronizing projects in the workspace with the hardware platform specification changes.
14:59:20 INFO  : Clearing existing target manager status.
14:59:21 INFO  : Workspace synchronized with the new hardware specification file. Cleaning dependent projects...
14:59:21 WARN  : Linker script will not be updated automatically. Users need to update it manually.
14:59:36 INFO  : Connected to target on host '127.0.0.1' and port '3121'.
14:59:40 INFO  : 'targets -set -filter {jtag_cable_name =~ "Digilent Zed 210248774905" && level==0} -index 1' command is executed.
14:59:42 INFO  : FPGA configured successfully with bitstream "C:/Users/shlab_89/Desktop/0620_lab_BRAM/0316303_0619/0316303_0619.sdk/lab6_wrapper_hw_platform_1/lab6_wrapper.bit"
14:59:53 INFO  : Processor reset is completed for ps7_cortexa9_0
15:07:46 ERROR : Unexpected error while parsing XMD response ?: com.google.gson.JsonSyntaxException: com.google.gson.stream.MalformedJsonException: invalid number or unquoted string near 
15:50:47 INFO  : Launching XSCT server: xsct.bat -interactive C:\Users\shlab_89\Desktop\0620_lab_BRAM\0316303_0619\0316303_0619.sdk\temp_xsdb_launch_script.tcl
15:50:48 INFO  : XSCT server has started successfully.
15:50:51 INFO  : Successfully done setting XSCT server connection channel  
15:50:51 INFO  : Successfully done setting SDK workspace  
15:50:52 INFO  : Registering command handlers for SDK TCF services
15:50:53 INFO  : Processing command line option -hwspec C:/Users/shlab_89/Desktop/0620_lab_BRAM/0316303_0619/0316303_0619.sdk/lab6_wrapper.hdf.
15:50:54 INFO  : Checking for hwspec changes in the project lab6_wrapper_hw_platform_1.
15:50:57 INFO  : SDK has detected change in the last modified timestamps for source hardware specification file Source:1498031419059,  Project:1498028323858
15:50:57 INFO  : The hardware specification for project 'lab6_wrapper_hw_platform_1' is different from C:/Users/shlab_89/Desktop/0620_lab_BRAM/0316303_0619/0316303_0619.sdk/lab6_wrapper.hdf.
15:50:57 INFO  : Copied contents of C:/Users/shlab_89/Desktop/0620_lab_BRAM/0316303_0619/0316303_0619.sdk/lab6_wrapper.hdf into \lab6_wrapper_hw_platform_1\system.hdf.
15:51:01 INFO  : Synchronizing projects in the workspace with the hardware platform specification changes.
15:51:01 INFO  : Clearing existing target manager status.
15:51:03 INFO  : Workspace synchronized with the new hardware specification file. Cleaning dependent projects...
15:51:03 WARN  : Linker script will not be updated automatically. Users need to update it manually.
15:51:14 INFO  : Connected to target on host '127.0.0.1' and port '3121'.
15:51:14 INFO  : 'targets -set -filter {jtag_cable_name =~ "Digilent Zed 210248774905" && level==0} -index 1' command is executed.
15:51:17 INFO  : FPGA configured successfully with bitstream "C:/Users/shlab_89/Desktop/0620_lab_BRAM/0316303_0619/0316303_0619.sdk/lab6_wrapper_hw_platform_1/lab6_wrapper.bit"
15:51:28 INFO  : ps7_init is completed.
15:51:28 INFO  : ps7_post_config is completed.
15:51:28 INFO  : Processor reset is completed for ps7_cortexa9_0
15:52:05 INFO  : Connected to target on host '127.0.0.1' and port '3121'.
15:52:05 INFO  : 'targets -set -filter {jtag_cable_name =~ "Digilent Zed 210248774905" && level==0} -index 1' command is executed.
15:52:08 INFO  : FPGA configured successfully with bitstream "C:/Users/shlab_89/Desktop/0620_lab_BRAM/0316303_0619/0316303_0619.sdk/lab6_wrapper_hw_platform_1/lab6_wrapper.bit"
15:52:11 INFO  : Processor reset is completed for ps7_cortexa9_0
15:55:50 INFO  : Connected to target on host '127.0.0.1' and port '3121'.
15:55:50 INFO  : 'targets -set -filter {jtag_cable_name =~ "Digilent Zed 210248774905" && level==0} -index 1' command is executed.
15:55:53 INFO  : FPGA configured successfully with bitstream "C:/Users/shlab_89/Desktop/0620_lab_BRAM/0316303_0619/0316303_0619.sdk/lab6_wrapper_hw_platform_1/lab6_wrapper.bit"
15:55:56 INFO  : Processor reset is completed for ps7_cortexa9_0
15:56:54 ERROR : Unexpected error while parsing XMD response ?: com.google.gson.JsonSyntaxException: com.google.gson.stream.MalformedJsonException: invalid number or unquoted string near 
16:05:01 INFO  : Registering command handlers for SDK TCF services
16:05:01 INFO  : Launching XSCT server: xsct.bat -interactive C:\Users\shlab_89\Desktop\0620_lab_BRAM\0316303_0619\0316303_0619.sdk\temp_xsdb_launch_script.tcl
16:05:03 INFO  : XSCT server has started successfully.
16:05:03 INFO  : Processing command line option -hwspec C:/Users/shlab_89/Desktop/0620_lab_BRAM/0316303_0619/0316303_0619.sdk/lab6_wrapper.hdf.
16:05:03 INFO  : Successfully done setting XSCT server connection channel  
16:05:03 INFO  : Successfully done setting SDK workspace  
16:05:03 INFO  : Checking for hwspec changes in the project lab6_wrapper_hw_platform_1.
16:05:08 INFO  : SDK has detected change in the last modified timestamps for source hardware specification file Source:1498032276408,  Project:1498031419059
16:05:08 INFO  : The hardware specification for project 'lab6_wrapper_hw_platform_1' is different from C:/Users/shlab_89/Desktop/0620_lab_BRAM/0316303_0619/0316303_0619.sdk/lab6_wrapper.hdf.
16:05:08 INFO  : Copied contents of C:/Users/shlab_89/Desktop/0620_lab_BRAM/0316303_0619/0316303_0619.sdk/lab6_wrapper.hdf into \lab6_wrapper_hw_platform_1\system.hdf.
16:05:13 INFO  : Synchronizing projects in the workspace with the hardware platform specification changes.
16:05:13 INFO  : Clearing existing target manager status.
16:05:14 INFO  : Workspace synchronized with the new hardware specification file. Cleaning dependent projects...
16:05:14 WARN  : Linker script will not be updated automatically. Users need to update it manually.
16:05:26 INFO  : Connected to target on host '127.0.0.1' and port '3121'.
16:05:30 INFO  : 'targets -set -filter {jtag_cable_name =~ "Digilent Zed 210248774905" && level==0} -index 1' command is executed.
16:05:32 INFO  : FPGA configured successfully with bitstream "C:/Users/shlab_89/Desktop/0620_lab_BRAM/0316303_0619/0316303_0619.sdk/lab6_wrapper_hw_platform_1/lab6_wrapper.bit"
16:05:44 INFO  : Processor reset is completed for ps7_cortexa9_0
16:25:57 ERROR : Unexpected error while parsing XMD response ?: com.google.gson.JsonSyntaxException: com.google.gson.stream.MalformedJsonException: invalid number or unquoted string near 
16:37:46 INFO  : Registering command handlers for SDK TCF services
16:37:46 INFO  : Launching XSCT server: xsct.bat -interactive C:\Users\shlab_89\Desktop\0620_lab_BRAM\0316303_0619\0316303_0619.sdk\temp_xsdb_launch_script.tcl
16:37:48 INFO  : XSCT server has started successfully.
16:37:49 INFO  : Successfully done setting XSCT server connection channel  
16:37:49 INFO  : Processing command line option -hwspec C:/Users/shlab_89/Desktop/0620_lab_BRAM/0316303_0619/0316303_0619.sdk/lab6_wrapper.hdf.
16:37:51 INFO  : Successfully done setting SDK workspace  
16:37:52 INFO  : Checking for hwspec changes in the project lab6_wrapper_hw_platform_1.
16:37:53 INFO  : SDK has detected change in the last modified timestamps for source hardware specification file Source:1498034243733,  Project:1498032276408
16:37:53 INFO  : The hardware specification for project 'lab6_wrapper_hw_platform_1' is different from C:/Users/shlab_89/Desktop/0620_lab_BRAM/0316303_0619/0316303_0619.sdk/lab6_wrapper.hdf.
16:37:53 INFO  : Copied contents of C:/Users/shlab_89/Desktop/0620_lab_BRAM/0316303_0619/0316303_0619.sdk/lab6_wrapper.hdf into \lab6_wrapper_hw_platform_1\system.hdf.
16:37:58 INFO  : Synchronizing projects in the workspace with the hardware platform specification changes.
16:37:58 INFO  : Clearing existing target manager status.
16:37:59 INFO  : Workspace synchronized with the new hardware specification file. Cleaning dependent projects...
16:37:59 WARN  : Linker script will not be updated automatically. Users need to update it manually.
16:38:04 INFO  : Connected to target on host '127.0.0.1' and port '3121'.
16:38:04 INFO  : 'targets -set -filter {jtag_cable_name =~ "Digilent Zed 210248774905" && level==0} -index 1' command is executed.
16:38:07 INFO  : FPGA configured successfully with bitstream "C:/Users/shlab_89/Desktop/0620_lab_BRAM/0316303_0619/0316303_0619.sdk/lab6_wrapper_hw_platform_1/lab6_wrapper.bit"
16:38:18 INFO  : ps7_init is completed.
16:38:18 INFO  : ps7_post_config is completed.
16:38:18 INFO  : Processor reset is completed for ps7_cortexa9_0
16:38:59 INFO  : Connected to target on host '127.0.0.1' and port '3121'.
16:38:59 INFO  : 'targets -set -filter {jtag_cable_name =~ "Digilent Zed 210248774905" && level==0} -index 1' command is executed.
16:39:01 INFO  : FPGA configured successfully with bitstream "C:/Users/shlab_89/Desktop/0620_lab_BRAM/0316303_0619/0316303_0619.sdk/lab6_wrapper_hw_platform_1/lab6_wrapper.bit"
16:39:04 INFO  : Processor reset is completed for ps7_cortexa9_0
16:40:56 ERROR : Unexpected error while parsing XMD response ?: com.google.gson.JsonSyntaxException: com.google.gson.stream.MalformedJsonException: invalid number or unquoted string near 
16:53:28 INFO  : Registering command handlers for SDK TCF services
16:53:28 INFO  : Launching XSCT server: xsct.bat -interactive C:\Users\shlab_89\Desktop\0620_lab_BRAM\0316303_0619\0316303_0619.sdk\temp_xsdb_launch_script.tcl
16:53:30 INFO  : XSCT server has started successfully.
16:53:31 INFO  : Successfully done setting XSCT server connection channel  
16:53:31 INFO  : Successfully done setting SDK workspace  
16:53:31 INFO  : Processing command line option -hwspec C:/Users/shlab_89/Desktop/0620_lab_BRAM/0316303_0619/0316303_0619.sdk/lab6_wrapper.hdf.
16:53:31 INFO  : Checking for hwspec changes in the project lab6_wrapper_hw_platform_1.
16:53:35 INFO  : SDK has detected change in the last modified timestamps for source hardware specification file Source:1498035184888,  Project:1498034243733
16:53:35 INFO  : The hardware specification for project 'lab6_wrapper_hw_platform_1' is different from C:/Users/shlab_89/Desktop/0620_lab_BRAM/0316303_0619/0316303_0619.sdk/lab6_wrapper.hdf.
16:53:35 INFO  : Copied contents of C:/Users/shlab_89/Desktop/0620_lab_BRAM/0316303_0619/0316303_0619.sdk/lab6_wrapper.hdf into \lab6_wrapper_hw_platform_1\system.hdf.
16:53:40 INFO  : Synchronizing projects in the workspace with the hardware platform specification changes.
16:53:40 INFO  : Clearing existing target manager status.
16:53:41 INFO  : Workspace synchronized with the new hardware specification file. Cleaning dependent projects...
16:53:41 WARN  : Linker script will not be updated automatically. Users need to update it manually.
16:53:47 INFO  : Connected to target on host '127.0.0.1' and port '3121'.
16:53:51 INFO  : 'targets -set -filter {jtag_cable_name =~ "Digilent Zed 210248774905" && level==0} -index 1' command is executed.
16:53:53 INFO  : FPGA configured successfully with bitstream "C:/Users/shlab_89/Desktop/0620_lab_BRAM/0316303_0619/0316303_0619.sdk/lab6_wrapper_hw_platform_1/lab6_wrapper.bit"
16:54:02 INFO  : Processor reset is completed for ps7_cortexa9_0
16:54:23 ERROR : Unexpected error while parsing XMD response ?: com.google.gson.JsonSyntaxException: com.google.gson.stream.MalformedJsonException: invalid number or unquoted string near 
16:54:51 INFO  : Registering command handlers for SDK TCF services
16:54:52 INFO  : Launching XSCT server: xsct.bat -interactive C:\Users\shlab_89\Desktop\0620_lab_BRAM\0316303_0619\0316303_0619.sdk\temp_xsdb_launch_script.tcl
16:54:54 INFO  : XSCT server has started successfully.
16:54:55 INFO  : Successfully done setting XSCT server connection channel  
16:54:55 INFO  : Successfully done setting SDK workspace  
16:54:55 INFO  : Processing command line option -hwspec C:/Users/shlab_89/Desktop/0620_lab_BRAM/0316303_0619/0316303_0619.sdk/lab6_wrapper.hdf.
16:54:55 INFO  : Checking for hwspec changes in the project lab6_wrapper_hw_platform_1.
16:55:06 INFO  : Connected to target on host '127.0.0.1' and port '3121'.
16:55:09 INFO  : 'targets -set -filter {jtag_cable_name =~ "Digilent Zed 210248774905" && level==0} -index 1' command is executed.
16:55:11 INFO  : FPGA configured successfully with bitstream "C:/Users/shlab_89/Desktop/0620_lab_BRAM/0316303_0619/0316303_0619.sdk/lab6_wrapper_hw_platform_1/lab6_wrapper.bit"
16:55:29 INFO  : Processor reset is completed for ps7_cortexa9_0
16:56:08 ERROR : Unexpected error while parsing XMD response ?: com.google.gson.JsonSyntaxException: com.google.gson.stream.MalformedJsonException: invalid number or unquoted string near 
18:57:33 INFO  : Registering command handlers for SDK TCF services
18:57:34 INFO  : Launching XSCT server: xsct.bat -interactive C:\Users\shlab_89\Desktop\0620_lab_BRAM\0316303_0619\0316303_0619.sdk\temp_xsdb_launch_script.tcl
18:57:37 INFO  : XSCT server has started successfully.
18:57:37 INFO  : Successfully done setting XSCT server connection channel  
18:57:37 INFO  : Successfully done setting SDK workspace  
18:57:37 INFO  : Processing command line option -hwspec C:/Users/shlab_89/Desktop/0620_lab_BRAM/0316303_0619/0316303_0619.sdk/lab6_wrapper.hdf.
18:57:37 INFO  : Checking for hwspec changes in the project lab6_wrapper_hw_platform_1.
18:57:43 INFO  : SDK has detected change in the last modified timestamps for source hardware specification file Source:1498041788536,  Project:1498035184888
18:57:43 INFO  : The hardware specification for project 'lab6_wrapper_hw_platform_1' is different from C:/Users/shlab_89/Desktop/0620_lab_BRAM/0316303_0619/0316303_0619.sdk/lab6_wrapper.hdf.
18:57:43 INFO  : Copied contents of C:/Users/shlab_89/Desktop/0620_lab_BRAM/0316303_0619/0316303_0619.sdk/lab6_wrapper.hdf into \lab6_wrapper_hw_platform_1\system.hdf.
18:57:49 INFO  : Synchronizing projects in the workspace with the hardware platform specification changes.
18:57:49 INFO  : Clearing existing target manager status.
18:57:50 INFO  : Workspace synchronized with the new hardware specification file. Cleaning dependent projects...
18:57:50 WARN  : Linker script will not be updated automatically. Users need to update it manually.
18:57:58 INFO  : Connected to target on host '127.0.0.1' and port '3121'.
18:58:01 INFO  : 'targets -set -filter {jtag_cable_name =~ "Digilent Zed 210248774905" && level==0} -index 1' command is executed.
18:58:04 INFO  : FPGA configured successfully with bitstream "C:/Users/shlab_89/Desktop/0620_lab_BRAM/0316303_0619/0316303_0619.sdk/lab6_wrapper_hw_platform_1/lab6_wrapper.bit"
18:58:15 INFO  : Processor reset is completed for ps7_cortexa9_0
19:00:40 INFO  : Connected to target on host '127.0.0.1' and port '3121'.
19:00:40 INFO  : 'targets -set -filter {jtag_cable_name =~ "Digilent Zed 210248774905" && level==0} -index 1' command is executed.
19:00:43 INFO  : FPGA configured successfully with bitstream "C:/Users/shlab_89/Desktop/0620_lab_BRAM/0316303_0619/0316303_0619.sdk/lab6_wrapper_hw_platform_1/lab6_wrapper.bit"
19:00:51 INFO  : Processor reset is completed for ps7_cortexa9_0
19:14:12 ERROR : Unexpected error while parsing XMD response ?: com.google.gson.JsonSyntaxException: com.google.gson.stream.MalformedJsonException: invalid number or unquoted string near 
19:47:24 INFO  : Registering command handlers for SDK TCF services
19:47:25 INFO  : Launching XSCT server: xsct.bat -interactive C:\Users\shlab_89\Desktop\0620_lab_BRAM\0316303_0619\0316303_0619.sdk\temp_xsdb_launch_script.tcl
19:47:28 INFO  : XSCT server has started successfully.
19:47:28 INFO  : Successfully done setting XSCT server connection channel  
19:47:28 INFO  : Successfully done setting SDK workspace  
19:47:28 INFO  : Processing command line option -hwspec C:/Users/shlab_89/Desktop/0620_lab_BRAM/0316303_0619/0316303_0619.sdk/lab6_wrapper.hdf.
19:47:28 INFO  : Checking for hwspec changes in the project lab6_wrapper_hw_platform_1.
19:47:35 INFO  : SDK has detected change in the last modified timestamps for source hardware specification file Source:1498045604235,  Project:1498041788536
19:47:35 INFO  : The hardware specification for project 'lab6_wrapper_hw_platform_1' is different from C:/Users/shlab_89/Desktop/0620_lab_BRAM/0316303_0619/0316303_0619.sdk/lab6_wrapper.hdf.
19:47:35 INFO  : Copied contents of C:/Users/shlab_89/Desktop/0620_lab_BRAM/0316303_0619/0316303_0619.sdk/lab6_wrapper.hdf into \lab6_wrapper_hw_platform_1\system.hdf.
19:47:40 INFO  : Synchronizing projects in the workspace with the hardware platform specification changes.
19:47:40 INFO  : Clearing existing target manager status.
19:47:42 INFO  : Workspace synchronized with the new hardware specification file. Cleaning dependent projects...
19:47:42 WARN  : Linker script will not be updated automatically. Users need to update it manually.
19:47:59 INFO  : Connected to target on host '127.0.0.1' and port '3121'.
19:48:03 INFO  : 'targets -set -filter {jtag_cable_name =~ "Digilent Zed 210248774905" && level==0} -index 1' command is executed.
19:48:05 INFO  : FPGA configured successfully with bitstream "C:/Users/shlab_89/Desktop/0620_lab_BRAM/0316303_0619/0316303_0619.sdk/lab6_wrapper_hw_platform_1/lab6_wrapper.bit"
19:48:16 INFO  : Processor reset is completed for ps7_cortexa9_0
19:48:45 ERROR : Unexpected error while parsing XMD response ?: com.google.gson.JsonSyntaxException: com.google.gson.stream.MalformedJsonException: invalid number or unquoted string near 
20:03:16 INFO  : Registering command handlers for SDK TCF services
20:03:17 INFO  : Launching XSCT server: xsct.bat -interactive C:\Users\shlab_89\Desktop\0620_lab_BRAM\0316303_0619\0316303_0619.sdk\temp_xsdb_launch_script.tcl
20:03:20 INFO  : XSCT server has started successfully.
20:03:21 INFO  : Successfully done setting XSCT server connection channel  
20:03:21 INFO  : Processing command line option -hwspec C:/Users/shlab_89/Desktop/0620_lab_BRAM/0316303_0619/0316303_0619.sdk/lab6_wrapper.hdf.
20:03:21 INFO  : Checking for hwspec changes in the project lab6_wrapper_hw_platform_1.
20:03:25 INFO  : Successfully done setting SDK workspace  
20:03:28 INFO  : SDK has detected change in the last modified timestamps for source hardware specification file Source:1498046566374,  Project:1498045604235
20:03:28 INFO  : The hardware specification for project 'lab6_wrapper_hw_platform_1' is different from C:/Users/shlab_89/Desktop/0620_lab_BRAM/0316303_0619/0316303_0619.sdk/lab6_wrapper.hdf.
20:03:28 INFO  : Copied contents of C:/Users/shlab_89/Desktop/0620_lab_BRAM/0316303_0619/0316303_0619.sdk/lab6_wrapper.hdf into \lab6_wrapper_hw_platform_1\system.hdf.
20:03:33 INFO  : Synchronizing projects in the workspace with the hardware platform specification changes.
20:03:34 INFO  : Clearing existing target manager status.
20:03:35 INFO  : Workspace synchronized with the new hardware specification file. Cleaning dependent projects...
20:03:35 WARN  : Linker script will not be updated automatically. Users need to update it manually.
20:03:49 INFO  : Connected to target on host '127.0.0.1' and port '3121'.
20:03:52 INFO  : 'targets -set -filter {jtag_cable_name =~ "Digilent Zed 210248774905" && level==0} -index 1' command is executed.
20:03:55 INFO  : FPGA configured successfully with bitstream "C:/Users/shlab_89/Desktop/0620_lab_BRAM/0316303_0619/0316303_0619.sdk/lab6_wrapper_hw_platform_1/lab6_wrapper.bit"
20:04:05 INFO  : Processor reset is completed for ps7_cortexa9_0
20:05:00 ERROR : Unexpected error while parsing XMD response ?: com.google.gson.JsonSyntaxException: com.google.gson.stream.MalformedJsonException: invalid number or unquoted string near 
22:32:38 INFO  : Registering command handlers for SDK TCF services
22:32:38 INFO  : Launching XSCT server: xsct.bat -interactive C:\Users\shlab_89\Downloads\0620_lab_BRAM\0316303_0619\0316303_0619.sdk\temp_xsdb_launch_script.tcl
22:32:40 INFO  : XSCT server has started successfully.
22:32:41 INFO  : Successfully done setting XSCT server connection channel  
22:32:41 INFO  : Successfully done setting SDK workspace  
22:32:41 INFO  : Processing command line option -hwspec C:/Users/shlab_89/Downloads/0620_lab_BRAM/0316303_0619/0316303_0619.sdk/lab6_wrapper.hdf.
22:35:22 INFO  : Refreshed build settings on project find_motion
22:36:39 INFO  : Connected to target on host '127.0.0.1' and port '3121'.
22:36:43 INFO  : 'targets -set -filter {jtag_cable_name =~ "Digilent Zed 210248774644" && level==0} -index 1' command is executed.
22:36:45 INFO  : FPGA configured successfully with bitstream "C:/Users/shlab_89/Downloads/0620_lab_BRAM/0316303_0619/0316303_0619.sdk/lab6_wrapper_hw_platform_1/lab6_wrapper.bit"
22:37:01 INFO  : Processor reset is completed for ps7_cortexa9_0
22:37:18 INFO  : Connected to target on host '127.0.0.1' and port '3121'.
22:37:18 INFO  : 'targets -set -filter {jtag_cable_name =~ "Digilent Zed 210248774644" && level==0} -index 1' command is executed.
22:37:21 INFO  : FPGA configured successfully with bitstream "C:/Users/shlab_89/Downloads/0620_lab_BRAM/0316303_0619/0316303_0619.sdk/lab6_wrapper_hw_platform_2/lab6_wrapper.bit"
22:37:34 INFO  : Processor reset is completed for ps7_cortexa9_0
22:38:00 INFO  : Connected to target on host '127.0.0.1' and port '3121'.
22:38:00 INFO  : 'targets -set -filter {jtag_cable_name =~ "Digilent Zed 210248774644" && level==0} -index 1' command is executed.
22:38:02 INFO  : FPGA configured successfully with bitstream "C:/Users/shlab_89/Downloads/0620_lab_BRAM/0316303_0619/0316303_0619.sdk/lab6_wrapper_hw_platform_0/lab6_wrapper.bit"
22:38:14 INFO  : Processor reset is completed for ps7_cortexa9_0
22:38:43 ERROR : Failed to get all peripherals
Reason: unable to find hardware specification file/project C:/Users/shlab_89/Downloads/0620_lab_BRAM/0316303_0619/0316303_0619.sdk/lab6_wrapper_hw_platform_0/system.hdf
22:38:43 ERROR : Unable to disconnect from existing targets
java.lang.RuntimeException: Failed to get all peripherals
Reason: unable to find hardware specification file/project C:/Users/shlab_89/Downloads/0620_lab_BRAM/0316303_0619/0316303_0619.sdk/lab6_wrapper_hw_platform_0/system.hdf
	at com.xilinx.sdk.xsdb.XsdbCommandUtils.handleResult(XsdbCommandUtils.java:313)
	at com.xilinx.sdk.xsdb.XsdbCommandUtils.executeAndRespond(XsdbCommandUtils.java:251)
	at com.xilinx.sdk.hw.internal.HwPlatform.populatePeripheralDetails(HwPlatform.java:774)
	at com.xilinx.sdk.hw.internal.HwPlatform.getProcessorNames(HwPlatform.java:621)
	at com.xilinx.sdk.targetmanager.internal.TM.disconnectExistingTargets(TM.java:299)
	at com.xilinx.sdk.targetmanager.internal.TM.terminate(TM.java:212)
	at com.xilinx.sdk.targetmanager.TMPlugin.stop(TMPlugin.java:58)
	at org.eclipse.osgi.internal.framework.BundleContextImpl$4.run(BundleContextImpl.java:827)
	at org.eclipse.osgi.internal.framework.BundleContextImpl$4.run(BundleContextImpl.java:1)
	at java.security.AccessController.doPrivileged(Native Method)
	at org.eclipse.osgi.internal.framework.BundleContextImpl.stop(BundleContextImpl.java:820)
	at org.eclipse.osgi.internal.framework.EquinoxBundle.stopWorker0(EquinoxBundle.java:955)
	at org.eclipse.osgi.internal.framework.EquinoxBundle$EquinoxModule.stopWorker(EquinoxBundle.java:323)
	at org.eclipse.osgi.container.Module.doStop(Module.java:626)
	at org.eclipse.osgi.container.Module.stop(Module.java:488)
	at org.eclipse.osgi.container.ModuleContainer$ContainerStartLevel.decStartLevel(ModuleContainer.java:1623)
	at org.eclipse.osgi.container.ModuleContainer$ContainerStartLevel.doContainerStartLevel(ModuleContainer.java:1542)
	at org.eclipse.osgi.container.SystemModule.stopWorker(SystemModule.java:248)
	at org.eclipse.osgi.internal.framework.EquinoxBundle$SystemBundle$EquinoxSystemModule.stopWorker(EquinoxBundle.java:144)
	at org.eclipse.osgi.container.Module.doStop(Module.java:626)
	at org.eclipse.osgi.container.Module.stop(Module.java:488)
	at org.eclipse.osgi.container.SystemModule.stop(SystemModule.java:186)
	at org.eclipse.osgi.internal.framework.EquinoxBundle$SystemBundle$EquinoxSystemModule$1.run(EquinoxBundle.java:159)
	at java.lang.Thread.run(Thread.java:745)
22:38:43 ERROR : Unexpected error while parsing XMD response ?: com.google.gson.JsonSyntaxException: com.google.gson.stream.MalformedJsonException: invalid number or unquoted string near 
22:39:09 INFO  : Registering command handlers for SDK TCF services
22:39:10 INFO  : Launching XSCT server: xsct.bat -interactive C:\Users\shlab_89\Downloads\0620_lab_BRAM\0316303_0619\0316303_0619.sdk\temp_xsdb_launch_script.tcl
22:39:12 INFO  : XSCT server has started successfully.
22:39:12 INFO  : Successfully done setting XSCT server connection channel  
22:39:12 INFO  : Successfully done setting SDK workspace  
22:39:12 INFO  : Processing command line option -hwspec C:/Users/shlab_89/Downloads/0620_lab_BRAM/0316303_0619/0316303_0619.sdk/lab6_wrapper.hdf.
22:39:45 INFO  : Connected to target on host '127.0.0.1' and port '3121'.
22:39:48 INFO  : 'targets -set -filter {jtag_cable_name =~ "Digilent Zed 210248774644" && level==0} -index 1' command is executed.
22:39:51 INFO  : FPGA configured successfully with bitstream "C:/Users/shlab_89/Downloads/0620_lab_BRAM/0316303_0619/0316303_0619.sdk/lab6_wrapper_hw_platform_0/lab6_wrapper.bit"
22:40:03 INFO  : Processor reset is completed for ps7_cortexa9_0
22:40:23 INFO  : Connected to target on host '127.0.0.1' and port '3121'.
22:40:23 INFO  : 'targets -set -filter {jtag_cable_name =~ "Digilent Zed 210248774644" && level==0} -index 1' command is executed.
22:40:26 INFO  : FPGA configured successfully with bitstream "C:/Users/shlab_89/Downloads/0620_lab_BRAM/0316303_0619/0316303_0619.sdk/lab6_wrapper_hw_platform_0/lab6_wrapper.bit"
22:40:29 INFO  : Processor reset is completed for ps7_cortexa9_0
22:46:09 INFO  : Connected to target on host '127.0.0.1' and port '3121'.
22:46:09 INFO  : 'targets -set -filter {jtag_cable_name =~ "Digilent Zed 210248774644" && level==0} -index 1' command is executed.
22:46:12 INFO  : FPGA configured successfully with bitstream "C:/Users/shlab_89/Downloads/0620_lab_BRAM/0316303_0619/0316303_0619.sdk/lab6_wrapper_hw_platform_0/lab6_wrapper.bit"
22:46:15 INFO  : Processor reset is completed for ps7_cortexa9_0
22:48:20 INFO  : Connected to target on host '127.0.0.1' and port '3121'.
22:48:20 INFO  : 'targets -set -filter {jtag_cable_name =~ "Digilent Zed 210248774644" && level==0} -index 1' command is executed.
22:48:23 INFO  : FPGA configured successfully with bitstream "C:/Users/shlab_89/Downloads/0620_lab_BRAM/0316303_0619/0316303_0619.sdk/lab6_wrapper_hw_platform_0/lab6_wrapper.bit"
22:48:26 INFO  : Processor reset is completed for ps7_cortexa9_0
22:48:42 ERROR : Unexpected error while parsing XMD response ?: com.google.gson.JsonSyntaxException: com.google.gson.stream.MalformedJsonException: invalid number or unquoted string near 
