
*** Running vivado
    with args -log lab6_me_match_0_0.vds -m64 -product Vivado -mode batch -messageDb vivado.pb -notrace -source lab6_me_match_0_0.tcl


****** Vivado v2016.4 (64-bit)
  **** SW Build 1756540 on Mon Jan 23 19:11:23 MST 2017
  **** IP Build 1755317 on Mon Jan 23 20:30:07 MST 2017
    ** Copyright 1986-2016 Xilinx, Inc. All Rights Reserved.

source lab6_me_match_0_0.tcl -notrace
Command: synth_design -top lab6_me_match_0_0 -part xc7z020clg484-1 -mode out_of_context
Starting synth_design
Attempting to get a license for feature 'Synthesis' and/or device 'xc7z020'
INFO: [Common 17-349] Got license for feature 'Synthesis' and/or device 'xc7z020'
INFO: Launching helper process for spawning children vivado processes
INFO: Helper process launched with PID 10172 
---------------------------------------------------------------------------------
Starting RTL Elaboration : Time (s): cpu = 00:00:06 ; elapsed = 00:00:08 . Memory (MB): peak = 289.383 ; gain = 79.633
---------------------------------------------------------------------------------
INFO: [Synth 8-638] synthesizing module 'lab6_me_match_0_0' [c:/Users/shlab_61/Downloads/0619_lab/0316303_0619/0316303_0619.srcs/sources_1/bd/lab6/ip/lab6_me_match_0_0/synth/lab6_me_match_0_0.v:57]
INFO: [Synth 8-638] synthesizing module 'me_match_v1_0' [c:/Users/shlab_61/Downloads/0619_lab/0316303_0619/0316303_0619.srcs/sources_1/bd/lab6/ipshared/430c/hdl/me_match_v1_0.v:4]
	Parameter C_S00_AXI_DATA_WIDTH bound to: 32 - type: integer 
	Parameter C_S00_AXI_ADDR_WIDTH bound to: 7 - type: integer 
INFO: [Synth 8-638] synthesizing module 'me_match_v1_0_S00_AXI' [c:/Users/shlab_61/Downloads/0619_lab/0316303_0619/0316303_0619.srcs/sources_1/bd/lab6/ipshared/430c/hdl/me_match_v1_0_S00_AXI.v:4]
	Parameter C_S_AXI_DATA_WIDTH bound to: 32 - type: integer 
	Parameter C_S_AXI_ADDR_WIDTH bound to: 7 - type: integer 
	Parameter ADDR_LSB bound to: 2 - type: integer 
	Parameter OPT_MEM_ADDR_BITS bound to: 4 - type: integer 
	Parameter S_IDLE bound to: 3'b000 
	Parameter S_SHIFT_ABS bound to: 3'b001 
	Parameter S_LOAD bound to: 3'b010 
	Parameter S_SAD bound to: 3'b011 
	Parameter S_MIN_SAD bound to: 3'b100 
	Parameter S_CHECK_END bound to: 3'b101 
INFO: [Synth 8-256] done synthesizing module 'me_match_v1_0_S00_AXI' (1#1) [c:/Users/shlab_61/Downloads/0619_lab/0316303_0619/0316303_0619.srcs/sources_1/bd/lab6/ipshared/430c/hdl/me_match_v1_0_S00_AXI.v:4]
INFO: [Synth 8-256] done synthesizing module 'me_match_v1_0' (2#1) [c:/Users/shlab_61/Downloads/0619_lab/0316303_0619/0316303_0619.srcs/sources_1/bd/lab6/ipshared/430c/hdl/me_match_v1_0.v:4]
INFO: [Synth 8-256] done synthesizing module 'lab6_me_match_0_0' (3#1) [c:/Users/shlab_61/Downloads/0619_lab/0316303_0619/0316303_0619.srcs/sources_1/bd/lab6/ip/lab6_me_match_0_0/synth/lab6_me_match_0_0.v:57]
WARNING: [Synth 8-3331] design me_match_v1_0_S00_AXI has unconnected port S_AXI_AWPROT[2]
WARNING: [Synth 8-3331] design me_match_v1_0_S00_AXI has unconnected port S_AXI_AWPROT[1]
WARNING: [Synth 8-3331] design me_match_v1_0_S00_AXI has unconnected port S_AXI_AWPROT[0]
WARNING: [Synth 8-3331] design me_match_v1_0_S00_AXI has unconnected port S_AXI_ARPROT[2]
WARNING: [Synth 8-3331] design me_match_v1_0_S00_AXI has unconnected port S_AXI_ARPROT[1]
WARNING: [Synth 8-3331] design me_match_v1_0_S00_AXI has unconnected port S_AXI_ARPROT[0]
---------------------------------------------------------------------------------
Finished RTL Elaboration : Time (s): cpu = 00:00:09 ; elapsed = 00:00:11 . Memory (MB): peak = 373.324 ; gain = 163.574
---------------------------------------------------------------------------------

Report Check Netlist: 
+------+------------------+-------+---------+-------+------------------+
|      |Item              |Errors |Warnings |Status |Description       |
+------+------------------+-------+---------+-------+------------------+
|1     |multi_driven_nets |      0|        0|Passed |Multi driven nets |
+------+------------------+-------+---------+-------+------------------+
---------------------------------------------------------------------------------
Finished RTL Optimization Phase 1 : Time (s): cpu = 00:00:10 ; elapsed = 00:00:12 . Memory (MB): peak = 373.324 ; gain = 163.574
---------------------------------------------------------------------------------
INFO: [Device 21-403] Loading part xc7z020clg484-1
INFO: [Project 1-570] Preparing netlist for logic optimization

Processing XDC Constraints
Initializing timing engine
Completed Processing XDC Constraints

INFO: [Project 1-111] Unisim Transformation Summary:
No Unisim elements were transformed.

Constraint Validation Runtime : Time (s): cpu = 00:00:01 ; elapsed = 00:00:00.630 . Memory (MB): peak = 727.449 ; gain = 13.891
---------------------------------------------------------------------------------
Finished Constraint Validation : Time (s): cpu = 00:00:25 ; elapsed = 00:00:27 . Memory (MB): peak = 727.449 ; gain = 517.699
---------------------------------------------------------------------------------
---------------------------------------------------------------------------------
Start Loading Part and Timing Information
---------------------------------------------------------------------------------
Loading part: xc7z020clg484-1
---------------------------------------------------------------------------------
Finished Loading Part and Timing Information : Time (s): cpu = 00:00:25 ; elapsed = 00:00:27 . Memory (MB): peak = 727.449 ; gain = 517.699
---------------------------------------------------------------------------------
---------------------------------------------------------------------------------
Start Applying 'set_property' XDC Constraints
---------------------------------------------------------------------------------
---------------------------------------------------------------------------------
Finished applying 'set_property' XDC Constraints : Time (s): cpu = 00:00:25 ; elapsed = 00:00:27 . Memory (MB): peak = 727.449 ; gain = 517.699
---------------------------------------------------------------------------------
INFO: [Synth 8-5818] HDL ADVISOR - The operator resource <adder> is shared. To prevent sharing consider applying a KEEP on the output of the operator [c:/Users/shlab_61/Downloads/0619_lab/0316303_0619/0316303_0619.srcs/sources_1/bd/lab6/ipshared/430c/hdl/me_match_v1_0_S00_AXI.v:720]
INFO: [Synth 8-5818] HDL ADVISOR - The operator resource <adder> is shared. To prevent sharing consider applying a KEEP on the output of the operator [c:/Users/shlab_61/Downloads/0619_lab/0316303_0619/0316303_0619.srcs/sources_1/bd/lab6/ipshared/430c/hdl/me_match_v1_0_S00_AXI.v:720]
INFO: [Synth 8-5818] HDL ADVISOR - The operator resource <adder> is shared. To prevent sharing consider applying a KEEP on the output of the operator [c:/Users/shlab_61/Downloads/0619_lab/0316303_0619/0316303_0619.srcs/sources_1/bd/lab6/ipshared/430c/hdl/me_match_v1_0_S00_AXI.v:720]
INFO: [Synth 8-5818] HDL ADVISOR - The operator resource <adder> is shared. To prevent sharing consider applying a KEEP on the output of the operator [c:/Users/shlab_61/Downloads/0619_lab/0316303_0619/0316303_0619.srcs/sources_1/bd/lab6/ipshared/430c/hdl/me_match_v1_0_S00_AXI.v:720]
INFO: [Synth 8-5818] HDL ADVISOR - The operator resource <adder> is shared. To prevent sharing consider applying a KEEP on the output of the operator [c:/Users/shlab_61/Downloads/0619_lab/0316303_0619/0316303_0619.srcs/sources_1/bd/lab6/ipshared/430c/hdl/me_match_v1_0_S00_AXI.v:720]
INFO: [Synth 8-5818] HDL ADVISOR - The operator resource <adder> is shared. To prevent sharing consider applying a KEEP on the output of the operator [c:/Users/shlab_61/Downloads/0619_lab/0316303_0619/0316303_0619.srcs/sources_1/bd/lab6/ipshared/430c/hdl/me_match_v1_0_S00_AXI.v:720]
INFO: [Synth 8-5818] HDL ADVISOR - The operator resource <adder> is shared. To prevent sharing consider applying a KEEP on the output of the operator [c:/Users/shlab_61/Downloads/0619_lab/0316303_0619/0316303_0619.srcs/sources_1/bd/lab6/ipshared/430c/hdl/me_match_v1_0_S00_AXI.v:720]
INFO: [Synth 8-5818] HDL ADVISOR - The operator resource <adder> is shared. To prevent sharing consider applying a KEEP on the output of the operator [c:/Users/shlab_61/Downloads/0619_lab/0316303_0619/0316303_0619.srcs/sources_1/bd/lab6/ipshared/430c/hdl/me_match_v1_0_S00_AXI.v:720]
INFO: [Synth 8-5818] HDL ADVISOR - The operator resource <adder> is shared. To prevent sharing consider applying a KEEP on the output of the operator [c:/Users/shlab_61/Downloads/0619_lab/0316303_0619/0316303_0619.srcs/sources_1/bd/lab6/ipshared/430c/hdl/me_match_v1_0_S00_AXI.v:720]
INFO: [Synth 8-5818] HDL ADVISOR - The operator resource <adder> is shared. To prevent sharing consider applying a KEEP on the output of the operator [c:/Users/shlab_61/Downloads/0619_lab/0316303_0619/0316303_0619.srcs/sources_1/bd/lab6/ipshared/430c/hdl/me_match_v1_0_S00_AXI.v:720]
INFO: [Synth 8-5818] HDL ADVISOR - The operator resource <adder> is shared. To prevent sharing consider applying a KEEP on the output of the operator [c:/Users/shlab_61/Downloads/0619_lab/0316303_0619/0316303_0619.srcs/sources_1/bd/lab6/ipshared/430c/hdl/me_match_v1_0_S00_AXI.v:720]
INFO: [Synth 8-5818] HDL ADVISOR - The operator resource <adder> is shared. To prevent sharing consider applying a KEEP on the output of the operator [c:/Users/shlab_61/Downloads/0619_lab/0316303_0619/0316303_0619.srcs/sources_1/bd/lab6/ipshared/430c/hdl/me_match_v1_0_S00_AXI.v:720]
INFO: [Synth 8-5818] HDL ADVISOR - The operator resource <adder> is shared. To prevent sharing consider applying a KEEP on the output of the operator [c:/Users/shlab_61/Downloads/0619_lab/0316303_0619/0316303_0619.srcs/sources_1/bd/lab6/ipshared/430c/hdl/me_match_v1_0_S00_AXI.v:720]
INFO: [Synth 8-5818] HDL ADVISOR - The operator resource <adder> is shared. To prevent sharing consider applying a KEEP on the output of the operator [c:/Users/shlab_61/Downloads/0619_lab/0316303_0619/0316303_0619.srcs/sources_1/bd/lab6/ipshared/430c/hdl/me_match_v1_0_S00_AXI.v:720]
INFO: [Synth 8-5818] HDL ADVISOR - The operator resource <adder> is shared. To prevent sharing consider applying a KEEP on the output of the operator [c:/Users/shlab_61/Downloads/0619_lab/0316303_0619/0316303_0619.srcs/sources_1/bd/lab6/ipshared/430c/hdl/me_match_v1_0_S00_AXI.v:720]
INFO: [Synth 8-5818] HDL ADVISOR - The operator resource <adder> is shared. To prevent sharing consider applying a KEEP on the output of the operator [c:/Users/shlab_61/Downloads/0619_lab/0316303_0619/0316303_0619.srcs/sources_1/bd/lab6/ipshared/430c/hdl/me_match_v1_0_S00_AXI.v:720]
INFO: [Synth 8-5818] HDL ADVISOR - The operator resource <adder> is shared. To prevent sharing consider applying a KEEP on the output of the operator [c:/Users/shlab_61/Downloads/0619_lab/0316303_0619/0316303_0619.srcs/sources_1/bd/lab6/ipshared/430c/hdl/me_match_v1_0_S00_AXI.v:720]
INFO: [Synth 8-5818] HDL ADVISOR - The operator resource <adder> is shared. To prevent sharing consider applying a KEEP on the output of the operator [c:/Users/shlab_61/Downloads/0619_lab/0316303_0619/0316303_0619.srcs/sources_1/bd/lab6/ipshared/430c/hdl/me_match_v1_0_S00_AXI.v:720]
INFO: [Synth 8-5818] HDL ADVISOR - The operator resource <adder> is shared. To prevent sharing consider applying a KEEP on the output of the operator [c:/Users/shlab_61/Downloads/0619_lab/0316303_0619/0316303_0619.srcs/sources_1/bd/lab6/ipshared/430c/hdl/me_match_v1_0_S00_AXI.v:720]
INFO: [Synth 8-5818] HDL ADVISOR - The operator resource <adder> is shared. To prevent sharing consider applying a KEEP on the output of the operator [c:/Users/shlab_61/Downloads/0619_lab/0316303_0619/0316303_0619.srcs/sources_1/bd/lab6/ipshared/430c/hdl/me_match_v1_0_S00_AXI.v:720]
INFO: [Synth 8-5818] HDL ADVISOR - The operator resource <adder> is shared. To prevent sharing consider applying a KEEP on the output of the operator [c:/Users/shlab_61/Downloads/0619_lab/0316303_0619/0316303_0619.srcs/sources_1/bd/lab6/ipshared/430c/hdl/me_match_v1_0_S00_AXI.v:720]
INFO: [Synth 8-5818] HDL ADVISOR - The operator resource <adder> is shared. To prevent sharing consider applying a KEEP on the output of the operator [c:/Users/shlab_61/Downloads/0619_lab/0316303_0619/0316303_0619.srcs/sources_1/bd/lab6/ipshared/430c/hdl/me_match_v1_0_S00_AXI.v:720]
INFO: [Synth 8-5818] HDL ADVISOR - The operator resource <adder> is shared. To prevent sharing consider applying a KEEP on the output of the operator [c:/Users/shlab_61/Downloads/0619_lab/0316303_0619/0316303_0619.srcs/sources_1/bd/lab6/ipshared/430c/hdl/me_match_v1_0_S00_AXI.v:720]
INFO: [Synth 8-5818] HDL ADVISOR - The operator resource <adder> is shared. To prevent sharing consider applying a KEEP on the output of the operator [c:/Users/shlab_61/Downloads/0619_lab/0316303_0619/0316303_0619.srcs/sources_1/bd/lab6/ipshared/430c/hdl/me_match_v1_0_S00_AXI.v:720]
INFO: [Synth 8-5818] HDL ADVISOR - The operator resource <adder> is shared. To prevent sharing consider applying a KEEP on the output of the operator [c:/Users/shlab_61/Downloads/0619_lab/0316303_0619/0316303_0619.srcs/sources_1/bd/lab6/ipshared/430c/hdl/me_match_v1_0_S00_AXI.v:720]
INFO: [Synth 8-5818] HDL ADVISOR - The operator resource <adder> is shared. To prevent sharing consider applying a KEEP on the output of the operator [c:/Users/shlab_61/Downloads/0619_lab/0316303_0619/0316303_0619.srcs/sources_1/bd/lab6/ipshared/430c/hdl/me_match_v1_0_S00_AXI.v:720]
INFO: [Synth 8-5818] HDL ADVISOR - The operator resource <adder> is shared. To prevent sharing consider applying a KEEP on the output of the operator [c:/Users/shlab_61/Downloads/0619_lab/0316303_0619/0316303_0619.srcs/sources_1/bd/lab6/ipshared/430c/hdl/me_match_v1_0_S00_AXI.v:720]
INFO: [Synth 8-5818] HDL ADVISOR - The operator resource <adder> is shared. To prevent sharing consider applying a KEEP on the output of the operator [c:/Users/shlab_61/Downloads/0619_lab/0316303_0619/0316303_0619.srcs/sources_1/bd/lab6/ipshared/430c/hdl/me_match_v1_0_S00_AXI.v:720]
INFO: [Synth 8-5818] HDL ADVISOR - The operator resource <adder> is shared. To prevent sharing consider applying a KEEP on the output of the operator [c:/Users/shlab_61/Downloads/0619_lab/0316303_0619/0316303_0619.srcs/sources_1/bd/lab6/ipshared/430c/hdl/me_match_v1_0_S00_AXI.v:720]
INFO: [Synth 8-5818] HDL ADVISOR - The operator resource <adder> is shared. To prevent sharing consider applying a KEEP on the output of the operator [c:/Users/shlab_61/Downloads/0619_lab/0316303_0619/0316303_0619.srcs/sources_1/bd/lab6/ipshared/430c/hdl/me_match_v1_0_S00_AXI.v:720]
INFO: [Synth 8-5818] HDL ADVISOR - The operator resource <adder> is shared. To prevent sharing consider applying a KEEP on the output of the operator [c:/Users/shlab_61/Downloads/0619_lab/0316303_0619/0316303_0619.srcs/sources_1/bd/lab6/ipshared/430c/hdl/me_match_v1_0_S00_AXI.v:720]
INFO: [Synth 8-5818] HDL ADVISOR - The operator resource <adder> is shared. To prevent sharing consider applying a KEEP on the output of the operator [c:/Users/shlab_61/Downloads/0619_lab/0316303_0619/0316303_0619.srcs/sources_1/bd/lab6/ipshared/430c/hdl/me_match_v1_0_S00_AXI.v:720]
INFO: [Synth 8-5818] HDL ADVISOR - The operator resource <adder> is shared. To prevent sharing consider applying a KEEP on the output of the operator [c:/Users/shlab_61/Downloads/0619_lab/0316303_0619/0316303_0619.srcs/sources_1/bd/lab6/ipshared/430c/hdl/me_match_v1_0_S00_AXI.v:720]
INFO: [Synth 8-5818] HDL ADVISOR - The operator resource <adder> is shared. To prevent sharing consider applying a KEEP on the output of the operator [c:/Users/shlab_61/Downloads/0619_lab/0316303_0619/0316303_0619.srcs/sources_1/bd/lab6/ipshared/430c/hdl/me_match_v1_0_S00_AXI.v:720]
INFO: [Synth 8-5818] HDL ADVISOR - The operator resource <adder> is shared. To prevent sharing consider applying a KEEP on the output of the operator [c:/Users/shlab_61/Downloads/0619_lab/0316303_0619/0316303_0619.srcs/sources_1/bd/lab6/ipshared/430c/hdl/me_match_v1_0_S00_AXI.v:720]
INFO: [Synth 8-5818] HDL ADVISOR - The operator resource <adder> is shared. To prevent sharing consider applying a KEEP on the output of the operator [c:/Users/shlab_61/Downloads/0619_lab/0316303_0619/0316303_0619.srcs/sources_1/bd/lab6/ipshared/430c/hdl/me_match_v1_0_S00_AXI.v:720]
INFO: [Synth 8-5818] HDL ADVISOR - The operator resource <adder> is shared. To prevent sharing consider applying a KEEP on the output of the operator [c:/Users/shlab_61/Downloads/0619_lab/0316303_0619/0316303_0619.srcs/sources_1/bd/lab6/ipshared/430c/hdl/me_match_v1_0_S00_AXI.v:720]
INFO: [Synth 8-5818] HDL ADVISOR - The operator resource <adder> is shared. To prevent sharing consider applying a KEEP on the output of the operator [c:/Users/shlab_61/Downloads/0619_lab/0316303_0619/0316303_0619.srcs/sources_1/bd/lab6/ipshared/430c/hdl/me_match_v1_0_S00_AXI.v:720]
INFO: [Synth 8-5818] HDL ADVISOR - The operator resource <adder> is shared. To prevent sharing consider applying a KEEP on the output of the operator [c:/Users/shlab_61/Downloads/0619_lab/0316303_0619/0316303_0619.srcs/sources_1/bd/lab6/ipshared/430c/hdl/me_match_v1_0_S00_AXI.v:720]
INFO: [Synth 8-5818] HDL ADVISOR - The operator resource <adder> is shared. To prevent sharing consider applying a KEEP on the output of the operator [c:/Users/shlab_61/Downloads/0619_lab/0316303_0619/0316303_0619.srcs/sources_1/bd/lab6/ipshared/430c/hdl/me_match_v1_0_S00_AXI.v:720]
INFO: [Synth 8-5818] HDL ADVISOR - The operator resource <adder> is shared. To prevent sharing consider applying a KEEP on the output of the operator [c:/Users/shlab_61/Downloads/0619_lab/0316303_0619/0316303_0619.srcs/sources_1/bd/lab6/ipshared/430c/hdl/me_match_v1_0_S00_AXI.v:720]
INFO: [Synth 8-5818] HDL ADVISOR - The operator resource <adder> is shared. To prevent sharing consider applying a KEEP on the output of the operator [c:/Users/shlab_61/Downloads/0619_lab/0316303_0619/0316303_0619.srcs/sources_1/bd/lab6/ipshared/430c/hdl/me_match_v1_0_S00_AXI.v:720]
INFO: [Synth 8-5818] HDL ADVISOR - The operator resource <adder> is shared. To prevent sharing consider applying a KEEP on the output of the operator [c:/Users/shlab_61/Downloads/0619_lab/0316303_0619/0316303_0619.srcs/sources_1/bd/lab6/ipshared/430c/hdl/me_match_v1_0_S00_AXI.v:720]
INFO: [Synth 8-5818] HDL ADVISOR - The operator resource <adder> is shared. To prevent sharing consider applying a KEEP on the output of the operator [c:/Users/shlab_61/Downloads/0619_lab/0316303_0619/0316303_0619.srcs/sources_1/bd/lab6/ipshared/430c/hdl/me_match_v1_0_S00_AXI.v:720]
INFO: [Synth 8-5818] HDL ADVISOR - The operator resource <adder> is shared. To prevent sharing consider applying a KEEP on the output of the operator [c:/Users/shlab_61/Downloads/0619_lab/0316303_0619/0316303_0619.srcs/sources_1/bd/lab6/ipshared/430c/hdl/me_match_v1_0_S00_AXI.v:720]
INFO: [Synth 8-5818] HDL ADVISOR - The operator resource <adder> is shared. To prevent sharing consider applying a KEEP on the output of the operator [c:/Users/shlab_61/Downloads/0619_lab/0316303_0619/0316303_0619.srcs/sources_1/bd/lab6/ipshared/430c/hdl/me_match_v1_0_S00_AXI.v:720]
INFO: [Synth 8-5818] HDL ADVISOR - The operator resource <adder> is shared. To prevent sharing consider applying a KEEP on the output of the operator [c:/Users/shlab_61/Downloads/0619_lab/0316303_0619/0316303_0619.srcs/sources_1/bd/lab6/ipshared/430c/hdl/me_match_v1_0_S00_AXI.v:720]
INFO: [Synth 8-5818] HDL ADVISOR - The operator resource <adder> is shared. To prevent sharing consider applying a KEEP on the output of the operator [c:/Users/shlab_61/Downloads/0619_lab/0316303_0619/0316303_0619.srcs/sources_1/bd/lab6/ipshared/430c/hdl/me_match_v1_0_S00_AXI.v:720]
INFO: [Synth 8-5818] HDL ADVISOR - The operator resource <adder> is shared. To prevent sharing consider applying a KEEP on the output of the operator [c:/Users/shlab_61/Downloads/0619_lab/0316303_0619/0316303_0619.srcs/sources_1/bd/lab6/ipshared/430c/hdl/me_match_v1_0_S00_AXI.v:720]
INFO: [Synth 8-5818] HDL ADVISOR - The operator resource <adder> is shared. To prevent sharing consider applying a KEEP on the output of the operator [c:/Users/shlab_61/Downloads/0619_lab/0316303_0619/0316303_0619.srcs/sources_1/bd/lab6/ipshared/430c/hdl/me_match_v1_0_S00_AXI.v:720]
INFO: [Synth 8-5818] HDL ADVISOR - The operator resource <adder> is shared. To prevent sharing consider applying a KEEP on the output of the operator [c:/Users/shlab_61/Downloads/0619_lab/0316303_0619/0316303_0619.srcs/sources_1/bd/lab6/ipshared/430c/hdl/me_match_v1_0_S00_AXI.v:720]
INFO: [Synth 8-5818] HDL ADVISOR - The operator resource <adder> is shared. To prevent sharing consider applying a KEEP on the output of the operator [c:/Users/shlab_61/Downloads/0619_lab/0316303_0619/0316303_0619.srcs/sources_1/bd/lab6/ipshared/430c/hdl/me_match_v1_0_S00_AXI.v:720]
INFO: [Synth 8-5818] HDL ADVISOR - The operator resource <adder> is shared. To prevent sharing consider applying a KEEP on the output of the operator [c:/Users/shlab_61/Downloads/0619_lab/0316303_0619/0316303_0619.srcs/sources_1/bd/lab6/ipshared/430c/hdl/me_match_v1_0_S00_AXI.v:720]
INFO: [Synth 8-5818] HDL ADVISOR - The operator resource <adder> is shared. To prevent sharing consider applying a KEEP on the output of the operator [c:/Users/shlab_61/Downloads/0619_lab/0316303_0619/0316303_0619.srcs/sources_1/bd/lab6/ipshared/430c/hdl/me_match_v1_0_S00_AXI.v:720]
INFO: [Synth 8-5818] HDL ADVISOR - The operator resource <adder> is shared. To prevent sharing consider applying a KEEP on the output of the operator [c:/Users/shlab_61/Downloads/0619_lab/0316303_0619/0316303_0619.srcs/sources_1/bd/lab6/ipshared/430c/hdl/me_match_v1_0_S00_AXI.v:720]
INFO: [Synth 8-5818] HDL ADVISOR - The operator resource <adder> is shared. To prevent sharing consider applying a KEEP on the output of the operator [c:/Users/shlab_61/Downloads/0619_lab/0316303_0619/0316303_0619.srcs/sources_1/bd/lab6/ipshared/430c/hdl/me_match_v1_0_S00_AXI.v:720]
INFO: [Synth 8-5818] HDL ADVISOR - The operator resource <adder> is shared. To prevent sharing consider applying a KEEP on the output of the operator [c:/Users/shlab_61/Downloads/0619_lab/0316303_0619/0316303_0619.srcs/sources_1/bd/lab6/ipshared/430c/hdl/me_match_v1_0_S00_AXI.v:720]
INFO: [Synth 8-5818] HDL ADVISOR - The operator resource <adder> is shared. To prevent sharing consider applying a KEEP on the output of the operator [c:/Users/shlab_61/Downloads/0619_lab/0316303_0619/0316303_0619.srcs/sources_1/bd/lab6/ipshared/430c/hdl/me_match_v1_0_S00_AXI.v:720]
INFO: [Synth 8-5818] HDL ADVISOR - The operator resource <adder> is shared. To prevent sharing consider applying a KEEP on the output of the operator [c:/Users/shlab_61/Downloads/0619_lab/0316303_0619/0316303_0619.srcs/sources_1/bd/lab6/ipshared/430c/hdl/me_match_v1_0_S00_AXI.v:720]
INFO: [Synth 8-5818] HDL ADVISOR - The operator resource <adder> is shared. To prevent sharing consider applying a KEEP on the output of the operator [c:/Users/shlab_61/Downloads/0619_lab/0316303_0619/0316303_0619.srcs/sources_1/bd/lab6/ipshared/430c/hdl/me_match_v1_0_S00_AXI.v:720]
INFO: [Synth 8-5818] HDL ADVISOR - The operator resource <adder> is shared. To prevent sharing consider applying a KEEP on the output of the operator [c:/Users/shlab_61/Downloads/0619_lab/0316303_0619/0316303_0619.srcs/sources_1/bd/lab6/ipshared/430c/hdl/me_match_v1_0_S00_AXI.v:720]
INFO: [Synth 8-5818] HDL ADVISOR - The operator resource <adder> is shared. To prevent sharing consider applying a KEEP on the output of the operator [c:/Users/shlab_61/Downloads/0619_lab/0316303_0619/0316303_0619.srcs/sources_1/bd/lab6/ipshared/430c/hdl/me_match_v1_0_S00_AXI.v:720]
INFO: [Synth 8-5818] HDL ADVISOR - The operator resource <adder> is shared. To prevent sharing consider applying a KEEP on the output of the operator [c:/Users/shlab_61/Downloads/0619_lab/0316303_0619/0316303_0619.srcs/sources_1/bd/lab6/ipshared/430c/hdl/me_match_v1_0_S00_AXI.v:720]
INFO: [Synth 8-5818] HDL ADVISOR - The operator resource <adder> is shared. To prevent sharing consider applying a KEEP on the output of the operator [c:/Users/shlab_61/Downloads/0619_lab/0316303_0619/0316303_0619.srcs/sources_1/bd/lab6/ipshared/430c/hdl/me_match_v1_0_S00_AXI.v:720]
INFO: [Synth 8-5818] HDL ADVISOR - The operator resource <adder> is shared. To prevent sharing consider applying a KEEP on the output of the operator [c:/Users/shlab_61/Downloads/0619_lab/0316303_0619/0316303_0619.srcs/sources_1/bd/lab6/ipshared/430c/hdl/me_match_v1_0_S00_AXI.v:720]
INFO: [Synth 8-5818] HDL ADVISOR - The operator resource <adder> is shared. To prevent sharing consider applying a KEEP on the output of the operator [c:/Users/shlab_61/Downloads/0619_lab/0316303_0619/0316303_0619.srcs/sources_1/bd/lab6/ipshared/430c/hdl/me_match_v1_0_S00_AXI.v:720]
INFO: [Synth 8-5818] HDL ADVISOR - The operator resource <adder> is shared. To prevent sharing consider applying a KEEP on the output of the operator [c:/Users/shlab_61/Downloads/0619_lab/0316303_0619/0316303_0619.srcs/sources_1/bd/lab6/ipshared/430c/hdl/me_match_v1_0_S00_AXI.v:720]
INFO: [Synth 8-5818] HDL ADVISOR - The operator resource <adder> is shared. To prevent sharing consider applying a KEEP on the output of the operator [c:/Users/shlab_61/Downloads/0619_lab/0316303_0619/0316303_0619.srcs/sources_1/bd/lab6/ipshared/430c/hdl/me_match_v1_0_S00_AXI.v:720]
INFO: [Synth 8-5818] HDL ADVISOR - The operator resource <adder> is shared. To prevent sharing consider applying a KEEP on the output of the operator [c:/Users/shlab_61/Downloads/0619_lab/0316303_0619/0316303_0619.srcs/sources_1/bd/lab6/ipshared/430c/hdl/me_match_v1_0_S00_AXI.v:720]
INFO: [Synth 8-5818] HDL ADVISOR - The operator resource <adder> is shared. To prevent sharing consider applying a KEEP on the output of the operator [c:/Users/shlab_61/Downloads/0619_lab/0316303_0619/0316303_0619.srcs/sources_1/bd/lab6/ipshared/430c/hdl/me_match_v1_0_S00_AXI.v:720]
INFO: [Synth 8-5818] HDL ADVISOR - The operator resource <adder> is shared. To prevent sharing consider applying a KEEP on the output of the operator [c:/Users/shlab_61/Downloads/0619_lab/0316303_0619/0316303_0619.srcs/sources_1/bd/lab6/ipshared/430c/hdl/me_match_v1_0_S00_AXI.v:720]
INFO: [Synth 8-5818] HDL ADVISOR - The operator resource <adder> is shared. To prevent sharing consider applying a KEEP on the output of the operator [c:/Users/shlab_61/Downloads/0619_lab/0316303_0619/0316303_0619.srcs/sources_1/bd/lab6/ipshared/430c/hdl/me_match_v1_0_S00_AXI.v:720]
INFO: [Synth 8-5818] HDL ADVISOR - The operator resource <adder> is shared. To prevent sharing consider applying a KEEP on the output of the operator [c:/Users/shlab_61/Downloads/0619_lab/0316303_0619/0316303_0619.srcs/sources_1/bd/lab6/ipshared/430c/hdl/me_match_v1_0_S00_AXI.v:720]
INFO: [Synth 8-5818] HDL ADVISOR - The operator resource <adder> is shared. To prevent sharing consider applying a KEEP on the output of the operator [c:/Users/shlab_61/Downloads/0619_lab/0316303_0619/0316303_0619.srcs/sources_1/bd/lab6/ipshared/430c/hdl/me_match_v1_0_S00_AXI.v:720]
INFO: [Synth 8-5818] HDL ADVISOR - The operator resource <adder> is shared. To prevent sharing consider applying a KEEP on the output of the operator [c:/Users/shlab_61/Downloads/0619_lab/0316303_0619/0316303_0619.srcs/sources_1/bd/lab6/ipshared/430c/hdl/me_match_v1_0_S00_AXI.v:720]
INFO: [Synth 8-5818] HDL ADVISOR - The operator resource <adder> is shared. To prevent sharing consider applying a KEEP on the output of the operator [c:/Users/shlab_61/Downloads/0619_lab/0316303_0619/0316303_0619.srcs/sources_1/bd/lab6/ipshared/430c/hdl/me_match_v1_0_S00_AXI.v:720]
INFO: [Synth 8-5818] HDL ADVISOR - The operator resource <adder> is shared. To prevent sharing consider applying a KEEP on the output of the operator [c:/Users/shlab_61/Downloads/0619_lab/0316303_0619/0316303_0619.srcs/sources_1/bd/lab6/ipshared/430c/hdl/me_match_v1_0_S00_AXI.v:720]
INFO: [Synth 8-5818] HDL ADVISOR - The operator resource <adder> is shared. To prevent sharing consider applying a KEEP on the output of the operator [c:/Users/shlab_61/Downloads/0619_lab/0316303_0619/0316303_0619.srcs/sources_1/bd/lab6/ipshared/430c/hdl/me_match_v1_0_S00_AXI.v:720]
INFO: [Synth 8-5818] HDL ADVISOR - The operator resource <adder> is shared. To prevent sharing consider applying a KEEP on the output of the operator [c:/Users/shlab_61/Downloads/0619_lab/0316303_0619/0316303_0619.srcs/sources_1/bd/lab6/ipshared/430c/hdl/me_match_v1_0_S00_AXI.v:720]
INFO: [Synth 8-5818] HDL ADVISOR - The operator resource <adder> is shared. To prevent sharing consider applying a KEEP on the output of the operator [c:/Users/shlab_61/Downloads/0619_lab/0316303_0619/0316303_0619.srcs/sources_1/bd/lab6/ipshared/430c/hdl/me_match_v1_0_S00_AXI.v:720]
INFO: [Synth 8-5818] HDL ADVISOR - The operator resource <adder> is shared. To prevent sharing consider applying a KEEP on the output of the operator [c:/Users/shlab_61/Downloads/0619_lab/0316303_0619/0316303_0619.srcs/sources_1/bd/lab6/ipshared/430c/hdl/me_match_v1_0_S00_AXI.v:720]
INFO: [Synth 8-5818] HDL ADVISOR - The operator resource <adder> is shared. To prevent sharing consider applying a KEEP on the output of the operator [c:/Users/shlab_61/Downloads/0619_lab/0316303_0619/0316303_0619.srcs/sources_1/bd/lab6/ipshared/430c/hdl/me_match_v1_0_S00_AXI.v:720]
INFO: [Synth 8-5818] HDL ADVISOR - The operator resource <adder> is shared. To prevent sharing consider applying a KEEP on the output of the operator [c:/Users/shlab_61/Downloads/0619_lab/0316303_0619/0316303_0619.srcs/sources_1/bd/lab6/ipshared/430c/hdl/me_match_v1_0_S00_AXI.v:720]
INFO: [Synth 8-5818] HDL ADVISOR - The operator resource <adder> is shared. To prevent sharing consider applying a KEEP on the output of the operator [c:/Users/shlab_61/Downloads/0619_lab/0316303_0619/0316303_0619.srcs/sources_1/bd/lab6/ipshared/430c/hdl/me_match_v1_0_S00_AXI.v:720]
INFO: [Synth 8-5818] HDL ADVISOR - The operator resource <adder> is shared. To prevent sharing consider applying a KEEP on the output of the operator [c:/Users/shlab_61/Downloads/0619_lab/0316303_0619/0316303_0619.srcs/sources_1/bd/lab6/ipshared/430c/hdl/me_match_v1_0_S00_AXI.v:720]
INFO: [Synth 8-5818] HDL ADVISOR - The operator resource <adder> is shared. To prevent sharing consider applying a KEEP on the output of the operator [c:/Users/shlab_61/Downloads/0619_lab/0316303_0619/0316303_0619.srcs/sources_1/bd/lab6/ipshared/430c/hdl/me_match_v1_0_S00_AXI.v:720]
INFO: [Synth 8-5818] HDL ADVISOR - The operator resource <adder> is shared. To prevent sharing consider applying a KEEP on the output of the operator [c:/Users/shlab_61/Downloads/0619_lab/0316303_0619/0316303_0619.srcs/sources_1/bd/lab6/ipshared/430c/hdl/me_match_v1_0_S00_AXI.v:720]
INFO: [Synth 8-5818] HDL ADVISOR - The operator resource <adder> is shared. To prevent sharing consider applying a KEEP on the output of the operator [c:/Users/shlab_61/Downloads/0619_lab/0316303_0619/0316303_0619.srcs/sources_1/bd/lab6/ipshared/430c/hdl/me_match_v1_0_S00_AXI.v:720]
INFO: [Synth 8-5818] HDL ADVISOR - The operator resource <adder> is shared. To prevent sharing consider applying a KEEP on the output of the operator [c:/Users/shlab_61/Downloads/0619_lab/0316303_0619/0316303_0619.srcs/sources_1/bd/lab6/ipshared/430c/hdl/me_match_v1_0_S00_AXI.v:720]
INFO: [Synth 8-5818] HDL ADVISOR - The operator resource <adder> is shared. To prevent sharing consider applying a KEEP on the output of the operator [c:/Users/shlab_61/Downloads/0619_lab/0316303_0619/0316303_0619.srcs/sources_1/bd/lab6/ipshared/430c/hdl/me_match_v1_0_S00_AXI.v:720]
INFO: [Synth 8-5818] HDL ADVISOR - The operator resource <adder> is shared. To prevent sharing consider applying a KEEP on the output of the operator [c:/Users/shlab_61/Downloads/0619_lab/0316303_0619/0316303_0619.srcs/sources_1/bd/lab6/ipshared/430c/hdl/me_match_v1_0_S00_AXI.v:720]
INFO: [Synth 8-5818] HDL ADVISOR - The operator resource <adder> is shared. To prevent sharing consider applying a KEEP on the output of the operator [c:/Users/shlab_61/Downloads/0619_lab/0316303_0619/0316303_0619.srcs/sources_1/bd/lab6/ipshared/430c/hdl/me_match_v1_0_S00_AXI.v:720]
INFO: [Synth 8-5818] HDL ADVISOR - The operator resource <adder> is shared. To prevent sharing consider applying a KEEP on the output of the operator [c:/Users/shlab_61/Downloads/0619_lab/0316303_0619/0316303_0619.srcs/sources_1/bd/lab6/ipshared/430c/hdl/me_match_v1_0_S00_AXI.v:720]
INFO: [Synth 8-5818] HDL ADVISOR - The operator resource <adder> is shared. To prevent sharing consider applying a KEEP on the output of the operator [c:/Users/shlab_61/Downloads/0619_lab/0316303_0619/0316303_0619.srcs/sources_1/bd/lab6/ipshared/430c/hdl/me_match_v1_0_S00_AXI.v:720]
INFO: [Synth 8-5818] HDL ADVISOR - The operator resource <adder> is shared. To prevent sharing consider applying a KEEP on the output of the operator [c:/Users/shlab_61/Downloads/0619_lab/0316303_0619/0316303_0619.srcs/sources_1/bd/lab6/ipshared/430c/hdl/me_match_v1_0_S00_AXI.v:720]
INFO: [Synth 8-5818] HDL ADVISOR - The operator resource <adder> is shared. To prevent sharing consider applying a KEEP on the output of the operator [c:/Users/shlab_61/Downloads/0619_lab/0316303_0619/0316303_0619.srcs/sources_1/bd/lab6/ipshared/430c/hdl/me_match_v1_0_S00_AXI.v:720]
INFO: [Synth 8-5818] HDL ADVISOR - The operator resource <adder> is shared. To prevent sharing consider applying a KEEP on the output of the operator [c:/Users/shlab_61/Downloads/0619_lab/0316303_0619/0316303_0619.srcs/sources_1/bd/lab6/ipshared/430c/hdl/me_match_v1_0_S00_AXI.v:720]
INFO: [Synth 8-5818] HDL ADVISOR - The operator resource <adder> is shared. To prevent sharing consider applying a KEEP on the output of the operator [c:/Users/shlab_61/Downloads/0619_lab/0316303_0619/0316303_0619.srcs/sources_1/bd/lab6/ipshared/430c/hdl/me_match_v1_0_S00_AXI.v:720]
INFO: [Synth 8-5818] HDL ADVISOR - The operator resource <adder> is shared. To prevent sharing consider applying a KEEP on the output of the operator [c:/Users/shlab_61/Downloads/0619_lab/0316303_0619/0316303_0619.srcs/sources_1/bd/lab6/ipshared/430c/hdl/me_match_v1_0_S00_AXI.v:720]
INFO: [Synth 8-5818] HDL ADVISOR - The operator resource <adder> is shared. To prevent sharing consider applying a KEEP on the output of the operator [c:/Users/shlab_61/Downloads/0619_lab/0316303_0619/0316303_0619.srcs/sources_1/bd/lab6/ipshared/430c/hdl/me_match_v1_0_S00_AXI.v:720]
INFO: [Common 17-14] Message 'Synth 8-5818' appears 100 times and further instances of the messages will be disabled. Use the Tcl command set_msg_config to change the current settings.
INFO: [Synth 8-41] '+' operator could not be merged with '+' operator due to loss of accuracy [c:/Users/shlab_61/Downloads/0619_lab/0316303_0619/0316303_0619.srcs/sources_1/bd/lab6/ipshared/430c/hdl/me_match_v1_0_S00_AXI.v:830]
INFO: [Synth 8-41] '+' operator could not be merged with '+' operator due to loss of accuracy [c:/Users/shlab_61/Downloads/0619_lab/0316303_0619/0316303_0619.srcs/sources_1/bd/lab6/ipshared/430c/hdl/me_match_v1_0_S00_AXI.v:830]
INFO: [Synth 8-41] '+' operator could not be merged with '+' operator due to loss of accuracy [c:/Users/shlab_61/Downloads/0619_lab/0316303_0619/0316303_0619.srcs/sources_1/bd/lab6/ipshared/430c/hdl/me_match_v1_0_S00_AXI.v:830]
INFO: [Synth 8-41] '+' operator could not be merged with '+' operator due to loss of accuracy [c:/Users/shlab_61/Downloads/0619_lab/0316303_0619/0316303_0619.srcs/sources_1/bd/lab6/ipshared/430c/hdl/me_match_v1_0_S00_AXI.v:830]
INFO: [Synth 8-41] '+' operator could not be merged with '+' operator due to loss of accuracy [c:/Users/shlab_61/Downloads/0619_lab/0316303_0619/0316303_0619.srcs/sources_1/bd/lab6/ipshared/430c/hdl/me_match_v1_0_S00_AXI.v:830]
INFO: [Synth 8-41] '+' operator could not be merged with '+' operator due to loss of accuracy [c:/Users/shlab_61/Downloads/0619_lab/0316303_0619/0316303_0619.srcs/sources_1/bd/lab6/ipshared/430c/hdl/me_match_v1_0_S00_AXI.v:830]
INFO: [Synth 8-41] '+' operator could not be merged with '+' operator due to loss of accuracy [c:/Users/shlab_61/Downloads/0619_lab/0316303_0619/0316303_0619.srcs/sources_1/bd/lab6/ipshared/430c/hdl/me_match_v1_0_S00_AXI.v:830]
INFO: [Synth 8-41] '+' operator could not be merged with '+' operator due to loss of accuracy [c:/Users/shlab_61/Downloads/0619_lab/0316303_0619/0316303_0619.srcs/sources_1/bd/lab6/ipshared/430c/hdl/me_match_v1_0_S00_AXI.v:830]
INFO: [Synth 8-5545] ROM "sa_bank_reg[0]" won't be mapped to RAM because address size (32) is larger than maximum supported(25)
INFO: [Synth 8-5545] ROM "sa_bank_reg[1]" won't be mapped to RAM because address size (32) is larger than maximum supported(25)
INFO: [Synth 8-5545] ROM "sa_bank_reg[2]" won't be mapped to RAM because address size (32) is larger than maximum supported(25)
INFO: [Synth 8-5545] ROM "sa_bank_reg[3]" won't be mapped to RAM because address size (32) is larger than maximum supported(25)
INFO: [Synth 8-5545] ROM "sa_bank_reg[4]" won't be mapped to RAM because address size (32) is larger than maximum supported(25)
INFO: [Synth 8-5545] ROM "sa_bank_reg[5]" won't be mapped to RAM because address size (32) is larger than maximum supported(25)
INFO: [Synth 8-5545] ROM "sa_bank_reg[6]" won't be mapped to RAM because address size (32) is larger than maximum supported(25)
INFO: [Synth 8-5545] ROM "sa_bank_reg[7]" won't be mapped to RAM because address size (32) is larger than maximum supported(25)
INFO: [Synth 8-5545] ROM "sa_bank_reg[8]" won't be mapped to RAM because address size (32) is larger than maximum supported(25)
INFO: [Synth 8-5545] ROM "sa_bank_reg[9]" won't be mapped to RAM because address size (32) is larger than maximum supported(25)
INFO: [Synth 8-5545] ROM "sa_bank_reg[10]" won't be mapped to RAM because address size (32) is larger than maximum supported(25)
INFO: [Synth 8-5545] ROM "sa_bank_reg[11]" won't be mapped to RAM because address size (32) is larger than maximum supported(25)
INFO: [Synth 8-5545] ROM "sa_bank_reg[12]" won't be mapped to RAM because address size (32) is larger than maximum supported(25)
INFO: [Synth 8-5545] ROM "sa_bank_reg[13]" won't be mapped to RAM because address size (32) is larger than maximum supported(25)
INFO: [Synth 8-5545] ROM "sa_bank_reg[14]" won't be mapped to RAM because address size (32) is larger than maximum supported(25)
INFO: [Synth 8-5545] ROM "sa_bank_reg[15]" won't be mapped to RAM because address size (32) is larger than maximum supported(25)
INFO: [Synth 8-5545] ROM "sa_bank_reg[16]" won't be mapped to RAM because address size (32) is larger than maximum supported(25)
INFO: [Synth 8-5545] ROM "sa_bank_reg[17]" won't be mapped to RAM because address size (32) is larger than maximum supported(25)
INFO: [Synth 8-5545] ROM "sa_bank_reg[18]" won't be mapped to RAM because address size (32) is larger than maximum supported(25)
INFO: [Synth 8-5545] ROM "sa_bank_reg[19]" won't be mapped to RAM because address size (32) is larger than maximum supported(25)
INFO: [Synth 8-5545] ROM "sa_bank_reg[20]" won't be mapped to RAM because address size (32) is larger than maximum supported(25)
INFO: [Synth 8-5545] ROM "sa_bank_reg[21]" won't be mapped to RAM because address size (32) is larger than maximum supported(25)
INFO: [Synth 8-5545] ROM "sa_bank_reg[22]" won't be mapped to RAM because address size (32) is larger than maximum supported(25)
INFO: [Synth 8-5545] ROM "sa_bank_reg[23]" won't be mapped to RAM because address size (32) is larger than maximum supported(25)
INFO: [Synth 8-5545] ROM "sa_bank_reg[24]" won't be mapped to RAM because address size (32) is larger than maximum supported(25)
INFO: [Synth 8-5545] ROM "sa_bank_reg[25]" won't be mapped to RAM because address size (32) is larger than maximum supported(25)
INFO: [Synth 8-5545] ROM "sa_bank_reg[26]" won't be mapped to RAM because address size (32) is larger than maximum supported(25)
INFO: [Synth 8-5545] ROM "sa_bank_reg[27]" won't be mapped to RAM because address size (32) is larger than maximum supported(25)
INFO: [Synth 8-5545] ROM "sa_bank_reg[28]" won't be mapped to RAM because address size (32) is larger than maximum supported(25)
INFO: [Synth 8-5545] ROM "sa_bank_reg[29]" won't be mapped to RAM because address size (32) is larger than maximum supported(25)
INFO: [Synth 8-5545] ROM "sa_bank_reg[30]" won't be mapped to RAM because address size (32) is larger than maximum supported(25)
INFO: [Synth 8-5545] ROM "sa_bank_reg[31]" won't be mapped to RAM because address size (32) is larger than maximum supported(25)
INFO: [Synth 8-5545] ROM "sa_bank_reg[32]" won't be mapped to RAM because address size (32) is larger than maximum supported(25)
INFO: [Synth 8-5545] ROM "sa_bank_reg[33]" won't be mapped to RAM because address size (32) is larger than maximum supported(25)
INFO: [Synth 8-5545] ROM "sa_bank_reg[34]" won't be mapped to RAM because address size (32) is larger than maximum supported(25)
INFO: [Synth 8-5545] ROM "sa_bank_reg[35]" won't be mapped to RAM because address size (32) is larger than maximum supported(25)
INFO: [Synth 8-5545] ROM "sa_bank_reg[36]" won't be mapped to RAM because address size (32) is larger than maximum supported(25)
INFO: [Synth 8-5545] ROM "sa_bank_reg[37]" won't be mapped to RAM because address size (32) is larger than maximum supported(25)
INFO: [Synth 8-5545] ROM "sa_bank_reg[38]" won't be mapped to RAM because address size (32) is larger than maximum supported(25)
INFO: [Synth 8-5545] ROM "sa_bank_reg[39]" won't be mapped to RAM because address size (32) is larger than maximum supported(25)
INFO: [Synth 8-5545] ROM "sa_bank_reg[40]" won't be mapped to RAM because address size (32) is larger than maximum supported(25)
INFO: [Synth 8-5545] ROM "sa_bank_reg[41]" won't be mapped to RAM because address size (32) is larger than maximum supported(25)
INFO: [Synth 8-5545] ROM "sa_bank_reg[42]" won't be mapped to RAM because address size (32) is larger than maximum supported(25)
INFO: [Synth 8-5545] ROM "sa_bank_reg[43]" won't be mapped to RAM because address size (32) is larger than maximum supported(25)
INFO: [Synth 8-5545] ROM "sa_bank_reg[44]" won't be mapped to RAM because address size (32) is larger than maximum supported(25)
INFO: [Synth 8-5545] ROM "sa_bank_reg[45]" won't be mapped to RAM because address size (32) is larger than maximum supported(25)
INFO: [Synth 8-5545] ROM "sa_bank_reg[46]" won't be mapped to RAM because address size (32) is larger than maximum supported(25)
INFO: [Synth 8-5545] ROM "sa_bank_reg[47]" won't be mapped to RAM because address size (32) is larger than maximum supported(25)
INFO: [Synth 8-5545] ROM "cb_bank_reg[0]" won't be mapped to RAM because address size (32) is larger than maximum supported(25)
INFO: [Synth 8-5545] ROM "cb_bank_reg[1]" won't be mapped to RAM because address size (32) is larger than maximum supported(25)
INFO: [Synth 8-5545] ROM "cb_bank_reg[2]" won't be mapped to RAM because address size (32) is larger than maximum supported(25)
INFO: [Synth 8-5545] ROM "cb_bank_reg[3]" won't be mapped to RAM because address size (32) is larger than maximum supported(25)
INFO: [Synth 8-5545] ROM "cb_bank_reg[4]" won't be mapped to RAM because address size (32) is larger than maximum supported(25)
INFO: [Synth 8-5545] ROM "cb_bank_reg[5]" won't be mapped to RAM because address size (32) is larger than maximum supported(25)
INFO: [Synth 8-5545] ROM "cb_bank_reg[6]" won't be mapped to RAM because address size (32) is larger than maximum supported(25)
INFO: [Synth 8-5545] ROM "cb_bank_reg[7]" won't be mapped to RAM because address size (32) is larger than maximum supported(25)
INFO: [Synth 8-5545] ROM "cb_bank_reg[8]" won't be mapped to RAM because address size (32) is larger than maximum supported(25)
INFO: [Synth 8-5545] ROM "cb_bank_reg[9]" won't be mapped to RAM because address size (32) is larger than maximum supported(25)
INFO: [Synth 8-5545] ROM "cb_bank_reg[10]" won't be mapped to RAM because address size (32) is larger than maximum supported(25)
INFO: [Synth 8-5545] ROM "cb_bank_reg[11]" won't be mapped to RAM because address size (32) is larger than maximum supported(25)
INFO: [Synth 8-5545] ROM "cb_bank_reg[12]" won't be mapped to RAM because address size (32) is larger than maximum supported(25)
INFO: [Synth 8-5545] ROM "cb_bank_reg[13]" won't be mapped to RAM because address size (32) is larger than maximum supported(25)
INFO: [Synth 8-5545] ROM "cb_bank_reg[14]" won't be mapped to RAM because address size (32) is larger than maximum supported(25)
INFO: [Synth 8-5545] ROM "cb_bank_reg[15]" won't be mapped to RAM because address size (32) is larger than maximum supported(25)
INFO: [Synth 8-5544] ROM "reg_partial_sum_2" won't be mapped to Block RAM because address size (3) smaller than threshold (5)
INFO: [Synth 8-5544] ROM "Q_next" won't be mapped to Block RAM because address size (3) smaller than threshold (5)
INFO: [Synth 8-5545] ROM "Q_next" won't be mapped to RAM because address size (32) is larger than maximum supported(25)
INFO: [Synth 8-5545] ROM "Q_next" won't be mapped to RAM because address size (32) is larger than maximum supported(25)
INFO: [Synth 8-5545] ROM "mvx" won't be mapped to RAM because address size (32) is larger than maximum supported(25)
INFO: [Synth 8-5545] ROM "mvx" won't be mapped to RAM because address size (32) is larger than maximum supported(25)
INFO: [Synth 8-5544] ROM "sad" won't be mapped to Block RAM because address size (3) smaller than threshold (5)
INFO: [Synth 8-5545] ROM "finish" won't be mapped to RAM because address size (32) is larger than maximum supported(25)
---------------------------------------------------------------------------------
Finished RTL Optimization Phase 2 : Time (s): cpu = 00:00:43 ; elapsed = 00:00:45 . Memory (MB): peak = 844.883 ; gain = 635.133
---------------------------------------------------------------------------------

Report RTL Partitions: 
+------+----------------------------+------------+----------+
|      |RTL Partition               |Replication |Instances |
+------+----------------------------+------------+----------+
|1     |me_match_v1_0_S00_AXI__GB0  |           1|     34944|
|2     |me_match_v1_0_S00_AXI__GB1  |           1|     34176|
|3     |me_match_v1_0_S00_AXI__GB2  |           1|     33024|
|4     |case__34__GD                |           1|     32640|
|5     |me_match_v1_0_S00_AXI__GB4  |           1|     33536|
|6     |case__110__GD               |           1|     32640|
|7     |me_match_v1_0_S00_AXI__GB6  |           1|      1712|
|8     |me_match_v1_0_S00_AXI__GB7  |           1|      9423|
|9     |case__250__GD               |           1|     32640|
|10    |case__322__GD               |           1|     32640|
|11    |case__553__GD               |           1|     32640|
|12    |case__526__GD               |           1|     32640|
|13    |case__33__GD                |           1|     32640|
|14    |case__109__GD               |           1|     32640|
|15    |case__62__GD                |           1|     32640|
|16    |case__35__GD                |           1|     32640|
|17    |me_match_v1_0_S00_AXI__GB16 |           1|     33280|
|18    |case__108__GD               |           1|     32640|
|19    |case__107__GD               |           1|     32640|
|20    |case__105__GD               |           1|     32640|
|21    |case__321__GD               |           1|     32640|
|22    |case__552__GD               |           1|     32640|
|23    |me_match_v1_0_S00_AXI__GB22 |           1|     17429|
|24    |case__323__GD               |           1|     32640|
|25    |case__525__GD               |           1|     32640|
|26    |case__279__GD               |           1|     32640|
|27    |me_match_v1_0_S00_AXI__GB26 |           1|      5407|
|28    |case__278__GD               |           1|     32640|
|29    |me_match_v1_0_S00_AXI__GB28 |           1|     33152|
|30    |case__325__GD               |           1|     32640|
|31    |me_match_v1_0_S00_AXI__GB30 |           1|       256|
|32    |case__355__GD               |           1|     32640|
|33    |case__354__GD               |           1|     32640|
|34    |me_match_v1_0_S00_AXI__GB33 |           1|        81|
|35    |case__139__GD               |           1|     32640|
|36    |case__248__GD               |           1|     32640|
|37    |case__247__GD               |           1|     32640|
|38    |me_match_v1_0_S00_AXI__GB37 |           1|     32768|
|39    |me_match_v1_0_S00_AXI__GB38 |           1|     17929|
|40    |me_match_v1_0_S00_AXI__GB39 |           1|         9|
|41    |me_match_v1_0_S00_AXI__GB40 |           1|     32896|
|42    |case__138__GD               |           1|     32640|
|43    |case__245__GD               |           1|     32640|
+------+----------------------------+------------+----------+
---------------------------------------------------------------------------------
Start RTL Component Statistics 
---------------------------------------------------------------------------------
Detailed RTL Component Info : 
+---Adders : 
	   2 Input     32 Bit       Adders := 5     
	   8 Input     16 Bit       Adders := 1     
	   8 Input     13 Bit       Adders := 8     
	   4 Input     10 Bit       Adders := 64    
	   3 Input      8 Bit       Adders := 256   
	   2 Input      6 Bit       Adders := 1     
	   2 Input      3 Bit       Adders := 1     
+---Registers : 
	              384 Bit    Registers := 48    
	              128 Bit    Registers := 32    
	               32 Bit    Registers := 25    
	               13 Bit    Registers := 8     
	               10 Bit    Registers := 64    
	                8 Bit    Registers := 256   
	                7 Bit    Registers := 2     
	                3 Bit    Registers := 2     
	                2 Bit    Registers := 2     
	                1 Bit    Registers := 6     
+---Muxes : 
	   7 Input    128 Bit        Muxes := 16    
	   2 Input    128 Bit        Muxes := 17    
	   7 Input     32 Bit        Muxes := 6     
	   2 Input     32 Bit        Muxes := 20    
	  18 Input     32 Bit        Muxes := 17    
	   2 Input      8 Bit        Muxes := 512   
	   8 Input      3 Bit        Muxes := 1     
	   7 Input      3 Bit        Muxes := 1     
	   2 Input      3 Bit        Muxes := 1     
	   2 Input      2 Bit        Muxes := 2     
	   2 Input      1 Bit        Muxes := 74    
	   7 Input      1 Bit        Muxes := 8     
	   8 Input      1 Bit        Muxes := 2     
---------------------------------------------------------------------------------
Finished RTL Component Statistics 
---------------------------------------------------------------------------------
---------------------------------------------------------------------------------
Start RTL Hierarchical Component Statistics 
---------------------------------------------------------------------------------
Hierarchical RTL Component report 
Module me_match_v1_0_S00_AXI 
Detailed RTL Component Info : 
+---Adders : 
	   2 Input     32 Bit       Adders := 5     
	   8 Input     16 Bit       Adders := 1     
	   8 Input     13 Bit       Adders := 8     
	   4 Input     10 Bit       Adders := 64    
	   3 Input      8 Bit       Adders := 256   
	   2 Input      6 Bit       Adders := 1     
	   2 Input      3 Bit       Adders := 1     
+---Registers : 
	              384 Bit    Registers := 48    
	              128 Bit    Registers := 32    
	               32 Bit    Registers := 25    
	               13 Bit    Registers := 8     
	               10 Bit    Registers := 64    
	                8 Bit    Registers := 256   
	                7 Bit    Registers := 2     
	                3 Bit    Registers := 2     
	                2 Bit    Registers := 2     
	                1 Bit    Registers := 6     
+---Muxes : 
	   7 Input    128 Bit        Muxes := 16    
	   2 Input    128 Bit        Muxes := 17    
	   7 Input     32 Bit        Muxes := 6     
	   2 Input     32 Bit        Muxes := 20    
	  18 Input     32 Bit        Muxes := 17    
	   2 Input      8 Bit        Muxes := 512   
	   8 Input      3 Bit        Muxes := 1     
	   7 Input      3 Bit        Muxes := 1     
	   2 Input      3 Bit        Muxes := 1     
	   2 Input      2 Bit        Muxes := 2     
	   2 Input      1 Bit        Muxes := 74    
	   7 Input      1 Bit        Muxes := 8     
	   8 Input      1 Bit        Muxes := 2     
---------------------------------------------------------------------------------
Finished RTL Hierarchical Component Statistics
---------------------------------------------------------------------------------
---------------------------------------------------------------------------------
Start Part Resource Summary
---------------------------------------------------------------------------------
Part Resources:
DSPs: 220 (col length:60)
BRAMs: 280 (col length: RAMB18 60 RAMB36 30)
---------------------------------------------------------------------------------
Finished Part Resource Summary
---------------------------------------------------------------------------------
INFO: [Synth 8-5580] Multithreading enabled for synth_design using a maximum of 2 processes.
---------------------------------------------------------------------------------
Start Cross Boundary and Area Optimization
---------------------------------------------------------------------------------
INFO: [Synth 8-5545] ROM "sa_bank_reg[32]" won't be mapped to RAM because address size (32) is larger than maximum supported(25)
INFO: [Synth 8-5545] ROM "sa_bank_reg[31]" won't be mapped to RAM because address size (32) is larger than maximum supported(25)
INFO: [Synth 8-5545] ROM "sa_bank_reg[30]" won't be mapped to RAM because address size (32) is larger than maximum supported(25)
INFO: [Synth 8-5545] ROM "sa_bank_reg[33]" won't be mapped to RAM because address size (32) is larger than maximum supported(25)
INFO: [Synth 8-5545] ROM "sa_bank_reg[29]" won't be mapped to RAM because address size (32) is larger than maximum supported(25)
INFO: [Synth 8-5545] ROM "sa_bank_reg[28]" won't be mapped to RAM because address size (32) is larger than maximum supported(25)
INFO: [Synth 8-5545] ROM "sa_bank_reg[34]" won't be mapped to RAM because address size (32) is larger than maximum supported(25)
INFO: [Synth 8-5545] ROM "sa_bank_reg[27]" won't be mapped to RAM because address size (32) is larger than maximum supported(25)
INFO: [Synth 8-5545] ROM "sa_bank_reg[26]" won't be mapped to RAM because address size (32) is larger than maximum supported(25)
INFO: [Synth 8-5545] ROM "sa_bank_reg[35]" won't be mapped to RAM because address size (32) is larger than maximum supported(25)
INFO: [Synth 8-5545] ROM "sa_bank_reg[25]" won't be mapped to RAM because address size (32) is larger than maximum supported(25)
INFO: [Synth 8-5545] ROM "sa_bank_reg[24]" won't be mapped to RAM because address size (32) is larger than maximum supported(25)
INFO: [Synth 8-5545] ROM "sa_bank_reg[36]" won't be mapped to RAM because address size (32) is larger than maximum supported(25)
INFO: [Synth 8-5545] ROM "sa_bank_reg[23]" won't be mapped to RAM because address size (32) is larger than maximum supported(25)
INFO: [Synth 8-5545] ROM "sa_bank_reg[0]" won't be mapped to RAM because address size (32) is larger than maximum supported(25)
INFO: [Synth 8-5545] ROM "sa_bank_reg[37]" won't be mapped to RAM because address size (32) is larger than maximum supported(25)
INFO: [Synth 8-5545] ROM "sa_bank_reg[1]" won't be mapped to RAM because address size (32) is larger than maximum supported(25)
INFO: [Synth 8-5545] ROM "sa_bank_reg[2]" won't be mapped to RAM because address size (32) is larger than maximum supported(25)
INFO: [Synth 8-5545] ROM "sa_bank_reg[38]" won't be mapped to RAM because address size (32) is larger than maximum supported(25)
INFO: [Synth 8-5545] ROM "sa_bank_reg[3]" won't be mapped to RAM because address size (32) is larger than maximum supported(25)
INFO: [Synth 8-5545] ROM "sa_bank_reg[4]" won't be mapped to RAM because address size (32) is larger than maximum supported(25)
INFO: [Synth 8-5545] ROM "sa_bank_reg[39]" won't be mapped to RAM because address size (32) is larger than maximum supported(25)
INFO: [Synth 8-5545] ROM "sa_bank_reg[5]" won't be mapped to RAM because address size (32) is larger than maximum supported(25)
INFO: [Synth 8-5545] ROM "sa_bank_reg[6]" won't be mapped to RAM because address size (32) is larger than maximum supported(25)
INFO: [Synth 8-5545] ROM "sa_bank_reg[40]" won't be mapped to RAM because address size (32) is larger than maximum supported(25)
INFO: [Synth 8-5545] ROM "sa_bank_reg[7]" won't be mapped to RAM because address size (32) is larger than maximum supported(25)
INFO: [Synth 8-5545] ROM "sa_bank_reg[8]" won't be mapped to RAM because address size (32) is larger than maximum supported(25)
INFO: [Synth 8-5545] ROM "sa_bank_reg[41]" won't be mapped to RAM because address size (32) is larger than maximum supported(25)
INFO: [Synth 8-5545] ROM "sa_bank_reg[9]" won't be mapped to RAM because address size (32) is larger than maximum supported(25)
INFO: [Synth 8-5545] ROM "sa_bank_reg[10]" won't be mapped to RAM because address size (32) is larger than maximum supported(25)
INFO: [Synth 8-5545] ROM "sa_bank_reg[42]" won't be mapped to RAM because address size (32) is larger than maximum supported(25)
INFO: [Common 17-14] Message 'Synth 8-5545' appears 100 times and further instances of the messages will be disabled. Use the Tcl command set_msg_config to change the current settings.
WARNING: [Synth 8-3331] design lab6_me_match_0_0 has unconnected port s00_axi_awprot[2]
WARNING: [Synth 8-3331] design lab6_me_match_0_0 has unconnected port s00_axi_awprot[1]
WARNING: [Synth 8-3331] design lab6_me_match_0_0 has unconnected port s00_axi_awprot[0]
WARNING: [Synth 8-3331] design lab6_me_match_0_0 has unconnected port s00_axi_arprot[2]
WARNING: [Synth 8-3331] design lab6_me_match_0_0 has unconnected port s00_axi_arprot[1]
WARNING: [Synth 8-3331] design lab6_me_match_0_0 has unconnected port s00_axi_arprot[0]
INFO: [Synth 8-3886] merging instance 'me_match_v1_0_S00_AXI_insti_33/axi_rresp_reg[0]' (FDRE) to 'me_match_v1_0_S00_AXI_insti_33/axi_rresp_reg[1]'
INFO: [Synth 8-3333] propagating constant 0 across sequential element (me_match_v1_0_S00_AXI_insti_33/\axi_rresp_reg[1] )
INFO: [Synth 8-3886] merging instance 'me_match_v1_0_S00_AXI_insti_33/axi_bresp_reg[0]' (FDRE) to 'me_match_v1_0_S00_AXI_insti_33/axi_bresp_reg[1]'
INFO: [Synth 8-3333] propagating constant 0 across sequential element (me_match_v1_0_S00_AXI_insti_33/\axi_bresp_reg[1] )
INFO: [Synth 8-3886] merging instance 'min_sad_reg[16]' (FDE) to 'min_sad_reg[31]'
INFO: [Synth 8-3886] merging instance 'min_sad_reg[17]' (FDE) to 'min_sad_reg[31]'
INFO: [Synth 8-3886] merging instance 'min_sad_reg[18]' (FDE) to 'min_sad_reg[31]'
INFO: [Synth 8-3886] merging instance 'min_sad_reg[19]' (FDE) to 'min_sad_reg[31]'
INFO: [Synth 8-3886] merging instance 'min_sad_reg[20]' (FDE) to 'min_sad_reg[31]'
INFO: [Synth 8-3886] merging instance 'min_sad_reg[21]' (FDE) to 'min_sad_reg[31]'
INFO: [Synth 8-3886] merging instance 'min_sad_reg[22]' (FDE) to 'min_sad_reg[31]'
INFO: [Synth 8-3886] merging instance 'min_sad_reg[23]' (FDE) to 'min_sad_reg[31]'
INFO: [Synth 8-3886] merging instance 'min_sad_reg[24]' (FDE) to 'min_sad_reg[31]'
INFO: [Synth 8-3886] merging instance 'min_sad_reg[25]' (FDE) to 'min_sad_reg[31]'
INFO: [Synth 8-3886] merging instance 'min_sad_reg[26]' (FDE) to 'min_sad_reg[31]'
INFO: [Synth 8-3886] merging instance 'min_sad_reg[27]' (FDE) to 'min_sad_reg[31]'
INFO: [Synth 8-3886] merging instance 'min_sad_reg[28]' (FDE) to 'min_sad_reg[31]'
INFO: [Synth 8-3886] merging instance 'min_sad_reg[29]' (FDE) to 'min_sad_reg[31]'
INFO: [Synth 8-3886] merging instance 'min_sad_reg[30]' (FDE) to 'min_sad_reg[31]'
INFO: [Synth 8-4471] merging register 'mvx_reg[31:0]' into 'mvx_reg[31:0]' [c:/Users/shlab_61/Downloads/0619_lab/0316303_0619/0316303_0619.srcs/sources_1/bd/lab6/ipshared/430c/hdl/me_match_v1_0_S00_AXI.v:698]
WARNING: [Synth 8-3917] design me_match_v1_0_S00_AXI__GB38 has port P[2] driven by constant 0
WARNING: [Synth 8-3917] design me_match_v1_0_S00_AXI__GB38 has port P[1] driven by constant 0
WARNING: [Synth 8-3917] design me_match_v1_0_S00_AXI__GB38 has port P[0] driven by constant 0
---------------------------------------------------------------------------------
Finished Cross Boundary and Area Optimization : Time (s): cpu = 00:02:08 ; elapsed = 00:02:28 . Memory (MB): peak = 850.570 ; gain = 640.820
---------------------------------------------------------------------------------

Report RTL Partitions: 
+------+----------------------------+------------+----------+
|      |RTL Partition               |Replication |Instances |
+------+----------------------------+------------+----------+
|1     |me_match_v1_0_S00_AXI__GB0  |           1|     34944|
|2     |me_match_v1_0_S00_AXI__GB1  |           1|      3063|
|3     |me_match_v1_0_S00_AXI__GB2  |           1|      1655|
|4     |case__34__GD                |           1|      1271|
|5     |me_match_v1_0_S00_AXI__GB4  |           1|      2679|
|6     |case__110__GD               |           1|      1271|
|7     |me_match_v1_0_S00_AXI__GB6  |           1|       101|
|8     |me_match_v1_0_S00_AXI__GB7  |           1|      9969|
|9     |case__250__GD               |           1|      1271|
|10    |case__322__GD               |           1|      1271|
|11    |case__553__GD               |           1|      1271|
|12    |case__526__GD               |           1|      1271|
|13    |case__33__GD                |           1|      1271|
|14    |case__109__GD               |           1|      1271|
|15    |case__62__GD                |           1|      1271|
|16    |case__35__GD                |           1|      1271|
|17    |me_match_v1_0_S00_AXI__GB16 |           1|      2423|
|18    |case__108__GD               |           1|      1271|
|19    |case__107__GD               |           1|      1271|
|20    |case__105__GD               |           1|      1271|
|21    |case__321__GD               |           1|      1271|
|22    |case__552__GD               |           1|      1271|
|23    |me_match_v1_0_S00_AXI__GB22 |           1|     19150|
|24    |case__323__GD               |           1|      1271|
|25    |case__525__GD               |           1|      1271|
|26    |case__279__GD               |           1|      1271|
|27    |me_match_v1_0_S00_AXI__GB26 |           1|      5948|
|28    |case__278__GD               |           1|      1271|
|29    |me_match_v1_0_S00_AXI__GB28 |           1|      2295|
|30    |case__325__GD               |           1|      1271|
|31    |me_match_v1_0_S00_AXI__GB30 |           1|       256|
|32    |case__355__GD               |           1|      1271|
|33    |case__354__GD               |           1|      1271|
|34    |me_match_v1_0_S00_AXI__GB33 |           1|        69|
|35    |case__139__GD               |           1|      1271|
|36    |case__248__GD               |           1|      1271|
|37    |case__247__GD               |           1|      1271|
|38    |me_match_v1_0_S00_AXI__GB37 |           1|      1399|
|39    |me_match_v1_0_S00_AXI__GB38 |           1|     12116|
|40    |me_match_v1_0_S00_AXI__GB39 |           1|         9|
|41    |me_match_v1_0_S00_AXI__GB40 |           1|      1783|
|42    |case__138__GD               |           1|      1271|
|43    |case__245__GD               |           1|      1271|
+------+----------------------------+------------+----------+
---------------------------------------------------------------------------------
Start Timing Optimization
---------------------------------------------------------------------------------
---------------------------------------------------------------------------------
Start Applying XDC Timing Constraints
---------------------------------------------------------------------------------
---------------------------------------------------------------------------------
Finished Applying XDC Timing Constraints : Time (s): cpu = 00:02:21 ; elapsed = 00:02:41 . Memory (MB): peak = 850.570 ; gain = 640.820
---------------------------------------------------------------------------------
---------------------------------------------------------------------------------
Finished Timing Optimization : Time (s): cpu = 00:02:23 ; elapsed = 00:02:42 . Memory (MB): peak = 851.098 ; gain = 641.348
---------------------------------------------------------------------------------

Report RTL Partitions: 
+------+----------------------------+------------+----------+
|      |RTL Partition               |Replication |Instances |
+------+----------------------------+------------+----------+
|1     |me_match_v1_0_S00_AXI__GB0  |           1|     34944|
|2     |me_match_v1_0_S00_AXI__GB1  |           1|      2640|
|3     |me_match_v1_0_S00_AXI__GB2  |           1|      1232|
|4     |case__34__GD                |           1|       848|
|5     |me_match_v1_0_S00_AXI__GB4  |           1|      2256|
|6     |case__110__GD               |           1|       848|
|7     |me_match_v1_0_S00_AXI__GB6  |           1|       101|
|8     |me_match_v1_0_S00_AXI__GB7  |           1|      9969|
|9     |case__250__GD               |           1|       848|
|10    |case__322__GD               |           1|       848|
|11    |case__553__GD               |           1|       848|
|12    |case__526__GD               |           1|       848|
|13    |case__33__GD                |           1|       848|
|14    |case__109__GD               |           1|       848|
|15    |case__62__GD                |           1|       848|
|16    |case__35__GD                |           1|       848|
|17    |me_match_v1_0_S00_AXI__GB16 |           1|      2000|
|18    |case__108__GD               |           1|       848|
|19    |case__107__GD               |           1|       848|
|20    |case__105__GD               |           1|       848|
|21    |case__321__GD               |           1|       848|
|22    |case__552__GD               |           1|       848|
|23    |me_match_v1_0_S00_AXI__GB22 |           1|     19150|
|24    |case__323__GD               |           1|       848|
|25    |case__525__GD               |           1|       848|
|26    |case__279__GD               |           1|       848|
|27    |me_match_v1_0_S00_AXI__GB26 |           1|      5948|
|28    |case__278__GD               |           1|       848|
|29    |me_match_v1_0_S00_AXI__GB28 |           1|      1872|
|30    |case__325__GD               |           1|       848|
|31    |me_match_v1_0_S00_AXI__GB30 |           1|       256|
|32    |case__355__GD               |           1|       848|
|33    |case__354__GD               |           1|       848|
|34    |me_match_v1_0_S00_AXI__GB33 |           1|        69|
|35    |case__139__GD               |           1|       848|
|36    |case__248__GD               |           1|       848|
|37    |case__247__GD               |           1|       848|
|38    |me_match_v1_0_S00_AXI__GB37 |           1|       976|
|39    |me_match_v1_0_S00_AXI__GB38 |           1|     12116|
|40    |me_match_v1_0_S00_AXI__GB39 |           1|         9|
|41    |me_match_v1_0_S00_AXI__GB40 |           1|      1360|
|42    |case__138__GD               |           1|       848|
|43    |case__245__GD               |           1|       848|
+------+----------------------------+------------+----------+
---------------------------------------------------------------------------------
Start Technology Mapping
---------------------------------------------------------------------------------
---------------------------------------------------------------------------------
Finished Technology Mapping : Time (s): cpu = 00:02:35 ; elapsed = 00:03:05 . Memory (MB): peak = 851.098 ; gain = 641.348
---------------------------------------------------------------------------------

Report RTL Partitions: 
+------+----------------------------+------------+----------+
|      |RTL Partition               |Replication |Instances |
+------+----------------------------+------------+----------+
|1     |me_match_v1_0_S00_AXI__GB0  |           1|     25344|
|2     |me_match_v1_0_S00_AXI__GB22 |           1|      6502|
|3     |me_match_v1_0_S00_AXI__GB38 |           1|      5695|
+------+----------------------------+------------+----------+
---------------------------------------------------------------------------------
Start IO Insertion
---------------------------------------------------------------------------------
---------------------------------------------------------------------------------
Start Flattening Before IO Insertion
---------------------------------------------------------------------------------
---------------------------------------------------------------------------------
Finished Flattening Before IO Insertion
---------------------------------------------------------------------------------
---------------------------------------------------------------------------------
Start Final Netlist Cleanup
---------------------------------------------------------------------------------
---------------------------------------------------------------------------------
Finished Final Netlist Cleanup
---------------------------------------------------------------------------------
---------------------------------------------------------------------------------
Finished IO Insertion : Time (s): cpu = 00:02:46 ; elapsed = 00:03:16 . Memory (MB): peak = 851.098 ; gain = 641.348
---------------------------------------------------------------------------------

Report Check Netlist: 
+------+------------------+-------+---------+-------+------------------+
|      |Item              |Errors |Warnings |Status |Description       |
+------+------------------+-------+---------+-------+------------------+
|1     |multi_driven_nets |      0|        0|Passed |Multi driven nets |
+------+------------------+-------+---------+-------+------------------+
---------------------------------------------------------------------------------
Start Renaming Generated Instances
---------------------------------------------------------------------------------
---------------------------------------------------------------------------------
Finished Renaming Generated Instances : Time (s): cpu = 00:02:47 ; elapsed = 00:03:17 . Memory (MB): peak = 851.098 ; gain = 641.348
---------------------------------------------------------------------------------

Report RTL Partitions: 
+-+--------------+------------+----------+
| |RTL Partition |Replication |Instances |
+-+--------------+------------+----------+
+-+--------------+------------+----------+
---------------------------------------------------------------------------------
Start Rebuilding User Hierarchy
---------------------------------------------------------------------------------
---------------------------------------------------------------------------------
Finished Rebuilding User Hierarchy : Time (s): cpu = 00:02:49 ; elapsed = 00:03:19 . Memory (MB): peak = 851.098 ; gain = 641.348
---------------------------------------------------------------------------------
---------------------------------------------------------------------------------
Start Renaming Generated Ports
---------------------------------------------------------------------------------
---------------------------------------------------------------------------------
Finished Renaming Generated Ports : Time (s): cpu = 00:02:49 ; elapsed = 00:03:20 . Memory (MB): peak = 851.098 ; gain = 641.348
---------------------------------------------------------------------------------
---------------------------------------------------------------------------------
Start Handling Custom Attributes
---------------------------------------------------------------------------------
---------------------------------------------------------------------------------
Finished Handling Custom Attributes : Time (s): cpu = 00:03:07 ; elapsed = 00:03:37 . Memory (MB): peak = 851.098 ; gain = 641.348
---------------------------------------------------------------------------------
---------------------------------------------------------------------------------
Start Renaming Generated Nets
---------------------------------------------------------------------------------
---------------------------------------------------------------------------------
Finished Renaming Generated Nets : Time (s): cpu = 00:03:07 ; elapsed = 00:03:37 . Memory (MB): peak = 851.098 ; gain = 641.348
---------------------------------------------------------------------------------
---------------------------------------------------------------------------------
Start Writing Synthesis Report
---------------------------------------------------------------------------------

Report BlackBoxes: 
+-+--------------+----------+
| |BlackBox name |Instances |
+-+--------------+----------+
+-+--------------+----------+

Report Cell Usage: 
+------+-------+------+
|      |Cell   |Count |
+------+-------+------+
|1     |CARRY4 |  1110|
|2     |LUT1   |   236|
|3     |LUT2   |  2644|
|4     |LUT3   |  6802|
|5     |LUT4   |  3529|
|6     |LUT5   |  4099|
|7     |LUT6   | 13096|
|8     |MUXF7  |  2368|
|9     |MUXF8  |  1184|
|10    |FDRE   | 26263|
|11    |FDSE   |    16|
+------+-------+------+

Report Instance Areas: 
+------+-------------------------------+----------------------+------+
|      |Instance                       |Module                |Cells |
+------+-------------------------------+----------------------+------+
|1     |top                            |                      | 61347|
|2     |  inst                         |me_match_v1_0         | 61346|
|3     |    me_match_v1_0_S00_AXI_inst |me_match_v1_0_S00_AXI | 61346|
+------+-------------------------------+----------------------+------+
---------------------------------------------------------------------------------
Finished Writing Synthesis Report : Time (s): cpu = 00:03:07 ; elapsed = 00:03:37 . Memory (MB): peak = 851.098 ; gain = 641.348
---------------------------------------------------------------------------------
Synthesis finished with 0 errors, 0 critical warnings and 9 warnings.
Synthesis Optimization Runtime : Time (s): cpu = 00:02:46 ; elapsed = 00:03:23 . Memory (MB): peak = 851.098 ; gain = 284.395
Synthesis Optimization Complete : Time (s): cpu = 00:03:07 ; elapsed = 00:03:38 . Memory (MB): peak = 851.098 ; gain = 641.348
INFO: [Project 1-571] Translating synthesized netlist
INFO: [Netlist 29-17] Analyzing 1110 Unisim elements for replacement
INFO: [Netlist 29-28] Unisim Transformation completed in 1 CPU seconds
WARNING: [Netlist 29-101] Netlist 'lab6_me_match_0_0' is not ideal for floorplanning, since the cellview 'me_match_v1_0_S00_AXI' contains a large number of primitives.  Please consider enabling hierarchy in synthesis if you want to do floorplanning.
INFO: [Project 1-570] Preparing netlist for logic optimization
INFO: [Opt 31-138] Pushed 0 inverter(s) to 0 load pin(s).
INFO: [Project 1-111] Unisim Transformation Summary:
No Unisim elements were transformed.

INFO: [Common 17-83] Releasing license: Synthesis
251 Infos, 16 Warnings, 0 Critical Warnings and 0 Errors encountered.
synth_design completed successfully
synth_design: Time (s): cpu = 00:03:16 ; elapsed = 00:03:45 . Memory (MB): peak = 851.098 ; gain = 638.520
INFO: [Common 17-1381] The checkpoint 'C:/Users/shlab_61/Downloads/0619_lab/0316303_0619/0316303_0619.runs/lab6_me_match_0_0_synth_1/lab6_me_match_0_0.dcp' has been generated.
write_checkpoint: Time (s): cpu = 00:00:10 ; elapsed = 00:00:08 . Memory (MB): peak = 851.098 ; gain = 0.000
write_vhdl: Time (s): cpu = 00:00:05 ; elapsed = 00:00:05 . Memory (MB): peak = 851.098 ; gain = 0.000
