
*** Running vivado
    with args -log lab6_processing_system7_0_0.vds -m64 -product Vivado -mode batch -messageDb vivado.pb -notrace -source lab6_processing_system7_0_0.tcl


****** Vivado v2016.4 (64-bit)
  **** SW Build 1756540 on Mon Jan 23 19:11:23 MST 2017
  **** IP Build 1755317 on Mon Jan 23 20:30:07 MST 2017
    ** Copyright 1986-2016 Xilinx, Inc. All Rights Reserved.

source lab6_processing_system7_0_0.tcl -notrace
Starting RTL Elaboration : Time (s): cpu = 00:00:09 ; elapsed = 00:00:11 . Memory (MB): peak = 299.457 ; gain = 89.789
INFO: [Synth 8-638] synthesizing module 'lab6_processing_system7_0_0' [c:/Users/shlab_61/Downloads/0619_lab/0316303_0619/0316303_0619.srcs/sources_1/bd/lab6/ip/lab6_processing_system7_0_0/synth/lab6_processing_system7_0_0.v:60]
INFO: [Synth 8-638] synthesizing module 'processing_system7_v5_5_processing_system7' [c:/Users/shlab_61/Downloads/0619_lab/0316303_0619/0316303_0619.srcs/sources_1/bd/lab6/ip/lab6_processing_system7_0_0/hdl/verilog/processing_system7_v5_5_processing_system7.v:161]
INFO: [Synth 8-638] synthesizing module 'BUFG' [C:/Xilinx/Vivado/2016.4/scripts/rt/data/unisim_comp.v:607]
INFO: [Synth 8-256] done synthesizing module 'BUFG' (1#1) [C:/Xilinx/Vivado/2016.4/scripts/rt/data/unisim_comp.v:607]
INFO: [Synth 8-638] synthesizing module 'BIBUF' [C:/Xilinx/Vivado/2016.4/scripts/rt/data/unisim_comp.v:268]
INFO: [Synth 8-256] done synthesizing module 'BIBUF' (2#1) [C:/Xilinx/Vivado/2016.4/scripts/rt/data/unisim_comp.v:268]
INFO: [Synth 8-638] synthesizing module 'PS7' [C:/Xilinx/Vivado/2016.4/scripts/rt/data/unisim_comp.v:33182]
INFO: [Synth 8-256] done synthesizing module 'PS7' (3#1) [C:/Xilinx/Vivado/2016.4/scripts/rt/data/unisim_comp.v:33182]
INFO: [Synth 8-256] done synthesizing module 'processing_system7_v5_5_processing_system7' (4#1) [c:/Users/shlab_61/Downloads/0619_lab/0316303_0619/0316303_0619.srcs/sources_1/bd/lab6/ip/lab6_processing_system7_0_0/hdl/verilog/processing_system7_v5_5_processing_system7.v:161]
INFO: [Synth 8-256] done synthesizing module 'lab6_processing_system7_0_0' (5#1) [c:/Users/shlab_61/Downloads/0619_lab/0316303_0619/0316303_0619.srcs/sources_1/bd/lab6/ip/lab6_processing_system7_0_0/synth/lab6_processing_system7_0_0.v:60]
Finished RTL Elaboration : Time (s): cpu = 00:00:11 ; elapsed = 00:00:13 . Memory (MB): peak = 336.848 ; gain = 127.180
Finished RTL Optimization Phase 1 : Time (s): cpu = 00:00:11 ; elapsed = 00:00:13 . Memory (MB): peak = 336.848 ; gain = 127.180
INFO: [Device 21-403] Loading part xc7z020clg484-1
Constraint Validation Runtime : Time (s): cpu = 00:00:00 ; elapsed = 00:00:00.055 . Memory (MB): peak = 580.707 ; gain = 0.000
Finished Constraint Validation : Time (s): cpu = 00:00:27 ; elapsed = 00:00:31 . Memory (MB): peak = 580.707 ; gain = 371.039
Finished Loading Part and Timing Information : Time (s): cpu = 00:00:27 ; elapsed = 00:00:31 . Memory (MB): peak = 580.707 ; gain = 371.039
Finished applying 'set_property' XDC Constraints : Time (s): cpu = 00:00:27 ; elapsed = 00:00:32 . Memory (MB): peak = 580.707 ; gain = 371.039
Finished RTL Optimization Phase 2 : Time (s): cpu = 00:00:29 ; elapsed = 00:00:33 . Memory (MB): peak = 580.707 ; gain = 371.039
Finished Cross Boundary and Area Optimization : Time (s): cpu = 00:00:29 ; elapsed = 00:00:34 . Memory (MB): peak = 580.707 ; gain = 371.039
Finished Applying XDC Timing Constraints : Time (s): cpu = 00:00:47 ; elapsed = 00:00:56 . Memory (MB): peak = 781.242 ; gain = 571.574
Finished Timing Optimization : Time (s): cpu = 00:00:47 ; elapsed = 00:00:56 . Memory (MB): peak = 798.215 ; gain = 588.547
Finished Technology Mapping : Time (s): cpu = 00:00:49 ; elapsed = 00:00:58 . Memory (MB): peak = 802.777 ; gain = 593.109
Finished IO Insertion : Time (s): cpu = 00:00:51 ; elapsed = 00:01:00 . Memory (MB): peak = 802.777 ; gain = 593.109
Finished Renaming Generated Instances : Time (s): cpu = 00:00:52 ; elapsed = 00:01:00 . Memory (MB): peak = 802.777 ; gain = 593.109
Finished Rebuilding User Hierarchy : Time (s): cpu = 00:00:52 ; elapsed = 00:01:00 . Memory (MB): peak = 802.777 ; gain = 593.109
Finished Renaming Generated Ports : Time (s): cpu = 00:00:52 ; elapsed = 00:01:00 . Memory (MB): peak = 802.777 ; gain = 593.109
Finished Handling Custom Attributes : Time (s): cpu = 00:00:52 ; elapsed = 00:01:00 . Memory (MB): peak = 802.777 ; gain = 593.109
Finished Renaming Generated Nets : Time (s): cpu = 00:00:52 ; elapsed = 00:01:00 . Memory (MB): peak = 802.777 ; gain = 593.109

Report Cell Usage: 
+------+------+------+
|      |Cell  |Count |
+------+------+------+
|1     |BIBUF |   130|
|2     |BUFG  |     1|
|3     |LUT1  |   112|
|4     |PS7   |     1|
+------+------+------+
Finished Writing Synthesis Report : Time (s): cpu = 00:00:52 ; elapsed = 00:01:00 . Memory (MB): peak = 802.777 ; gain = 593.109
synth_design: Time (s): cpu = 00:00:53 ; elapsed = 00:01:00 . Memory (MB): peak = 825.973 ; gain = 605.324
