#
# A fatal error has been detected by the Java Runtime Environment:
#
#  Internal Error (0xc000000d), pid=7556, tid=8620
#
# JRE version: Java(TM) SE Runtime Environment (8.0_66-b18) (build 1.8.0_66-b18)
# Java VM: Java HotSpot(TM) 64-Bit Server VM (25.66-b18 mixed mode windows-amd64 compressed oops)
# Problematic frame:
# C  [ntdll.dll+0x96ccf]
#
# Failed to write core dump. Minidumps are not enabled by default on client versions of Windows
#
# If you would like to submit a bug report, please visit:
#   http://bugreport.java.com/bugreport/crash.jsp
#

---------------  T H R E A D  ---------------

Current thread (0x00000000137da800):  VMThread [stack: 0x0000000014840000,0x0000000014940000] [id=8620]

siginfo: ExceptionCode=0xc000000d

Registers:
RAX=0x00000000608cb00b, RBX=0x0000000000000000, RCX=0x000000001493ef10, RDX=0x0000000000000000
RSP=0x000000001493f520, RBP=0x0000000000688e40, RSI=0x000007fee2697408, RDI=0x000000001493f668
R8 =0x0000000000000000, R9 =0x0000000000000000, R10=0x0000000000000000, R11=0x0000000000000246
R12=0x0000000022cfd0a0, R13=0x0000000022cfd070, R14=0x0000000000688f48, R15=0x0000000000000000
RIP=0x0000000077966ccf, EFLAGS=0x0000000000000202

Top of Stack: (sp=0x000000001493f520)
0x000000001493f520:   0000000000000000 000007fee2697408
0x000000001493f530:   000000001493f668 0000000000000000
0x000000001493f540:   0000000000000050 0000000000610000
0x000000001493f550:   0000000000000000 0000000000000000
0x000000001493f560:   0000000000000002 000000007791dd48
0x000000001493f570:   00000000c000000d 0000000000000000
0x000000001493f580:   0000000077966ccf 0000000000000000
0x000000001493f590:   0000000000000000 0000000000000000
0x000000001493f5a0:   0000000000000000 0000000000000000
0x000000001493f5b0:   0000000000000000 0000000000000000
0x000000001493f5c0:   0000000000000000 0000000000000000
0x000000001493f5d0:   0000000000000000 0000000000000000
0x000000001493f5e0:   0000000000000000 0000000000000000
0x000000001493f5f0:   0000000000000000 0000000000000000
0x000000001493f600:   0000000000000000 0000000022cfd0a0
0x000000001493f610:   00000000000008b4 00000000776f34a8 

Instructions: (pc=0x0000000077966ccf)
0x0000000077966caf:   5d 6c fb ff b9 57 00 00 00 c7 44 24 50 0d 00 00
0x0000000077966cbf:   c0 e8 4b 6f fb ff 48 8d 4c 24 50 e8 41 1c f8 ff
0x0000000077966ccf:   4c 8b 1d 02 67 09 00 4d 85 db 74 5b 65 48 8b 04
0x0000000077966cdf:   25 30 00 00 00 f6 80 ee 17 00 00 08 74 12 65 48 


Register to memory mapping:

RAX=0x00000000608cb00b is an unknown value
RBX=0x0000000000000000 is an unknown value
RCX=0x000000001493ef10 is an unknown value
RDX=0x0000000000000000 is an unknown value
RSP=0x000000001493f520 is an unknown value
RBP=0x0000000000688e40 is an unknown value
RSI=0x000007fee2697408 is an unknown value
RDI=0x000000001493f668 is an unknown value
R8 =0x0000000000000000 is an unknown value
R9 =0x0000000000000000 is an unknown value
R10=0x0000000000000000 is an unknown value
R11=0x0000000000000246 is an unknown value
R12=0x0000000022cfd0a0 is an unknown value
R13=0x0000000022cfd070 is an unknown value
R14=0x0000000000688f48 is an unknown value
R15=0x0000000000000000 is an unknown value


Stack: [0x0000000014840000,0x0000000014940000],  sp=0x000000001493f520,  free space=1021k
Native frames: (J=compiled Java code, j=interpreted, Vv=VM code, C=native code)
C  [ntdll.dll+0x96ccf]
C  [kernel32.dll+0x434a8]
C  [MSVCR110.dll+0x752d]
C  [MSVCR110.dll+0x73c6]
C  [MSVCR110.dll+0x14cca]
C  [MSVCR110.dll+0x13edc]
C  [MSVCR110.dll+0x239e]
C  [MSVCR110.dll+0xaf9e]
C  [MSVCP110.dll+0x397b9]
C  [librdi_common.dll+0x183a66]
C  [librdi_common.dll+0x1826fb]
C  [librdi_target_manager.dll+0x2400]
C  [librdi_target_manager.dll+0x2682]
C  [ntdll.dll+0x22ac1]
C  [ntdll.dll+0x228d0]
C  [MSVCR100.dll+0x20ccd]
V  [jvm.dll+0x210cc5]
V  [jvm.dll+0x249897]
V  [jvm.dll+0x248b36]
V  [jvm.dll+0x248fd1]
V  [jvm.dll+0x2491ee]
V  [jvm.dll+0x29a0fa]
C  [MSVCR100.dll+0x21d9f]
C  [MSVCR100.dll+0x21e3b]
C  [kernel32.dll+0x159cd]
C  [ntdll.dll+0x2a561]

VM_Operation (0x000000000012f4c0): Exit, mode: safepoint, requested by thread 0x00000000022d8000


---------------  P R O C E S S  ---------------

Java Threads: ( => current thread )
  0x0000000015759800 JavaThread "Spawner Reaper" daemon [_thread_in_native, id=8624, stack(0x0000000028d20000,0x0000000028e20000)]
  0x000000001575a000 JavaThread "pool-2-thread-1" [_thread_blocked, id=12192, stack(0x0000000026fc0000,0x00000000270c0000)]
  0x000000001a9d7000 JavaThread "Thread-27" daemon [_thread_blocked, id=8600, stack(0x0000000024e50000,0x0000000024f50000)]
  0x0000000015e10800 JavaThread "TCF Channel Transmitter" daemon [_thread_blocked, id=6576, stack(0x00000000233f0000,0x00000000234f0000)]
  0x0000000019205000 JavaThread "TCF Channel Receiver" daemon [_thread_in_native, id=8260, stack(0x00000000201f0000,0x00000000202f0000)]
  0x0000000019204000 JavaThread "Process monitor" daemon [_thread_in_native, id=7992, stack(0x00000000232f0000,0x00000000233f0000)]
  0x0000000019203800 JavaThread "Input Stream Monitor" daemon [_thread_blocked, id=6204, stack(0x00000000231f0000,0x00000000232f0000)]
  0x0000000019202800 JavaThread "Output Stream Monitor" daemon [_thread_in_native, id=9372, stack(0x00000000230f0000,0x00000000231f0000)]
  0x0000000019202000 JavaThread "Output Stream Monitor" daemon [_thread_in_native, id=7040, stack(0x0000000022ff0000,0x00000000230f0000)]
  0x0000000014ecb000 JavaThread "TCF Locator DNS Lookup" daemon [_thread_blocked, id=9548, stack(0x000000001c230000,0x000000001c330000)]
  0x0000000014eca800 JavaThread "TCF Locator Timer" daemon [_thread_blocked, id=992, stack(0x000000001c130000,0x000000001c230000)]
  0x0000000014ec8000 JavaThread "TCF Timer Dispatcher" daemon [_thread_blocked, id=7380, stack(0x000000001bc10000,0x000000001bd10000)]
  0x0000000014ec2000 JavaThread "EMF Reference Cleaner" daemon [_thread_blocked, id=10024, stack(0x0000000017f90000,0x0000000018090000)]
  0x0000000014be2000 JavaThread "Service Thread" daemon [_thread_blocked, id=9120, stack(0x0000000015440000,0x0000000015540000)]
  0x0000000014b5b000 JavaThread "C1 CompilerThread2" daemon [_thread_blocked, id=10144, stack(0x0000000015340000,0x0000000015440000)]
  0x0000000014b5a000 JavaThread "C2 CompilerThread1" daemon [_thread_blocked, id=10172, stack(0x0000000015240000,0x0000000015340000)]
  0x0000000014b48800 JavaThread "C2 CompilerThread0" daemon [_thread_blocked, id=3280, stack(0x0000000015140000,0x0000000015240000)]
  0x000000001384f000 JavaThread "Attach Listener" daemon [_thread_blocked, id=1736, stack(0x0000000015040000,0x0000000015140000)]
  0x0000000013841000 JavaThread "Signal Dispatcher" daemon [_thread_blocked, id=6348, stack(0x0000000014f40000,0x0000000015040000)]
  0x00000000137e7000 JavaThread "Finalizer" daemon [_thread_blocked, id=9820, stack(0x0000000014a40000,0x0000000014b40000)]
  0x00000000137e0000 JavaThread "Reference Handler" daemon [_thread_blocked, id=10896, stack(0x0000000014940000,0x0000000014a40000)]
  0x00000000022d8000 JavaThread "main" [_thread_blocked, id=9316, stack(0x0000000000030000,0x0000000000130000)]

Other Threads:
=>0x00000000137da800 VMThread [stack: 0x0000000014840000,0x0000000014940000] [id=8620]

VM state:at safepoint (shutting down)

VM Mutex/Monitor currently owned by a thread:  ([mutex/lock_event])
[0x000000000247e310] Threads_lock - owner thread: 0x00000000137da800

Heap:
 PSYoungGen      total 136192K, used 38295K [0x00000000f5580000, 0x00000000ffe80000, 0x0000000100000000)
  eden space 100352K, 38% used [0x00000000f5580000,0x00000000f7ae5c50,0x00000000fb780000)
  from space 35840K, 0% used [0x00000000fdb80000,0x00000000fdb80000,0x00000000ffe80000)
  to   space 36352K, 0% used [0x00000000fb780000,0x00000000fb780000,0x00000000fdb00000)
 ParOldGen       total 116736K, used 63791K [0x00000000e0000000, 0x00000000e7200000, 0x00000000f5580000)
  object space 116736K, 54% used [0x00000000e0000000,0x00000000e3e4bfc0,0x00000000e7200000)
 Metaspace       used 93182K, capacity 100824K, committed 100992K, reserved 1136640K
  class space    used 11030K, capacity 13432K, committed 13440K, reserved 1048576K

Card table byte_map: [0x0000000011840000,0x0000000011950000] byte_map_base: 0x0000000011140000

Marking Bits: (ParMarkBitMap*) 0x000000005231a5b0
 Begin Bits: [0x0000000011d50000, 0x0000000012550000)
 End Bits:   [0x0000000012550000, 0x0000000012d50000)

Polling page: 0x0000000002080000

CodeCache: size=245760Kb used=45462Kb max_used=45671Kb free=200297Kb
 bounds [0x0000000002480000, 0x0000000005160000, 0x0000000011480000]
 total_blobs=12892 nmethods=11986 adapters=813
 compilation: enabled

Compilation events (10 events):
Event: 266.356 Thread 0x0000000014b5b000 nmethod 14865 0x0000000002e9df90 code [0x0000000002e9e1a0, 0x0000000002e9eed8]
Event: 266.357 Thread 0x0000000014b5b000 14866       3       org.eclipse.osgi.internal.framework.EquinoxContainerAdaptor::clearManifestCache (84 bytes)
Event: 266.357 Thread 0x0000000014b48800 nmethod 14868 0x00000000042dd8d0 code [0x00000000042dda00, 0x00000000042dda78]
Event: 266.358 Thread 0x0000000014b5b000 nmethod 14866 0x0000000004344a10 code [0x0000000004344c60, 0x0000000004346378]
Event: 266.358 Thread 0x0000000014b5b000 14867   !   3       org.eclipse.osgi.storage.BundleInfo$Generation::clearManifestCache (30 bytes)
Event: 266.359 Thread 0x0000000014b5b000 nmethod 14867 0x0000000002fa53d0 code [0x0000000002fa5560, 0x0000000002fa5ba8]
Event: 266.360 Thread 0x0000000014b5b000 14869   !   3       org.eclipse.osgi.internal.loader.BundleLoader::close (74 bytes)
Event: 266.360 Thread 0x0000000014b48800 14870       4       java.util.concurrent.locks.AbstractQueuedSynchronizer::release (33 bytes)
Event: 266.361 Thread 0x0000000014b5b000 nmethod 14869 0x0000000003d1f790 code [0x0000000003d1f980, 0x0000000003d20378]
Event: 266.361 Thread 0x0000000014b48800 nmethod 14870 0x0000000004344690 code [0x00000000043447e0, 0x00000000043448a8]

GC Heap History (10 events):
Event: 188.147 GC heap before
{Heap before GC invocations=23 (full 4):
 PSYoungGen      total 137728K, used 23355K [0x00000000f5580000, 0x0000000100000000, 0x0000000100000000)
  eden space 101376K, 0% used [0x00000000f5580000,0x00000000f5580000,0x00000000fb880000)
  from space 36352K, 64% used [0x00000000fb880000,0x00000000fcf4efc8,0x00000000fdc00000)
  to   space 36864K, 0% used [0x00000000fdc00000,0x00000000fdc00000,0x0000000100000000)
 ParOldGen       total 116736K, used 44093K [0x00000000e0000000, 0x00000000e7200000, 0x00000000f5580000)
  object space 116736K, 37% used [0x00000000e0000000,0x00000000e2b0f490,0x00000000e7200000)
 Metaspace       used 87398K, capacity 94400K, committed 94592K, reserved 1130496K
  class space    used 10354K, capacity 12642K, committed 12672K, reserved 1048576K
Event: 188.714 GC heap after
Heap after GC invocations=23 (full 4):
 PSYoungGen      total 137728K, used 0K [0x00000000f5580000, 0x0000000100000000, 0x0000000100000000)
  eden space 101376K, 0% used [0x00000000f5580000,0x00000000f5580000,0x00000000fb880000)
  from space 36352K, 0% used [0x00000000fb880000,0x00000000fb880000,0x00000000fdc00000)
  to   space 36864K, 0% used [0x00000000fdc00000,0x00000000fdc00000,0x0000000100000000)
 ParOldGen       total 116736K, used 58022K [0x00000000e0000000, 0x00000000e7200000, 0x00000000f5580000)
  object space 116736K, 49% used [0x00000000e0000000,0x00000000e38a9800,0x00000000e7200000)
 Metaspace       used 87398K, capacity 94400K, committed 94592K, reserved 1130496K
  class space    used 10354K, capacity 12642K, committed 12672K, reserved 1048576K
}
Event: 204.777 GC heap before
{Heap before GC invocations=24 (full 4):
 PSYoungGen      total 137728K, used 101376K [0x00000000f5580000, 0x0000000100000000, 0x0000000100000000)
  eden space 101376K, 100% used [0x00000000f5580000,0x00000000fb880000,0x00000000fb880000)
  from space 36352K, 0% used [0x00000000fb880000,0x00000000fb880000,0x00000000fdc00000)
  to   space 36864K, 0% used [0x00000000fdc00000,0x00000000fdc00000,0x0000000100000000)
 ParOldGen       total 116736K, used 58022K [0x00000000e0000000, 0x00000000e7200000, 0x00000000f5580000)
  object space 116736K, 49% used [0x00000000e0000000,0x00000000e38a9800,0x00000000e7200000)
 Metaspace       used 88756K, capacity 95538K, committed 95744K, reserved 1132544K
  class space    used 10500K, capacity 12741K, committed 12800K, reserved 1048576K
Event: 204.787 GC heap after
Heap after GC invocations=24 (full 4):
 PSYoungGen      total 136704K, used 3938K [0x00000000f5580000, 0x0000000100000000, 0x0000000100000000)
  eden space 99840K, 0% used [0x00000000f5580000,0x00000000f5580000,0x00000000fb700000)
  from space 36864K, 10% used [0x00000000fdc00000,0x00000000fdfd8bd8,0x0000000100000000)
  to   space 37376K, 0% used [0x00000000fb700000,0x00000000fb700000,0x00000000fdb80000)
 ParOldGen       total 116736K, used 58022K [0x00000000e0000000, 0x00000000e7200000, 0x00000000f5580000)
  object space 116736K, 49% used [0x00000000e0000000,0x00000000e38a9800,0x00000000e7200000)
 Metaspace       used 88756K, capacity 95538K, committed 95744K, reserved 1132544K
  class space    used 10500K, capacity 12741K, committed 12800K, reserved 1048576K
}
Event: 227.011 GC heap before
{Heap before GC invocations=25 (full 4):
 PSYoungGen      total 136704K, used 103778K [0x00000000f5580000, 0x0000000100000000, 0x0000000100000000)
  eden space 99840K, 99% used [0x00000000f5580000,0x00000000fb6fff38,0x00000000fb700000)
  from space 36864K, 10% used [0x00000000fdc00000,0x00000000fdfd8bd8,0x0000000100000000)
  to   space 37376K, 0% used [0x00000000fb700000,0x00000000fb700000,0x00000000fdb80000)
 ParOldGen       total 116736K, used 58022K [0x00000000e0000000, 0x00000000e7200000, 0x00000000f5580000)
  object space 116736K, 49% used [0x00000000e0000000,0x00000000e38a9800,0x00000000e7200000)
 Metaspace       used 91664K, capacity 99380K, committed 99584K, reserved 1136640K
  class space    used 10868K, capacity 13256K, committed 13312K, reserved 1048576K
Event: 227.024 GC heap after
Heap after GC invocations=25 (full 4):
 PSYoungGen      total 137216K, used 7307K [0x00000000f5580000, 0x00000000fff80000, 0x0000000100000000)
  eden space 99840K, 0% used [0x00000000f5580000,0x00000000f5580000,0x00000000fb700000)
  from space 37376K, 19% used [0x00000000fb700000,0x00000000fbe22e00,0x00000000fdb80000)
  to   space 36864K, 0% used [0x00000000fdb80000,0x00000000fdb80000,0x00000000fff80000)
 ParOldGen       total 116736K, used 58030K [0x00000000e0000000, 0x00000000e7200000, 0x00000000f5580000)
  object space 116736K, 49% used [0x00000000e0000000,0x00000000e38ab800,0x00000000e7200000)
 Metaspace       used 91664K, capacity 99380K, committed 99584K, reserved 1136640K
  class space    used 10868K, capacity 13256K, committed 13312K, reserved 1048576K
}
Event: 252.258 GC heap before
{Heap before GC invocations=26 (full 4):
 PSYoungGen      total 137216K, used 43253K [0x00000000f5580000, 0x00000000fff80000, 0x0000000100000000)
  eden space 99840K, 36% used [0x00000000f5580000,0x00000000f789a6c8,0x00000000fb700000)
  from space 37376K, 19% used [0x00000000fb700000,0x00000000fbe22e00,0x00000000fdb80000)
  to   space 36864K, 0% used [0x00000000fdb80000,0x00000000fdb80000,0x00000000fff80000)
 ParOldGen       total 116736K, used 58030K [0x00000000e0000000, 0x00000000e7200000, 0x00000000f5580000)
  object space 116736K, 49% used [0x00000000e0000000,0x00000000e38ab800,0x00000000e7200000)
 Metaspace       used 92154K, capacity 99906K, committed 100096K, reserved 1136640K
  class space    used 10928K, capacity 13301K, committed 13312K, reserved 1048576K
Event: 252.268 GC heap after
Heap after GC invocations=26 (full 4):
 PSYoungGen      total 136192K, used 6916K [0x00000000f5580000, 0x00000000ffe80000, 0x0000000100000000)
  eden space 100352K, 0% used [0x00000000f5580000,0x00000000f5580000,0x00000000fb780000)
  from space 35840K, 19% used [0x00000000fdb80000,0x00000000fe241020,0x00000000ffe80000)
  to   space 36352K, 0% used [0x00000000fb780000,0x00000000fb780000,0x00000000fdb00000)
 ParOldGen       total 116736K, used 58038K [0x00000000e0000000, 0x00000000e7200000, 0x00000000f5580000)
  object space 116736K, 49% used [0x00000000e0000000,0x00000000e38ad800,0x00000000e7200000)
 Metaspace       used 92154K, capacity 99906K, committed 100096K, reserved 1136640K
  class space    used 10928K, capacity 13301K, committed 13312K, reserved 1048576K
}
Event: 252.268 GC heap before
{Heap before GC invocations=27 (full 5):
 PSYoungGen      total 136192K, used 6916K [0x00000000f5580000, 0x00000000ffe80000, 0x0000000100000000)
  eden space 100352K, 0% used [0x00000000f5580000,0x00000000f5580000,0x00000000fb780000)
  from space 35840K, 19% used [0x00000000fdb80000,0x00000000fe241020,0x00000000ffe80000)
  to   space 36352K, 0% used [0x00000000fb780000,0x00000000fb780000,0x00000000fdb00000)
 ParOldGen       total 116736K, used 58038K [0x00000000e0000000, 0x00000000e7200000, 0x00000000f5580000)
  object space 116736K, 49% used [0x00000000e0000000,0x00000000e38ad800,0x00000000e7200000)
 Metaspace       used 92154K, capacity 99906K, committed 100096K, reserved 1136640K
  class space    used 10928K, capacity 13301K, committed 13312K, reserved 1048576K
Event: 252.834 GC heap after
Heap after GC invocations=27 (full 5):
 PSYoungGen      total 136192K, used 0K [0x00000000f5580000, 0x00000000ffe80000, 0x0000000100000000)
  eden space 100352K, 0% used [0x00000000f5580000,0x00000000f5580000,0x00000000fb780000)
  from space 35840K, 0% used [0x00000000fdb80000,0x00000000fdb80000,0x00000000ffe80000)
  to   space 36352K, 0% used [0x00000000fb780000,0x00000000fb780000,0x00000000fdb00000)
 ParOldGen       total 116736K, used 63791K [0x00000000e0000000, 0x00000000e7200000, 0x00000000f5580000)
  object space 116736K, 54% used [0x00000000e0000000,0x00000000e3e4bfc0,0x00000000e7200000)
 Metaspace       used 92154K, capacity 99906K, committed 100096K, reserved 1136640K
  class space    used 10928K, capacity 13301K, committed 13312K, reserved 1048576K
}

Deoptimization events (10 events):
Event: 265.436 Thread 0x0000000015754800 Uncommon trap: reason=unstable_if action=reinterpret pc=0x000000000492e104 method=java.util.concurrent.CopyOnWriteArrayList.indexOf(Ljava/lang/Object;[Ljava/lang/Object;II)I @ 49
Event: 265.439 Thread 0x0000000015754800 Uncommon trap: reason=unstable_if action=reinterpret pc=0x0000000003b93c64 method=org.eclipse.swt.graphics.Resource.dispose()V @ 15
Event: 265.447 Thread 0x0000000015754800 Uncommon trap: reason=unstable_if action=reinterpret pc=0x0000000003bb5f04 method=sun.nio.cs.UTF_8$Encoder.encodeArrayLoop(Ljava/nio/CharBuffer;Ljava/nio/ByteBuffer;)Ljava/nio/charset/CoderResult; @ 87
Event: 265.468 Thread 0x0000000015754800 Uncommon trap: reason=unstable_if action=reinterpret pc=0x00000000034a4c04 method=sun.nio.cs.UTF_8$Encoder.encodeArrayLoop(Ljava/nio/CharBuffer;Ljava/nio/ByteBuffer;)Ljava/nio/charset/CoderResult; @ 87
Event: 265.989 Thread 0x0000000015754800 Uncommon trap: reason=unstable_if action=reinterpret pc=0x0000000002fdf570 method=org.eclipse.osgi.internal.hooks.EclipseLazyStarter.shouldActivateFor(Ljava/lang/String;Lorg/eclipse/osgi/container/Module;Lorg/eclipse/osgi/container/ModuleRevision;Lorg/ecliªáPþŸp@
Event: 266.000 Thread 0x0000000014ebe800 Uncommon trap: reason=unstable_if action=reinterpret pc=0x0000000003012040 method=org.eclipse.osgi.internal.framework.BundleContextImpl.dispatchEvent(Ljava/lang/Object;Ljava/lang/Object;ILjava/lang/Object;)V @ 16
Event: 266.003 Thread 0x0000000014ebe800 Uncommon trap: reason=predicate action=maybe_recompile pc=0x00000000039bab9c method=java.util.Arrays.fill([Ljava/lang/Object;Ljava/lang/Object;)V @ 10
Event: 266.066 Thread 0x0000000014ebe800 Uncommon trap: reason=null_check action=make_not_entrant pc=0x000000000259a23c method=org.eclipse.core.internal.runtime.Log.isLoggable(Lorg/osgi/framework/Bundle;Ljava/lang/String;I)Z @ 3
Event: 266.236 Thread 0x0000000014ec6000 Uncommon trap: reason=unstable_if action=reinterpret pc=0x0000000004050178 method=org.eclipse.core.internal.jobs.JobManager.nextJob()Lorg/eclipse/core/runtime/jobs/Job; @ 80
Event: 266.305 Thread 0x00000000191ff800 Uncommon trap: reason=unstable_if action=reinterpret pc=0x00000000041a766c method=org.eclipse.core.internal.jobs.JobManager.nextJob()Lorg/eclipse/core/runtime/jobs/Job; @ 80

Internal exceptions (10 events):
Event: 261.025 Thread 0x00000000022d8000 Exception <a 'java/io/IOException'> (0x00000000f5a96828) thrown at [C:\re\workspace\8-2-build-windows-amd64-cygwin\jdk8u66\5298\hotspot\src\share\vm\prims\jni.cpp, line 709]
Event: 261.026 Thread 0x00000000022d8000 Exception <a 'java/io/IOException'> (0x00000000f5a96e88) thrown at [C:\re\workspace\8-2-build-windows-amd64-cygwin\jdk8u66\5298\hotspot\src\share\vm\prims\jni.cpp, line 709]
Event: 263.126 Thread 0x00000000022d8000 Implicit null exception at 0x0000000002e88413 to 0x0000000002e884ae
Event: 264.870 Thread 0x0000000015754800 Implicit null exception at 0x0000000002581f2d to 0x0000000002582311
Event: 265.407 Thread 0x000000001a9d5000 Exception <a 'java/lang/InterruptedException'> (0x00000000f7470808) thrown at [C:\re\workspace\8-2-build-windows-amd64-cygwin\jdk8u66\5298\hotspot\src\share\vm\runtime\objectMonitor.cpp, line 1683]
Event: 266.066 Thread 0x0000000014ebe800 Implicit null exception at 0x000000000259a0e2 to 0x000000000259a22d
Event: 266.168 Thread 0x0000000014ec5000 Exception <a 'java/lang/InterruptedException'> (0x00000000f70c88e0) thrown at [C:\re\workspace\8-2-build-windows-amd64-cygwin\jdk8u66\5298\hotspot\src\share\vm\runtime\objectMonitor.cpp, line 1683]
Event: 266.331 Thread 0x0000000014ebe800 Exception <a 'java/lang/InterruptedException'> (0x00000000f7856600) thrown at [C:\re\workspace\8-2-build-windows-amd64-cygwin\jdk8u66\5298\hotspot\src\share\vm\runtime\objectMonitor.cpp, line 1683]
Event: 266.346 Thread 0x0000000014ec6800 Exception <a 'java/lang/InterruptedException'> (0x00000000f5a3ebf8) thrown at [C:\re\workspace\8-2-build-windows-amd64-cygwin\jdk8u66\5298\hotspot\src\share\vm\runtime\objectMonitor.cpp, line 1683]
Event: 266.346 Thread 0x0000000014ebf000 Exception <a 'java/lang/InterruptedException'> (0x00000000f79ebad8) thrown at [C:\re\workspace\8-2-build-windows-amd64-cygwin\jdk8u66\5298\hotspot\src\share\vm\runtime\objectMonitor.cpp, line 1683]

Events (10 events):
Event: 266.363 loading class java/util/IdentityHashMap$IdentityHashMapIterator
Event: 266.363 loading class java/util/IdentityHashMap$IdentityHashMapIterator done
Event: 266.363 loading class java/util/IdentityHashMap$KeyIterator done
Event: 266.364 Thread 0x0000000015754800 Thread added: 0x0000000015754800
Event: 266.364 Executing VM operation: RevokeBias
Event: 266.364 Executing VM operation: RevokeBias done
Event: 266.364 Executing VM operation: RevokeBias
Event: 266.364 Executing VM operation: RevokeBias done
Event: 266.364 Thread 0x0000000015754800 Thread exited: 0x0000000015754800
Event: 266.365 Executing VM operation: Exit


Dynamic libraries:
0x0000000000400000 - 0x000000000044f000 	C:\Xilinx\SDK\2016.4\eclipse\win64.o\eclipse.exe
0x00000000778d0000 - 0x0000000077a7a000 	C:\Windows\SYSTEM32\ntdll.dll
0x00000000776b0000 - 0x00000000777cf000 	C:\Windows\system32\kernel32.dll
0x000007fefd890000 - 0x000007fefd8fa000 	C:\Windows\system32\KERNELBASE.dll
0x00000000777d0000 - 0x00000000778ca000 	C:\Windows\system32\USER32.dll
0x000007feff330000 - 0x000007feff397000 	C:\Windows\system32\GDI32.dll
0x000007fefda60000 - 0x000007fefda6e000 	C:\Windows\system32\LPK.dll
0x000007feff980000 - 0x000007feffa4b000 	C:\Windows\system32\USP10.dll
0x000007fefe2f0000 - 0x000007fefe38f000 	C:\Windows\system32\msvcrt.dll
0x000007fefbc50000 - 0x000007fefbe44000 	C:\Windows\WinSxS\amd64_microsoft.windows.common-controls_6595b64144ccf1df_6.0.7601.18837_none_fa3b1e3d17594757\COMCTL32.dll
0x000007fefe410000 - 0x000007fefe481000 	C:\Windows\system32\SHLWAPI.dll
0x000007fefe150000 - 0x000007fefe17e000 	C:\Windows\system32\IMM32.DLL
0x000007fefe490000 - 0x000007fefe599000 	C:\Windows\system32\MSCTF.dll
0x0000000072000000 - 0x0000000072012000 	C:\Xilinx\SDK\2016.4\eclipse\win64.o\plugins\org.eclipse.equinox.launcher.win32.win32.x86_64_1.1.300.v20150602-1417\eclipse_1611.dll
0x000007feff8a0000 - 0x000007feff97b000 	C:\Windows\system32\ADVAPI32.dll
0x000007feff3b0000 - 0x000007feff3cf000 	C:\Windows\SYSTEM32\sechost.dll
0x000007fefde40000 - 0x000007fefdf6d000 	C:\Windows\system32\RPCRT4.dll
0x000007fefc6a0000 - 0x000007fefc6ac000 	C:\Windows\system32\VERSION.dll
0x000007fefbb60000 - 0x000007fefbbb6000 	C:\Windows\system32\uxtheme.dll
0x000007fee1dd0000 - 0x000007fee1e18000 	C:\Program Files (x86)\TeamViewer\tv_x64.dll
0x000007fefe5a0000 - 0x000007feff32b000 	C:\Windows\system32\SHELL32.dll
0x000007feff6a0000 - 0x000007feff89c000 	C:\Windows\system32\ole32.dll
0x0000000051b10000 - 0x0000000052399000 	C:\Xilinx\SDK\2016.4\tps\win64\jre\bin\server\jvm.dll
0x000007fefaeb0000 - 0x000007fefaeb9000 	C:\Windows\system32\WSOCK32.dll
0x000007fefe180000 - 0x000007fefe1cd000 	C:\Windows\system32\WS2_32.dll
0x000007feff3a0000 - 0x000007feff3a8000 	C:\Windows\system32\NSI.dll
0x000007fefa880000 - 0x000007fefa8bb000 	C:\Windows\system32\WINMM.dll
0x0000000077aa0000 - 0x0000000077aa7000 	C:\Windows\system32\PSAPI.DLL
0x000000006f5b0000 - 0x000000006f682000 	C:\Windows\system32\MSVCR100.dll
0x0000000070220000 - 0x000000007022f000 	C:\Xilinx\SDK\2016.4\tps\win64\jre\bin\verify.dll
0x000000005ee90000 - 0x000000005eeb9000 	C:\Xilinx\SDK\2016.4\tps\win64\jre\bin\java.dll
0x00000000694d0000 - 0x00000000694e6000 	C:\Xilinx\SDK\2016.4\tps\win64\jre\bin\zip.dll
0x000007fefd5d0000 - 0x000007fefd5df000 	C:\Windows\system32\profapi.dll
0x000007fefcdb0000 - 0x000007fefcdc8000 	C:\Windows\system32\CRYPTSP.dll
0x000007fefcab0000 - 0x000007fefcaf7000 	C:\Windows\system32\rsaenh.dll
0x000007fefd920000 - 0x000007fefd93e000 	C:\Windows\system32\USERENV.dll
0x000007fefd3c0000 - 0x000007fefd3cf000 	C:\Windows\system32\CRYPTBASE.dll
0x0000000069c90000 - 0x0000000069caa000 	C:\Xilinx\SDK\2016.4\tps\win64\jre\bin\net.dll
0x000007fefcd50000 - 0x000007fefcda5000 	C:\Windows\system32\mswsock.dll
0x000007fefcd40000 - 0x000007fefcd47000 	C:\Windows\System32\wship6.dll
0x000007fefaa70000 - 0x000007fefaa97000 	C:\Windows\system32\IPHLPAPI.DLL
0x000007fefa9c0000 - 0x000007fefa9cb000 	C:\Windows\system32\WINNSI.DLL
0x000007fefa7d0000 - 0x000007fefa7e1000 	C:\Windows\system32\dhcpcsvc6.DLL
0x000007fefa7b0000 - 0x000007fefa7c8000 	C:\Windows\system32\dhcpcsvc.DLL
0x00000000627b0000 - 0x00000000627c1000 	C:\Xilinx\SDK\2016.4\tps\win64\jre\bin\nio.dll
0x000007fefdda0000 - 0x000007fefde39000 	C:\Windows\system32\CLBCatQ.DLL
0x000007fefd980000 - 0x000007fefda5a000 	C:\Windows\system32\OLEAUT32.dll
0x000007fefb400000 - 0x000007fefb415000 	C:\Windows\system32\NLAapi.dll
0x000007fef45a0000 - 0x000007fef45b5000 	C:\Windows\system32\napinsp.dll
0x000007fef4580000 - 0x000007fef4599000 	C:\Windows\system32\pnrpnsp.dll
0x000007fefcbd0000 - 0x000007fefcc2b000 	C:\Windows\system32\DNSAPI.dll
0x000007fef57f0000 - 0x000007fef57fb000 	C:\Windows\System32\winrnr.dll
0x000007fefc770000 - 0x000007fefc777000 	C:\Windows\System32\wshtcpip.dll
0x000007fef5340000 - 0x000007fef5348000 	C:\Windows\system32\rasadhlp.dll
0x000007fefa920000 - 0x000007fefa973000 	C:\Windows\System32\fwpuclnt.dll
0x0000000017220000 - 0x00000000172c8000 	C:\Users\shlab_61\.Xilinx\SDK\2016.4\org.eclipse.osgi\319\0\.cp\swt-win32-4527.dll
0x000007fefe250000 - 0x000007fefe2e7000 	C:\Windows\system32\comdlg32.dll
0x000007fef4df0000 - 0x000007fef4e61000 	C:\Windows\system32\WINSPOOL.DRV
0x000007fefda70000 - 0x000007fefdd91000 	C:\Windows\system32\WININET.dll
0x000007fefd6a0000 - 0x000007fefd6a4000 	C:\Windows\system32\api-ms-win-downlevel-user32-l1-1-0.dll
0x000007fefd900000 - 0x000007fefd904000 	C:\Windows\system32\api-ms-win-downlevel-shlwapi-l1-1-0.dll
0x000007fefd690000 - 0x000007fefd694000 	C:\Windows\system32\api-ms-win-downlevel-version-l1-1-0.dll
0x000007fefd6b0000 - 0x000007fefd6b3000 	C:\Windows\system32\api-ms-win-downlevel-normaliz-l1-1-0.dll
0x0000000077a90000 - 0x0000000077a93000 	C:\Windows\system32\normaliz.DLL
0x000007feff3d0000 - 0x000007feff69a000 	C:\Windows\system32\iertutil.dll
0x000007fefd5e0000 - 0x000007fefd5e5000 	C:\Windows\system32\api-ms-win-downlevel-advapi32-l1-1-0.dll
0x000007fefd720000 - 0x000007fefd88d000 	C:\Windows\system32\CRYPT32.dll
0x000007fefd5c0000 - 0x000007fefd5cf000 	C:\Windows\system32\MSASN1.dll
0x000007fefa730000 - 0x000007fefa748000 	C:\Windows\system32\dwmapi.dll
0x000007fefbe50000 - 0x000007fefbf7c000 	C:\Windows\system32\propsys.dll
0x0000000015f70000 - 0x0000000015f8e000 	C:\Users\shlab_61\.Xilinx\SDK\2016.4\org.eclipse.osgi\319\0\.cp\swt-gdip-win32-4527.dll
0x000007fefb940000 - 0x000007fefbb57000 	C:\Windows\WinSxS\amd64_microsoft.windows.gdiplus_6595b64144ccf1df_1.1.7601.23807_none_14556b8e8b95d1fc\gdiplus.dll
0x000007fefa460000 - 0x000007fefa5c1000 	C:\Windows\system32\WindowsCodecs.dll
0x0000000180000000 - 0x0000000180012000 	C:\Users\shlab_61\.Xilinx\SDK\2016.4\org.eclipse.osgi\133\0\.cp\os\win32\x86_64\localfile_1_0_0.dll
0x000007fef9c90000 - 0x000007fef9ce4000 	C:\Windows\system32\oleacc.dll
0x000007fef9bc0000 - 0x000007fef9bc7000 	C:\Windows\system32\msimg32.dll
0x000007fefd510000 - 0x000007fefd524000 	C:\Windows\system32\RpcRtRemote.dll
0x000007fefd470000 - 0x000007fefd4c7000 	C:\Windows\system32\apphelp.dll
0x000007fef2010000 - 0x000007fef2021000 	C:\Users\shlab_61\.Xilinx\SDK\2016.4\org.eclipse.osgi\136\0\.cp\jWinHttp-1.0.0.dll
0x000007fef6a40000 - 0x000007fef6ab1000 	C:\Windows\system32\WINHTTP.dll
0x000007fef69d0000 - 0x000007fef6a34000 	C:\Windows\system32\webio.dll
0x000007fefd390000 - 0x000007fefd3b5000 	C:\Windows\system32\SspiCli.dll
0x000007fefc980000 - 0x000007fefc98a000 	C:\Windows\system32\credssp.dll
0x000007fefd6e0000 - 0x000007fefd716000 	C:\Windows\system32\CFGMGR32.dll
0x000007fefbc20000 - 0x000007fefbc2f000 	C:\Xilinx\SDK\2016.4\lib\win64.o\librdi_repo_manager.dll
0x000007feefce0000 - 0x000007feefd0a000 	C:\Xilinx\SDK\2016.4\lib\win64.o\libisl_sysinfo.dll
0x000007fee2690000 - 0x000007fee2764000 	C:\Windows\system32\MSVCR110.dll
0x000007fee2300000 - 0x000007fee23a7000 	C:\Windows\system32\MSVCP110.dll
0x000007feb6d10000 - 0x000007feb77ba000 	C:\Xilinx\SDK\2016.4\lib\win64.o\librdi_common.dll
0x000007feb7dc0000 - 0x000007feb812e000 	C:\Xilinx\SDK\2016.4\lib\win64.o\libCOIN-all.dll
0x000007febdff0000 - 0x000007febe20f000 	C:\Xilinx\SDK\2016.4\lib\win64.o\libXil_lmgr11.dll
0x000007fefb4c0000 - 0x000007fefb4d6000 	C:\Windows\system32\NETAPI32.dll
0x000007fefb4b0000 - 0x000007fefb4bc000 	C:\Windows\system32\netutils.dll
0x000007fefd120000 - 0x000007fefd143000 	C:\Windows\system32\srvcli.dll
0x000007fefb470000 - 0x000007fefb485000 	C:\Windows\system32\wkscli.dll
0x000007fefd940000 - 0x000007fefd97b000 	C:\Windows\system32\WINTRUST.dll
0x000007fef4400000 - 0x000007fef4410000 	C:\Xilinx\SDK\2016.4\lib\win64.o\libboost_date_time.dll
0x000007feefcb0000 - 0x000007feefcd4000 	C:\Xilinx\SDK\2016.4\lib\win64.o\libboost_filesystem.dll
0x000007fef4510000 - 0x000007fef4519000 	C:\Xilinx\SDK\2016.4\lib\win64.o\libboost_system.dll
0x000007feefc30000 - 0x000007feefca7000 	C:\Xilinx\SDK\2016.4\lib\win64.o\libboost_program_options.dll
0x000007feb92e0000 - 0x000007feb93e6000 	C:\Xilinx\SDK\2016.4\lib\win64.o\libboost_regex.dll
0x000007feefc10000 - 0x000007feefc23000 	C:\Xilinx\SDK\2016.4\lib\win64.o\libboost_signals.dll
0x000007feefbf0000 - 0x000007feefc0d000 	C:\Xilinx\SDK\2016.4\lib\win64.o\libboost_thread.dll
0x000007fef43a0000 - 0x000007fef43ab000 	C:\Xilinx\SDK\2016.4\lib\win64.o\libboost_chrono.dll
0x000007fef43d0000 - 0x000007fef43db000 	C:\Xilinx\SDK\2016.4\lib\win64.o\libboost_xilinx.dll
0x000007feb9260000 - 0x000007feb92e0000 	C:\Xilinx\SDK\2016.4\lib\win64.o\libhdlpsolve.dll
0x000007feb91c0000 - 0x000007feb925a000 	C:\Xilinx\SDK\2016.4\lib\win64.o\libhdxml.dll
0x000007feb8df0000 - 0x000007feb91b9000 	C:\Xilinx\SDK\2016.4\lib\win64.o\libisl_iostreams.dll
0x000007feefbd0000 - 0x000007feefbe6000 	C:\Xilinx\SDK\2016.4\lib\win64.o\libboost_iostreams.dll
0x000007feefbb0000 - 0x000007feefbcf000 	C:\Xilinx\SDK\2016.4\lib\win64.o\librdizlib.dll
0x000007feefb80000 - 0x000007feefba3000 	C:\Xilinx\SDK\2016.4\lib\win64.o\libisl_iosutils.dll
0x000007fee0ff0000 - 0x000007fee1005000 	C:\Xilinx\SDK\2016.4\lib\win64.o\pthreadVC2.dll
0x000007fee0f90000 - 0x000007fee0fe3000 	C:\Xilinx\SDK\2016.4\lib\win64.o\librdi_commonxillic.dll
0x000007feb7c90000 - 0x000007feb7dc0000 	C:\Xilinx\SDK\2016.4\lib\win64.o\librdi_curl.dll
0x000007febdfd0000 - 0x000007febdfe8000 	C:\Xilinx\SDK\2016.4\lib\win64.o\librdiconfig.dll
0x0000000056640000 - 0x0000000056767000 	C:\Xilinx\SDK\2016.4\lib\win64.o\tcl85t.dll
0x0000000022a80000 - 0x0000000022ce3000 	C:\Xilinx\SDK\2016.4\lib\win64.o\xerces-c_3_1.dll
0x000007feffa50000 - 0x000007feffbd5000 	C:\Windows\system32\urlmon.dll
0x000007fefd910000 - 0x000007fefd914000 	C:\Windows\system32\api-ms-win-downlevel-ole32-l1-1-0.dll
0x000007fef1d90000 - 0x000007fef1db3000 	C:\Windows\system32\VCOMP110.DLL
0x000007feb6b10000 - 0x000007feb6d08000 	C:\Xilinx\SDK\2016.4\lib\win64.o\librdi_hsm.dll
0x000007feb8da0000 - 0x000007feb8de3000 	C:\Xilinx\SDK\2016.4\lib\win64.o\librdi_hdf.dll
0x000007feb6580000 - 0x000007feb6848000 	C:\Xilinx\SDK\2016.4\lib\win64.o\librdi_ippcw.dll
0x000007fef2cc0000 - 0x000007fef2cca000 	C:\Xilinx\SDK\2016.4\lib\win64.o\librdi_jtag_settings.dll
0x000007fef2040000 - 0x000007fef2069000 	C:\Xilinx\SDK\2016.4\lib\win64.o\librdi_debug_dialog.dll
0x000007fef20a0000 - 0x000007fef20a8000 	C:\Xilinx\SDK\2016.4\lib\win64.o\librdi_target_manager.dll
0x000007feb68e0000 - 0x000007feb68f6000 	C:\Xilinx\SDK\2016.4\eclipse\win64.o\plugins\org.eclipse.cdt.core.win32.x86_64_5.4.0.201509131935\os\win32\x86_64\spawner.dll
0x000007fefb8a0000 - 0x000007fefb8d5000 	C:\Windows\system32\EhStorShell.dll

VM Arguments:
jvm_args: -Dcom.xilinx.sdk.args.hwspec=C:/Users/shlab_61/Downloads/0619_lab/0316303_0619/0316303_0619.sdk/lab6_wrapper.hdf -Xms64m -Xmx512m & 
java_command: <unknown>
java_class_path (initial): C:\Xilinx\SDK\2016.4\eclipse\win64.o\\plugins/org.eclipse.equinox.launcher_1.3.100.v20150511-1540.jar
Launcher Type: generic

Environment Variables:
PATH=C:/Xilinx/SDK/2016.4/tps/win64/jre/bin/server;C:/Xilinx/SDK/2016.4/tps/win64/jre/bin;C:/Xilinx/SDK/2016.4/tps/win64/jre/lib/amd64;C:\Xilinx\SDK\2016.4\gnuwin\bin;C:\Xilinx\SDK\2016.4\gnu\microblaze\nt\bin;C:\Xilinx\SDK\2016.4\gnu\microblaze\linux_toolchain\nt64_le\bin;C:\Xilinx\SDK\2016.4\gnu\microblaze\linux_toolchain\nt64_be\bin;C:\Xilinx\SDK\2016.4\gnu\arm\nt\bin;C:\Xilinx\SDK\2016.4\gnu\aarch64\nt\aarch64-none\bin;C:\Xilinx\SDK\2016.4\gnu\aarch64\nt\aarch64-linux\bin;C:\Xilinx\SDK\2016.4\gnu\armr5\nt\gcc-arm-none-eabi\bin;C:\Xilinx\SDK\2016.4\gnu\aarch32\nt\gcc-arm-none-eabi\bin;C:\Xilinx\SDK\2016.4\gnu\aarch32\nt\gcc-arm-linux-gnueabi\bin;C:\Xilinx\SDK\2016.4\tps\win64\cmake-3.3.2\bin;;C:\Xilinx\SDK\2016.4\bin;C:\Xilinx\SDK\2016.4\lib\win64.o;C:\Xilinx\SDK\2016.4\tps\win64\jre\bin\server;C:\Xilinx\SDK\2016.4\tps\win64\jre\bin;C:\Xilinx\Vivado\2016.4\ids_lite\ISE\bin\nt64;C:\Xilinx\Vivado\2016.4\ids_lite\ISE\lib\nt64;C:\Xilinx\Vivado\2016.4\bin;C:\Xilinx\Vivado\2016.4\lib\win64.o;C:\Xilinx\Vivado\2016.4\tps\win64\jre\bin\server;C:\Xilinx\Vivado\2016.4\tps\win64\jre\bin;C:\Xilinx\Vivado_HLS\2016.4\bin;C:\ProgramData\Oracle\Java\javapath;C:\Windows\system32;C:\Windows;C:\Windows\System32\Wbem;C:\Windows\System32\WindowsPowerShell\v1.0\;C:\Program Files (x86)\Intel\OpenCL SDK\2.0\bin\x86;C:\Program Files (x86)\Intel\OpenCL SDK\2.0\bin\x64;c:\Users\shlab_61\Downloads\0619_lab\0316303_0619;
USERNAME=shlab_61
OS=Windows_NT
PROCESSOR_IDENTIFIER=Intel64 Family 6 Model 58 Stepping 9, GenuineIntel



---------------  S Y S T E M  ---------------

OS: Windows 7 , 64 bit Build 7601 (6.1.7601.23807)

CPU:total 4 (2 cores per cpu, 2 threads per core) family 6 model 58 stepping 9, cmov, cx8, fxsr, mmx, sse, sse2, sse3, ssse3, sse4.1, sse4.2, popcnt, avx, clmul, erms, ht, tsc, tscinvbit, tscinv

Memory: 4k page, physical 16462528k(4956148k free), swap 32923196k(19837344k free)

vm_info: Java HotSpot(TM) 64-Bit Server VM (25.66-b18) for windows-amd64 JRE (1.8.0_66-b18), built on Nov  9 2015 10:51:13 by "java_re" with MS VC++ 10.0 (VS2010)

time: Tue Jun 20 21:03:55 2017
elapsed time: 266 seconds (0d 0h 4m 26s)

