#
# A fatal error has been detected by the Java Runtime Environment:
#
#  EXCEPTION_UNCAUGHT_CXX_EXCEPTION (0xe06d7363) at pc=0x000007fefd8aa06d, pid=4560, tid=12108
#
# JRE version: Java(TM) SE Runtime Environment (8.0_66-b18) (build 1.8.0_66-b18)
# Java VM: Java HotSpot(TM) 64-Bit Server VM (25.66-b18 mixed mode windows-amd64 compressed oops)
# Problematic frame:
# C  [KERNELBASE.dll+0x1a06d]
#
# Failed to write core dump. Minidumps are not enabled by default on client versions of Windows
#
# If you would like to submit a bug report, please visit:
#   http://bugreport.java.com/bugreport/crash.jsp
#

---------------  T H R E A D  ---------------

Current thread (0x000000001370c800):  VMThread [stack: 0x0000000014770000,0x0000000014870000] [id=12108]

siginfo: ExceptionCode=0xe06d7363, ExceptionInformation=0x0000000019930520 0x000000001486f4c8 0x000007fee2742cb8 0x000007fee2690000 

Registers:
RAX=0x0000000060e5ddbb, RBX=0x000007fee2742cb8, RCX=0x000000001486ed10, RDX=0x00000000000000d0
RSP=0x000000001486f320, RBP=0x000000001486f450, RSI=0x00000000ffffffff, RDI=0x00000000255dbd50
R8 =0x0000000000000000, R9 =0x0000000000000000, R10=0x000007fee2690000, R11=0x000000001486f360
R12=0x0000000000000001, R13=0x0000000000000008, R14=0x0000000000000000, R15=0xffffffffffffffff
RIP=0x000007fefd8aa06d, EFLAGS=0x0000000000000206

Top of Stack: (sp=0x000000001486f320)
0x000000001486f320:   000007fee2742cb8 00000000ffffffff
0x000000001486f330:   00000000255dbd50 00000000002222d0
0x000000001486f340:   00000001e06d7363 0000000000000000
0x000000001486f350:   000007fefd8aa06d 000007fe00000004
0x000000001486f360:   0000000019930520 000000001486f4c8
0x000000001486f370:   000007fee2742cb8 000007fee2690000
0x000000001486f380:   0000000000000000 000000001486f408
0x000000001486f390:   0000000000000028 00000000255dbd40
0x000000001486f3a0:   00000000002a28a0 0000000000000000
0x000000001486f3b0:   000007fffff9c000 000000007791f4e3
0x000000001486f3c0:   0000000000000000 0000000000000008
0x000000001486f3d0:   0000000000000001 00000000255dbd50
0x000000001486f3e0:   00000000ffffffff 000007fee26ee92c
0x000000001486f3f0:   000007fee2742cb8 000000001486f460
0x000000001486f400:   0000000000000001 000007fee26900f8
0x000000001486f410:   00000001e06d7363 0000000000000000 

Instructions: (pc=0x000007fefd8aa06d)
0x000007fefd8aa04d:   54 24 24 48 89 4c 24 28 4d 85 c9 0f 85 6a 03 00
0x000007fefd8aa05d:   00 89 4c 24 38 48 8d 4c 24 20 ff 15 33 02 03 00
0x000007fefd8aa06d:   48 81 c4 c8 00 00 00 c3 90 90 90 90 90 90 90 90
0x000007fefd8aa07d:   90 90 90 48 83 ec 28 65 48 8b 04 25 30 00 00 00 


Register to memory mapping:

RAX=0x0000000060e5ddbb is an unknown value
RBX=0x000007fee2742cb8 is an unknown value
RCX=0x000000001486ed10 is an unknown value
RDX=0x00000000000000d0 is an unknown value
RSP=0x000000001486f320 is an unknown value
RBP=0x000000001486f450 is an unknown value
RSI=0x00000000ffffffff is an unallocated location in the heap
RDI=0x00000000255dbd50 is an unknown value
R8 =0x0000000000000000 is an unknown value
R9 =0x0000000000000000 is an unknown value
R10=0x000007fee2690000 is an unknown value
R11=0x000000001486f360 is an unknown value
R12=0x0000000000000001 is an unknown value
R13=0x0000000000000008 is an unknown value
R14=0x0000000000000000 is an unknown value
R15=0xffffffffffffffff is an unknown value


Stack: [0x0000000014770000,0x0000000014870000],  sp=0x000000001486f320,  free space=1020k
Native frames: (J=compiled Java code, j=interpreted, Vv=VM code, C=native code)
C  [KERNELBASE.dll+0x1a06d]
C  [MSVCR110.dll+0x5e92c]
C  [MSVCR110.dll+0x1315c]
C  [MSVCR110.dll+0x136a9]
C  [MSVCR110.dll+0x13e9c]
C  [MSVCR110.dll+0x239e]
C  [MSVCR110.dll+0xaf9e]
C  [MSVCP110.dll+0x397b9]
C  [librdi_common.dll+0x183a66]
C  [librdi_common.dll+0x1826fb]
C  [librdi_target_manager.dll+0x2400]
C  [librdi_target_manager.dll+0x2682]
C  [ntdll.dll+0x22ac1]
C  [ntdll.dll+0x228d0]
C  [MSVCR100.dll+0x20ccd]
V  [jvm.dll+0x210cc5]
V  [jvm.dll+0x249897]
V  [jvm.dll+0x248b36]
V  [jvm.dll+0x248fd1]
V  [jvm.dll+0x2491ee]
V  [jvm.dll+0x29a0fa]
C  [MSVCR100.dll+0x21d9f]
C  [MSVCR100.dll+0x21e3b]
C  [kernel32.dll+0x159cd]
C  [ntdll.dll+0x2a561]

VM_Operation (0x000000000012f4c0): Exit, mode: safepoint, requested by thread 0x00000000022e8000


---------------  P R O C E S S  ---------------

Java Threads: ( => current thread )
  0x0000000014e94800 JavaThread "pool-2-thread-3" [_thread_blocked, id=7316, stack(0x0000000028e30000,0x0000000028f30000)]
  0x000000001f487000 JavaThread "pool-2-thread-2" [_thread_blocked, id=6212, stack(0x00000000282a0000,0x00000000283a0000)]
  0x000000001b4db800 JavaThread "pool-2-thread-1" [_thread_blocked, id=3868, stack(0x0000000027a30000,0x0000000027b30000)]
  0x000000001b4d7000 JavaThread "Thread-21" daemon [_thread_blocked, id=4876, stack(0x0000000027120000,0x0000000027220000)]
  0x0000000016b47000 JavaThread "TCF Channel Transmitter" daemon [_thread_blocked, id=11100, stack(0x00000000230b0000,0x00000000231b0000)]
  0x0000000016b45800 JavaThread "TCF Channel Receiver" daemon [_thread_in_native, id=7128, stack(0x0000000022eb0000,0x0000000022fb0000)]
  0x000000001b510000 JavaThread "Process monitor" daemon [_thread_in_native, id=4584, stack(0x0000000026020000,0x0000000026120000)]
  0x000000001b50f800 JavaThread "Input Stream Monitor" daemon [_thread_blocked, id=3180, stack(0x0000000025f20000,0x0000000026020000)]
  0x000000001b50e800 JavaThread "Output Stream Monitor" daemon [_thread_in_native, id=1192, stack(0x0000000025e20000,0x0000000025f20000)]
  0x000000001b50e000 JavaThread "Output Stream Monitor" daemon [_thread_in_native, id=5352, stack(0x0000000025d20000,0x0000000025e20000)]
  0x000000001b50b000 JavaThread "TCF Locator DNS Lookup" daemon [_thread_blocked, id=12240, stack(0x000000001c160000,0x000000001c260000)]
  0x000000001b50a000 JavaThread "TCF Locator Timer" daemon [_thread_blocked, id=10344, stack(0x000000001c060000,0x000000001c160000)]
  0x000000001970b000 JavaThread "TCF Locator Receiver" daemon [_thread_blocked, id=10688, stack(0x000000001bf60000,0x000000001c060000)]
  0x0000000019709800 JavaThread "TCF Timer Dispatcher" daemon [_thread_blocked, id=5856, stack(0x000000001bb40000,0x000000001bc40000)]
  0x0000000016865800 JavaThread "EMF Reference Cleaner" daemon [_thread_blocked, id=5164, stack(0x0000000017e10000,0x0000000017f10000)]
  0x0000000014b6d800 JavaThread "Service Thread" daemon [_thread_blocked, id=7396, stack(0x00000000153c0000,0x00000000154c0000)]
  0x0000000014b0e000 JavaThread "C1 CompilerThread2" daemon [_thread_blocked, id=8248, stack(0x00000000152c0000,0x00000000153c0000)]
  0x0000000014ae0000 JavaThread "C2 CompilerThread1" daemon [_thread_blocked, id=2556, stack(0x00000000151c0000,0x00000000152c0000)]
  0x0000000014ad1800 JavaThread "C2 CompilerThread0" daemon [_thread_blocked, id=3744, stack(0x00000000150c0000,0x00000000151c0000)]
  0x0000000014ad0800 JavaThread "Attach Listener" daemon [_thread_blocked, id=8916, stack(0x0000000014fc0000,0x00000000150c0000)]
  0x0000000013719000 JavaThread "Finalizer" daemon [_thread_blocked, id=8412, stack(0x0000000014970000,0x0000000014a70000)]
  0x0000000013712000 JavaThread "Reference Handler" daemon [_thread_blocked, id=6872, stack(0x0000000014870000,0x0000000014970000)]
  0x00000000022e8000 JavaThread "main" [_thread_blocked, id=10132, stack(0x0000000000030000,0x0000000000130000)]

Other Threads:
=>0x000000001370c800 VMThread [stack: 0x0000000014770000,0x0000000014870000] [id=12108]

VM state:at safepoint (shutting down)

VM Mutex/Monitor currently owned by a thread:  ([mutex/lock_event])
[0x00000000022ae310] Threads_lock - owner thread: 0x000000001370c800

Heap:
 PSYoungGen      total 110080K, used 97855K [0x00000000f5580000, 0x00000000fff00000, 0x0000000100000000)
  eden space 105984K, 88% used [0x00000000f5580000,0x00000000fb130180,0x00000000fbd00000)
  from space 4096K, 96% used [0x00000000fbd00000,0x00000000fc0dfb50,0x00000000fc100000)
  to   space 33792K, 0% used [0x00000000fde00000,0x00000000fde00000,0x00000000fff00000)
 ParOldGen       total 93184K, used 66440K [0x00000000e0000000, 0x00000000e5b00000, 0x00000000f5580000)
  object space 93184K, 71% used [0x00000000e0000000,0x00000000e40e2148,0x00000000e5b00000)
 Metaspace       used 87562K, capacity 94720K, committed 94868K, reserved 1130496K
  class space    used 10508K, capacity 12843K, committed 12948K, reserved 1048576K

Card table byte_map: [0x0000000011770000,0x0000000011880000] byte_map_base: 0x0000000011070000

Marking Bits: (ParMarkBitMap*) 0x000000005231a5b0
 Begin Bits: [0x0000000011c80000, 0x0000000012480000)
 End Bits:   [0x0000000012480000, 0x0000000012c80000)

Polling page: 0x00000000001b0000

CodeCache: size=245760Kb used=35927Kb max_used=36422Kb free=209832Kb
 bounds [0x00000000023b0000, 0x0000000004790000, 0x00000000113b0000]
 total_blobs=10806 nmethods=9900 adapters=811
 compilation: enabled

Compilation events (10 events):
Event: 141.127 Thread 0x0000000014b0e000 nmethod 12275 0x0000000002e89410 code [0x0000000002e89580, 0x0000000002e89708]
Event: 141.127 Thread 0x0000000014b0e000 12276       3       org.eclipse.osgi.container.ModuleWiring::invalidate0 (52 bytes)
Event: 141.128 Thread 0x0000000014b0e000 nmethod 12276 0x0000000002fd5a90 code [0x0000000002fd5c40, 0x0000000002fd65e8]
Event: 141.128 Thread 0x0000000014b0e000 12277       3       org.eclipse.osgi.internal.container.AtomicLazyInitializer::getAndClear (9 bytes)
Event: 141.128 Thread 0x0000000014b0e000 nmethod 12277 0x0000000002989490 code [0x0000000002989600, 0x0000000002989850]
Event: 141.128 Thread 0x0000000014b0e000 12278       3       java.util.concurrent.atomic.AtomicReference::getAndSet (12 bytes)
Event: 141.129 Thread 0x0000000014b0e000 nmethod 12278 0x000000000351e490 code [0x000000000351e5e0, 0x000000000351e750]
Event: 141.129 Thread 0x0000000014b0e000 12280       3       org.eclipse.osgi.internal.framework.EquinoxContainerAdaptor::invalidateWiring (186 bytes)
Event: 141.131 Thread 0x0000000014b0e000 nmethod 12280 0x0000000003246290 code [0x0000000003246660, 0x0000000003248fd8]
Event: 141.131 Thread 0x0000000014b0e000 12279       3       sun.misc.Unsafe::getAndSetObject (24 bytes)

GC Heap History (10 events):
Event: 32.741 GC heap before
{Heap before GC invocations=13 (full 3):
 PSYoungGen      total 138752K, used 138279K [0x00000000f5580000, 0x0000000100000000, 0x0000000100000000)
  eden space 119296K, 100% used [0x00000000f5580000,0x00000000fca00000,0x00000000fca00000)
  from space 19456K, 97% used [0x00000000fca00000,0x00000000fdc89d40,0x00000000fdd00000)
  to   space 29184K, 0% used [0x00000000fe380000,0x00000000fe380000,0x0000000100000000)
 ParOldGen       total 93184K, used 39009K [0x00000000e0000000, 0x00000000e5b00000, 0x00000000f5580000)
  object space 93184K, 41% used [0x00000000e0000000,0x00000000e26185b0,0x00000000e5b00000)
 Metaspace       used 81449K, capacity 88468K, committed 88596K, reserved 1126400K
  class space    used 10038K, capacity 12272K, committed 12308K, reserved 1048576K
Event: 32.776 GC heap after
Heap after GC invocations=13 (full 3):
 PSYoungGen      total 132096K, used 29157K [0x00000000f5580000, 0x0000000100000000, 0x0000000100000000)
  eden space 102912K, 0% used [0x00000000f5580000,0x00000000f5580000,0x00000000fba00000)
  from space 29184K, 99% used [0x00000000fe380000,0x00000000ffff96a0,0x0000000100000000)
  to   space 35840K, 0% used [0x00000000fba00000,0x00000000fba00000,0x00000000fdd00000)
 ParOldGen       total 93184K, used 44783K [0x00000000e0000000, 0x00000000e5b00000, 0x00000000f5580000)
  object space 93184K, 48% used [0x00000000e0000000,0x00000000e2bbbf88,0x00000000e5b00000)
 Metaspace       used 81449K, capacity 88468K, committed 88596K, reserved 1126400K
  class space    used 10038K, capacity 12272K, committed 12308K, reserved 1048576K
}
Event: 50.132 GC heap before
{Heap before GC invocations=14 (full 3):
 PSYoungGen      total 132096K, used 132069K [0x00000000f5580000, 0x0000000100000000, 0x0000000100000000)
  eden space 102912K, 100% used [0x00000000f5580000,0x00000000fba00000,0x00000000fba00000)
  from space 29184K, 99% used [0x00000000fe380000,0x00000000ffff96a0,0x0000000100000000)
  to   space 35840K, 0% used [0x00000000fba00000,0x00000000fba00000,0x00000000fdd00000)
 ParOldGen       total 93184K, used 44783K [0x00000000e0000000, 0x00000000e5b00000, 0x00000000f5580000)
  object space 93184K, 48% used [0x00000000e0000000,0x00000000e2bbbf88,0x00000000e5b00000)
 Metaspace       used 83425K, capacity 90888K, committed 91156K, reserved 1128448K
  class space    used 10215K, capacity 12560K, committed 12564K, reserved 1048576K
Event: 50.166 GC heap after
Heap after GC invocations=14 (full 3):
 PSYoungGen      total 138752K, used 10477K [0x00000000f5580000, 0x0000000100000000, 0x0000000100000000)
  eden space 102912K, 0% used [0x00000000f5580000,0x00000000f5580000,0x00000000fba00000)
  from space 35840K, 29% used [0x00000000fba00000,0x00000000fc43b690,0x00000000fdd00000)
  to   space 34304K, 0% used [0x00000000fde80000,0x00000000fde80000,0x0000000100000000)
 ParOldGen       total 93184K, used 64955K [0x00000000e0000000, 0x00000000e5b00000, 0x00000000f5580000)
  object space 93184K, 69% used [0x00000000e0000000,0x00000000e3f6ee00,0x00000000e5b00000)
 Metaspace       used 83425K, capacity 90888K, committed 91156K, reserved 1128448K
  class space    used 10215K, capacity 12560K, committed 12564K, reserved 1048576K
}
Event: 80.870 GC heap before
{Heap before GC invocations=15 (full 3):
 PSYoungGen      total 138752K, used 107801K [0x00000000f5580000, 0x0000000100000000, 0x0000000100000000)
  eden space 102912K, 94% used [0x00000000f5580000,0x00000000fb48ae50,0x00000000fba00000)
  from space 35840K, 29% used [0x00000000fba00000,0x00000000fc43b690,0x00000000fdd00000)
  to   space 34304K, 0% used [0x00000000fde80000,0x00000000fde80000,0x0000000100000000)
 ParOldGen       total 93184K, used 64955K [0x00000000e0000000, 0x00000000e5b00000, 0x00000000f5580000)
  object space 93184K, 69% used [0x00000000e0000000,0x00000000e3f6ee00,0x00000000e5b00000)
 Metaspace       used 84431K, capacity 91768K, committed 92052K, reserved 1128448K
  class space    used 10264K, capacity 12572K, committed 12692K, reserved 1048576K
Event: 80.890 GC heap after
Heap after GC invocations=15 (full 3):
 PSYoungGen      total 140288K, used 2969K [0x00000000f5580000, 0x0000000100000000, 0x0000000100000000)
  eden space 105984K, 0% used [0x00000000f5580000,0x00000000f5580000,0x00000000fbd00000)
  from space 34304K, 8% used [0x00000000fde80000,0x00000000fe1665f8,0x0000000100000000)
  to   space 34304K, 0% used [0x00000000fbd00000,0x00000000fbd00000,0x00000000fde80000)
 ParOldGen       total 93184K, used 73280K [0x00000000e0000000, 0x00000000e5b00000, 0x00000000f5580000)
  object space 93184K, 78% used [0x00000000e0000000,0x00000000e4790018,0x00000000e5b00000)
 Metaspace       used 84431K, capacity 91768K, committed 92052K, reserved 1128448K
  class space    used 10264K, capacity 12572K, committed 12692K, reserved 1048576K
}
Event: 80.890 GC heap before
{Heap before GC invocations=16 (full 4):
 PSYoungGen      total 140288K, used 2969K [0x00000000f5580000, 0x0000000100000000, 0x0000000100000000)
  eden space 105984K, 0% used [0x00000000f5580000,0x00000000f5580000,0x00000000fbd00000)
  from space 34304K, 8% used [0x00000000fde80000,0x00000000fe1665f8,0x0000000100000000)
  to   space 34304K, 0% used [0x00000000fbd00000,0x00000000fbd00000,0x00000000fde80000)
 ParOldGen       total 93184K, used 73280K [0x00000000e0000000, 0x00000000e5b00000, 0x00000000f5580000)
  object space 93184K, 78% used [0x00000000e0000000,0x00000000e4790018,0x00000000e5b00000)
 Metaspace       used 84431K, capacity 91768K, committed 92052K, reserved 1128448K
  class space    used 10264K, capacity 12572K, committed 12692K, reserved 1048576K
Event: 81.505 GC heap after
Heap after GC invocations=16 (full 4):
 PSYoungGen      total 140288K, used 0K [0x00000000f5580000, 0x0000000100000000, 0x0000000100000000)
  eden space 105984K, 0% used [0x00000000f5580000,0x00000000f5580000,0x00000000fbd00000)
  from space 34304K, 0% used [0x00000000fde80000,0x00000000fde80000,0x0000000100000000)
  to   space 34304K, 0% used [0x00000000fbd00000,0x00000000fbd00000,0x00000000fde80000)
 ParOldGen       total 93184K, used 66432K [0x00000000e0000000, 0x00000000e5b00000, 0x00000000f5580000)
  object space 93184K, 71% used [0x00000000e0000000,0x00000000e40e0148,0x00000000e5b00000)
 Metaspace       used 84431K, capacity 91768K, committed 92052K, reserved 1128448K
  class space    used 10264K, capacity 12572K, committed 12692K, reserved 1048576K
}
Event: 105.437 GC heap before
{Heap before GC invocations=17 (full 4):
 PSYoungGen      total 140288K, used 105984K [0x00000000f5580000, 0x0000000100000000, 0x0000000100000000)
  eden space 105984K, 100% used [0x00000000f5580000,0x00000000fbd00000,0x00000000fbd00000)
  from space 34304K, 0% used [0x00000000fde80000,0x00000000fde80000,0x0000000100000000)
  to   space 34304K, 0% used [0x00000000fbd00000,0x00000000fbd00000,0x00000000fde80000)
 ParOldGen       total 93184K, used 66432K [0x00000000e0000000, 0x00000000e5b00000, 0x00000000f5580000)
  object space 93184K, 71% used [0x00000000e0000000,0x00000000e40e0148,0x00000000e5b00000)
 Metaspace       used 86063K, capacity 93430K, committed 93588K, reserved 1130496K
  class space    used 10372K, capacity 12650K, committed 12692K, reserved 1048576K
Event: 105.445 GC heap after
Heap after GC invocations=17 (full 4):
 PSYoungGen      total 110080K, used 3966K [0x00000000f5580000, 0x00000000fff00000, 0x0000000100000000)
  eden space 105984K, 0% used [0x00000000f5580000,0x00000000f5580000,0x00000000fbd00000)
  from space 4096K, 96% used [0x00000000fbd00000,0x00000000fc0dfb50,0x00000000fc100000)
  to   space 33792K, 0% used [0x00000000fde00000,0x00000000fde00000,0x00000000fff00000)
 ParOldGen       total 93184K, used 66440K [0x00000000e0000000, 0x00000000e5b00000, 0x00000000f5580000)
  object space 93184K, 71% used [0x00000000e0000000,0x00000000e40e2148,0x00000000e5b00000)
 Metaspace       used 86063K, capacity 93430K, committed 93588K, reserved 1130496K
  class space    used 10372K, capacity 12650K, committed 12692K, reserved 1048576K
}

Deoptimization events (10 events):
Event: 140.348 Thread 0x000000001b4d8800 Uncommon trap: reason=class_check action=maybe_recompile pc=0x0000000004700168 method=org.eclipse.e4.core.internal.contexts.ContextObjectSupplier$ContextInjectionListener.update(Lorg/eclipse/e4/core/contexts/IEclipseContext;I[Ljava/lang/Object;)Z @ 173
Event: 140.349 Thread 0x000000001b4d8800 Uncommon trap: reason=class_check action=maybe_recompile pc=0x00000000046b18f4 method=org.eclipse.e4.core.internal.contexts.TrackableComputationExt.update(Lorg/eclipse/e4/core/internal/contexts/ContextChangeEvent;)Z @ 62
Event: 140.349 Thread 0x000000001b4d8800 Uncommon trap: reason=class_check action=maybe_recompile pc=0x0000000004700168 method=org.eclipse.e4.core.internal.contexts.ContextObjectSupplier$ContextInjectionListener.update(Lorg/eclipse/e4/core/contexts/IEclipseContext;I[Ljava/lang/Object;)Z @ 173
Event: 140.411 Thread 0x000000001b511000 Uncommon trap: reason=unstable_if action=reinterpret pc=0x0000000002b03248 method=org.eclipse.ui.PlatformUI.isWorkbenchRunning()Z @ 12
Event: 140.411 Thread 0x000000001b511000 Uncommon trap: reason=unstable_if action=reinterpret pc=0x00000000031c6cf0 method=java.lang.Character.isSurrogate(C)Z @ 3
Event: 140.452 Thread 0x000000001b4d8800 Uncommon trap: reason=unstable_if action=reinterpret pc=0x0000000002a427e4 method=org.eclipse.swt.graphics.Resource.dispose()V @ 15
Event: 141.000 Thread 0x000000001b4d8800 Uncommon trap: reason=unstable_if action=reinterpret pc=0x00000000031278b8 method=org.eclipse.osgi.internal.hooks.EclipseLazyStarter.shouldActivateFor(Ljava/lang/String;Lorg/eclipse/osgi/container/Module;Lorg/eclipse/osgi/container/ModuleRevision;Lorg/ecli©÷uœ. a@
Event: 141.006 Thread 0x0000000019705000 Uncommon trap: reason=unstable_if action=reinterpret pc=0x0000000003370700 method=org.eclipse.core.internal.jobs.JobManager.startJob(Lorg/eclipse/core/internal/jobs/Worker;)Lorg/eclipse/core/runtime/jobs/Job; @ 20
Event: 141.013 Thread 0x0000000016270000 Uncommon trap: reason=unstable_if action=reinterpret pc=0x0000000002f1ce24 method=org.eclipse.osgi.internal.framework.BundleContextImpl.dispatchEvent(Ljava/lang/Object;Ljava/lang/Object;ILjava/lang/Object;)V @ 16
Event: 141.111 Thread 0x000000001b4d8800 Uncommon trap: reason=unstable_if action=reinterpret pc=0x0000000003ea7be4 method=sun.reflect.UnsafeStaticObjectFieldAccessorImpl.set(Ljava/lang/Object;Ljava/lang/Object;)V @ 13

Internal exceptions (10 events):
Event: 105.421 Thread 0x00000000022e8000 Exception <a 'java/io/FileNotFoundException'> (0x00000000fb99a1e8) thrown at [C:\re\workspace\8-2-build-windows-amd64-cygwin\jdk8u66\5298\hotspot\src\share\vm\prims\jni.cpp, line 709]
Event: 107.366 Thread 0x0000000019706800 Exception <a 'java/io/FileNotFoundException'> (0x00000000f68c3df8) thrown at [C:\re\workspace\8-2-build-windows-amd64-cygwin\jdk8u66\5298\hotspot\src\share\vm\prims\jni.cpp, line 709]
Event: 107.539 Thread 0x0000000019706800 Exception <a 'java/io/FileNotFoundException'> (0x00000000f6962ff8) thrown at [C:\re\workspace\8-2-build-windows-amd64-cygwin\jdk8u66\5298\hotspot\src\share\vm\prims\jni.cpp, line 709]
Event: 139.702 Thread 0x00000000022e8000 Implicit null exception at 0x000000000280b515 to 0x000000000280b94d
Event: 140.408 Thread 0x0000000016b47800 Exception <a 'java/lang/InterruptedException'> (0x00000000fab44478) thrown at [C:\re\workspace\8-2-build-windows-amd64-cygwin\jdk8u66\5298\hotspot\src\share\vm\runtime\objectMonitor.cpp, line 1683]
Event: 141.078 Thread 0x0000000019706000 Exception <a 'java/lang/InterruptedException'> (0x00000000fa70f848) thrown at [C:\re\workspace\8-2-build-windows-amd64-cygwin\jdk8u66\5298\hotspot\src\share\vm\runtime\objectMonitor.cpp, line 1683]
Event: 141.111 Thread 0x000000001b4d8800 Implicit null exception at 0x0000000003ea77d7 to 0x0000000003ea7bd1
Event: 141.112 Thread 0x0000000016270000 Exception <a 'java/lang/InterruptedException'> (0x00000000fadff2e0) thrown at [C:\re\workspace\8-2-build-windows-amd64-cygwin\jdk8u66\5298\hotspot\src\share\vm\runtime\objectMonitor.cpp, line 1683]
Event: 141.125 Thread 0x0000000019708000 Exception <a 'java/lang/InterruptedException'> (0x00000000f8527060) thrown at [C:\re\workspace\8-2-build-windows-amd64-cygwin\jdk8u66\5298\hotspot\src\share\vm\runtime\objectMonitor.cpp, line 1683]
Event: 141.125 Thread 0x0000000015a30800 Exception <a 'java/lang/InterruptedException'> (0x00000000fb084878) thrown at [C:\re\workspace\8-2-build-windows-amd64-cygwin\jdk8u66\5298\hotspot\src\share\vm\runtime\objectMonitor.cpp, line 1683]

Events (10 events):
Event: 141.130 loading class java/util/IdentityHashMap$KeySet
Event: 141.130 loading class java/util/IdentityHashMap$KeySet done
Event: 141.130 loading class java/util/IdentityHashMap$KeyIterator
Event: 141.130 loading class java/util/IdentityHashMap$IdentityHashMapIterator
Event: 141.130 loading class java/util/IdentityHashMap$IdentityHashMapIterator done
Event: 141.130 loading class java/util/IdentityHashMap$KeyIterator done
Event: 141.130 Thread 0x000000001b4d8800 Thread added: 0x000000001b4d8800
Event: 141.131 Thread 0x000000001b4d8800 Thread exited: 0x000000001b4d8800
Event: 141.131 Thread 0x0000000013772800 Thread exited: 0x0000000013772800
Event: 141.131 Executing VM operation: Exit


Dynamic libraries:
0x0000000000400000 - 0x000000000044f000 	C:\Xilinx\SDK\2016.4\eclipse\win64.o\eclipse.exe
0x00000000778d0000 - 0x0000000077a7a000 	C:\Windows\SYSTEM32\ntdll.dll
0x00000000776b0000 - 0x00000000777cf000 	C:\Windows\system32\kernel32.dll
0x000007fefd890000 - 0x000007fefd8fa000 	C:\Windows\system32\KERNELBASE.dll
0x00000000777d0000 - 0x00000000778ca000 	C:\Windows\system32\USER32.dll
0x000007feff330000 - 0x000007feff397000 	C:\Windows\system32\GDI32.dll
0x000007fefda60000 - 0x000007fefda6e000 	C:\Windows\system32\LPK.dll
0x000007feff980000 - 0x000007feffa4b000 	C:\Windows\system32\USP10.dll
0x000007fefe2f0000 - 0x000007fefe38f000 	C:\Windows\system32\msvcrt.dll
0x000007fefbc50000 - 0x000007fefbe44000 	C:\Windows\WinSxS\amd64_microsoft.windows.common-controls_6595b64144ccf1df_6.0.7601.18837_none_fa3b1e3d17594757\COMCTL32.dll
0x000007fefe410000 - 0x000007fefe481000 	C:\Windows\system32\SHLWAPI.dll
0x000007fefe150000 - 0x000007fefe17e000 	C:\Windows\system32\IMM32.DLL
0x000007fefe490000 - 0x000007fefe599000 	C:\Windows\system32\MSCTF.dll
0x0000000072000000 - 0x0000000072012000 	C:\Xilinx\SDK\2016.4\eclipse\win64.o\plugins\org.eclipse.equinox.launcher.win32.win32.x86_64_1.1.300.v20150602-1417\eclipse_1611.dll
0x000007feff8a0000 - 0x000007feff97b000 	C:\Windows\system32\ADVAPI32.dll
0x000007feff3b0000 - 0x000007feff3cf000 	C:\Windows\SYSTEM32\sechost.dll
0x000007fefde40000 - 0x000007fefdf6d000 	C:\Windows\system32\RPCRT4.dll
0x000007fefc6a0000 - 0x000007fefc6ac000 	C:\Windows\system32\VERSION.dll
0x000007fefbb60000 - 0x000007fefbbb6000 	C:\Windows\system32\uxtheme.dll
0x000007fee1dd0000 - 0x000007fee1e18000 	C:\Program Files (x86)\TeamViewer\tv_x64.dll
0x000007fefe5a0000 - 0x000007feff32b000 	C:\Windows\system32\SHELL32.dll
0x000007feff6a0000 - 0x000007feff89c000 	C:\Windows\system32\ole32.dll
0x0000000051b10000 - 0x0000000052399000 	C:\Xilinx\SDK\2016.4\tps\win64\jre\bin\server\jvm.dll
0x000007fefaeb0000 - 0x000007fefaeb9000 	C:\Windows\system32\WSOCK32.dll
0x000007fefe180000 - 0x000007fefe1cd000 	C:\Windows\system32\WS2_32.dll
0x000007feff3a0000 - 0x000007feff3a8000 	C:\Windows\system32\NSI.dll
0x000007fefa880000 - 0x000007fefa8bb000 	C:\Windows\system32\WINMM.dll
0x0000000077aa0000 - 0x0000000077aa7000 	C:\Windows\system32\PSAPI.DLL
0x000000006f5b0000 - 0x000000006f682000 	C:\Windows\system32\MSVCR100.dll
0x0000000073dd0000 - 0x0000000073ddf000 	C:\Xilinx\SDK\2016.4\tps\win64\jre\bin\verify.dll
0x00000000627a0000 - 0x00000000627c9000 	C:\Xilinx\SDK\2016.4\tps\win64\jre\bin\java.dll
0x0000000069c90000 - 0x0000000069ca6000 	C:\Xilinx\SDK\2016.4\tps\win64\jre\bin\zip.dll
0x000007fefd5d0000 - 0x000007fefd5df000 	C:\Windows\system32\profapi.dll
0x000007fefcdb0000 - 0x000007fefcdc8000 	C:\Windows\system32\CRYPTSP.dll
0x000007fefcab0000 - 0x000007fefcaf7000 	C:\Windows\system32\rsaenh.dll
0x000007fefd920000 - 0x000007fefd93e000 	C:\Windows\system32\USERENV.dll
0x000007fefd3c0000 - 0x000007fefd3cf000 	C:\Windows\system32\CRYPTBASE.dll
0x00000000694d0000 - 0x00000000694ea000 	C:\Xilinx\SDK\2016.4\tps\win64\jre\bin\net.dll
0x000007fefcd50000 - 0x000007fefcda5000 	C:\Windows\system32\mswsock.dll
0x000007fefcd40000 - 0x000007fefcd47000 	C:\Windows\System32\wship6.dll
0x000007fefaa70000 - 0x000007fefaa97000 	C:\Windows\system32\IPHLPAPI.DLL
0x000007fefa9c0000 - 0x000007fefa9cb000 	C:\Windows\system32\WINNSI.DLL
0x000007fefa7d0000 - 0x000007fefa7e1000 	C:\Windows\system32\dhcpcsvc6.DLL
0x000007fefa7b0000 - 0x000007fefa7c8000 	C:\Windows\system32\dhcpcsvc.DLL
0x0000000062780000 - 0x0000000062791000 	C:\Xilinx\SDK\2016.4\tps\win64\jre\bin\nio.dll
0x000007fefdda0000 - 0x000007fefde39000 	C:\Windows\system32\CLBCatQ.DLL
0x000007fefd980000 - 0x000007fefda5a000 	C:\Windows\system32\OLEAUT32.dll
0x000007fefb400000 - 0x000007fefb415000 	C:\Windows\system32\NLAapi.dll
0x000007fef45a0000 - 0x000007fef45b5000 	C:\Windows\system32\napinsp.dll
0x000007fef4580000 - 0x000007fef4599000 	C:\Windows\system32\pnrpnsp.dll
0x000007fefcbd0000 - 0x000007fefcc2b000 	C:\Windows\system32\DNSAPI.dll
0x000007fef57f0000 - 0x000007fef57fb000 	C:\Windows\System32\winrnr.dll
0x000007fefc770000 - 0x000007fefc777000 	C:\Windows\System32\wshtcpip.dll
0x000007fef5340000 - 0x000007fef5348000 	C:\Windows\system32\rasadhlp.dll
0x000007fefa920000 - 0x000007fefa973000 	C:\Windows\System32\fwpuclnt.dll
0x00000000172b0000 - 0x0000000017358000 	C:\Users\shlab_61\.Xilinx\SDK\2016.4\org.eclipse.osgi\319\0\.cp\swt-win32-4527.dll
0x000007fefe250000 - 0x000007fefe2e7000 	C:\Windows\system32\comdlg32.dll
0x000007fef4df0000 - 0x000007fef4e61000 	C:\Windows\system32\WINSPOOL.DRV
0x000007fefda70000 - 0x000007fefdd91000 	C:\Windows\system32\WININET.dll
0x000007fefd6a0000 - 0x000007fefd6a4000 	C:\Windows\system32\api-ms-win-downlevel-user32-l1-1-0.dll
0x000007fefd900000 - 0x000007fefd904000 	C:\Windows\system32\api-ms-win-downlevel-shlwapi-l1-1-0.dll
0x000007fefd690000 - 0x000007fefd694000 	C:\Windows\system32\api-ms-win-downlevel-version-l1-1-0.dll
0x000007fefd6b0000 - 0x000007fefd6b3000 	C:\Windows\system32\api-ms-win-downlevel-normaliz-l1-1-0.dll
0x0000000077a90000 - 0x0000000077a93000 	C:\Windows\system32\normaliz.DLL
0x000007feff3d0000 - 0x000007feff69a000 	C:\Windows\system32\iertutil.dll
0x000007fefd5e0000 - 0x000007fefd5e5000 	C:\Windows\system32\api-ms-win-downlevel-advapi32-l1-1-0.dll
0x000007fefd720000 - 0x000007fefd88d000 	C:\Windows\system32\CRYPT32.dll
0x000007fefd5c0000 - 0x000007fefd5cf000 	C:\Windows\system32\MSASN1.dll
0x000007fefa730000 - 0x000007fefa748000 	C:\Windows\system32\dwmapi.dll
0x000007fefbe50000 - 0x000007fefbf7c000 	C:\Windows\system32\propsys.dll
0x0000000017040000 - 0x000000001705e000 	C:\Users\shlab_61\.Xilinx\SDK\2016.4\org.eclipse.osgi\319\0\.cp\swt-gdip-win32-4527.dll
0x000007fefb940000 - 0x000007fefbb57000 	C:\Windows\WinSxS\amd64_microsoft.windows.gdiplus_6595b64144ccf1df_1.1.7601.23807_none_14556b8e8b95d1fc\gdiplus.dll
0x000007fefa460000 - 0x000007fefa5c1000 	C:\Windows\system32\WindowsCodecs.dll
0x0000000180000000 - 0x0000000180012000 	C:\Users\shlab_61\.Xilinx\SDK\2016.4\org.eclipse.osgi\133\0\.cp\os\win32\x86_64\localfile_1_0_0.dll
0x000007fef9c90000 - 0x000007fef9ce4000 	C:\Windows\system32\oleacc.dll
0x000007fef9bc0000 - 0x000007fef9bc7000 	C:\Windows\system32\msimg32.dll
0x000007fefd510000 - 0x000007fefd524000 	C:\Windows\system32\RpcRtRemote.dll
0x000007fefd470000 - 0x000007fefd4c7000 	C:\Windows\system32\apphelp.dll
0x000007fef2660000 - 0x000007fef2671000 	C:\Users\shlab_61\.Xilinx\SDK\2016.4\org.eclipse.osgi\136\0\.cp\jWinHttp-1.0.0.dll
0x000007fef6a40000 - 0x000007fef6ab1000 	C:\Windows\system32\WINHTTP.dll
0x000007fef69d0000 - 0x000007fef6a34000 	C:\Windows\system32\webio.dll
0x000007fefd390000 - 0x000007fefd3b5000 	C:\Windows\system32\SspiCli.dll
0x000007fefc980000 - 0x000007fefc98a000 	C:\Windows\system32\credssp.dll
0x000007fefd6e0000 - 0x000007fefd716000 	C:\Windows\system32\CFGMGR32.dll
0x000007fef4510000 - 0x000007fef451f000 	C:\Xilinx\SDK\2016.4\lib\win64.o\librdi_repo_manager.dll
0x000007feefce0000 - 0x000007feefd0a000 	C:\Xilinx\SDK\2016.4\lib\win64.o\libisl_sysinfo.dll
0x000007fee2690000 - 0x000007fee2764000 	C:\Windows\system32\MSVCR110.dll
0x000007fee2300000 - 0x000007fee23a7000 	C:\Windows\system32\MSVCP110.dll
0x000007feb6d10000 - 0x000007feb77ba000 	C:\Xilinx\SDK\2016.4\lib\win64.o\librdi_common.dll
0x000007feb7dc0000 - 0x000007feb812e000 	C:\Xilinx\SDK\2016.4\lib\win64.o\libCOIN-all.dll
0x000007febdff0000 - 0x000007febe20f000 	C:\Xilinx\SDK\2016.4\lib\win64.o\libXil_lmgr11.dll
0x000007fefb4c0000 - 0x000007fefb4d6000 	C:\Windows\system32\NETAPI32.dll
0x000007fefb4b0000 - 0x000007fefb4bc000 	C:\Windows\system32\netutils.dll
0x000007fefd120000 - 0x000007fefd143000 	C:\Windows\system32\srvcli.dll
0x000007fefb470000 - 0x000007fefb485000 	C:\Windows\system32\wkscli.dll
0x000007fefd940000 - 0x000007fefd97b000 	C:\Windows\system32\WINTRUST.dll
0x000007fefbc20000 - 0x000007fefbc30000 	C:\Xilinx\SDK\2016.4\lib\win64.o\libboost_date_time.dll
0x000007feefcb0000 - 0x000007feefcd4000 	C:\Xilinx\SDK\2016.4\lib\win64.o\libboost_filesystem.dll
0x000007fef4400000 - 0x000007fef4409000 	C:\Xilinx\SDK\2016.4\lib\win64.o\libboost_system.dll
0x000007feefc30000 - 0x000007feefca7000 	C:\Xilinx\SDK\2016.4\lib\win64.o\libboost_program_options.dll
0x000007feb92e0000 - 0x000007feb93e6000 	C:\Xilinx\SDK\2016.4\lib\win64.o\libboost_regex.dll
0x000007feefc10000 - 0x000007feefc23000 	C:\Xilinx\SDK\2016.4\lib\win64.o\libboost_signals.dll
0x000007fef2070000 - 0x000007fef208d000 	C:\Xilinx\SDK\2016.4\lib\win64.o\libboost_thread.dll
0x000007fef43d0000 - 0x000007fef43db000 	C:\Xilinx\SDK\2016.4\lib\win64.o\libboost_chrono.dll
0x000007fef2cc0000 - 0x000007fef2ccb000 	C:\Xilinx\SDK\2016.4\lib\win64.o\libboost_xilinx.dll
0x000007feefb90000 - 0x000007feefc10000 	C:\Xilinx\SDK\2016.4\lib\win64.o\libhdlpsolve.dll
0x000007feb9240000 - 0x000007feb92da000 	C:\Xilinx\SDK\2016.4\lib\win64.o\libhdxml.dll
0x000007feb8e70000 - 0x000007feb9239000 	C:\Xilinx\SDK\2016.4\lib\win64.o\libisl_iostreams.dll
0x000007fee0ff0000 - 0x000007fee1006000 	C:\Xilinx\SDK\2016.4\lib\win64.o\libboost_iostreams.dll
0x000007fee0fd0000 - 0x000007fee0fef000 	C:\Xilinx\SDK\2016.4\lib\win64.o\librdizlib.dll
0x000007fee0fa0000 - 0x000007fee0fc3000 	C:\Xilinx\SDK\2016.4\lib\win64.o\libisl_iosutils.dll
0x000007febdfd0000 - 0x000007febdfe5000 	C:\Xilinx\SDK\2016.4\lib\win64.o\pthreadVC2.dll
0x000007feb8e10000 - 0x000007feb8e63000 	C:\Xilinx\SDK\2016.4\lib\win64.o\librdi_commonxillic.dll
0x000007feb7c90000 - 0x000007feb7dc0000 	C:\Xilinx\SDK\2016.4\lib\win64.o\librdi_curl.dll
0x000007feb8df0000 - 0x000007feb8e08000 	C:\Xilinx\SDK\2016.4\lib\win64.o\librdiconfig.dll
0x0000000056640000 - 0x0000000056767000 	C:\Xilinx\SDK\2016.4\lib\win64.o\tcl85t.dll
0x00000000258b0000 - 0x0000000025b13000 	C:\Xilinx\SDK\2016.4\lib\win64.o\xerces-c_3_1.dll
0x000007feffa50000 - 0x000007feffbd5000 	C:\Windows\system32\urlmon.dll
0x000007fefd910000 - 0x000007fefd914000 	C:\Windows\system32\api-ms-win-downlevel-ole32-l1-1-0.dll
0x000007fef1d90000 - 0x000007fef1db3000 	C:\Windows\system32\VCOMP110.DLL
0x000007feb6910000 - 0x000007feb6b08000 	C:\Xilinx\SDK\2016.4\lib\win64.o\librdi_hsm.dll
0x000007feb7c40000 - 0x000007feb7c83000 	C:\Xilinx\SDK\2016.4\lib\win64.o\librdi_hdf.dll
0x000007feb62b0000 - 0x000007feb6578000 	C:\Xilinx\SDK\2016.4\lib\win64.o\librdi_ippcw.dll
0x000007feb6cf0000 - 0x000007feb6d06000 	C:\Xilinx\SDK\2016.4\eclipse\win64.o\plugins\org.eclipse.cdt.core.win32.x86_64_5.4.0.201509131935\os\win32\x86_64\spawner.dll
0x000007fef43a0000 - 0x000007fef43aa000 	C:\Xilinx\SDK\2016.4\lib\win64.o\librdi_jtag_settings.dll
0x000007feb6cc0000 - 0x000007feb6ce9000 	C:\Xilinx\SDK\2016.4\lib\win64.o\librdi_debug_dialog.dll
0x000007fef2850000 - 0x000007fef2858000 	C:\Xilinx\SDK\2016.4\lib\win64.o\librdi_target_manager.dll
0x0000000071080000 - 0x00000000710a6000 	C:\Xilinx\SDK\2016.4\eclipse\win64.o\plugins\gnu.io.rxtx.win32.x86_64_2.1.7.3_v20071015\os\win32\x86_64\rxtxSerial.dll

VM Arguments:
jvm_args: -Dcom.xilinx.sdk.args.hwspec=C:/Users/shlab_61/Downloads/0619_lab/0316303_0619/0316303_0619.sdk/lab6_wrapper.hdf -Xms64m -Xmx512m & 
java_command: <unknown>
java_class_path (initial): C:\Xilinx\SDK\2016.4\eclipse\win64.o\\plugins/org.eclipse.equinox.launcher_1.3.100.v20150511-1540.jar
Launcher Type: generic

Environment Variables:
PATH=C:/Xilinx/SDK/2016.4/tps/win64/jre/bin/server;C:/Xilinx/SDK/2016.4/tps/win64/jre/bin;C:/Xilinx/SDK/2016.4/tps/win64/jre/lib/amd64;C:\Xilinx\SDK\2016.4\gnuwin\bin;C:\Xilinx\SDK\2016.4\gnu\microblaze\nt\bin;C:\Xilinx\SDK\2016.4\gnu\microblaze\linux_toolchain\nt64_le\bin;C:\Xilinx\SDK\2016.4\gnu\microblaze\linux_toolchain\nt64_be\bin;C:\Xilinx\SDK\2016.4\gnu\arm\nt\bin;C:\Xilinx\SDK\2016.4\gnu\aarch64\nt\aarch64-none\bin;C:\Xilinx\SDK\2016.4\gnu\aarch64\nt\aarch64-linux\bin;C:\Xilinx\SDK\2016.4\gnu\armr5\nt\gcc-arm-none-eabi\bin;C:\Xilinx\SDK\2016.4\gnu\aarch32\nt\gcc-arm-none-eabi\bin;C:\Xilinx\SDK\2016.4\gnu\aarch32\nt\gcc-arm-linux-gnueabi\bin;C:\Xilinx\SDK\2016.4\tps\win64\cmake-3.3.2\bin;;C:\Xilinx\SDK\2016.4\bin;C:\Xilinx\SDK\2016.4\lib\win64.o;C:\Xilinx\SDK\2016.4\tps\win64\jre\bin\server;C:\Xilinx\SDK\2016.4\tps\win64\jre\bin;C:\Xilinx\Vivado\2016.4\ids_lite\ISE\bin\nt64;C:\Xilinx\Vivado\2016.4\ids_lite\ISE\lib\nt64;C:\Xilinx\Vivado\2016.4\bin;C:\Xilinx\Vivado\2016.4\lib\win64.o;C:\Xilinx\Vivado\2016.4\tps\win64\jre\bin\server;C:\Xilinx\Vivado\2016.4\tps\win64\jre\bin;C:\Xilinx\Vivado_HLS\2016.4\bin;C:\ProgramData\Oracle\Java\javapath;C:\Windows\system32;C:\Windows;C:\Windows\System32\Wbem;C:\Windows\System32\WindowsPowerShell\v1.0\;C:\Program Files (x86)\Intel\OpenCL SDK\2.0\bin\x86;C:\Program Files (x86)\Intel\OpenCL SDK\2.0\bin\x64;c:\Users\shlab_61\Downloads\0619_lab\0316303_0619;
USERNAME=shlab_61
OS=Windows_NT
PROCESSOR_IDENTIFIER=Intel64 Family 6 Model 58 Stepping 9, GenuineIntel



---------------  S Y S T E M  ---------------

OS: Windows 7 , 64 bit Build 7601 (6.1.7601.23807)

CPU:total 4 (2 cores per cpu, 2 threads per core) family 6 model 58 stepping 9, cmov, cx8, fxsr, mmx, sse, sse2, sse3, ssse3, sse4.1, sse4.2, popcnt, avx, clmul, erms, ht, tsc, tscinvbit, tscinv

Memory: 4k page, physical 16462528k(4992628k free), swap 32923196k(19952980k free)

vm_info: Java HotSpot(TM) 64-Bit Server VM (25.66-b18) for windows-amd64 JRE (1.8.0_66-b18), built on Nov  9 2015 10:51:13 by "java_re" with MS VC++ 10.0 (VS2010)

time: Tue Jun 20 21:06:21 2017
elapsed time: 141 seconds (0d 0h 2m 21s)

