#
# A fatal error has been detected by the Java Runtime Environment:
#
#  Internal Error (0xc000000d), pid=10760, tid=3744
#
# JRE version: Java(TM) SE Runtime Environment (8.0_66-b18) (build 1.8.0_66-b18)
# Java VM: Java HotSpot(TM) 64-Bit Server VM (25.66-b18 mixed mode windows-amd64 compressed oops)
# Problematic frame:
# C  [ntdll.dll+0x96ccf]
#
# Failed to write core dump. Minidumps are not enabled by default on client versions of Windows
#
# If you would like to submit a bug report, please visit:
#   http://bugreport.java.com/bugreport/crash.jsp
#

---------------  T H R E A D  ---------------

Current thread (0x00000000137ac000):  VMThread [stack: 0x0000000014810000,0x0000000014910000] [id=3744]

siginfo: ExceptionCode=0xc000000d

Registers:
RAX=0x000000006047c315, RBX=0x0000000000000000, RCX=0x000000001490ed10, RDX=0x0000000000000000
RSP=0x000000001490f320, RBP=0x00000000003090a0, RSI=0x000007fee2697408, RDI=0x000000001490f468
R8 =0x0000000000000000, R9 =0x0000000000000000, R10=0x0000000000000000, R11=0x0000000000000246
R12=0x0000000024db21a0, R13=0x0000000024db2170, R14=0x00000000003091a8, R15=0x0000000000000000
RIP=0x0000000077966ccf, EFLAGS=0x0000000000000202

Top of Stack: (sp=0x000000001490f320)
0x000000001490f320:   0000000000000000 000007fee2697408
0x000000001490f330:   000000001490f468 0000000000000000
0x000000001490f340:   0000000000000050 0000000000290000
0x000000001490f350:   0000000000000000 0000000000000000
0x000000001490f360:   0000000000000002 000000007791dd48
0x000000001490f370:   00000000c000000d 0000000000000000
0x000000001490f380:   0000000077966ccf 0000000000000000
0x000000001490f390:   0000000000000000 0000000000000000
0x000000001490f3a0:   0000000000000000 0000000000000000
0x000000001490f3b0:   0000000000000000 0000000000000000
0x000000001490f3c0:   0000000000000000 0000000000000000
0x000000001490f3d0:   0000000000000000 0000000000000000
0x000000001490f3e0:   0000000000000000 0000000000000000
0x000000001490f3f0:   0000000000000000 0000000000000000
0x000000001490f400:   0000000000000000 0000000024db21a0
0x000000001490f410:   0000000000000c88 00000000776f34a8 

Instructions: (pc=0x0000000077966ccf)
0x0000000077966caf:   5d 6c fb ff b9 57 00 00 00 c7 44 24 50 0d 00 00
0x0000000077966cbf:   c0 e8 4b 6f fb ff 48 8d 4c 24 50 e8 41 1c f8 ff
0x0000000077966ccf:   4c 8b 1d 02 67 09 00 4d 85 db 74 5b 65 48 8b 04
0x0000000077966cdf:   25 30 00 00 00 f6 80 ee 17 00 00 08 74 12 65 48 


Register to memory mapping:

RAX=0x000000006047c315 is an unknown value
RBX=0x0000000000000000 is an unknown value
RCX=0x000000001490ed10 is an unknown value
RDX=0x0000000000000000 is an unknown value
RSP=0x000000001490f320 is an unknown value
RBP=0x00000000003090a0 is an unknown value
RSI=0x000007fee2697408 is an unknown value
RDI=0x000000001490f468 is an unknown value
R8 =0x0000000000000000 is an unknown value
R9 =0x0000000000000000 is an unknown value
R10=0x0000000000000000 is an unknown value
R11=0x0000000000000246 is an unknown value
R12=0x0000000024db21a0 is an unknown value
R13=0x0000000024db2170 is an unknown value
R14=0x00000000003091a8 is an unknown value
R15=0x0000000000000000 is an unknown value


Stack: [0x0000000014810000,0x0000000014910000],  sp=0x000000001490f320,  free space=1020k
Native frames: (J=compiled Java code, j=interpreted, Vv=VM code, C=native code)
C  [ntdll.dll+0x96ccf]
C  [kernel32.dll+0x434a8]
C  [MSVCR110.dll+0x752d]
C  [MSVCR110.dll+0x73c6]
C  [MSVCR110.dll+0x14cca]
C  [MSVCR110.dll+0x13edc]
C  [MSVCR110.dll+0x239e]
C  [MSVCR110.dll+0xaf9e]
C  [MSVCP110.dll+0x397b9]
C  [librdi_common.dll+0x183a66]
C  [librdi_common.dll+0x1826fb]
C  [librdi_target_manager.dll+0x2400]
C  [librdi_target_manager.dll+0x2682]
C  [ntdll.dll+0x22ac1]
C  [ntdll.dll+0x228d0]
C  [MSVCR100.dll+0x20ccd]
V  [jvm.dll+0x210cc5]
V  [jvm.dll+0x249897]
V  [jvm.dll+0x248b36]
V  [jvm.dll+0x248fd1]
V  [jvm.dll+0x2491ee]
V  [jvm.dll+0x29a0fa]
C  [MSVCR100.dll+0x21d9f]
C  [MSVCR100.dll+0x21e3b]
C  [kernel32.dll+0x159cd]
C  [ntdll.dll+0x2a561]

VM_Operation (0x000000000012f4c0): Exit, mode: safepoint, requested by thread 0x0000000002208000


---------------  P R O C E S S  ---------------

Java Threads: ( => current thread )
  0x000000001f917000 JavaThread "Spawner Reaper" daemon [_thread_in_native, id=1308, stack(0x00000000293a0000,0x00000000294a0000)]
  0x000000001fcb2000 JavaThread "pool-2-thread-3" [_thread_blocked, id=10624, stack(0x00000000287b0000,0x00000000288b0000)]
  0x000000001b29c000 JavaThread "pool-2-thread-2" [_thread_blocked, id=2484, stack(0x00000000285b0000,0x00000000286b0000)]
  0x000000001f919000 JavaThread "pool-2-thread-1" [_thread_blocked, id=7044, stack(0x0000000026960000,0x0000000026a60000)]
  0x000000001f916000 JavaThread "Thread-29" daemon [_thread_blocked, id=10428, stack(0x0000000026360000,0x0000000026460000)]
  0x0000000016d4b800 JavaThread "TCF Channel Transmitter" daemon [_thread_blocked, id=2268, stack(0x0000000025c60000,0x0000000025d60000)]
  0x0000000016d48800 JavaThread "TCF Channel Receiver" daemon [_thread_in_native, id=9924, stack(0x0000000024490000,0x0000000024590000)]
  0x0000000021063000 JavaThread "Process monitor" daemon [_thread_in_native, id=6328, stack(0x0000000025b60000,0x0000000025c60000)]
  0x0000000021064000 JavaThread "Input Stream Monitor" daemon [_thread_blocked, id=5684, stack(0x0000000025a60000,0x0000000025b60000)]
  0x0000000021062800 JavaThread "Output Stream Monitor" daemon [_thread_in_native, id=7900, stack(0x0000000025960000,0x0000000025a60000)]
  0x0000000021061800 JavaThread "Output Stream Monitor" daemon [_thread_in_native, id=10904, stack(0x0000000025350000,0x0000000025450000)]
  0x000000002105d000 JavaThread "TCF Locator DNS Lookup" daemon [_thread_blocked, id=10036, stack(0x000000001bc00000,0x000000001bd00000)]
  0x0000000016fd6000 JavaThread "TCF Locator Timer" daemon [_thread_blocked, id=4660, stack(0x000000001bb00000,0x000000001bc00000)]
  0x0000000016fd5000 JavaThread "TCF Locator Receiver" daemon [_thread_in_native, id=8176, stack(0x000000001ba00000,0x000000001bb00000)]
  0x0000000016fd3800 JavaThread "TCF Timer Dispatcher" daemon [_thread_blocked, id=10236, stack(0x000000001b800000,0x000000001b900000)]
  0x0000000016d6c000 JavaThread "EMF Reference Cleaner" daemon [_thread_blocked, id=1768, stack(0x0000000017ee0000,0x0000000017fe0000)]
  0x0000000014b3b800 JavaThread "Service Thread" daemon [_thread_blocked, id=8376, stack(0x0000000015410000,0x0000000015510000)]
  0x0000000014b2e000 JavaThread "C1 CompilerThread2" daemon [_thread_blocked, id=10656, stack(0x0000000015310000,0x0000000015410000)]
  0x0000000014b2d800 JavaThread "C2 CompilerThread1" daemon [_thread_blocked, id=2620, stack(0x0000000015210000,0x0000000015310000)]
  0x0000000014b1a800 JavaThread "C2 CompilerThread0" daemon [_thread_blocked, id=4728, stack(0x0000000015110000,0x0000000015210000)]
  0x000000001381e800 JavaThread "Attach Listener" daemon [_thread_blocked, id=1072, stack(0x0000000015010000,0x0000000015110000)]
  0x0000000013810000 JavaThread "Signal Dispatcher" daemon [_thread_blocked, id=3140, stack(0x0000000014f10000,0x0000000015010000)]
  0x00000000137b8800 JavaThread "Finalizer" daemon [_thread_blocked, id=9120, stack(0x0000000014a10000,0x0000000014b10000)]
  0x00000000137b1800 JavaThread "Reference Handler" daemon [_thread_blocked, id=6032, stack(0x0000000014910000,0x0000000014a10000)]
  0x0000000002208000 JavaThread "main" [_thread_blocked, id=8984, stack(0x0000000000030000,0x0000000000130000)]

Other Threads:
=>0x00000000137ac000 VMThread [stack: 0x0000000014810000,0x0000000014910000] [id=3744]

VM state:at safepoint (shutting down)

VM Mutex/Monitor currently owned by a thread:  ([mutex/lock_event])
[0x000000000027e310] Threads_lock - owner thread: 0x00000000137ac000

Heap:
 PSYoungGen      total 124928K, used 38842K [0x00000000f5580000, 0x00000000ff480000, 0x0000000100000000)
  eden space 90112K, 43% used [0x00000000f5580000,0x00000000f7b6e950,0x00000000fad80000)
  from space 34816K, 0% used [0x00000000fd280000,0x00000000fd280000,0x00000000ff480000)
  to   space 36352K, 0% used [0x00000000fad80000,0x00000000fad80000,0x00000000fd100000)
 ParOldGen       total 173056K, used 71076K [0x00000000e0000000, 0x00000000ea900000, 0x00000000f5580000)
  object space 173056K, 41% used [0x00000000e0000000,0x00000000e45693a0,0x00000000ea900000)
 Metaspace       used 96928K, capacity 104920K, committed 105240K, reserved 1140736K
  class space    used 11550K, capacity 14041K, committed 14120K, reserved 1048576K

Card table byte_map: [0x0000000011760000,0x0000000011870000] byte_map_base: 0x0000000011060000

Marking Bits: (ParMarkBitMap*) 0x0000000070a8a5b0
 Begin Bits: [0x0000000011d20000, 0x0000000012520000)
 End Bits:   [0x0000000012520000, 0x0000000012d20000)

Polling page: 0x0000000000260000

CodeCache: size=245760Kb used=47515Kb max_used=47856Kb free=198244Kb
 bounds [0x00000000023a0000, 0x00000000052c0000, 0x00000000113a0000]
 total_blobs=13414 nmethods=12505 adapters=817
 compilation: enabled

Compilation events (10 events):
Event: 260.747 Thread 0x0000000014b2e000 15501       3       java.util.ComparableTimSort::sort (219 bytes)
Event: 260.748 Thread 0x0000000014b2e000 nmethod 15501 0x000000000310ab10 code [0x000000000310ad00, 0x000000000310b398]
Event: 260.754 Thread 0x0000000014b2e000 15503       3       java.util.TimSort::mergeLo (659 bytes)
Event: 260.756 Thread 0x0000000014b2e000 nmethod 15503 0x0000000004fe0e10 code [0x0000000004fe1140, 0x0000000004fe32d8]
Event: 260.757 Thread 0x0000000014b2e000 15504       3       java.util.TimSort::mergeHi (732 bytes)
Event: 260.759 Thread 0x0000000014b2e000 nmethod 15504 0x0000000004329750 code [0x0000000004329a80, 0x000000000432bcb8]
Event: 260.760 Thread 0x0000000014b2e000 15505  s!   3       org.eclipse.osgi.storage.bundlefile.ZipBundleFile::close (64 bytes)
Event: 260.761 Thread 0x0000000014b2e000 nmethod 15505 0x00000000038560d0 code [0x00000000038562a0, 0x0000000003856c38]
Event: 260.762 Thread 0x0000000014b2e000 15506       3       org.eclipse.osgi.storage.bundlefile.BundleFile::setMruIndex (6 bytes)
Event: 260.762 Thread 0x0000000014b2e000 nmethod 15506 0x0000000003bad350 code [0x0000000003bad4a0, 0x0000000003bad5f0]

GC Heap History (10 events):
Event: 201.709 GC heap before
{Heap before GC invocations=24 (full 5):
 PSYoungGen      total 126464K, used 86016K [0x00000000f5580000, 0x00000000ffb80000, 0x0000000100000000)
  eden space 86016K, 100% used [0x00000000f5580000,0x00000000fa980000,0x00000000fa980000)
  from space 40448K, 0% used [0x00000000fd400000,0x00000000fd400000,0x00000000ffb80000)
  to   space 41984K, 0% used [0x00000000fa980000,0x00000000fa980000,0x00000000fd280000)
 ParOldGen       total 173056K, used 66681K [0x00000000e0000000, 0x00000000ea900000, 0x00000000f5580000)
  object space 173056K, 38% used [0x00000000e0000000,0x00000000e411e528,0x00000000ea900000)
 Metaspace       used 93671K, capacity 101350K, committed 101528K, reserved 1136640K
  class space    used 11241K, capacity 13731K, committed 13736K, reserved 1048576K
Event: 201.719 GC heap after
Heap after GC invocations=24 (full 5):
 PSYoungGen      total 128000K, used 8298K [0x00000000f5580000, 0x00000000ffb00000, 0x0000000100000000)
  eden space 86016K, 0% used [0x00000000f5580000,0x00000000f5580000,0x00000000fa980000)
  from space 41984K, 19% used [0x00000000fa980000,0x00000000fb19aa30,0x00000000fd280000)
  to   space 40448K, 0% used [0x00000000fd380000,0x00000000fd380000,0x00000000ffb00000)
 ParOldGen       total 173056K, used 66689K [0x00000000e0000000, 0x00000000ea900000, 0x00000000f5580000)
  object space 173056K, 38% used [0x00000000e0000000,0x00000000e4120528,0x00000000ea900000)
 Metaspace       used 93671K, capacity 101350K, committed 101528K, reserved 1136640K
  class space    used 11241K, capacity 13731K, committed 13736K, reserved 1048576K
}
Event: 225.913 GC heap before
{Heap before GC invocations=25 (full 5):
 PSYoungGen      total 128000K, used 94314K [0x00000000f5580000, 0x00000000ffb00000, 0x0000000100000000)
  eden space 86016K, 100% used [0x00000000f5580000,0x00000000fa980000,0x00000000fa980000)
  from space 41984K, 19% used [0x00000000fa980000,0x00000000fb19aa30,0x00000000fd280000)
  to   space 40448K, 0% used [0x00000000fd380000,0x00000000fd380000,0x00000000ffb00000)
 ParOldGen       total 173056K, used 66689K [0x00000000e0000000, 0x00000000ea900000, 0x00000000f5580000)
  object space 173056K, 38% used [0x00000000e0000000,0x00000000e4120528,0x00000000ea900000)
 Metaspace       used 95051K, capacity 102810K, committed 102936K, reserved 1138688K
  class space    used 11362K, capacity 13811K, committed 13864K, reserved 1048576K
Event: 225.920 GC heap after
Heap after GC invocations=25 (full 5):
 PSYoungGen      total 125952K, used 4114K [0x00000000f5580000, 0x00000000ff880000, 0x0000000100000000)
  eden space 88064K, 0% used [0x00000000f5580000,0x00000000f5580000,0x00000000fab80000)
  from space 37888K, 10% used [0x00000000fd380000,0x00000000fd7848e8,0x00000000ff880000)
  to   space 39424K, 0% used [0x00000000fab80000,0x00000000fab80000,0x00000000fd200000)
 ParOldGen       total 173056K, used 66697K [0x00000000e0000000, 0x00000000ea900000, 0x00000000f5580000)
  object space 173056K, 38% used [0x00000000e0000000,0x00000000e4122528,0x00000000ea900000)
 Metaspace       used 95051K, capacity 102810K, committed 102936K, reserved 1138688K
  class space    used 11362K, capacity 13811K, committed 13864K, reserved 1048576K
}
Event: 249.057 GC heap before
{Heap before GC invocations=26 (full 5):
 PSYoungGen      total 125952K, used 92178K [0x00000000f5580000, 0x00000000ff880000, 0x0000000100000000)
  eden space 88064K, 100% used [0x00000000f5580000,0x00000000fab80000,0x00000000fab80000)
  from space 37888K, 10% used [0x00000000fd380000,0x00000000fd7848e8,0x00000000ff880000)
  to   space 39424K, 0% used [0x00000000fab80000,0x00000000fab80000,0x00000000fd200000)
 ParOldGen       total 173056K, used 66697K [0x00000000e0000000, 0x00000000ea900000, 0x00000000f5580000)
  object space 173056K, 38% used [0x00000000e0000000,0x00000000e4122528,0x00000000ea900000)
 Metaspace       used 95932K, capacity 103938K, committed 104088K, reserved 1138688K
  class space    used 11453K, capacity 13910K, committed 13992K, reserved 1048576K
Event: 249.083 GC heap after
Heap after GC invocations=26 (full 5):
 PSYoungGen      total 127488K, used 7147K [0x00000000f5580000, 0x00000000ff780000, 0x0000000100000000)
  eden space 88064K, 0% used [0x00000000f5580000,0x00000000f5580000,0x00000000fab80000)
  from space 39424K, 18% used [0x00000000fab80000,0x00000000fb27aca8,0x00000000fd200000)
  to   space 37888K, 0% used [0x00000000fd280000,0x00000000fd280000,0x00000000ff780000)
 ParOldGen       total 173056K, used 66697K [0x00000000e0000000, 0x00000000ea900000, 0x00000000f5580000)
  object space 173056K, 38% used [0x00000000e0000000,0x00000000e4122528,0x00000000ea900000)
 Metaspace       used 95932K, capacity 103938K, committed 104088K, reserved 1138688K
  class space    used 11453K, capacity 13910K, committed 13992K, reserved 1048576K
}
Event: 250.177 GC heap before
{Heap before GC invocations=27 (full 5):
 PSYoungGen      total 127488K, used 10144K [0x00000000f5580000, 0x00000000ff780000, 0x0000000100000000)
  eden space 88064K, 3% used [0x00000000f5580000,0x00000000f586d6d8,0x00000000fab80000)
  from space 39424K, 18% used [0x00000000fab80000,0x00000000fb27aca8,0x00000000fd200000)
  to   space 37888K, 0% used [0x00000000fd280000,0x00000000fd280000,0x00000000ff780000)
 ParOldGen       total 173056K, used 66697K [0x00000000e0000000, 0x00000000ea900000, 0x00000000f5580000)
  object space 173056K, 38% used [0x00000000e0000000,0x00000000e4122528,0x00000000ea900000)
 Metaspace       used 95933K, capacity 103938K, committed 104088K, reserved 1138688K
  class space    used 11453K, capacity 13910K, committed 13992K, reserved 1048576K
Event: 250.190 GC heap after
Heap after GC invocations=27 (full 5):
 PSYoungGen      total 124928K, used 5538K [0x00000000f5580000, 0x00000000ff480000, 0x0000000100000000)
  eden space 90112K, 0% used [0x00000000f5580000,0x00000000f5580000,0x00000000fad80000)
  from space 34816K, 15% used [0x00000000fd280000,0x00000000fd7e89b8,0x00000000ff480000)
  to   space 36352K, 0% used [0x00000000fad80000,0x00000000fad80000,0x00000000fd100000)
 ParOldGen       total 173056K, used 66697K [0x00000000e0000000, 0x00000000ea900000, 0x00000000f5580000)
  object space 173056K, 38% used [0x00000000e0000000,0x00000000e4122528,0x00000000ea900000)
 Metaspace       used 95933K, capacity 103938K, committed 104088K, reserved 1138688K
  class space    used 11453K, capacity 13910K, committed 13992K, reserved 1048576K
}
Event: 250.190 GC heap before
{Heap before GC invocations=28 (full 6):
 PSYoungGen      total 124928K, used 5538K [0x00000000f5580000, 0x00000000ff480000, 0x0000000100000000)
  eden space 90112K, 0% used [0x00000000f5580000,0x00000000f5580000,0x00000000fad80000)
  from space 34816K, 15% used [0x00000000fd280000,0x00000000fd7e89b8,0x00000000ff480000)
  to   space 36352K, 0% used [0x00000000fad80000,0x00000000fad80000,0x00000000fd100000)
 ParOldGen       total 173056K, used 66697K [0x00000000e0000000, 0x00000000ea900000, 0x00000000f5580000)
  object space 173056K, 38% used [0x00000000e0000000,0x00000000e4122528,0x00000000ea900000)
 Metaspace       used 95933K, capacity 103938K, committed 104088K, reserved 1138688K
  class space    used 11453K, capacity 13910K, committed 13992K, reserved 1048576K
Event: 250.618 GC heap after
Heap after GC invocations=28 (full 6):
 PSYoungGen      total 124928K, used 0K [0x00000000f5580000, 0x00000000ff480000, 0x0000000100000000)
  eden space 90112K, 0% used [0x00000000f5580000,0x00000000f5580000,0x00000000fad80000)
  from space 34816K, 0% used [0x00000000fd280000,0x00000000fd280000,0x00000000ff480000)
  to   space 36352K, 0% used [0x00000000fad80000,0x00000000fad80000,0x00000000fd100000)
 ParOldGen       total 173056K, used 71076K [0x00000000e0000000, 0x00000000ea900000, 0x00000000f5580000)
  object space 173056K, 41% used [0x00000000e0000000,0x00000000e45693a0,0x00000000ea900000)
 Metaspace       used 95933K, capacity 103938K, committed 104088K, reserved 1138688K
  class space    used 11453K, capacity 13910K, committed 13992K, reserved 1048576K
}

Deoptimization events (10 events):
Event: 260.006 Thread 0x000000001b29a000 Uncommon trap: reason=class_check action=maybe_recompile pc=0x0000000003ff41b4 method=org.eclipse.e4.core.internal.contexts.TrackableComputationExt.update(Lorg/eclipse/e4/core/internal/contexts/ContextChangeEvent;)Z @ 62
Event: 260.006 Thread 0x000000001b29a000 Uncommon trap: reason=class_check action=maybe_recompile pc=0x00000000051e4080 method=org.eclipse.e4.core.internal.contexts.ContextObjectSupplier$ContextInjectionListener.update(Lorg/eclipse/e4/core/contexts/IEclipseContext;I[Ljava/lang/Object;)Z @ 173
Event: 260.043 Thread 0x0000000016d4e800 Uncommon trap: reason=unstable_if action=reinterpret pc=0x0000000003e2774c method=java.nio.charset.CharsetEncoder.encode(Ljava/nio/CharBuffer;Ljava/nio/ByteBuffer;Z)Ljava/nio/charset/CoderResult; @ 105
Event: 260.060 Thread 0x000000001b29a000 Uncommon trap: reason=unstable_if action=reinterpret pc=0x0000000004a6ff44 method=java.util.concurrent.CopyOnWriteArrayList.indexOf(Ljava/lang/Object;[Ljava/lang/Object;II)I @ 49
Event: 260.063 Thread 0x000000001b29a000 Uncommon trap: reason=unstable_if action=reinterpret pc=0x0000000004970824 method=org.eclipse.swt.graphics.Resource.dispose()V @ 15
Event: 260.068 Thread 0x000000001b29a000 Uncommon trap: reason=unstable_if action=reinterpret pc=0x00000000038fe5d8 method=sun.nio.cs.UTF_8$Encoder.encodeArrayLoop(Ljava/nio/CharBuffer;Ljava/nio/ByteBuffer;)Ljava/nio/charset/CoderResult; @ 87
Event: 260.095 Thread 0x00000000165d4000 Uncommon trap: reason=null_check action=make_not_entrant pc=0x0000000002bd1bbc method=org.eclipse.core.internal.runtime.Log.isLoggable(Lorg/osgi/framework/Bundle;Ljava/lang/String;I)Z @ 3
Event: 260.616 Thread 0x000000001b29a000 Uncommon trap: reason=unstable_if action=reinterpret pc=0x00000000033f6704 method=org.eclipse.osgi.internal.hooks.EclipseLazyStarter.shouldActivateFor(Ljava/lang/String;Lorg/eclipse/osgi/container/Module;Lorg/eclipse/osgi/container/ModuleRevision;Lorg/ecli(¯QžKp@
Event: 260.726 Thread 0x0000000016fcf000 Uncommon trap: reason=unstable_if action=reinterpret pc=0x0000000004cd5530 method=org.eclipse.core.internal.jobs.JobManager.nextJob()Lorg/eclipse/core/runtime/jobs/Job; @ 80
Event: 260.753 Thread 0x000000001b29a000 Uncommon trap: reason=unstable_if action=reinterpret pc=0x00000000026f2318 method=sun.reflect.UnsafeStaticObjectFieldAccessorImpl.set(Ljava/lang/Object;Ljava/lang/Object;)V @ 13

Internal exceptions (10 events):
Event: 256.900 Thread 0x0000000002208000 Exception <a 'java/io/IOException'> (0x00000000f5a401c8) thrown at [C:\re\workspace\8-2-build-windows-amd64-cygwin\jdk8u66\5298\hotspot\src\share\vm\prims\jni.cpp, line 709]
Event: 256.900 Thread 0x0000000002208000 Exception <a 'java/io/IOException'> (0x00000000f5a40828) thrown at [C:\re\workspace\8-2-build-windows-amd64-cygwin\jdk8u66\5298\hotspot\src\share\vm\prims\jni.cpp, line 709]
Event: 259.707 Thread 0x0000000002208000 Implicit null exception at 0x0000000003f5dc84 to 0x0000000003f5e519
Event: 260.042 Thread 0x0000000016d4a800 Exception <a 'java/lang/InterruptedException'> (0x00000000f74db808) thrown at [C:\re\workspace\8-2-build-windows-amd64-cygwin\jdk8u66\5298\hotspot\src\share\vm\runtime\objectMonitor.cpp, line 1683]
Event: 260.095 Thread 0x00000000165d4000 Implicit null exception at 0x0000000002bd1a62 to 0x0000000002bd1bad
Event: 260.725 Thread 0x0000000016fd1800 Exception <a 'java/lang/InterruptedException'> (0x00000000f7123420) thrown at [C:\re\workspace\8-2-build-windows-amd64-cygwin\jdk8u66\5298\hotspot\src\share\vm\runtime\objectMonitor.cpp, line 1683]
Event: 260.753 Thread 0x000000001b29a000 Implicit null exception at 0x00000000026f1f17 to 0x00000000026f2305
Event: 260.753 Thread 0x00000000165d4000 Exception <a 'java/lang/InterruptedException'> (0x00000000f78e4c88) thrown at [C:\re\workspace\8-2-build-windows-amd64-cygwin\jdk8u66\5298\hotspot\src\share\vm\runtime\objectMonitor.cpp, line 1683]
Event: 260.756 Thread 0x0000000016fd2000 Exception <a 'java/lang/InterruptedException'> (0x00000000f59b53a0) thrown at [C:\re\workspace\8-2-build-windows-amd64-cygwin\jdk8u66\5298\hotspot\src\share\vm\runtime\objectMonitor.cpp, line 1683]
Event: 260.757 Thread 0x0000000016331800 Exception <a 'java/lang/InterruptedException'> (0x00000000f7a691f8) thrown at [C:\re\workspace\8-2-build-windows-amd64-cygwin\jdk8u66\5298\hotspot\src\share\vm\runtime\objectMonitor.cpp, line 1683]

Events (10 events):
Event: 260.762 loading class java/util/IdentityHashMap$KeyIterator done
Event: 260.762 Thread 0x000000001b29a000 Thread added: 0x000000001b29a000
Event: 260.762 Executing VM operation: RevokeBias
Event: 260.762 Executing VM operation: RevokeBias done
Event: 260.762 Executing VM operation: RevokeBias
Event: 260.762 Executing VM operation: RevokeBias done
Event: 260.763 Thread 0x000000001b29a000 Thread exited: 0x000000001b29a000
Event: 260.763 Thread 0x0000000014b2e000 flushing nmethod 0x0000000002d22310
Event: 260.763 Thread 0x0000000014b2e000 flushing nmethod 0x0000000002d4de90
Event: 260.763 Executing VM operation: Exit


Dynamic libraries:
0x0000000000400000 - 0x000000000044f000 	C:\Xilinx\SDK\2016.4\eclipse\win64.o\eclipse.exe
0x00000000778d0000 - 0x0000000077a7a000 	C:\Windows\SYSTEM32\ntdll.dll
0x00000000776b0000 - 0x00000000777cf000 	C:\Windows\system32\kernel32.dll
0x000007fefd890000 - 0x000007fefd8fa000 	C:\Windows\system32\KERNELBASE.dll
0x00000000777d0000 - 0x00000000778ca000 	C:\Windows\system32\USER32.dll
0x000007feff330000 - 0x000007feff397000 	C:\Windows\system32\GDI32.dll
0x000007fefda60000 - 0x000007fefda6e000 	C:\Windows\system32\LPK.dll
0x000007feff980000 - 0x000007feffa4b000 	C:\Windows\system32\USP10.dll
0x000007fefe2f0000 - 0x000007fefe38f000 	C:\Windows\system32\msvcrt.dll
0x000007fefbc50000 - 0x000007fefbe44000 	C:\Windows\WinSxS\amd64_microsoft.windows.common-controls_6595b64144ccf1df_6.0.7601.18837_none_fa3b1e3d17594757\COMCTL32.dll
0x000007fefe410000 - 0x000007fefe481000 	C:\Windows\system32\SHLWAPI.dll
0x000007fefe150000 - 0x000007fefe17e000 	C:\Windows\system32\IMM32.DLL
0x000007fefe490000 - 0x000007fefe599000 	C:\Windows\system32\MSCTF.dll
0x0000000072000000 - 0x0000000072012000 	C:\Xilinx\SDK\2016.4\eclipse\win64.o\plugins\org.eclipse.equinox.launcher.win32.win32.x86_64_1.1.300.v20150602-1417\eclipse_1611.dll
0x000007feff8a0000 - 0x000007feff97b000 	C:\Windows\system32\ADVAPI32.dll
0x000007feff3b0000 - 0x000007feff3cf000 	C:\Windows\SYSTEM32\sechost.dll
0x000007fefde40000 - 0x000007fefdf6d000 	C:\Windows\system32\RPCRT4.dll
0x000007fefc6a0000 - 0x000007fefc6ac000 	C:\Windows\system32\VERSION.dll
0x000007fefbb60000 - 0x000007fefbbb6000 	C:\Windows\system32\uxtheme.dll
0x000007fee1dd0000 - 0x000007fee1e18000 	C:\Program Files (x86)\TeamViewer\tv_x64.dll
0x000007fefe5a0000 - 0x000007feff32b000 	C:\Windows\system32\SHELL32.dll
0x000007feff6a0000 - 0x000007feff89c000 	C:\Windows\system32\ole32.dll
0x0000000070280000 - 0x0000000070b09000 	C:\Xilinx\SDK\2016.4\tps\win64\jre\bin\server\jvm.dll
0x000007fefaeb0000 - 0x000007fefaeb9000 	C:\Windows\system32\WSOCK32.dll
0x000007fefe180000 - 0x000007fefe1cd000 	C:\Windows\system32\WS2_32.dll
0x000007feff3a0000 - 0x000007feff3a8000 	C:\Windows\system32\NSI.dll
0x000007fefa880000 - 0x000007fefa8bb000 	C:\Windows\system32\WINMM.dll
0x0000000077aa0000 - 0x0000000077aa7000 	C:\Windows\system32\PSAPI.DLL
0x000000006f5b0000 - 0x000000006f682000 	C:\Windows\system32\MSVCR100.dll
0x000000006bd60000 - 0x000000006bd6f000 	C:\Xilinx\SDK\2016.4\tps\win64\jre\bin\verify.dll
0x00000000627a0000 - 0x00000000627c9000 	C:\Xilinx\SDK\2016.4\tps\win64\jre\bin\java.dll
0x0000000069c90000 - 0x0000000069ca6000 	C:\Xilinx\SDK\2016.4\tps\win64\jre\bin\zip.dll
0x000007fefd5d0000 - 0x000007fefd5df000 	C:\Windows\system32\profapi.dll
0x000007fefcdb0000 - 0x000007fefcdc8000 	C:\Windows\system32\CRYPTSP.dll
0x000007fefcab0000 - 0x000007fefcaf7000 	C:\Windows\system32\rsaenh.dll
0x000007fefd920000 - 0x000007fefd93e000 	C:\Windows\system32\USERENV.dll
0x000007fefd3c0000 - 0x000007fefd3cf000 	C:\Windows\system32\CRYPTBASE.dll
0x00000000654b0000 - 0x00000000654ca000 	C:\Xilinx\SDK\2016.4\tps\win64\jre\bin\net.dll
0x000007fefcd50000 - 0x000007fefcda5000 	C:\Windows\system32\mswsock.dll
0x000007fefcd40000 - 0x000007fefcd47000 	C:\Windows\System32\wship6.dll
0x000007fefaa70000 - 0x000007fefaa97000 	C:\Windows\system32\IPHLPAPI.DLL
0x000007fefa9c0000 - 0x000007fefa9cb000 	C:\Windows\system32\WINNSI.DLL
0x000007fefa7d0000 - 0x000007fefa7e1000 	C:\Windows\system32\dhcpcsvc6.DLL
0x000007fefa7b0000 - 0x000007fefa7c8000 	C:\Windows\system32\dhcpcsvc.DLL
0x00000000694d0000 - 0x00000000694e1000 	C:\Xilinx\SDK\2016.4\tps\win64\jre\bin\nio.dll
0x000007fefdda0000 - 0x000007fefde39000 	C:\Windows\system32\CLBCatQ.DLL
0x000007fefd980000 - 0x000007fefda5a000 	C:\Windows\system32\OLEAUT32.dll
0x000007fefb400000 - 0x000007fefb415000 	C:\Windows\system32\NLAapi.dll
0x000007fef45a0000 - 0x000007fef45b5000 	C:\Windows\system32\napinsp.dll
0x000007fef4580000 - 0x000007fef4599000 	C:\Windows\system32\pnrpnsp.dll
0x000007fefcbd0000 - 0x000007fefcc2b000 	C:\Windows\system32\DNSAPI.dll
0x000007fef57f0000 - 0x000007fef57fb000 	C:\Windows\System32\winrnr.dll
0x000007fefc770000 - 0x000007fefc777000 	C:\Windows\System32\wshtcpip.dll
0x000007fef5340000 - 0x000007fef5348000 	C:\Windows\system32\rasadhlp.dll
0x000007fefa920000 - 0x000007fefa973000 	C:\Windows\System32\fwpuclnt.dll
0x0000000017490000 - 0x0000000017538000 	C:\Users\shlab_61\.Xilinx\SDK\2016.4\org.eclipse.osgi\319\0\.cp\swt-win32-4527.dll
0x000007fefe250000 - 0x000007fefe2e7000 	C:\Windows\system32\comdlg32.dll
0x000007fef4df0000 - 0x000007fef4e61000 	C:\Windows\system32\WINSPOOL.DRV
0x000007fefda70000 - 0x000007fefdd91000 	C:\Windows\system32\WININET.dll
0x000007fefd6a0000 - 0x000007fefd6a4000 	C:\Windows\system32\api-ms-win-downlevel-user32-l1-1-0.dll
0x000007fefd900000 - 0x000007fefd904000 	C:\Windows\system32\api-ms-win-downlevel-shlwapi-l1-1-0.dll
0x000007fefd690000 - 0x000007fefd694000 	C:\Windows\system32\api-ms-win-downlevel-version-l1-1-0.dll
0x000007fefd6b0000 - 0x000007fefd6b3000 	C:\Windows\system32\api-ms-win-downlevel-normaliz-l1-1-0.dll
0x0000000077a90000 - 0x0000000077a93000 	C:\Windows\system32\normaliz.DLL
0x000007feff3d0000 - 0x000007feff69a000 	C:\Windows\system32\iertutil.dll
0x000007fefd5e0000 - 0x000007fefd5e5000 	C:\Windows\system32\api-ms-win-downlevel-advapi32-l1-1-0.dll
0x000007fefd720000 - 0x000007fefd88d000 	C:\Windows\system32\CRYPT32.dll
0x000007fefd5c0000 - 0x000007fefd5cf000 	C:\Windows\system32\MSASN1.dll
0x000007fefa730000 - 0x000007fefa748000 	C:\Windows\system32\dwmapi.dll
0x000007fefbe50000 - 0x000007fefbf7c000 	C:\Windows\system32\propsys.dll
0x0000000015e70000 - 0x0000000015e8e000 	C:\Users\shlab_61\.Xilinx\SDK\2016.4\org.eclipse.osgi\319\0\.cp\swt-gdip-win32-4527.dll
0x000007fefb940000 - 0x000007fefbb57000 	C:\Windows\WinSxS\amd64_microsoft.windows.gdiplus_6595b64144ccf1df_1.1.7601.23807_none_14556b8e8b95d1fc\gdiplus.dll
0x000007fefa460000 - 0x000007fefa5c1000 	C:\Windows\system32\WindowsCodecs.dll
0x0000000180000000 - 0x0000000180012000 	C:\Users\shlab_61\.Xilinx\SDK\2016.4\org.eclipse.osgi\133\0\.cp\os\win32\x86_64\localfile_1_0_0.dll
0x000007fef9c90000 - 0x000007fef9ce4000 	C:\Windows\system32\oleacc.dll
0x000007fef9bc0000 - 0x000007fef9bc7000 	C:\Windows\system32\msimg32.dll
0x000007fefd510000 - 0x000007fefd524000 	C:\Windows\system32\RpcRtRemote.dll
0x000007fefd470000 - 0x000007fefd4c7000 	C:\Windows\system32\apphelp.dll
0x000007fef2600000 - 0x000007fef2611000 	C:\Users\shlab_61\.Xilinx\SDK\2016.4\org.eclipse.osgi\136\0\.cp\jWinHttp-1.0.0.dll
0x000007fef6a40000 - 0x000007fef6ab1000 	C:\Windows\system32\WINHTTP.dll
0x000007fef69d0000 - 0x000007fef6a34000 	C:\Windows\system32\webio.dll
0x000007fefd390000 - 0x000007fefd3b5000 	C:\Windows\system32\SspiCli.dll
0x000007fefc980000 - 0x000007fefc98a000 	C:\Windows\system32\credssp.dll
0x000007fefd6e0000 - 0x000007fefd716000 	C:\Windows\system32\CFGMGR32.dll
0x000007fef4510000 - 0x000007fef451f000 	C:\Xilinx\SDK\2016.4\lib\win64.o\librdi_repo_manager.dll
0x000007feefce0000 - 0x000007feefd0a000 	C:\Xilinx\SDK\2016.4\lib\win64.o\libisl_sysinfo.dll
0x000007fee2690000 - 0x000007fee2764000 	C:\Windows\system32\MSVCR110.dll
0x000007fee2300000 - 0x000007fee23a7000 	C:\Windows\system32\MSVCP110.dll
0x000007feb52f0000 - 0x000007feb5d9a000 	C:\Xilinx\SDK\2016.4\lib\win64.o\librdi_common.dll
0x000007feb64e0000 - 0x000007feb684e000 	C:\Xilinx\SDK\2016.4\lib\win64.o\libCOIN-all.dll
0x000007feb6b40000 - 0x000007feb6d5f000 	C:\Xilinx\SDK\2016.4\lib\win64.o\libXil_lmgr11.dll
0x000007fefb4c0000 - 0x000007fefb4d6000 	C:\Windows\system32\NETAPI32.dll
0x000007fefb4b0000 - 0x000007fefb4bc000 	C:\Windows\system32\netutils.dll
0x000007fefd120000 - 0x000007fefd143000 	C:\Windows\system32\srvcli.dll
0x000007fefb470000 - 0x000007fefb485000 	C:\Windows\system32\wkscli.dll
0x000007fefd940000 - 0x000007fefd97b000 	C:\Windows\system32\WINTRUST.dll
0x000007fef43d0000 - 0x000007fef43e0000 	C:\Xilinx\SDK\2016.4\lib\win64.o\libboost_date_time.dll
0x000007feefcb0000 - 0x000007feefcd4000 	C:\Xilinx\SDK\2016.4\lib\win64.o\libboost_filesystem.dll
0x000007fef4400000 - 0x000007fef4409000 	C:\Xilinx\SDK\2016.4\lib\win64.o\libboost_system.dll
0x000007feefc30000 - 0x000007feefca7000 	C:\Xilinx\SDK\2016.4\lib\win64.o\libboost_program_options.dll
0x000007feb8e00000 - 0x000007feb8f06000 	C:\Xilinx\SDK\2016.4\lib\win64.o\libboost_regex.dll
0x000007feefc10000 - 0x000007feefc23000 	C:\Xilinx\SDK\2016.4\lib\win64.o\libboost_signals.dll
0x000007feefbf0000 - 0x000007feefc0d000 	C:\Xilinx\SDK\2016.4\lib\win64.o\libboost_thread.dll
0x000007fef43a0000 - 0x000007fef43ab000 	C:\Xilinx\SDK\2016.4\lib\win64.o\libboost_chrono.dll
0x000007fef2cc0000 - 0x000007fef2ccb000 	C:\Xilinx\SDK\2016.4\lib\win64.o\libboost_xilinx.dll
0x000007fee0fe0000 - 0x000007fee1060000 	C:\Xilinx\SDK\2016.4\lib\win64.o\libhdlpsolve.dll
0x000007febe0f0000 - 0x000007febe18a000 	C:\Xilinx\SDK\2016.4\lib\win64.o\libhdxml.dll
0x000007feb6110000 - 0x000007feb64d9000 	C:\Xilinx\SDK\2016.4\lib\win64.o\libisl_iostreams.dll
0x000007feefbd0000 - 0x000007feefbe6000 	C:\Xilinx\SDK\2016.4\lib\win64.o\libboost_iostreams.dll
0x000007feefbb0000 - 0x000007feefbcf000 	C:\Xilinx\SDK\2016.4\lib\win64.o\librdizlib.dll
0x000007feefb80000 - 0x000007feefba3000 	C:\Xilinx\SDK\2016.4\lib\win64.o\libisl_iosutils.dll
0x000007fee0fc0000 - 0x000007fee0fd5000 	C:\Xilinx\SDK\2016.4\lib\win64.o\pthreadVC2.dll
0x000007febe090000 - 0x000007febe0e3000 	C:\Xilinx\SDK\2016.4\lib\win64.o\librdi_commonxillic.dll
0x000007feb6a10000 - 0x000007feb6b40000 	C:\Xilinx\SDK\2016.4\lib\win64.o\librdi_curl.dll
0x000007fee0fa0000 - 0x000007fee0fb8000 	C:\Xilinx\SDK\2016.4\lib\win64.o\librdiconfig.dll
0x00000000559b0000 - 0x0000000055ad7000 	C:\Xilinx\SDK\2016.4\lib\win64.o\tcl85t.dll
0x00000000254f0000 - 0x0000000025753000 	C:\Xilinx\SDK\2016.4\lib\win64.o\xerces-c_3_1.dll
0x000007feffa50000 - 0x000007feffbd5000 	C:\Windows\system32\urlmon.dll
0x000007fefd910000 - 0x000007fefd914000 	C:\Windows\system32\api-ms-win-downlevel-ole32-l1-1-0.dll
0x000007fef1d90000 - 0x000007fef1db3000 	C:\Windows\system32\VCOMP110.DLL
0x000007feb5f10000 - 0x000007feb6108000 	C:\Xilinx\SDK\2016.4\lib\win64.o\librdi_hsm.dll
0x000007febe040000 - 0x000007febe083000 	C:\Xilinx\SDK\2016.4\lib\win64.o\librdi_hdf.dll
0x000007feb5020000 - 0x000007feb52e8000 	C:\Xilinx\SDK\2016.4\lib\win64.o\librdi_ippcw.dll
0x000007fef2850000 - 0x000007fef285a000 	C:\Xilinx\SDK\2016.4\lib\win64.o\librdi_jtag_settings.dll
0x000007febdfd0000 - 0x000007febdff9000 	C:\Xilinx\SDK\2016.4\lib\win64.o\librdi_debug_dialog.dll
0x000007fef1f90000 - 0x000007fef1f98000 	C:\Xilinx\SDK\2016.4\lib\win64.o\librdi_target_manager.dll
0x000007fef2660000 - 0x000007fef2676000 	C:\Xilinx\SDK\2016.4\eclipse\win64.o\plugins\org.eclipse.cdt.core.win32.x86_64_5.4.0.201509131935\os\win32\x86_64\spawner.dll
0x0000000071080000 - 0x00000000710a6000 	C:\Xilinx\SDK\2016.4\eclipse\win64.o\plugins\gnu.io.rxtx.win32.x86_64_2.1.7.3_v20071015\os\win32\x86_64\rxtxSerial.dll

VM Arguments:
jvm_args: -Dcom.xilinx.sdk.args.hwspec=C:/Users/shlab_61/Downloads/0619_lab/0316303_0619/0316303_0619.sdk/lab6_wrapper.hdf -Xms64m -Xmx512m & 
java_command: <unknown>
java_class_path (initial): C:\Xilinx\SDK\2016.4\eclipse\win64.o\\plugins/org.eclipse.equinox.launcher_1.3.100.v20150511-1540.jar
Launcher Type: generic

Environment Variables:
PATH=C:/Xilinx/SDK/2016.4/tps/win64/jre/bin/server;C:/Xilinx/SDK/2016.4/tps/win64/jre/bin;C:/Xilinx/SDK/2016.4/tps/win64/jre/lib/amd64;C:\Xilinx\SDK\2016.4\gnuwin\bin;C:\Xilinx\SDK\2016.4\gnu\microblaze\nt\bin;C:\Xilinx\SDK\2016.4\gnu\microblaze\linux_toolchain\nt64_le\bin;C:\Xilinx\SDK\2016.4\gnu\microblaze\linux_toolchain\nt64_be\bin;C:\Xilinx\SDK\2016.4\gnu\arm\nt\bin;C:\Xilinx\SDK\2016.4\gnu\aarch64\nt\aarch64-none\bin;C:\Xilinx\SDK\2016.4\gnu\aarch64\nt\aarch64-linux\bin;C:\Xilinx\SDK\2016.4\gnu\armr5\nt\gcc-arm-none-eabi\bin;C:\Xilinx\SDK\2016.4\gnu\aarch32\nt\gcc-arm-none-eabi\bin;C:\Xilinx\SDK\2016.4\gnu\aarch32\nt\gcc-arm-linux-gnueabi\bin;C:\Xilinx\SDK\2016.4\tps\win64\cmake-3.3.2\bin;;C:\Xilinx\SDK\2016.4\bin;C:\Xilinx\SDK\2016.4\lib\win64.o;C:\Xilinx\SDK\2016.4\tps\win64\jre\bin\server;C:\Xilinx\SDK\2016.4\tps\win64\jre\bin;C:\Xilinx\Vivado\2016.4\ids_lite\ISE\bin\nt64;C:\Xilinx\Vivado\2016.4\ids_lite\ISE\lib\nt64;C:\Xilinx\Vivado\2016.4\bin;C:\Xilinx\Vivado\2016.4\lib\win64.o;C:\Xilinx\Vivado\2016.4\tps\win64\jre\bin\server;C:\Xilinx\Vivado\2016.4\tps\win64\jre\bin;C:\Xilinx\Vivado_HLS\2016.4\bin;C:\ProgramData\Oracle\Java\javapath;C:\Windows\system32;C:\Windows;C:\Windows\System32\Wbem;C:\Windows\System32\WindowsPowerShell\v1.0\;C:\Program Files (x86)\Intel\OpenCL SDK\2.0\bin\x86;C:\Program Files (x86)\Intel\OpenCL SDK\2.0\bin\x64;c:\Users\shlab_61\Downloads\0619_lab\0316303_0619;
USERNAME=shlab_61
OS=Windows_NT
PROCESSOR_IDENTIFIER=Intel64 Family 6 Model 58 Stepping 9, GenuineIntel



---------------  S Y S T E M  ---------------

OS: Windows 7 , 64 bit Build 7601 (6.1.7601.23807)

CPU:total 4 (2 cores per cpu, 2 threads per core) family 6 model 58 stepping 9, cmov, cx8, fxsr, mmx, sse, sse2, sse3, ssse3, sse4.1, sse4.2, popcnt, avx, clmul, erms, ht, tsc, tscinvbit, tscinv

Memory: 4k page, physical 16462528k(5707828k free), swap 32923196k(20644624k free)

vm_info: Java HotSpot(TM) 64-Bit Server VM (25.66-b18) for windows-amd64 JRE (1.8.0_66-b18), built on Nov  9 2015 10:51:13 by "java_re" with MS VC++ 10.0 (VS2010)

time: Tue Jun 20 19:45:23 2017
elapsed time: 261 seconds (0d 0h 4m 21s)

