#
# A fatal error has been detected by the Java Runtime Environment:
#
#  Internal Error (0xc000000d), pid=10064, tid=3600
#
# JRE version: Java(TM) SE Runtime Environment (8.0_66-b18) (build 1.8.0_66-b18)
# Java VM: Java HotSpot(TM) 64-Bit Server VM (25.66-b18 mixed mode windows-amd64 compressed oops)
# Problematic frame:
# C  [ntdll.dll+0x96ccf]
#
# Failed to write core dump. Minidumps are not enabled by default on client versions of Windows
#
# If you would like to submit a bug report, please visit:
#   http://bugreport.java.com/bugreport/crash.jsp
#

---------------  T H R E A D  ---------------

Current thread (0x0000000013b6e800):  VMThread [stack: 0x0000000014bd0000,0x0000000014cd0000] [id=3600]

siginfo: ExceptionCode=0xc000000d

Registers:
RAX=0x00000000621c983c, RBX=0x0000000000000000, RCX=0x0000000014cced10, RDX=0x0000000000000000
RSP=0x0000000014ccf320, RBP=0x00000000002e5a90, RSI=0x000007feef977408, RDI=0x0000000014ccf468
R8 =0x0000000000000000, R9 =0x0000000000000000, R10=0x0000000000000000, R11=0x0000000000000246
R12=0x00000000163e76b0, R13=0x00000000163e7680, R14=0x00000000002e5b98, R15=0x0000000000000000
RIP=0x0000000077c76ccf, EFLAGS=0x0000000000000206

Top of Stack: (sp=0x0000000014ccf320)
0x0000000014ccf320:   0000000000000000 000007feef977408
0x0000000014ccf330:   0000000014ccf468 0000000000000000
0x0000000014ccf340:   0000000000000050 0000000000280000
0x0000000014ccf350:   0000000000000000 0000000000000000
0x0000000014ccf360:   0000000000000002 0000000077c2dd48
0x0000000014ccf370:   00000000c000000d 0000000000000000
0x0000000014ccf380:   0000000077c76ccf 0000000000000000
0x0000000014ccf390:   0000000000000000 0000000000000000
0x0000000014ccf3a0:   0000000000000000 0000000000000000
0x0000000014ccf3b0:   0000000000000000 0000000000000000
0x0000000014ccf3c0:   0000000000000000 0000000000000000
0x0000000014ccf3d0:   0000000000000000 0000000000000000
0x0000000014ccf3e0:   0000000000000000 0000000000000000
0x0000000014ccf3f0:   0000000000000000 0000000000000000
0x0000000014ccf400:   0000000000000000 00000000163e76b0
0x0000000014ccf410:   000000000000038c 0000000077b034a8 

Instructions: (pc=0x0000000077c76ccf)
0x0000000077c76caf:   5d 6c fb ff b9 57 00 00 00 c7 44 24 50 0d 00 00
0x0000000077c76cbf:   c0 e8 4b 6f fb ff 48 8d 4c 24 50 e8 41 1c f8 ff
0x0000000077c76ccf:   4c 8b 1d 02 67 09 00 4d 85 db 74 5b 65 48 8b 04
0x0000000077c76cdf:   25 30 00 00 00 f6 80 ee 17 00 00 08 74 12 65 48 


Register to memory mapping:

RAX=0x00000000621c983c is an unknown value
RBX=0x0000000000000000 is an unknown value
RCX=0x0000000014cced10 is an unknown value
RDX=0x0000000000000000 is an unknown value
RSP=0x0000000014ccf320 is an unknown value
RBP=0x00000000002e5a90 is an unknown value
RSI=0x000007feef977408 is an unknown value
RDI=0x0000000014ccf468 is an unknown value
R8 =0x0000000000000000 is an unknown value
R9 =0x0000000000000000 is an unknown value
R10=0x0000000000000000 is an unknown value
R11=0x0000000000000246 is an unknown value
R12=0x00000000163e76b0 is an unknown value
R13=0x00000000163e7680 is an unknown value
R14=0x00000000002e5b98 is an unknown value
R15=0x0000000000000000 is an unknown value


Stack: [0x0000000014bd0000,0x0000000014cd0000],  sp=0x0000000014ccf320,  free space=1020k
Native frames: (J=compiled Java code, j=interpreted, Vv=VM code, C=native code)
C  [ntdll.dll+0x96ccf]
C  [kernel32.dll+0x434a8]
C  [MSVCR110.dll+0x752d]
C  [MSVCR110.dll+0x73c6]
C  [MSVCR110.dll+0x14cca]
C  [MSVCR110.dll+0x13edc]
C  [MSVCR110.dll+0x239e]
C  [MSVCR110.dll+0xaf9e]
C  [MSVCP110.dll+0x397b9]
C  [librdi_common.dll+0x183a66]
C  [librdi_common.dll+0x1826fb]
C  [librdi_target_manager.dll+0x2400]
C  [librdi_target_manager.dll+0x2682]
C  [ntdll.dll+0x22ac1]
C  [ntdll.dll+0x228d0]
C  [MSVCR100.dll+0x20ccd]
V  [jvm.dll+0x210cc5]
V  [jvm.dll+0x249897]
V  [jvm.dll+0x248b36]
V  [jvm.dll+0x248fd1]
V  [jvm.dll+0x2491ee]
V  [jvm.dll+0x29a0fa]
C  [MSVCR100.dll+0x21d9f]
C  [MSVCR100.dll+0x21e3b]
C  [kernel32.dll+0x159cd]
C  [ntdll.dll+0x2a561]

VM_Operation (0x000000000012f4c0): Exit, mode: safepoint, requested by thread 0x0000000002649000


---------------  P R O C E S S  ---------------

Java Threads: ( => current thread )
  0x000000001a1f5800 JavaThread "pool-2-thread-1" [_thread_blocked, id=7868, stack(0x0000000027f00000,0x0000000028000000)]
  0x000000001a1f1000 JavaThread "Thread-27" daemon [_thread_blocked, id=5268, stack(0x00000000266c0000,0x00000000267c0000)]
  0x000000001b667000 JavaThread "TCF Channel Transmitter" daemon [_thread_blocked, id=5200, stack(0x0000000023f90000,0x0000000024090000)]
  0x000000001b668000 JavaThread "TCF Channel Receiver" daemon [_thread_in_native, id=8332, stack(0x0000000023db0000,0x0000000023eb0000)]
  0x000000001b666800 JavaThread "Process monitor" daemon [_thread_in_native, id=7668, stack(0x0000000026ad0000,0x0000000026bd0000)]
  0x000000001b665800 JavaThread "Input Stream Monitor" daemon [_thread_blocked, id=6548, stack(0x00000000269d0000,0x0000000026ad0000)]
  0x000000001b665000 JavaThread "Output Stream Monitor" daemon [_thread_in_native, id=4024, stack(0x00000000268d0000,0x00000000269d0000)]
  0x000000001742f000 JavaThread "Output Stream Monitor" daemon [_thread_in_native, id=7216, stack(0x00000000267d0000,0x00000000268d0000)]
  0x0000000017429000 JavaThread "TCF Locator DNS Lookup" daemon [_thread_blocked, id=1824, stack(0x000000001c310000,0x000000001c410000)]
  0x0000000017428000 JavaThread "TCF Locator Timer" daemon [_thread_blocked, id=5820, stack(0x000000001c210000,0x000000001c310000)]
  0x0000000019742000 JavaThread "TCF Locator Receiver" daemon [_thread_in_native, id=7316, stack(0x000000001c100000,0x000000001c200000)]
  0x0000000019740800 JavaThread "TCF Timer Dispatcher" daemon [_thread_blocked, id=2764, stack(0x000000001bcd0000,0x000000001bdd0000)]
  0x0000000016fa5800 JavaThread "EMF Reference Cleaner" daemon [_thread_blocked, id=5240, stack(0x00000000186a0000,0x00000000187a0000)]
  0x0000000014f86800 JavaThread "Service Thread" daemon [_thread_blocked, id=3708, stack(0x00000000157d0000,0x00000000158d0000)]
  0x0000000014f07800 JavaThread "C1 CompilerThread2" daemon [_thread_blocked, id=4848, stack(0x00000000156d0000,0x00000000157d0000)]
  0x0000000014efc800 JavaThread "C2 CompilerThread1" daemon [_thread_blocked, id=5980, stack(0x00000000155d0000,0x00000000156d0000)]
  0x0000000014ee9000 JavaThread "C2 CompilerThread0" daemon [_thread_blocked, id=5084, stack(0x00000000154d0000,0x00000000155d0000)]
  0x0000000014edd000 JavaThread "Attach Listener" daemon [_thread_blocked, id=9884, stack(0x00000000153d0000,0x00000000154d0000)]
  0x0000000014eda800 JavaThread "Signal Dispatcher" daemon [_thread_blocked, id=5704, stack(0x00000000152d0000,0x00000000153d0000)]
  0x0000000013b7a800 JavaThread "Finalizer" daemon [_thread_blocked, id=8176, stack(0x0000000014dd0000,0x0000000014ed0000)]
  0x0000000013b73800 JavaThread "Reference Handler" daemon [_thread_blocked, id=4072, stack(0x0000000014cd0000,0x0000000014dd0000)]
  0x0000000002649000 JavaThread "main" [_thread_blocked, id=7284, stack(0x0000000000030000,0x0000000000130000)]

Other Threads:
=>0x0000000013b6e800 VMThread [stack: 0x0000000014bd0000,0x0000000014cd0000] [id=3600]

VM state:at safepoint (shutting down)

VM Mutex/Monitor currently owned by a thread:  ([mutex/lock_event])
[0x000000000291e380] Threads_lock - owner thread: 0x0000000013b6e800

Heap:
 PSYoungGen      total 125952K, used 95746K [0x00000000f5580000, 0x0000000100000000, 0x0000000100000000)
  eden space 97792K, 69% used [0x00000000f5580000,0x00000000f9783ee0,0x00000000fb500000)
  from space 28160K, 99% used [0x00000000fe480000,0x00000000ffffcb38,0x0000000100000000)
  to   space 38400K, 0% used [0x00000000fb500000,0x00000000fb500000,0x00000000fda80000)
 ParOldGen       total 99840K, used 45058K [0x00000000e0000000, 0x00000000e6180000, 0x00000000f5580000)
  object space 99840K, 45% used [0x00000000e0000000,0x00000000e2c00938,0x00000000e6180000)
 Metaspace       used 83395K, capacity 90674K, committed 90752K, reserved 1128448K
  class space    used 10172K, capacity 12653K, committed 12672K, reserved 1048576K

Card table byte_map: [0x00000000027b0000,0x00000000028c0000] byte_map_base: 0x00000000020b0000

Marking Bits: (ParMarkBitMap*) 0x00000000603ea5b0
 Begin Bits: [0x00000000120e0000, 0x00000000128e0000)
 End Bits:   [0x00000000128e0000, 0x00000000130e0000)

Polling page: 0x0000000000380000

CodeCache: size=245760Kb used=25310Kb max_used=25849Kb free=220449Kb
 bounds [0x0000000002920000, 0x0000000004290000, 0x0000000011920000]
 total_blobs=8289 nmethods=7389 adapters=805
 compilation: enabled

Compilation events (10 events):
Event: 64.819 Thread 0x0000000014f07800 nmethod 9076 0x0000000003409750 code [0x00000000034098c0, 0x0000000003409a48]
Event: 64.819 Thread 0x0000000014f07800 9077       3       org.eclipse.osgi.container.ModuleWiring::invalidate0 (52 bytes)
Event: 64.820 Thread 0x0000000014f07800 nmethod 9077 0x00000000031f7fd0 code [0x00000000031f8180, 0x00000000031f8b28]
Event: 64.820 Thread 0x0000000014f07800 9086   !   3       org.eclipse.osgi.storage.BundleInfo$Generation::clearManifestCache (30 bytes)
Event: 64.820 Thread 0x0000000014f07800 nmethod 9086 0x0000000002d6a390 code [0x0000000002d6a520, 0x0000000002d6ab68]
Event: 64.820 Thread 0x0000000014f07800 9078       3       org.eclipse.osgi.internal.container.AtomicLazyInitializer::getAndClear (9 bytes)
Event: 64.820 Thread 0x0000000014f07800 nmethod 9078 0x00000000032690d0 code [0x0000000003269240, 0x0000000003269490]
Event: 64.820 Thread 0x0000000014f07800 9079       3       java.util.concurrent.atomic.AtomicReference::getAndSet (12 bytes)
Event: 64.821 Thread 0x0000000014f07800 nmethod 9079 0x000000000368df90 code [0x000000000368e0e0, 0x000000000368e250]
Event: 64.821 Thread 0x0000000014f07800 9081       3       org.eclipse.osgi.internal.framework.EquinoxContainerAdaptor::invalidateWiring (186 bytes)

GC Heap History (10 events):
Event: 6.379 GC heap before
{Heap before GC invocations=9 (full 2):
 PSYoungGen      total 116736K, used 95744K [0x00000000f5580000, 0x00000000fed80000, 0x0000000100000000)
  eden space 95744K, 100% used [0x00000000f5580000,0x00000000fb300000,0x00000000fb300000)
  from space 20992K, 0% used [0x00000000fc780000,0x00000000fc780000,0x00000000fdc00000)
  to   space 20992K, 0% used [0x00000000fb300000,0x00000000fb300000,0x00000000fc780000)
 ParOldGen       total 84480K, used 32802K [0x00000000e0000000, 0x00000000e5280000, 0x00000000f5580000)
  object space 84480K, 38% used [0x00000000e0000000,0x00000000e2008b18,0x00000000e5280000)
 Metaspace       used 49623K, capacity 53750K, committed 53888K, reserved 1095680K
  class space    used 5806K, capacity 7179K, committed 7296K, reserved 1048576K
Event: 6.400 GC heap after
Heap after GC invocations=9 (full 2):
 PSYoungGen      total 116736K, used 20960K [0x00000000f5580000, 0x0000000100000000, 0x0000000100000000)
  eden space 95744K, 0% used [0x00000000f5580000,0x00000000f5580000,0x00000000fb300000)
  from space 20992K, 99% used [0x00000000fb300000,0x00000000fc7783b8,0x00000000fc780000)
  to   space 27648K, 0% used [0x00000000fe500000,0x00000000fe500000,0x0000000100000000)
 ParOldGen       total 84480K, used 36962K [0x00000000e0000000, 0x00000000e5280000, 0x00000000f5580000)
  object space 84480K, 43% used [0x00000000e0000000,0x00000000e2418838,0x00000000e5280000)
 Metaspace       used 49623K, capacity 53750K, committed 53888K, reserved 1095680K
  class space    used 5806K, capacity 7179K, committed 7296K, reserved 1048576K
}
Event: 7.118 GC heap before
{Heap before GC invocations=10 (full 2):
 PSYoungGen      total 116736K, used 43439K [0x00000000f5580000, 0x0000000100000000, 0x0000000100000000)
  eden space 95744K, 23% used [0x00000000f5580000,0x00000000f6b73a68,0x00000000fb300000)
  from space 20992K, 99% used [0x00000000fb300000,0x00000000fc7783b8,0x00000000fc780000)
  to   space 27648K, 0% used [0x00000000fe500000,0x00000000fe500000,0x0000000100000000)
 ParOldGen       total 84480K, used 36962K [0x00000000e0000000, 0x00000000e5280000, 0x00000000f5580000)
  object space 84480K, 43% used [0x00000000e0000000,0x00000000e2418838,0x00000000e5280000)
 Metaspace       used 54302K, capacity 58928K, committed 59028K, reserved 1099776K
  class space    used 6412K, capacity 7890K, committed 7936K, reserved 1048576K
Event: 7.134 GC heap after
Heap after GC invocations=10 (full 2):
 PSYoungGen      total 145920K, used 16214K [0x00000000f5580000, 0x0000000100000000, 0x0000000100000000)
  eden space 118272K, 0% used [0x00000000f5580000,0x00000000f5580000,0x00000000fc900000)
  from space 27648K, 58% used [0x00000000fe500000,0x00000000ff4d5908,0x0000000100000000)
  to   space 28160K, 0% used [0x00000000fc900000,0x00000000fc900000,0x00000000fe480000)
 ParOldGen       total 84480K, used 36970K [0x00000000e0000000, 0x00000000e5280000, 0x00000000f5580000)
  object space 84480K, 43% used [0x00000000e0000000,0x00000000e241a838,0x00000000e5280000)
 Metaspace       used 54302K, capacity 58928K, committed 59028K, reserved 1099776K
  class space    used 6412K, capacity 7890K, committed 7936K, reserved 1048576K
}
Event: 7.134 GC heap before
{Heap before GC invocations=11 (full 3):
 PSYoungGen      total 145920K, used 16214K [0x00000000f5580000, 0x0000000100000000, 0x0000000100000000)
  eden space 118272K, 0% used [0x00000000f5580000,0x00000000f5580000,0x00000000fc900000)
  from space 27648K, 58% used [0x00000000fe500000,0x00000000ff4d5908,0x0000000100000000)
  to   space 28160K, 0% used [0x00000000fc900000,0x00000000fc900000,0x00000000fe480000)
 ParOldGen       total 84480K, used 36970K [0x00000000e0000000, 0x00000000e5280000, 0x00000000f5580000)
  object space 84480K, 43% used [0x00000000e0000000,0x00000000e241a838,0x00000000e5280000)
 Metaspace       used 54302K, capacity 58928K, committed 59028K, reserved 1099776K
  class space    used 6412K, capacity 7890K, committed 7936K, reserved 1048576K
Event: 7.392 GC heap after
Heap after GC invocations=11 (full 3):
 PSYoungGen      total 145920K, used 0K [0x00000000f5580000, 0x0000000100000000, 0x0000000100000000)
  eden space 118272K, 0% used [0x00000000f5580000,0x00000000f5580000,0x00000000fc900000)
  from space 27648K, 0% used [0x00000000fe500000,0x00000000fe500000,0x0000000100000000)
  to   space 28160K, 0% used [0x00000000fc900000,0x00000000fc900000,0x00000000fe480000)
 ParOldGen       total 99840K, used 38883K [0x00000000e0000000, 0x00000000e6180000, 0x00000000f5580000)
  object space 99840K, 38% used [0x00000000e0000000,0x00000000e25f8f08,0x00000000e6180000)
 Metaspace       used 54302K, capacity 58928K, committed 59028K, reserved 1099776K
  class space    used 6412K, capacity 7890K, committed 7936K, reserved 1048576K
}
Event: 9.861 GC heap before
{Heap before GC invocations=12 (full 3):
 PSYoungGen      total 145920K, used 118272K [0x00000000f5580000, 0x0000000100000000, 0x0000000100000000)
  eden space 118272K, 100% used [0x00000000f5580000,0x00000000fc900000,0x00000000fc900000)
  from space 27648K, 0% used [0x00000000fe500000,0x00000000fe500000,0x0000000100000000)
  to   space 28160K, 0% used [0x00000000fc900000,0x00000000fc900000,0x00000000fe480000)
 ParOldGen       total 99840K, used 38883K [0x00000000e0000000, 0x00000000e6180000, 0x00000000f5580000)
  object space 99840K, 38% used [0x00000000e0000000,0x00000000e25f8f08,0x00000000e6180000)
 Metaspace       used 68905K, capacity 74678K, committed 74752K, reserved 1114112K
  class space    used 8347K, capacity 10206K, committed 10240K, reserved 1048576K
Event: 9.894 GC heap after
Heap after GC invocations=12 (full 3):
 PSYoungGen      total 146432K, used 28131K [0x00000000f5580000, 0x0000000100000000, 0x0000000100000000)
  eden space 118272K, 0% used [0x00000000f5580000,0x00000000f5580000,0x00000000fc900000)
  from space 28160K, 99% used [0x00000000fc900000,0x00000000fe478d48,0x00000000fe480000)
  to   space 28160K, 0% used [0x00000000fe480000,0x00000000fe480000,0x0000000100000000)
 ParOldGen       total 99840K, used 40198K [0x00000000e0000000, 0x00000000e6180000, 0x00000000f5580000)
  object space 99840K, 40% used [0x00000000e0000000,0x00000000e2741a40,0x00000000e6180000)
 Metaspace       used 68905K, capacity 74678K, committed 74752K, reserved 1114112K
  class space    used 8347K, capacity 10206K, committed 10240K, reserved 1048576K
}
Event: 39.839 GC heap before
{Heap before GC invocations=13 (full 3):
 PSYoungGen      total 146432K, used 146403K [0x00000000f5580000, 0x0000000100000000, 0x0000000100000000)
  eden space 118272K, 100% used [0x00000000f5580000,0x00000000fc900000,0x00000000fc900000)
  from space 28160K, 99% used [0x00000000fc900000,0x00000000fe478d48,0x00000000fe480000)
  to   space 28160K, 0% used [0x00000000fe480000,0x00000000fe480000,0x0000000100000000)
 ParOldGen       total 99840K, used 40198K [0x00000000e0000000, 0x00000000e6180000, 0x00000000f5580000)
  object space 99840K, 40% used [0x00000000e0000000,0x00000000e2741af0,0x00000000e6180000)
 Metaspace       used 80890K, capacity 88094K, committed 88192K, reserved 1126400K
  class space    used 9899K, capacity 12157K, committed 12160K, reserved 1048576K
Event: 39.868 GC heap after
Heap after GC invocations=13 (full 3):
 PSYoungGen      total 125952K, used 28146K [0x00000000f5580000, 0x0000000100000000, 0x0000000100000000)
  eden space 97792K, 0% used [0x00000000f5580000,0x00000000f5580000,0x00000000fb500000)
  from space 28160K, 99% used [0x00000000fe480000,0x00000000ffffcb38,0x0000000100000000)
  to   space 38400K, 0% used [0x00000000fb500000,0x00000000fb500000,0x00000000fda80000)
 ParOldGen       total 99840K, used 45058K [0x00000000e0000000, 0x00000000e6180000, 0x00000000f5580000)
  object space 99840K, 45% used [0x00000000e0000000,0x00000000e2c00938,0x00000000e6180000)
 Metaspace       used 80890K, capacity 88094K, committed 88192K, reserved 1126400K
  class space    used 9899K, capacity 12157K, committed 12160K, reserved 1048576K
}

Deoptimization events (10 events):
Event: 63.766 Thread 0x0000000017429800 Uncommon trap: reason=unstable_if action=reinterpret pc=0x000000000404db2c method=com.sun.org.apache.xml.internal.serializer.ToStream.escapingNotNeeded(C)Z @ 9
Event: 63.766 Thread 0x0000000017429800 Uncommon trap: reason=unstable_if action=reinterpret pc=0x0000000003e7082c method=com.sun.org.apache.xml.internal.serializer.ToStream.escapingNotNeeded(C)Z @ 9
Event: 63.905 Thread 0x0000000002649000 Uncommon trap: reason=unstable_if action=reinterpret pc=0x000000000412d700 method=org.eclipse.e4.ui.model.application.ui.impl.UIElementImpl.eIsSet(I)Z @ 188
Event: 63.955 Thread 0x0000000002649000 Uncommon trap: reason=class_check action=maybe_recompile pc=0x0000000003d247d8 method=org.eclipse.emf.common.util.BasicEMap.get(Ljava/lang/Object;)Ljava/lang/Object; @ 8
Event: 63.955 Thread 0x0000000002649000 Uncommon trap: reason=class_check action=maybe_recompile pc=0x0000000003d247d8 method=org.eclipse.emf.common.util.BasicEMap.get(Ljava/lang/Object;)Ljava/lang/Object; @ 8
Event: 63.955 Thread 0x0000000002649000 Uncommon trap: reason=class_check action=maybe_recompile pc=0x0000000003d247d8 method=org.eclipse.emf.common.util.BasicEMap.get(Ljava/lang/Object;)Ljava/lang/Object; @ 8
Event: 63.955 Thread 0x0000000002649000 Uncommon trap: reason=class_check action=maybe_recompile pc=0x0000000003d247d8 method=org.eclipse.emf.common.util.BasicEMap.get(Ljava/lang/Object;)Ljava/lang/Object; @ 8
Event: 64.716 Thread 0x0000000017429800 Uncommon trap: reason=unstable_if action=reinterpret pc=0x0000000002f0b854 method=org.eclipse.osgi.internal.hooks.EclipseLazyStarter.shouldActivateFor(Ljava/lang/String;Lorg/eclipse/osgi/container/Module;Lorg/eclipse/osgi/container/ModuleRevision;Lorg/ecliˆ²K.P@
Event: 64.723 Thread 0x000000001605c800 Uncommon trap: reason=unstable_if action=reinterpret pc=0x00000000036c0f8c method=org.eclipse.osgi.internal.framework.BundleContextImpl.dispatchEvent(Ljava/lang/Object;Ljava/lang/Object;ILjava/lang/Object;)V @ 16
Event: 64.808 Thread 0x0000000017429800 Uncommon trap: reason=unstable_if action=reinterpret pc=0x0000000003f599dc method=sun.reflect.UnsafeStaticObjectFieldAccessorImpl.set(Ljava/lang/Object;Ljava/lang/Object;)V @ 13

Internal exceptions (10 events):
Event: 37.501 Thread 0x000000001a1f2000 Exception <a 'java/io/FileNotFoundException'> (0x00000000faf9f1b0) thrown at [C:\re\workspace\8-2-build-windows-amd64-cygwin\jdk8u66\5298\hotspot\src\share\vm\prims\jni.cpp, line 709]
Event: 43.252 Thread 0x000000001973b000 Exception <a 'java/io/FileNotFoundException'> (0x00000000f66fa548) thrown at [C:\re\workspace\8-2-build-windows-amd64-cygwin\jdk8u66\5298\hotspot\src\share\vm\prims\jni.cpp, line 709]
Event: 43.430 Thread 0x000000001973b000 Exception <a 'java/io/FileNotFoundException'> (0x00000000f67589d8) thrown at [C:\re\workspace\8-2-build-windows-amd64-cygwin\jdk8u66\5298\hotspot\src\share\vm\prims\jni.cpp, line 709]
Event: 43.508 Thread 0x0000000002649000 Implicit null exception at 0x0000000003127c86 to 0x00000000031291f9
Event: 64.130 Thread 0x000000001b66a000 Exception <a 'java/lang/InterruptedException'> (0x00000000f91383c8) thrown at [C:\re\workspace\8-2-build-windows-amd64-cygwin\jdk8u66\5298\hotspot\src\share\vm\runtime\objectMonitor.cpp, line 1683]
Event: 64.778 Thread 0x000000001973b800 Exception <a 'java/lang/InterruptedException'> (0x00000000f7d1b920) thrown at [C:\re\workspace\8-2-build-windows-amd64-cygwin\jdk8u66\5298\hotspot\src\share\vm\runtime\objectMonitor.cpp, line 1683]
Event: 64.808 Thread 0x0000000017429800 Implicit null exception at 0x0000000003f595d7 to 0x0000000003f599c9
Event: 64.808 Thread 0x000000001605c800 Exception <a 'java/lang/InterruptedException'> (0x00000000f941efd8) thrown at [C:\re\workspace\8-2-build-windows-amd64-cygwin\jdk8u66\5298\hotspot\src\share\vm\runtime\objectMonitor.cpp, line 1683]
Event: 64.816 Thread 0x000000001973f000 Exception <a 'java/lang/InterruptedException'> (0x00000000f590dc70) thrown at [C:\re\workspace\8-2-build-windows-amd64-cygwin\jdk8u66\5298\hotspot\src\share\vm\runtime\objectMonitor.cpp, line 1683]
Event: 64.817 Thread 0x0000000015d98800 Exception <a 'java/lang/InterruptedException'> (0x00000000f96dfb80) thrown at [C:\re\workspace\8-2-build-windows-amd64-cygwin\jdk8u66\5298\hotspot\src\share\vm\runtime\objectMonitor.cpp, line 1683]

Events (10 events):
Event: 64.817 Executing VM operation: RevokeBias done
Event: 64.817 Thread 0x0000000015d98800 Thread exited: 0x0000000015d98800
Event: 64.821 Thread 0x0000000017429800 Thread exited: 0x0000000017429800
Event: 64.821 loading class java/util/IdentityHashMap$KeyIterator
Event: 64.822 loading class java/util/IdentityHashMap$IdentityHashMapIterator
Event: 64.822 loading class java/util/IdentityHashMap$IdentityHashMapIterator done
Event: 64.822 loading class java/util/IdentityHashMap$KeyIterator done
Event: 64.822 Thread 0x0000000017429800 Thread added: 0x0000000017429800
Event: 64.823 Thread 0x0000000017429800 Thread exited: 0x0000000017429800
Event: 64.823 Executing VM operation: Exit


Dynamic libraries:
0x0000000000400000 - 0x000000000044f000 	C:\Xilinx\SDK\2016.4\eclipse\win64.o\eclipse.exe
0x0000000077be0000 - 0x0000000077d8a000 	C:\Windows\SYSTEM32\ntdll.dll
0x0000000077ac0000 - 0x0000000077bdf000 	C:\Windows\system32\kernel32.dll
0x000007fefdc20000 - 0x000007fefdc8a000 	C:\Windows\system32\KERNELBASE.dll
0x00000000779c0000 - 0x0000000077aba000 	C:\Windows\system32\USER32.dll
0x000007fefdff0000 - 0x000007fefe057000 	C:\Windows\system32\GDI32.dll
0x000007fefdc90000 - 0x000007fefdc9e000 	C:\Windows\system32\LPK.dll
0x000007fefe190000 - 0x000007fefe25b000 	C:\Windows\system32\USP10.dll
0x000007feff710000 - 0x000007feff7af000 	C:\Windows\system32\msvcrt.dll
0x000007fefc110000 - 0x000007fefc304000 	C:\Windows\WinSxS\amd64_microsoft.windows.common-controls_6595b64144ccf1df_6.0.7601.18837_none_fa3b1e3d17594757\COMCTL32.dll
0x000007feffa70000 - 0x000007feffae1000 	C:\Windows\system32\SHLWAPI.dll
0x000007feffc20000 - 0x000007feffc4e000 	C:\Windows\system32\IMM32.DLL
0x000007fefe060000 - 0x000007fefe169000 	C:\Windows\system32\MSCTF.dll
0x0000000072000000 - 0x0000000072012000 	C:\Xilinx\SDK\2016.4\eclipse\win64.o\plugins\org.eclipse.equinox.launcher.win32.win32.x86_64_1.1.300.v20150602-1417\eclipse_1611.dll
0x000007feff940000 - 0x000007feffa1b000 	C:\Windows\system32\ADVAPI32.dll
0x000007fefe260000 - 0x000007fefe27f000 	C:\Windows\SYSTEM32\sechost.dll
0x000007feffaf0000 - 0x000007feffc1d000 	C:\Windows\system32\RPCRT4.dll
0x000007fefc9b0000 - 0x000007fefc9bc000 	C:\Windows\system32\VERSION.dll
0x000007fefbbd0000 - 0x000007fefbc26000 	C:\Windows\system32\uxtheme.dll
0x000007fef2730000 - 0x000007fef2778000 	C:\Program Files (x86)\TeamViewer\tv_x64.dll
0x000007fefe2f0000 - 0x000007feff07b000 	C:\Windows\system32\SHELL32.dll
0x000007feffcf0000 - 0x000007feffeec000 	C:\Windows\system32\ole32.dll
0x000000005fbe0000 - 0x0000000060469000 	C:\Xilinx\SDK\2016.4\tps\win64\jre\bin\server\jvm.dll
0x000007fefa900000 - 0x000007fefa909000 	C:\Windows\system32\WSOCK32.dll
0x000007feffa20000 - 0x000007feffa6d000 	C:\Windows\system32\WS2_32.dll
0x000007fefe2e0000 - 0x000007fefe2e8000 	C:\Windows\system32\NSI.dll
0x000007fefb450000 - 0x000007fefb48b000 	C:\Windows\system32\WINMM.dll
0x0000000077db0000 - 0x0000000077db7000 	C:\Windows\system32\PSAPI.DLL
0x00000000754b0000 - 0x0000000075582000 	C:\Windows\system32\MSVCR100.dll
0x000000006e300000 - 0x000000006e30f000 	C:\Xilinx\SDK\2016.4\tps\win64\jre\bin\verify.dll
0x000000006e2d0000 - 0x000000006e2f9000 	C:\Xilinx\SDK\2016.4\tps\win64\jre\bin\java.dll
0x000000006e2b0000 - 0x000000006e2c6000 	C:\Xilinx\SDK\2016.4\tps\win64\jre\bin\zip.dll
0x000007fefd8d0000 - 0x000007fefd8df000 	C:\Windows\system32\profapi.dll
0x000007fefd0c0000 - 0x000007fefd0d8000 	C:\Windows\system32\CRYPTSP.dll
0x000007fefcdc0000 - 0x000007fefce07000 	C:\Windows\system32\rsaenh.dll
0x000007fefdbb0000 - 0x000007fefdbce000 	C:\Windows\system32\USERENV.dll
0x000007fefd730000 - 0x000007fefd73f000 	C:\Windows\system32\CRYPTBASE.dll
0x000000006e290000 - 0x000000006e2aa000 	C:\Xilinx\SDK\2016.4\tps\win64\jre\bin\net.dll
0x000007fefd060000 - 0x000007fefd0b5000 	C:\Windows\system32\mswsock.dll
0x000007fefd050000 - 0x000007fefd057000 	C:\Windows\System32\wship6.dll
0x000007fefb730000 - 0x000007fefb757000 	C:\Windows\system32\IPHLPAPI.DLL
0x000007fefb720000 - 0x000007fefb72b000 	C:\Windows\system32\WINNSI.DLL
0x000007fefb650000 - 0x000007fefb661000 	C:\Windows\system32\dhcpcsvc6.DLL
0x000007fefb630000 - 0x000007fefb648000 	C:\Windows\system32\dhcpcsvc.DLL
0x000000006e270000 - 0x000000006e281000 	C:\Xilinx\SDK\2016.4\tps\win64\jre\bin\nio.dll
0x000007feffc50000 - 0x000007feffce9000 	C:\Windows\system32\CLBCatQ.DLL
0x000007feff590000 - 0x000007feff66a000 	C:\Windows\system32\OLEAUT32.dll
0x000007fefb7d0000 - 0x000007fefb7e5000 	C:\Windows\system32\NLAapi.dll
0x000007fef89d0000 - 0x000007fef89e5000 	C:\Windows\system32\napinsp.dll
0x000007fef89b0000 - 0x000007fef89c9000 	C:\Windows\system32\pnrpnsp.dll
0x000007fefcee0000 - 0x000007fefcf3b000 	C:\Windows\system32\DNSAPI.dll
0x000007fef89a0000 - 0x000007fef89ab000 	C:\Windows\System32\winrnr.dll
0x000007fefca80000 - 0x000007fefca87000 	C:\Windows\System32\wshtcpip.dll
0x000007fef8f20000 - 0x000007fef8f28000 	C:\Windows\system32\rasadhlp.dll
0x000007fefb4a0000 - 0x000007fefb4f3000 	C:\Windows\System32\fwpuclnt.dll
0x00000000178a0000 - 0x0000000017948000 	C:\Users\shlab_89\.Xilinx\SDK\2016.4\org.eclipse.osgi\319\0\.cp\swt-win32-4527.dll
0x000007feff670000 - 0x000007feff707000 	C:\Windows\system32\comdlg32.dll
0x000007fef86f0000 - 0x000007fef8761000 	C:\Windows\system32\WINSPOOL.DRV
0x000007feff080000 - 0x000007feff3a1000 	C:\Windows\system32\WININET.dll
0x000007fefda90000 - 0x000007fefda94000 	C:\Windows\system32\api-ms-win-downlevel-user32-l1-1-0.dll
0x000007fefdb90000 - 0x000007fefdb94000 	C:\Windows\system32\api-ms-win-downlevel-shlwapi-l1-1-0.dll
0x000007fefdc10000 - 0x000007fefdc14000 	C:\Windows\system32\api-ms-win-downlevel-version-l1-1-0.dll
0x000007fefdba0000 - 0x000007fefdba3000 	C:\Windows\system32\api-ms-win-downlevel-normaliz-l1-1-0.dll
0x0000000077da0000 - 0x0000000077da3000 	C:\Windows\system32\normaliz.DLL
0x000007fefdca0000 - 0x000007fefdf6a000 	C:\Windows\system32\iertutil.dll
0x000007fefd8f0000 - 0x000007fefd8f5000 	C:\Windows\system32\api-ms-win-downlevel-advapi32-l1-1-0.dll
0x000007fefd920000 - 0x000007fefda8d000 	C:\Windows\system32\CRYPT32.dll
0x000007fefd8e0000 - 0x000007fefd8ef000 	C:\Windows\system32\MSASN1.dll
0x000007fefb350000 - 0x000007fefb368000 	C:\Windows\system32\dwmapi.dll
0x000007fefbf60000 - 0x000007fefc08c000 	C:\Windows\system32\propsys.dll
0x0000000016220000 - 0x000000001623e000 	C:\Users\shlab_89\.Xilinx\SDK\2016.4\org.eclipse.osgi\319\0\.cp\swt-gdip-win32-4527.dll
0x000007fef71c0000 - 0x000007fef73d7000 	C:\Windows\WinSxS\amd64_microsoft.windows.gdiplus_6595b64144ccf1df_1.1.7601.23807_none_14556b8e8b95d1fc\gdiplus.dll
0x000007fefb1a0000 - 0x000007fefb301000 	C:\Windows\system32\WindowsCodecs.dll
0x0000000180000000 - 0x0000000180012000 	C:\Users\shlab_89\.Xilinx\SDK\2016.4\org.eclipse.osgi\133\0\.cp\os\win32\x86_64\localfile_1_0_0.dll
0x000007fef2b60000 - 0x000007fef2bb4000 	C:\Windows\system32\oleacc.dll
0x000007fef4f30000 - 0x000007fef4f37000 	C:\Windows\system32\msimg32.dll
0x000007fefd820000 - 0x000007fefd834000 	C:\Windows\system32\RpcRtRemote.dll
0x000007fefd6d0000 - 0x000007fefd727000 	C:\Windows\system32\apphelp.dll
0x000007fef91d0000 - 0x000007fef91e1000 	C:\Users\shlab_89\.Xilinx\SDK\2016.4\org.eclipse.osgi\136\0\.cp\jWinHttp-1.0.0.dll
0x000007fefa040000 - 0x000007fefa0b1000 	C:\Windows\system32\WINHTTP.dll
0x000007fef9f70000 - 0x000007fef9fd4000 	C:\Windows\system32\webio.dll
0x000007fefd6a0000 - 0x000007fefd6c5000 	C:\Windows\system32\SspiCli.dll
0x000007fefccc0000 - 0x000007fefccca000 	C:\Windows\system32\credssp.dll
0x000007fefdaa0000 - 0x000007fefdad6000 	C:\Windows\system32\CFGMGR32.dll
0x000007fef9080000 - 0x000007fef908f000 	C:\Xilinx\SDK\2016.4\lib\win64.o\librdi_repo_manager.dll
0x000007fef8b50000 - 0x000007fef8b7a000 	C:\Xilinx\SDK\2016.4\lib\win64.o\libisl_sysinfo.dll
0x000007feef970000 - 0x000007feefa44000 	C:\Windows\system32\MSVCR110.dll
0x000007feefd50000 - 0x000007feefdf7000 	C:\Windows\system32\MSVCP110.dll
0x000007fec06a0000 - 0x000007fec114a000 	C:\Xilinx\SDK\2016.4\lib\win64.o\librdi_common.dll
0x000007fec9e50000 - 0x000007feca1be000 	C:\Xilinx\SDK\2016.4\lib\win64.o\libCOIN-all.dll
0x000007fecaf90000 - 0x000007fecb1af000 	C:\Xilinx\SDK\2016.4\lib\win64.o\libXil_lmgr11.dll
0x000007fefbcd0000 - 0x000007fefbce6000 	C:\Windows\system32\NETAPI32.dll
0x000007fefb810000 - 0x000007fefb81c000 	C:\Windows\system32\netutils.dll
0x000007fefd370000 - 0x000007fefd393000 	C:\Windows\system32\srvcli.dll
0x000007fefb7f0000 - 0x000007fefb805000 	C:\Windows\system32\wkscli.dll
0x000007fefdbd0000 - 0x000007fefdc0b000 	C:\Windows\system32\WINTRUST.dll
0x000007fef8b40000 - 0x000007fef8b50000 	C:\Xilinx\SDK\2016.4\lib\win64.o\libboost_date_time.dll
0x000007fef75d0000 - 0x000007fef75f4000 	C:\Xilinx\SDK\2016.4\lib\win64.o\libboost_filesystem.dll
0x000007fef8a70000 - 0x000007fef8a79000 	C:\Xilinx\SDK\2016.4\lib\win64.o\libboost_system.dll
0x000007fef3f10000 - 0x000007fef3f87000 	C:\Xilinx\SDK\2016.4\lib\win64.o\libboost_program_options.dll
0x000007fef2800000 - 0x000007fef2906000 	C:\Xilinx\SDK\2016.4\lib\win64.o\libboost_regex.dll
0x000007fef8a00000 - 0x000007fef8a13000 	C:\Xilinx\SDK\2016.4\lib\win64.o\libboost_signals.dll
0x000007fef7ff0000 - 0x000007fef800d000 	C:\Xilinx\SDK\2016.4\lib\win64.o\libboost_thread.dll
0x000007fef8a60000 - 0x000007fef8a6b000 	C:\Xilinx\SDK\2016.4\lib\win64.o\libboost_chrono.dll
0x000007fef7fc0000 - 0x000007fef7fcb000 	C:\Xilinx\SDK\2016.4\lib\win64.o\libboost_xilinx.dll
0x000007fef4320000 - 0x000007fef43a0000 	C:\Xilinx\SDK\2016.4\lib\win64.o\libhdlpsolve.dll
0x000007fecc9a0000 - 0x000007fecca3a000 	C:\Xilinx\SDK\2016.4\lib\win64.o\libhdxml.dll
0x000007fec4f00000 - 0x000007fec52c9000 	C:\Xilinx\SDK\2016.4\lib\win64.o\libisl_iostreams.dll
0x000007fef7680000 - 0x000007fef7696000 	C:\Xilinx\SDK\2016.4\lib\win64.o\libboost_iostreams.dll
0x000007fef75b0000 - 0x000007fef75cf000 	C:\Xilinx\SDK\2016.4\lib\win64.o\librdizlib.dll
0x000007fef6bc0000 - 0x000007fef6be3000 	C:\Xilinx\SDK\2016.4\lib\win64.o\libisl_iosutils.dll
0x000007fef43d0000 - 0x000007fef43e5000 	C:\Xilinx\SDK\2016.4\lib\win64.o\pthreadVC2.dll
0x000007fef3670000 - 0x000007fef36c3000 	C:\Xilinx\SDK\2016.4\lib\win64.o\librdi_commonxillic.dll
0x000007fecc870000 - 0x000007fecc9a0000 	C:\Xilinx\SDK\2016.4\lib\win64.o\librdi_curl.dll
0x000007fef43f0000 - 0x000007fef4408000 	C:\Xilinx\SDK\2016.4\lib\win64.o\librdiconfig.dll
0x00000000691d0000 - 0x00000000692f7000 	C:\Xilinx\SDK\2016.4\lib\win64.o\tcl85t.dll
0x0000000025d10000 - 0x0000000025f73000 	C:\Xilinx\SDK\2016.4\lib\win64.o\xerces-c_3_1.dll
0x000007feff7b0000 - 0x000007feff935000 	C:\Windows\system32\urlmon.dll
0x000007fefdb80000 - 0x000007fefdb84000 	C:\Windows\system32\api-ms-win-downlevel-ole32-l1-1-0.dll
0x000007fef0300000 - 0x000007fef0323000 	C:\Windows\system32\VCOMP110.DLL
0x000007feca330000 - 0x000007feca528000 	C:\Xilinx\SDK\2016.4\lib\win64.o\librdi_hsm.dll
0x000007fef0130000 - 0x000007fef0173000 	C:\Xilinx\SDK\2016.4\lib\win64.o\librdi_hdf.dll
0x000007fec7940000 - 0x000007fec7c08000 	C:\Xilinx\SDK\2016.4\lib\win64.o\librdi_ippcw.dll
0x000007fef7670000 - 0x000007fef767a000 	C:\Xilinx\SDK\2016.4\lib\win64.o\librdi_jtag_settings.dll
0x000007fef3640000 - 0x000007fef3669000 	C:\Xilinx\SDK\2016.4\lib\win64.o\librdi_debug_dialog.dll
0x000007fef75a0000 - 0x000007fef75a8000 	C:\Xilinx\SDK\2016.4\lib\win64.o\librdi_target_manager.dll
0x0000000071080000 - 0x00000000710a6000 	C:\Xilinx\SDK\2016.4\eclipse\win64.o\plugins\gnu.io.rxtx.win32.x86_64_2.1.7.3_v20071015\os\win32\x86_64\rxtxSerial.dll
0x000007fef35f0000 - 0x000007fef3606000 	C:\Xilinx\SDK\2016.4\eclipse\win64.o\plugins\org.eclipse.cdt.core.win32.x86_64_5.4.0.201509131935\os\win32\x86_64\spawner.dll

VM Arguments:
jvm_args: -Dcom.xilinx.sdk.args.hwspec=C:/Users/shlab_89/Desktop/0620_lab_BRAM/0316303_0619/0316303_0619.sdk/lab6_wrapper.hdf -Xms64m -Xmx512m & 
java_command: <unknown>
java_class_path (initial): C:\Xilinx\SDK\2016.4\eclipse\win64.o\\plugins/org.eclipse.equinox.launcher_1.3.100.v20150511-1540.jar
Launcher Type: generic

Environment Variables:
PATH=C:/Xilinx/SDK/2016.4/tps/win64/jre/bin/server;C:/Xilinx/SDK/2016.4/tps/win64/jre/bin;C:/Xilinx/SDK/2016.4/tps/win64/jre/lib/amd64;C:\Xilinx\SDK\2016.4\gnuwin\bin;C:\Xilinx\SDK\2016.4\gnu\microblaze\nt\bin;C:\Xilinx\SDK\2016.4\gnu\microblaze\linux_toolchain\nt64_le\bin;C:\Xilinx\SDK\2016.4\gnu\microblaze\linux_toolchain\nt64_be\bin;C:\Xilinx\SDK\2016.4\gnu\arm\nt\bin;C:\Xilinx\SDK\2016.4\gnu\aarch64\nt\aarch64-none\bin;C:\Xilinx\SDK\2016.4\gnu\aarch64\nt\aarch64-linux\bin;C:\Xilinx\SDK\2016.4\gnu\armr5\nt\gcc-arm-none-eabi\bin;C:\Xilinx\SDK\2016.4\gnu\aarch32\nt\gcc-arm-none-eabi\bin;C:\Xilinx\SDK\2016.4\gnu\aarch32\nt\gcc-arm-linux-gnueabi\bin;C:\Xilinx\SDK\2016.4\tps\win64\cmake-3.3.2\bin;;C:\Xilinx\SDK\2016.4\bin;C:\Xilinx\SDK\2016.4\lib\win64.o;C:\Xilinx\SDK\2016.4\tps\win64\jre\bin\server;C:\Xilinx\SDK\2016.4\tps\win64\jre\bin;C:\Xilinx\Vivado\2016.4\ids_lite\ISE\bin\nt64;C:\Xilinx\Vivado\2016.4\ids_lite\ISE\lib\nt64;C:\Xilinx\Vivado\2016.4\bin;C:\Xilinx\Vivado\2016.4\lib\win64.o;C:\Xilinx\Vivado\2016.4\tps\win64\jre\bin\server;C:\Xilinx\Vivado\2016.4\tps\win64\jre\bin;C:\Xilinx\Vivado_HLS\2016.4\bin;C:\ProgramData\Oracle\Java\javapath;C:\Windows\system32;C:\Windows;C:\Windows\System32\Wbem;C:\Windows\System32\WindowsPowerShell\v1.0\;C:\Program Files (x86)\Intel\OpenCL SDK\2.0\bin\x86;C:\Program Files (x86)\Intel\OpenCL SDK\2.0\bin\x64;c:\Users\shlab_89\Desktop\0620_lab_BRAM\0316303_0619;
USERNAME=shlab_89
OS=Windows_NT
PROCESSOR_IDENTIFIER=Intel64 Family 6 Model 58 Stepping 9, GenuineIntel



---------------  S Y S T E M  ---------------

OS: Windows 7 , 64 bit Build 7601 (6.1.7601.23807)

CPU:total 4 (2 cores per cpu, 2 threads per core) family 6 model 58 stepping 9, cmov, cx8, fxsr, mmx, sse, sse2, sse3, ssse3, sse4.1, sse4.2, popcnt, avx, clmul, erms, ht, tsc, tscinvbit, tscinv

Memory: 4k page, physical 16462528k(4891604k free), swap 32923196k(20670732k free)

vm_info: Java HotSpot(TM) 64-Bit Server VM (25.66-b18) for windows-amd64 JRE (1.8.0_66-b18), built on Nov  9 2015 10:51:13 by "java_re" with MS VC++ 10.0 (VS2010)

time: Wed Jun 21 16:54:24 2017
elapsed time: 65 seconds (0d 0h 1m 5s)

