#
# A fatal error has been detected by the Java Runtime Environment:
#
#  Internal Error (0xc000000d), pid=2056, tid=7016
#
# JRE version: Java(TM) SE Runtime Environment (8.0_66-b18) (build 1.8.0_66-b18)
# Java VM: Java HotSpot(TM) 64-Bit Server VM (25.66-b18 mixed mode windows-amd64 compressed oops)
# Problematic frame:
# C  [ntdll.dll+0x96ccf]
#
# Failed to write core dump. Minidumps are not enabled by default on client versions of Windows
#
# If you would like to submit a bug report, please visit:
#   http://bugreport.java.com/bugreport/crash.jsp
#

---------------  T H R E A D  ---------------

Current thread (0x0000000013b2a800):  VMThread [stack: 0x0000000014b90000,0x0000000014c90000] [id=7016]

siginfo: ExceptionCode=0xc000000d

Registers:
RAX=0x0000000062b75b08, RBX=0x0000000000000000, RCX=0x0000000014c8ed10, RDX=0x0000000000000000
RSP=0x0000000014c8f320, RBP=0x00000000002667a0, RSI=0x000007fef42c7408, RDI=0x0000000014c8f468
R8 =0x0000000000000000, R9 =0x0000000000000000, R10=0x0000000000000000, R11=0x0000000000000246
R12=0x00000000163cebc0, R13=0x00000000163ceb90, R14=0x00000000002668a8, R15=0x0000000000000000
RIP=0x0000000077c76ccf, EFLAGS=0x0000000000000202

Top of Stack: (sp=0x0000000014c8f320)
0x0000000014c8f320:   0000000000000000 000007fef42c7408
0x0000000014c8f330:   0000000014c8f468 0000000000000000
0x0000000014c8f340:   0000000000000050 0000000000200000
0x0000000014c8f350:   0000000000000000 0000000000000000
0x0000000014c8f360:   0000000000000002 0000000077c2dd48
0x0000000014c8f370:   00000000c000000d 0000000000000000
0x0000000014c8f380:   0000000077c76ccf 0000000000000000
0x0000000014c8f390:   0000000000000000 0000000000000000
0x0000000014c8f3a0:   0000000000000000 0000000000000000
0x0000000014c8f3b0:   0000000000000000 0000000000000000
0x0000000014c8f3c0:   0000000000000000 0000000000000000
0x0000000014c8f3d0:   0000000000000000 0000000000000000
0x0000000014c8f3e0:   0000000000000000 0000000000000000
0x0000000014c8f3f0:   0000000000000000 0000000000000000
0x0000000014c8f400:   0000000000000000 00000000163cebc0
0x0000000014c8f410:   0000000000000cb0 0000000077b034a8 

Instructions: (pc=0x0000000077c76ccf)
0x0000000077c76caf:   5d 6c fb ff b9 57 00 00 00 c7 44 24 50 0d 00 00
0x0000000077c76cbf:   c0 e8 4b 6f fb ff 48 8d 4c 24 50 e8 41 1c f8 ff
0x0000000077c76ccf:   4c 8b 1d 02 67 09 00 4d 85 db 74 5b 65 48 8b 04
0x0000000077c76cdf:   25 30 00 00 00 f6 80 ee 17 00 00 08 74 12 65 48 


Register to memory mapping:

RAX=0x0000000062b75b08 is an unknown value
RBX=0x0000000000000000 is an unknown value
RCX=0x0000000014c8ed10 is an unknown value
RDX=0x0000000000000000 is an unknown value
RSP=0x0000000014c8f320 is an unknown value
RBP=0x00000000002667a0 is an unknown value
RSI=0x000007fef42c7408 is an unknown value
RDI=0x0000000014c8f468 is an unknown value
R8 =0x0000000000000000 is an unknown value
R9 =0x0000000000000000 is an unknown value
R10=0x0000000000000000 is an unknown value
R11=0x0000000000000246 is an unknown value
R12=0x00000000163cebc0 is an unknown value
R13=0x00000000163ceb90 is an unknown value
R14=0x00000000002668a8 is an unknown value
R15=0x0000000000000000 is an unknown value


Stack: [0x0000000014b90000,0x0000000014c90000],  sp=0x0000000014c8f320,  free space=1020k
Native frames: (J=compiled Java code, j=interpreted, Vv=VM code, C=native code)
C  [ntdll.dll+0x96ccf]
C  [kernel32.dll+0x434a8]
C  [MSVCR110.dll+0x752d]
C  [MSVCR110.dll+0x73c6]
C  [MSVCR110.dll+0x14cca]
C  [MSVCR110.dll+0x13edc]
C  [MSVCR110.dll+0x239e]
C  [MSVCR110.dll+0xaf9e]
C  [MSVCP110.dll+0x397b9]
C  [librdi_common.dll+0x183a66]
C  [librdi_common.dll+0x1826fb]
C  [librdi_target_manager.dll+0x2400]
C  [librdi_target_manager.dll+0x2682]
C  [ntdll.dll+0x22ac1]
C  [ntdll.dll+0x228d0]
C  [MSVCR100.dll+0x20ccd]
V  [jvm.dll+0x210cc5]
V  [jvm.dll+0x249897]
V  [jvm.dll+0x248b36]
V  [jvm.dll+0x248fd1]
V  [jvm.dll+0x2491ee]
V  [jvm.dll+0x29a0fa]
C  [MSVCR100.dll+0x21d9f]
C  [MSVCR100.dll+0x21e3b]
C  [kernel32.dll+0x159cd]
C  [ntdll.dll+0x2a561]

VM_Operation (0x000000000012f4c0): Exit, mode: safepoint, requested by thread 0x0000000002539000


---------------  P R O C E S S  ---------------

Java Threads: ( => current thread )
  0x000000001e2a4000 JavaThread "pool-2-thread-1" [_thread_blocked, id=6904, stack(0x00000000277a0000,0x00000000278a0000)]
  0x000000001e29e000 JavaThread "Thread-27" daemon [_thread_blocked, id=3400, stack(0x0000000026b40000,0x0000000026c40000)]
  0x000000001e4e2000 JavaThread "TCF Channel Transmitter" daemon [_thread_blocked, id=1344, stack(0x00000000242b0000,0x00000000243b0000)]
  0x000000001e4e0800 JavaThread "TCF Channel Receiver" daemon [_thread_in_native, id=2404, stack(0x00000000240b0000,0x00000000241b0000)]
  0x000000001e4df800 JavaThread "Process monitor" daemon [_thread_in_native, id=8848, stack(0x0000000026740000,0x0000000026840000)]
  0x000000001e4df000 JavaThread "Input Stream Monitor" daemon [_thread_blocked, id=8328, stack(0x0000000026640000,0x0000000026740000)]
  0x000000001e4de000 JavaThread "Output Stream Monitor" daemon [_thread_in_native, id=7704, stack(0x0000000026540000,0x0000000026640000)]
  0x000000001e4dd800 JavaThread "Output Stream Monitor" daemon [_thread_in_native, id=9512, stack(0x0000000026440000,0x0000000026540000)]
  0x00000000207a9800 JavaThread "TCF Locator DNS Lookup" daemon [_thread_blocked, id=9296, stack(0x000000001c330000,0x000000001c430000)]
  0x00000000207a8800 JavaThread "TCF Locator Timer" daemon [_thread_blocked, id=8716, stack(0x000000001c230000,0x000000001c330000)]
  0x000000001691b000 JavaThread "TCF Locator Receiver" daemon [_thread_blocked, id=4948, stack(0x000000001c130000,0x000000001c230000)]
  0x0000000016919800 JavaThread "TCF Timer Dispatcher" daemon [_thread_blocked, id=2564, stack(0x000000001bee0000,0x000000001bfe0000)]
  0x0000000016914800 JavaThread "EMF Reference Cleaner" daemon [_thread_blocked, id=7180, stack(0x0000000018590000,0x0000000018690000)]
  0x0000000014f45800 JavaThread "Service Thread" daemon [_thread_blocked, id=8156, stack(0x0000000015790000,0x0000000015890000)]
  0x0000000014ebd800 JavaThread "C1 CompilerThread2" daemon [_thread_blocked, id=8148, stack(0x0000000015690000,0x0000000015790000)]
  0x0000000014ebc000 JavaThread "C2 CompilerThread1" daemon [_thread_blocked, id=5964, stack(0x0000000015590000,0x0000000015690000)]
  0x0000000014ea4000 JavaThread "C2 CompilerThread0" daemon [_thread_blocked, id=5196, stack(0x0000000015490000,0x0000000015590000)]
  0x0000000014e98800 JavaThread "Attach Listener" daemon [_thread_blocked, id=8460, stack(0x0000000015390000,0x0000000015490000)]
  0x0000000013b9d000 JavaThread "Signal Dispatcher" daemon [_thread_blocked, id=6184, stack(0x0000000015290000,0x0000000015390000)]
  0x0000000013b37000 JavaThread "Finalizer" daemon [_thread_blocked, id=3984, stack(0x0000000014d90000,0x0000000014e90000)]
  0x0000000013b30000 JavaThread "Reference Handler" daemon [_thread_blocked, id=8988, stack(0x0000000014c90000,0x0000000014d90000)]
  0x0000000002539000 JavaThread "main" [_thread_blocked, id=7732, stack(0x0000000000030000,0x0000000000130000)]

Other Threads:
=>0x0000000013b2a800 VMThread [stack: 0x0000000014b90000,0x0000000014c90000] [id=7016]

VM state:at safepoint (shutting down)

VM Mutex/Monitor currently owned by a thread:  ([mutex/lock_event])
[0x000000000267e380] Threads_lock - owner thread: 0x0000000013b2a800

Heap:
 PSYoungGen      total 136704K, used 40366K [0x00000000f5580000, 0x0000000100000000, 0x0000000100000000)
  eden space 98304K, 33% used [0x00000000f5580000,0x00000000f75737d0,0x00000000fb580000)
  from space 38400K, 19% used [0x00000000fda80000,0x00000000fe1f8410,0x0000000100000000)
  to   space 37888K, 0% used [0x00000000fb580000,0x00000000fb580000,0x00000000fda80000)
 ParOldGen       total 122368K, used 62265K [0x00000000e0000000, 0x00000000e7780000, 0x00000000f5580000)
  object space 122368K, 50% used [0x00000000e0000000,0x00000000e3cce760,0x00000000e7780000)
 Metaspace       used 87492K, capacity 95134K, committed 95320K, reserved 1132544K
  class space    used 10595K, capacity 13080K, committed 13184K, reserved 1048576K

Card table byte_map: [0x0000000011ae0000,0x0000000011bf0000] byte_map_base: 0x00000000113e0000

Marking Bits: (ParMarkBitMap*) 0x0000000060c7a5b0
 Begin Bits: [0x00000000120a0000, 0x00000000128a0000)
 End Bits:   [0x00000000128a0000, 0x00000000130a0000)

Polling page: 0x0000000000620000

CodeCache: size=245760Kb used=32965Kb max_used=33355Kb free=212794Kb
 bounds [0x0000000002720000, 0x00000000047f0000, 0x0000000011720000]
 total_blobs=9960 nmethods=9061 adapters=806
 compilation: enabled

Compilation events (10 events):
Event: 115.905 Thread 0x0000000014ebd800 11090       3       org.eclipse.osgi.storage.bundlefile.BundleFile::setMruIndex (6 bytes)
Event: 115.905 Thread 0x0000000014ebd800 nmethod 11090 0x000000000356dd90 code [0x000000000356dee0, 0x000000000356e030]
Event: 115.905 Thread 0x0000000014ebc000 nmethod 11092 0x0000000003570790 code [0x00000000035708e0, 0x00000000035709a8]
Event: 115.906 Thread 0x0000000014ebd800 11093       3       org.eclipse.osgi.container.Module::holdsTransitionEventLock (25 bytes)
Event: 115.906 Thread 0x0000000014ebd800 nmethod 11093 0x0000000002e05e90 code [0x0000000002e06020, 0x0000000002e06748]
Event: 115.907 Thread 0x0000000014ebc000 11103       4       java.lang.Long::valueOf (36 bytes)
Event: 115.907 Thread 0x0000000014ebd800 11100   !   3       org.eclipse.osgi.container.ModuleDatabase::getRevisionsTimestamp (25 bytes)
Event: 115.908 Thread 0x0000000014ebd800 nmethod 11100 0x000000000378f490 code [0x000000000378f6a0, 0x00000000037903d8]
Event: 115.908 Thread 0x0000000014ebc000 nmethod 11103 0x00000000039b8310 code [0x00000000039b8460, 0x00000000039b8578]
Event: 115.909 Thread 0x0000000014ebd800 11101       3       org.eclipse.osgi.internal.framework.EquinoxContainerAdaptor::clearManifestCache (84 bytes)

GC Heap History (10 events):
Event: 18.323 GC heap before
{Heap before GC invocations=12 (full 3):
 PSYoungGen      total 133120K, used 127790K [0x00000000f5580000, 0x00000000ff700000, 0x0000000100000000)
  eden space 105984K, 100% used [0x00000000f5580000,0x00000000fbd00000,0x00000000fbd00000)
  from space 27136K, 80% used [0x00000000fdb00000,0x00000000ff04b858,0x00000000ff580000)
  to   space 29696K, 0% used [0x00000000fbd00000,0x00000000fbd00000,0x00000000fda00000)
 ParOldGen       total 122368K, used 43561K [0x00000000e0000000, 0x00000000e7780000, 0x00000000f5580000)
  object space 122368K, 35% used [0x00000000e0000000,0x00000000e2a8a568,0x00000000e7780000)
 Metaspace       used 76659K, capacity 83306K, committed 83416K, reserved 1122304K
  class space    used 9330K, capacity 11461K, committed 11520K, reserved 1048576K
Event: 18.348 GC heap after
Heap after GC invocations=12 (full 3):
 PSYoungGen      total 135680K, used 28997K [0x00000000f5580000, 0x0000000100000000, 0x0000000100000000)
  eden space 105984K, 0% used [0x00000000f5580000,0x00000000f5580000,0x00000000fbd00000)
  from space 29696K, 97% used [0x00000000fbd00000,0x00000000fd9514c8,0x00000000fda00000)
  to   space 33792K, 0% used [0x00000000fdf00000,0x00000000fdf00000,0x0000000100000000)
 ParOldGen       total 122368K, used 43588K [0x00000000e0000000, 0x00000000e7780000, 0x00000000f5580000)
  object space 122368K, 35% used [0x00000000e0000000,0x00000000e2a911b8,0x00000000e7780000)
 Metaspace       used 76659K, capacity 83306K, committed 83416K, reserved 1122304K
  class space    used 9330K, capacity 11461K, committed 11520K, reserved 1048576K
}
Event: 57.339 GC heap before
{Heap before GC invocations=13 (full 3):
 PSYoungGen      total 135680K, used 134981K [0x00000000f5580000, 0x0000000100000000, 0x0000000100000000)
  eden space 105984K, 100% used [0x00000000f5580000,0x00000000fbd00000,0x00000000fbd00000)
  from space 29696K, 97% used [0x00000000fbd00000,0x00000000fd9514c8,0x00000000fda00000)
  to   space 33792K, 0% used [0x00000000fdf00000,0x00000000fdf00000,0x0000000100000000)
 ParOldGen       total 122368K, used 43588K [0x00000000e0000000, 0x00000000e7780000, 0x00000000f5580000)
  object space 122368K, 35% used [0x00000000e0000000,0x00000000e2a911b8,0x00000000e7780000)
 Metaspace       used 81979K, capacity 89182K, committed 89304K, reserved 1126400K
  class space    used 9982K, capacity 12280K, committed 12288K, reserved 1048576K
Event: 57.378 GC heap after
Heap after GC invocations=13 (full 3):
 PSYoungGen      total 134656K, used 27914K [0x00000000f5580000, 0x0000000100000000, 0x0000000100000000)
  eden space 100864K, 0% used [0x00000000f5580000,0x00000000f5580000,0x00000000fb800000)
  from space 33792K, 82% used [0x00000000fdf00000,0x00000000ffa42828,0x0000000100000000)
  to   space 36864K, 0% used [0x00000000fb800000,0x00000000fb800000,0x00000000fdc00000)
 ParOldGen       total 122368K, used 43596K [0x00000000e0000000, 0x00000000e7780000, 0x00000000f5580000)
  object space 122368K, 35% used [0x00000000e0000000,0x00000000e2a931b8,0x00000000e7780000)
 Metaspace       used 81979K, capacity 89182K, committed 89304K, reserved 1126400K
  class space    used 9982K, capacity 12280K, committed 12288K, reserved 1048576K
}
Event: 71.595 GC heap before
{Heap before GC invocations=14 (full 3):
 PSYoungGen      total 134656K, used 58319K [0x00000000f5580000, 0x0000000100000000, 0x0000000100000000)
  eden space 100864K, 30% used [0x00000000f5580000,0x00000000f7331588,0x00000000fb800000)
  from space 33792K, 82% used [0x00000000fdf00000,0x00000000ffa42828,0x0000000100000000)
  to   space 36864K, 0% used [0x00000000fb800000,0x00000000fb800000,0x00000000fdc00000)
 ParOldGen       total 122368K, used 43596K [0x00000000e0000000, 0x00000000e7780000, 0x00000000f5580000)
  object space 122368K, 35% used [0x00000000e0000000,0x00000000e2a931b8,0x00000000e7780000)
 Metaspace       used 82556K, capacity 89902K, committed 89944K, reserved 1126400K
  class space    used 10044K, capacity 12392K, committed 12416K, reserved 1048576K
Event: 71.642 GC heap after
Heap after GC invocations=14 (full 3):
 PSYoungGen      total 126976K, used 25860K [0x00000000f5580000, 0x0000000100000000, 0x0000000100000000)
  eden space 100864K, 0% used [0x00000000f5580000,0x00000000f5580000,0x00000000fb800000)
  from space 26112K, 99% used [0x00000000fb800000,0x00000000fd141120,0x00000000fd180000)
  to   space 38400K, 0% used [0x00000000fda80000,0x00000000fda80000,0x0000000100000000)
 ParOldGen       total 122368K, used 43604K [0x00000000e0000000, 0x00000000e7780000, 0x00000000f5580000)
  object space 122368K, 35% used [0x00000000e0000000,0x00000000e2a951b8,0x00000000e7780000)
 Metaspace       used 82556K, capacity 89902K, committed 89944K, reserved 1126400K
  class space    used 10044K, capacity 12392K, committed 12416K, reserved 1048576K
}
Event: 71.642 GC heap before
{Heap before GC invocations=15 (full 4):
 PSYoungGen      total 126976K, used 25860K [0x00000000f5580000, 0x0000000100000000, 0x0000000100000000)
  eden space 100864K, 0% used [0x00000000f5580000,0x00000000f5580000,0x00000000fb800000)
  from space 26112K, 99% used [0x00000000fb800000,0x00000000fd141120,0x00000000fd180000)
  to   space 38400K, 0% used [0x00000000fda80000,0x00000000fda80000,0x0000000100000000)
 ParOldGen       total 122368K, used 43604K [0x00000000e0000000, 0x00000000e7780000, 0x00000000f5580000)
  object space 122368K, 35% used [0x00000000e0000000,0x00000000e2a951b8,0x00000000e7780000)
 Metaspace       used 82556K, capacity 89902K, committed 89944K, reserved 1126400K
  class space    used 10044K, capacity 12392K, committed 12416K, reserved 1048576K
Event: 72.079 GC heap after
Heap after GC invocations=15 (full 4):
 PSYoungGen      total 126976K, used 0K [0x00000000f5580000, 0x0000000100000000, 0x0000000100000000)
  eden space 100864K, 0% used [0x00000000f5580000,0x00000000f5580000,0x00000000fb800000)
  from space 26112K, 0% used [0x00000000fb800000,0x00000000fb800000,0x00000000fd180000)
  to   space 38400K, 0% used [0x00000000fda80000,0x00000000fda80000,0x0000000100000000)
 ParOldGen       total 122368K, used 62257K [0x00000000e0000000, 0x00000000e7780000, 0x00000000f5580000)
  object space 122368K, 50% used [0x00000000e0000000,0x00000000e3ccc760,0x00000000e7780000)
 Metaspace       used 82556K, capacity 89902K, committed 89944K, reserved 1126400K
  class space    used 10044K, capacity 12392K, committed 12416K, reserved 1048576K
}
Event: 105.759 GC heap before
{Heap before GC invocations=16 (full 4):
 PSYoungGen      total 126976K, used 100864K [0x00000000f5580000, 0x0000000100000000, 0x0000000100000000)
  eden space 100864K, 100% used [0x00000000f5580000,0x00000000fb800000,0x00000000fb800000)
  from space 26112K, 0% used [0x00000000fb800000,0x00000000fb800000,0x00000000fd180000)
  to   space 38400K, 0% used [0x00000000fda80000,0x00000000fda80000,0x0000000100000000)
 ParOldGen       total 122368K, used 62257K [0x00000000e0000000, 0x00000000e7780000, 0x00000000f5580000)
  object space 122368K, 50% used [0x00000000e0000000,0x00000000e3ccc760,0x00000000e7780000)
 Metaspace       used 86202K, capacity 93982K, committed 94296K, reserved 1130496K
  class space    used 10461K, capacity 12824K, committed 12928K, reserved 1048576K
Event: 105.769 GC heap after
Heap after GC invocations=16 (full 4):
 PSYoungGen      total 136704K, used 7649K [0x00000000f5580000, 0x0000000100000000, 0x0000000100000000)
  eden space 98304K, 0% used [0x00000000f5580000,0x00000000f5580000,0x00000000fb580000)
  from space 38400K, 19% used [0x00000000fda80000,0x00000000fe1f8410,0x0000000100000000)
  to   space 37888K, 0% used [0x00000000fb580000,0x00000000fb580000,0x00000000fda80000)
 ParOldGen       total 122368K, used 62265K [0x00000000e0000000, 0x00000000e7780000, 0x00000000f5580000)
  object space 122368K, 50% used [0x00000000e0000000,0x00000000e3cce760,0x00000000e7780000)
 Metaspace       used 86202K, capacity 93982K, committed 94296K, reserved 1130496K
  class space    used 10461K, capacity 12824K, committed 12928K, reserved 1048576K
}

Deoptimization events (10 events):
Event: 115.039 Thread 0x0000000002539000 Uncommon trap: reason=class_check action=maybe_recompile pc=0x00000000037efdcc method=org.eclipse.emf.common.util.BasicEMap.get(Ljava/lang/Object;)Ljava/lang/Object; @ 8
Event: 115.039 Thread 0x0000000002539000 Uncommon trap: reason=class_check action=maybe_recompile pc=0x00000000037efdcc method=org.eclipse.emf.common.util.BasicEMap.get(Ljava/lang/Object;)Ljava/lang/Object; @ 8
Event: 115.056 Thread 0x0000000002539000 Uncommon trap: reason=unstable_if action=reinterpret pc=0x00000000043430bc method=java.util.Arrays.equals([Ljava/lang/Object;[Ljava/lang/Object;)Z @ 65
Event: 115.113 Thread 0x0000000016916800 Uncommon trap: reason=unstable_if action=reinterpret pc=0x0000000004280788 method=org.eclipse.e4.ui.internal.workbench.swt.E4Application$1.syncExec(Ljava/lang/Runnable;)V @ 14
Event: 115.173 Thread 0x00000000207aa000 Uncommon trap: reason=unstable_if action=reinterpret pc=0x00000000042f9f38 method=org.eclipse.equinox.internal.event.EventHandlerTracker.getHandlers(Ljava/lang/String;)Ljava/util/Set; @ 28
Event: 115.207 Thread 0x0000000016181800 Uncommon trap: reason=unstable_if action=reinterpret pc=0x00000000042efc48 method=org.eclipse.equinox.internal.event.EventHandlerTracker.getHandlers(Ljava/lang/String;)Ljava/util/Set; @ 28
Event: 115.814 Thread 0x00000000207aa000 Uncommon trap: reason=unstable_if action=reinterpret pc=0x000000000305cc08 method=org.eclipse.osgi.internal.hooks.EclipseLazyStarter.shouldActivateFor(Ljava/lang/String;Lorg/eclipse/osgi/container/Module;Lorg/eclipse/osgi/container/ModuleRevision;Lorg/ecliTwÖ$ö\@
Event: 115.844 Thread 0x00000000207aa000 Uncommon trap: reason=unstable_if action=reinterpret pc=0x00000000047b7f38 method=org.eclipse.osgi.internal.framework.FilterImpl.compare_Long(IJLjava/lang/Object;)Z @ 146
Event: 115.864 Thread 0x0000000016181800 Uncommon trap: reason=unstable_if action=reinterpret pc=0x00000000035046a4 method=org.eclipse.osgi.internal.framework.BundleContextImpl.dispatchEvent(Ljava/lang/Object;Ljava/lang/Object;ILjava/lang/Object;)V @ 16
Event: 115.897 Thread 0x00000000207aa000 Uncommon trap: reason=unstable_if action=reinterpret pc=0x0000000004325550 method=sun.reflect.UnsafeStaticObjectFieldAccessorImpl.set(Ljava/lang/Object;Ljava/lang/Object;)V @ 13

Internal exceptions (10 events):
Event: 81.252 Thread 0x0000000002539000 Exception <a 'java/io/FileNotFoundException'> (0x00000000f63176d8) thrown at [C:\re\workspace\8-2-build-windows-amd64-cygwin\jdk8u66\5298\hotspot\src\share\vm\prims\jni.cpp, line 709]
Event: 87.729 Thread 0x0000000002539000 Implicit null exception at 0x00000000035ffcf5 to 0x00000000035ffead
Event: 98.803 Thread 0x00000000207af800 Implicit null exception at 0x0000000003334655 to 0x0000000003334a8d
Event: 114.682 Thread 0x00000000207aa000 Implicit null exception at 0x00000000043cf766 to 0x00000000043cfa21
Event: 115.219 Thread 0x000000001e4e1000 Exception <a 'java/lang/InterruptedException'> (0x00000000f6e9d380) thrown at [C:\re\workspace\8-2-build-windows-amd64-cygwin\jdk8u66\5298\hotspot\src\share\vm\runtime\objectMonitor.cpp, line 1683]
Event: 115.863 Thread 0x0000000016916800 Exception <a 'java/lang/InterruptedException'> (0x00000000f585b380) thrown at [C:\re\workspace\8-2-build-windows-amd64-cygwin\jdk8u66\5298\hotspot\src\share\vm\runtime\objectMonitor.cpp, line 1683]
Event: 115.897 Thread 0x00000000207aa000 Implicit null exception at 0x0000000004325237 to 0x000000000432553d
Event: 115.897 Thread 0x0000000016181800 Exception <a 'java/lang/InterruptedException'> (0x00000000f72deeb0) thrown at [C:\re\workspace\8-2-build-windows-amd64-cygwin\jdk8u66\5298\hotspot\src\share\vm\runtime\objectMonitor.cpp, line 1683]
Event: 115.902 Thread 0x0000000016918000 Exception <a 'java/lang/InterruptedException'> (0x00000000f6262d00) thrown at [C:\re\workspace\8-2-build-windows-amd64-cygwin\jdk8u66\5298\hotspot\src\share\vm\runtime\objectMonitor.cpp, line 1683]
Event: 115.902 Thread 0x0000000015e0f000 Exception <a 'java/lang/InterruptedException'> (0x00000000f74d53f0) thrown at [C:\re\workspace\8-2-build-windows-amd64-cygwin\jdk8u66\5298\hotspot\src\share\vm\runtime\objectMonitor.cpp, line 1683]

Events (10 events):
Event: 115.907 Thread 0x00000000207aa000 Thread exited: 0x00000000207aa000
Event: 115.908 loading class java/util/IdentityHashMap$KeyIterator
Event: 115.908 loading class java/util/IdentityHashMap$IdentityHashMapIterator
Event: 115.908 loading class java/util/IdentityHashMap$IdentityHashMapIterator done
Event: 115.908 loading class java/util/IdentityHashMap$KeyIterator done
Event: 115.909 Thread 0x0000000014ebd800 flushing nmethod 0x0000000003daf510
Event: 115.909 Thread 0x00000000207aa000 Thread added: 0x00000000207aa000
Event: 115.909 Thread 0x0000000014ebd800 flushing nmethod 0x0000000003e0b250
Event: 115.909 Thread 0x00000000207aa000 Thread exited: 0x00000000207aa000
Event: 115.909 Executing VM operation: Exit


Dynamic libraries:
0x0000000000400000 - 0x000000000044f000 	C:\Xilinx\SDK\2016.4\eclipse\win64.o\eclipse.exe
0x0000000077be0000 - 0x0000000077d8a000 	C:\Windows\SYSTEM32\ntdll.dll
0x0000000077ac0000 - 0x0000000077bdf000 	C:\Windows\system32\kernel32.dll
0x000007fefdc20000 - 0x000007fefdc8a000 	C:\Windows\system32\KERNELBASE.dll
0x00000000779c0000 - 0x0000000077aba000 	C:\Windows\system32\USER32.dll
0x000007fefdff0000 - 0x000007fefe057000 	C:\Windows\system32\GDI32.dll
0x000007fefdc90000 - 0x000007fefdc9e000 	C:\Windows\system32\LPK.dll
0x000007fefe190000 - 0x000007fefe25b000 	C:\Windows\system32\USP10.dll
0x000007feff710000 - 0x000007feff7af000 	C:\Windows\system32\msvcrt.dll
0x000007fefc110000 - 0x000007fefc304000 	C:\Windows\WinSxS\amd64_microsoft.windows.common-controls_6595b64144ccf1df_6.0.7601.18837_none_fa3b1e3d17594757\COMCTL32.dll
0x000007feffa70000 - 0x000007feffae1000 	C:\Windows\system32\SHLWAPI.dll
0x000007feffc20000 - 0x000007feffc4e000 	C:\Windows\system32\IMM32.DLL
0x000007fefe060000 - 0x000007fefe169000 	C:\Windows\system32\MSCTF.dll
0x0000000072000000 - 0x0000000072012000 	C:\Xilinx\SDK\2016.4\eclipse\win64.o\plugins\org.eclipse.equinox.launcher.win32.win32.x86_64_1.1.300.v20150602-1417\eclipse_1611.dll
0x000007feff940000 - 0x000007feffa1b000 	C:\Windows\system32\ADVAPI32.dll
0x000007fefe260000 - 0x000007fefe27f000 	C:\Windows\SYSTEM32\sechost.dll
0x000007feffaf0000 - 0x000007feffc1d000 	C:\Windows\system32\RPCRT4.dll
0x000007fefc9b0000 - 0x000007fefc9bc000 	C:\Windows\system32\VERSION.dll
0x000007fefbbd0000 - 0x000007fefbc26000 	C:\Windows\system32\uxtheme.dll
0x000007fef2730000 - 0x000007fef2778000 	C:\Program Files (x86)\TeamViewer\tv_x64.dll
0x000007fefe2f0000 - 0x000007feff07b000 	C:\Windows\system32\SHELL32.dll
0x000007feffcf0000 - 0x000007feffeec000 	C:\Windows\system32\ole32.dll
0x0000000060470000 - 0x0000000060cf9000 	C:\Xilinx\SDK\2016.4\tps\win64\jre\bin\server\jvm.dll
0x000007fefa900000 - 0x000007fefa909000 	C:\Windows\system32\WSOCK32.dll
0x000007feffa20000 - 0x000007feffa6d000 	C:\Windows\system32\WS2_32.dll
0x000007fefe2e0000 - 0x000007fefe2e8000 	C:\Windows\system32\NSI.dll
0x000007fefb450000 - 0x000007fefb48b000 	C:\Windows\system32\WINMM.dll
0x0000000077db0000 - 0x0000000077db7000 	C:\Windows\system32\PSAPI.DLL
0x00000000754b0000 - 0x0000000075582000 	C:\Windows\system32\MSVCR100.dll
0x000000006f230000 - 0x000000006f23f000 	C:\Xilinx\SDK\2016.4\tps\win64\jre\bin\verify.dll
0x000000006dcc0000 - 0x000000006dce9000 	C:\Xilinx\SDK\2016.4\tps\win64\jre\bin\java.dll
0x000000006dd00000 - 0x000000006dd16000 	C:\Xilinx\SDK\2016.4\tps\win64\jre\bin\zip.dll
0x000007fefd8d0000 - 0x000007fefd8df000 	C:\Windows\system32\profapi.dll
0x000007fefd0c0000 - 0x000007fefd0d8000 	C:\Windows\system32\CRYPTSP.dll
0x000007fefcdc0000 - 0x000007fefce07000 	C:\Windows\system32\rsaenh.dll
0x000007fefdbb0000 - 0x000007fefdbce000 	C:\Windows\system32\USERENV.dll
0x000007fefd730000 - 0x000007fefd73f000 	C:\Windows\system32\CRYPTBASE.dll
0x000000006dca0000 - 0x000000006dcba000 	C:\Xilinx\SDK\2016.4\tps\win64\jre\bin\net.dll
0x000007fefd060000 - 0x000007fefd0b5000 	C:\Windows\system32\mswsock.dll
0x000007fefd050000 - 0x000007fefd057000 	C:\Windows\System32\wship6.dll
0x000007fefb730000 - 0x000007fefb757000 	C:\Windows\system32\IPHLPAPI.DLL
0x000007fefb720000 - 0x000007fefb72b000 	C:\Windows\system32\WINNSI.DLL
0x000007fefb650000 - 0x000007fefb661000 	C:\Windows\system32\dhcpcsvc6.DLL
0x000007fefb630000 - 0x000007fefb648000 	C:\Windows\system32\dhcpcsvc.DLL
0x000000006dc80000 - 0x000000006dc91000 	C:\Xilinx\SDK\2016.4\tps\win64\jre\bin\nio.dll
0x000007feffc50000 - 0x000007feffce9000 	C:\Windows\system32\CLBCatQ.DLL
0x000007feff590000 - 0x000007feff66a000 	C:\Windows\system32\OLEAUT32.dll
0x000007fefb7d0000 - 0x000007fefb7e5000 	C:\Windows\system32\NLAapi.dll
0x000007fef89d0000 - 0x000007fef89e5000 	C:\Windows\system32\napinsp.dll
0x000007fef89b0000 - 0x000007fef89c9000 	C:\Windows\system32\pnrpnsp.dll
0x000007fefcee0000 - 0x000007fefcf3b000 	C:\Windows\system32\DNSAPI.dll
0x000007fef89a0000 - 0x000007fef89ab000 	C:\Windows\System32\winrnr.dll
0x000007fefca80000 - 0x000007fefca87000 	C:\Windows\System32\wshtcpip.dll
0x000007fef8f20000 - 0x000007fef8f28000 	C:\Windows\system32\rasadhlp.dll
0x000007fefb4a0000 - 0x000007fefb4f3000 	C:\Windows\System32\fwpuclnt.dll
0x00000000179b0000 - 0x0000000017a58000 	C:\Users\shlab_89\.Xilinx\SDK\2016.4\org.eclipse.osgi\319\0\.cp\swt-win32-4527.dll
0x000007feff670000 - 0x000007feff707000 	C:\Windows\system32\comdlg32.dll
0x000007fef86f0000 - 0x000007fef8761000 	C:\Windows\system32\WINSPOOL.DRV
0x000007feff080000 - 0x000007feff3a1000 	C:\Windows\system32\WININET.dll
0x000007fefda90000 - 0x000007fefda94000 	C:\Windows\system32\api-ms-win-downlevel-user32-l1-1-0.dll
0x000007fefdb90000 - 0x000007fefdb94000 	C:\Windows\system32\api-ms-win-downlevel-shlwapi-l1-1-0.dll
0x000007fefdc10000 - 0x000007fefdc14000 	C:\Windows\system32\api-ms-win-downlevel-version-l1-1-0.dll
0x000007fefdba0000 - 0x000007fefdba3000 	C:\Windows\system32\api-ms-win-downlevel-normaliz-l1-1-0.dll
0x0000000077da0000 - 0x0000000077da3000 	C:\Windows\system32\normaliz.DLL
0x000007fefdca0000 - 0x000007fefdf6a000 	C:\Windows\system32\iertutil.dll
0x000007fefd8f0000 - 0x000007fefd8f5000 	C:\Windows\system32\api-ms-win-downlevel-advapi32-l1-1-0.dll
0x000007fefd920000 - 0x000007fefda8d000 	C:\Windows\system32\CRYPT32.dll
0x000007fefd8e0000 - 0x000007fefd8ef000 	C:\Windows\system32\MSASN1.dll
0x000007fefb350000 - 0x000007fefb368000 	C:\Windows\system32\dwmapi.dll
0x000007fefbf60000 - 0x000007fefc08c000 	C:\Windows\system32\propsys.dll
0x0000000016220000 - 0x000000001623e000 	C:\Users\shlab_89\.Xilinx\SDK\2016.4\org.eclipse.osgi\319\0\.cp\swt-gdip-win32-4527.dll
0x000007fef71c0000 - 0x000007fef73d7000 	C:\Windows\WinSxS\amd64_microsoft.windows.gdiplus_6595b64144ccf1df_1.1.7601.23807_none_14556b8e8b95d1fc\gdiplus.dll
0x000007fefb1a0000 - 0x000007fefb301000 	C:\Windows\system32\WindowsCodecs.dll
0x0000000180000000 - 0x0000000180012000 	C:\Users\shlab_89\.Xilinx\SDK\2016.4\org.eclipse.osgi\133\0\.cp\os\win32\x86_64\localfile_1_0_0.dll
0x000007fef2b60000 - 0x000007fef2bb4000 	C:\Windows\system32\oleacc.dll
0x000007fef4f30000 - 0x000007fef4f37000 	C:\Windows\system32\msimg32.dll
0x000007fefd820000 - 0x000007fefd834000 	C:\Windows\system32\RpcRtRemote.dll
0x000007fefd6d0000 - 0x000007fefd727000 	C:\Windows\system32\apphelp.dll
0x000007fef90e0000 - 0x000007fef90f1000 	C:\Users\shlab_89\.Xilinx\SDK\2016.4\org.eclipse.osgi\136\0\.cp\jWinHttp-1.0.0.dll
0x000007fefa040000 - 0x000007fefa0b1000 	C:\Windows\system32\WINHTTP.dll
0x000007fef9f70000 - 0x000007fef9fd4000 	C:\Windows\system32\webio.dll
0x000007fefd6a0000 - 0x000007fefd6c5000 	C:\Windows\system32\SspiCli.dll
0x000007fefccc0000 - 0x000007fefccca000 	C:\Windows\system32\credssp.dll
0x000007fefdaa0000 - 0x000007fefdad6000 	C:\Windows\system32\CFGMGR32.dll
0x000007fefaa20000 - 0x000007fefaa2f000 	C:\Xilinx\SDK\2016.4\lib\win64.o\librdi_repo_manager.dll
0x000007fef90b0000 - 0x000007fef90da000 	C:\Xilinx\SDK\2016.4\lib\win64.o\libisl_sysinfo.dll
0x000007fef42c0000 - 0x000007fef4394000 	C:\Windows\system32\MSVCR110.dll
0x000007fef3d90000 - 0x000007fef3e37000 	C:\Windows\system32\MSVCP110.dll
0x000007fec0ac0000 - 0x000007fec156a000 	C:\Xilinx\SDK\2016.4\lib\win64.o\librdi_common.dll
0x000007fec3a00000 - 0x000007fec3d6e000 	C:\Xilinx\SDK\2016.4\lib\win64.o\libCOIN-all.dll
0x000007fec2740000 - 0x000007fec295f000 	C:\Xilinx\SDK\2016.4\lib\win64.o\libXil_lmgr11.dll
0x000007fefbcd0000 - 0x000007fefbce6000 	C:\Windows\system32\NETAPI32.dll
0x000007fefb810000 - 0x000007fefb81c000 	C:\Windows\system32\netutils.dll
0x000007fefd370000 - 0x000007fefd393000 	C:\Windows\system32\srvcli.dll
0x000007fefb7f0000 - 0x000007fefb805000 	C:\Windows\system32\wkscli.dll
0x000007fefdbd0000 - 0x000007fefdc0b000 	C:\Windows\system32\WINTRUST.dll
0x000007fef8b10000 - 0x000007fef8b20000 	C:\Xilinx\SDK\2016.4\lib\win64.o\libboost_date_time.dll
0x000007fef8ae0000 - 0x000007fef8b04000 	C:\Xilinx\SDK\2016.4\lib\win64.o\libboost_filesystem.dll
0x000007fef8ad0000 - 0x000007fef8ad9000 	C:\Xilinx\SDK\2016.4\lib\win64.o\libboost_system.dll
0x000007fec55f0000 - 0x000007fec5667000 	C:\Xilinx\SDK\2016.4\lib\win64.o\libboost_program_options.dll
0x000007fec4d50000 - 0x000007fec4e56000 	C:\Xilinx\SDK\2016.4\lib\win64.o\libboost_regex.dll
0x000007fef8ab0000 - 0x000007fef8ac3000 	C:\Xilinx\SDK\2016.4\lib\win64.o\libboost_signals.dll
0x000007fef8a90000 - 0x000007fef8aad000 	C:\Xilinx\SDK\2016.4\lib\win64.o\libboost_thread.dll
0x000007fef8a80000 - 0x000007fef8a8b000 	C:\Xilinx\SDK\2016.4\lib\win64.o\libboost_chrono.dll
0x000007fef7670000 - 0x000007fef767b000 	C:\Xilinx\SDK\2016.4\lib\win64.o\libboost_xilinx.dll
0x000007fef3f10000 - 0x000007fef3f90000 	C:\Xilinx\SDK\2016.4\lib\win64.o\libhdlpsolve.dll
0x000007fec53c0000 - 0x000007fec545a000 	C:\Xilinx\SDK\2016.4\lib\win64.o\libhdxml.dll
0x000007fec2370000 - 0x000007fec2739000 	C:\Xilinx\SDK\2016.4\lib\win64.o\libisl_iostreams.dll
0x000007fef3e70000 - 0x000007fef3e86000 	C:\Xilinx\SDK\2016.4\lib\win64.o\libboost_iostreams.dll
0x000007fef3e50000 - 0x000007fef3e6f000 	C:\Xilinx\SDK\2016.4\lib\win64.o\librdizlib.dll
0x000007fef01c0000 - 0x000007fef01e3000 	C:\Xilinx\SDK\2016.4\lib\win64.o\libisl_iosutils.dll
0x000007fef3560000 - 0x000007fef3575000 	C:\Xilinx\SDK\2016.4\lib\win64.o\pthreadVC2.dll
0x000007fecb290000 - 0x000007fecb2e3000 	C:\Xilinx\SDK\2016.4\lib\win64.o\librdi_commonxillic.dll
0x000007fec3740000 - 0x000007fec3870000 	C:\Xilinx\SDK\2016.4\lib\win64.o\librdi_curl.dll
0x000007fef2b40000 - 0x000007fef2b58000 	C:\Xilinx\SDK\2016.4\lib\win64.o\librdiconfig.dll
0x0000000068ff0000 - 0x0000000069117000 	C:\Xilinx\SDK\2016.4\lib\win64.o\tcl85t.dll
0x0000000025ac0000 - 0x0000000025d23000 	C:\Xilinx\SDK\2016.4\lib\win64.o\xerces-c_3_1.dll
0x000007feff7b0000 - 0x000007feff935000 	C:\Windows\system32\urlmon.dll
0x000007fefdb80000 - 0x000007fefdb84000 	C:\Windows\system32\api-ms-win-downlevel-ole32-l1-1-0.dll
0x000007fef75d0000 - 0x000007fef75f3000 	C:\Windows\system32\VCOMP110.DLL
0x000007fec2170000 - 0x000007fec2368000 	C:\Xilinx\SDK\2016.4\lib\win64.o\librdi_hsm.dll
0x000007feef5e0000 - 0x000007feef623000 	C:\Xilinx\SDK\2016.4\lib\win64.o\librdi_hdf.dll
0x000007fec1ea0000 - 0x000007fec2168000 	C:\Xilinx\SDK\2016.4\lib\win64.o\librdi_ippcw.dll
0x000007fef2ac0000 - 0x000007fef2ad6000 	C:\Xilinx\SDK\2016.4\eclipse\win64.o\plugins\org.eclipse.cdt.core.win32.x86_64_5.4.0.201509131935\os\win32\x86_64\spawner.dll
0x000007fef75a0000 - 0x000007fef75aa000 	C:\Xilinx\SDK\2016.4\lib\win64.o\librdi_jtag_settings.dll
0x000007fecd440000 - 0x000007fecd469000 	C:\Xilinx\SDK\2016.4\lib\win64.o\librdi_debug_dialog.dll
0x000007fef4db0000 - 0x000007fef4db8000 	C:\Xilinx\SDK\2016.4\lib\win64.o\librdi_target_manager.dll
0x0000000071080000 - 0x00000000710a6000 	C:\Xilinx\SDK\2016.4\eclipse\win64.o\plugins\gnu.io.rxtx.win32.x86_64_2.1.7.3_v20071015\os\win32\x86_64\rxtxSerial.dll

VM Arguments:
jvm_args: -Dcom.xilinx.sdk.args.hwspec=C:/Users/shlab_89/Desktop/0620_lab_BRAM/0316303_0619/0316303_0619.sdk/lab6_wrapper.hdf -Xms64m -Xmx512m & 
java_command: <unknown>
java_class_path (initial): C:\Xilinx\SDK\2016.4\eclipse\win64.o\\plugins/org.eclipse.equinox.launcher_1.3.100.v20150511-1540.jar
Launcher Type: generic

Environment Variables:
PATH=C:/Xilinx/SDK/2016.4/tps/win64/jre/bin/server;C:/Xilinx/SDK/2016.4/tps/win64/jre/bin;C:/Xilinx/SDK/2016.4/tps/win64/jre/lib/amd64;C:\Xilinx\SDK\2016.4\gnuwin\bin;C:\Xilinx\SDK\2016.4\gnu\microblaze\nt\bin;C:\Xilinx\SDK\2016.4\gnu\microblaze\linux_toolchain\nt64_le\bin;C:\Xilinx\SDK\2016.4\gnu\microblaze\linux_toolchain\nt64_be\bin;C:\Xilinx\SDK\2016.4\gnu\arm\nt\bin;C:\Xilinx\SDK\2016.4\gnu\aarch64\nt\aarch64-none\bin;C:\Xilinx\SDK\2016.4\gnu\aarch64\nt\aarch64-linux\bin;C:\Xilinx\SDK\2016.4\gnu\armr5\nt\gcc-arm-none-eabi\bin;C:\Xilinx\SDK\2016.4\gnu\aarch32\nt\gcc-arm-none-eabi\bin;C:\Xilinx\SDK\2016.4\gnu\aarch32\nt\gcc-arm-linux-gnueabi\bin;C:\Xilinx\SDK\2016.4\tps\win64\cmake-3.3.2\bin;;C:\Xilinx\SDK\2016.4\bin;C:\Xilinx\SDK\2016.4\lib\win64.o;C:\Xilinx\SDK\2016.4\tps\win64\jre\bin\server;C:\Xilinx\SDK\2016.4\tps\win64\jre\bin;C:\Xilinx\Vivado\2016.4\ids_lite\ISE\bin\nt64;C:\Xilinx\Vivado\2016.4\ids_lite\ISE\lib\nt64;C:\Xilinx\Vivado\2016.4\bin;C:\Xilinx\Vivado\2016.4\lib\win64.o;C:\Xilinx\Vivado\2016.4\tps\win64\jre\bin\server;C:\Xilinx\Vivado\2016.4\tps\win64\jre\bin;C:\Xilinx\Vivado_HLS\2016.4\bin;C:\ProgramData\Oracle\Java\javapath;C:\Windows\system32;C:\Windows;C:\Windows\System32\Wbem;C:\Windows\System32\WindowsPowerShell\v1.0\;C:\Program Files (x86)\Intel\OpenCL SDK\2.0\bin\x86;C:\Program Files (x86)\Intel\OpenCL SDK\2.0\bin\x64;c:\Users\shlab_89\Desktop\0620_lab_BRAM\0316303_0619;
USERNAME=shlab_89
OS=Windows_NT
PROCESSOR_IDENTIFIER=Intel64 Family 6 Model 58 Stepping 9, GenuineIntel



---------------  S Y S T E M  ---------------

OS: Windows 7 , 64 bit Build 7601 (6.1.7601.23807)

CPU:total 4 (2 cores per cpu, 2 threads per core) family 6 model 58 stepping 9, cmov, cx8, fxsr, mmx, sse, sse2, sse3, ssse3, sse4.1, sse4.2, popcnt, avx, clmul, erms, ht, tsc, tscinvbit, tscinv

Memory: 4k page, physical 16462528k(8901016k free), swap 32923196k(24887964k free)

vm_info: Java HotSpot(TM) 64-Bit Server VM (25.66-b18) for windows-amd64 JRE (1.8.0_66-b18), built on Nov  9 2015 10:51:13 by "java_re" with MS VC++ 10.0 (VS2010)

time: Wed Jun 21 20:05:01 2017
elapsed time: 116 seconds (0d 0h 1m 56s)

