#
# A fatal error has been detected by the Java Runtime Environment:
#
#  EXCEPTION_UNCAUGHT_CXX_EXCEPTION (0xe06d7363) at pc=0x000007fefdc3a06d, pid=9192, tid=4880
#
# JRE version: Java(TM) SE Runtime Environment (8.0_66-b18) (build 1.8.0_66-b18)
# Java VM: Java HotSpot(TM) 64-Bit Server VM (25.66-b18 mixed mode windows-amd64 compressed oops)
# Problematic frame:
# C  [KERNELBASE.dll+0x1a06d]
#
# Failed to write core dump. Minidumps are not enabled by default on client versions of Windows
#
# If you would like to submit a bug report, please visit:
#   http://bugreport.java.com/bugreport/crash.jsp
#

---------------  T H R E A D  ---------------

Current thread (0x0000000013b9a800):  VMThread [stack: 0x0000000014c00000,0x0000000014d00000] [id=4880]

siginfo: ExceptionCode=0xe06d7363, ExceptionInformation=0x0000000019930520 0x0000000014cff4c8 0x000007feefa22cb8 0x000007feef970000 

Registers:
RAX=0x00000000621cc19e, RBX=0x000007feefa22cb8, RCX=0x0000000014cfed10, RDX=0x00000000000000d0
RSP=0x0000000014cff320, RBP=0x0000000014cff450, RSI=0x00000000ffffffff, RDI=0x000000000026c090
R8 =0x0000000000000000, R9 =0x0000000000000000, R10=0x000007feef970000, R11=0x0000000014cff360
R12=0x0000000000000001, R13=0x0000000000000008, R14=0x0000000000000000, R15=0xffffffffffffffff
RIP=0x000007fefdc3a06d, EFLAGS=0x0000000000000202

Top of Stack: (sp=0x0000000014cff320)
0x0000000014cff320:   000007feefa22cb8 00000000ffffffff
0x0000000014cff330:   000000000026c090 00000000163c87b0
0x0000000014cff340:   00000001e06d7363 0000000000000000
0x0000000014cff350:   000007fefdc3a06d 000007fe00000004
0x0000000014cff360:   0000000019930520 0000000014cff4c8
0x0000000014cff370:   000007feefa22cb8 000007feef970000
0x0000000014cff380:   0000000000000000 0000000014cff408
0x0000000014cff390:   0000000000000028 000000000026c080
0x0000000014cff3a0:   00000000163ddbe0 0000000000000000
0x0000000014cff3b0:   000007fffff9e000 0000000077c2f4e3
0x0000000014cff3c0:   0000000000000000 0000000000000008
0x0000000014cff3d0:   0000000000000001 000000000026c090
0x0000000014cff3e0:   00000000ffffffff 000007feef9ce92c
0x0000000014cff3f0:   000007feefa22cb8 0000000014cff460
0x0000000014cff400:   0000000000000001 000007feef9700f8
0x0000000014cff410:   00000001e06d7363 0000000000000000 

Instructions: (pc=0x000007fefdc3a06d)
0x000007fefdc3a04d:   54 24 24 48 89 4c 24 28 4d 85 c9 0f 85 6a 03 00
0x000007fefdc3a05d:   00 89 4c 24 38 48 8d 4c 24 20 ff 15 33 02 03 00
0x000007fefdc3a06d:   48 81 c4 c8 00 00 00 c3 90 90 90 90 90 90 90 90
0x000007fefdc3a07d:   90 90 90 48 83 ec 28 65 48 8b 04 25 30 00 00 00 


Register to memory mapping:

RAX=0x00000000621cc19e is an unknown value
RBX=0x000007feefa22cb8 is an unknown value
RCX=0x0000000014cfed10 is an unknown value
RDX=0x00000000000000d0 is an unknown value
RSP=0x0000000014cff320 is an unknown value
RBP=0x0000000014cff450 is an unknown value
RSI=0x00000000ffffffff is an unallocated location in the heap
RDI=0x000000000026c090 is an unknown value
R8 =0x0000000000000000 is an unknown value
R9 =0x0000000000000000 is an unknown value
R10=0x000007feef970000 is an unknown value
R11=0x0000000014cff360 is an unknown value
R12=0x0000000000000001 is an unknown value
R13=0x0000000000000008 is an unknown value
R14=0x0000000000000000 is an unknown value
R15=0xffffffffffffffff is an unknown value


Stack: [0x0000000014c00000,0x0000000014d00000],  sp=0x0000000014cff320,  free space=1020k
Native frames: (J=compiled Java code, j=interpreted, Vv=VM code, C=native code)
C  [KERNELBASE.dll+0x1a06d]
C  [MSVCR110.dll+0x5e92c]
C  [MSVCR110.dll+0x1315c]
C  [MSVCR110.dll+0x136a9]
C  [MSVCR110.dll+0x13e9c]
C  [MSVCR110.dll+0x239e]
C  [MSVCR110.dll+0xaf9e]
C  [MSVCP110.dll+0x397b9]
C  [librdi_common.dll+0x183a66]
C  [librdi_common.dll+0x1826fb]
C  [librdi_target_manager.dll+0x2400]
C  [librdi_target_manager.dll+0x2682]
C  [ntdll.dll+0x22ac1]
C  [ntdll.dll+0x228d0]
C  [MSVCR100.dll+0x20ccd]
V  [jvm.dll+0x210cc5]
V  [jvm.dll+0x249897]
V  [jvm.dll+0x248b36]
V  [jvm.dll+0x248fd1]
V  [jvm.dll+0x2491ee]
V  [jvm.dll+0x29a0fa]
C  [MSVCR100.dll+0x21d9f]
C  [MSVCR100.dll+0x21e3b]
C  [kernel32.dll+0x159cd]
C  [ntdll.dll+0x2a561]

VM_Operation (0x000000000012f4c0): Exit, mode: safepoint, requested by thread 0x0000000002749000


---------------  P R O C E S S  ---------------

Java Threads: ( => current thread )
  0x000000001ebdc000 JavaThread "Thread-1" [_thread_blocked, id=3992, stack(0x0000000017770000,0x0000000017870000)]
  0x000000001b156800 JavaThread "pool-2-thread-1" [_thread_blocked, id=9524, stack(0x0000000027670000,0x0000000027770000)]
  0x000000001b155000 JavaThread "Thread-41" daemon [_thread_blocked, id=5740, stack(0x0000000027470000,0x0000000027570000)]
  0x000000001ee8b800 JavaThread "TCF Channel Transmitter" daemon [_thread_blocked, id=3120, stack(0x0000000024810000,0x0000000024910000)]
  0x000000001ee8c000 JavaThread "TCF Channel Receiver" daemon [_thread_in_native, id=4888, stack(0x0000000024580000,0x0000000024680000)]
  0x000000001ee8a800 JavaThread "Process monitor" daemon [_thread_in_native, id=8160, stack(0x0000000026280000,0x0000000026380000)]
  0x000000001ee8a000 JavaThread "Input Stream Monitor" daemon [_thread_blocked, id=7996, stack(0x0000000026180000,0x0000000026280000)]
  0x000000001ee89000 JavaThread "Output Stream Monitor" daemon [_thread_in_native, id=820, stack(0x0000000026070000,0x0000000026170000)]
  0x0000000017141800 JavaThread "Output Stream Monitor" daemon [_thread_in_native, id=6732, stack(0x0000000025f70000,0x0000000026070000)]
  0x000000001ebda800 JavaThread "TCF Locator DNS Lookup" daemon [_thread_blocked, id=6524, stack(0x000000001c5e0000,0x000000001c6e0000)]
  0x000000001ebda000 JavaThread "TCF Locator Timer" daemon [_thread_blocked, id=3852, stack(0x000000001c4e0000,0x000000001c5e0000)]
  0x000000001ebd9000 JavaThread "TCF Locator Receiver" daemon [_thread_blocked, id=8044, stack(0x000000001c3e0000,0x000000001c4e0000)]
  0x000000001ebd7800 JavaThread "TCF Timer Dispatcher" daemon [_thread_blocked, id=2700, stack(0x000000001c1a0000,0x000000001c2a0000)]
  0x000000001713c000 JavaThread "EMF Reference Cleaner" daemon [_thread_blocked, id=10232, stack(0x0000000018730000,0x0000000018830000)]
  0x0000000014fba800 JavaThread "Service Thread" daemon [_thread_blocked, id=4376, stack(0x0000000015800000,0x0000000015900000)]
  0x0000000014f3b000 JavaThread "C1 CompilerThread2" daemon [_thread_blocked, id=9520, stack(0x0000000015700000,0x0000000015800000)]
  0x0000000014f28000 JavaThread "C2 CompilerThread1" daemon [_thread_blocked, id=9992, stack(0x0000000015600000,0x0000000015700000)]
  0x0000000014f14000 JavaThread "C2 CompilerThread0" daemon [_thread_blocked, id=8248, stack(0x0000000015500000,0x0000000015600000)]
  0x0000000014f08800 JavaThread "Attach Listener" daemon [_thread_blocked, id=8004, stack(0x0000000015400000,0x0000000015500000)]
  0x0000000013c0d000 JavaThread "Signal Dispatcher" daemon [_thread_blocked, id=6696, stack(0x0000000015300000,0x0000000015400000)]
  0x0000000013ba7000 JavaThread "Finalizer" daemon [_thread_blocked, id=2984, stack(0x0000000014e00000,0x0000000014f00000)]
  0x0000000013ba0000 JavaThread "Reference Handler" daemon [_thread_blocked, id=6020, stack(0x0000000014d00000,0x0000000014e00000)]
  0x0000000002749000 JavaThread "main" [_thread_blocked, id=8408, stack(0x0000000000030000,0x0000000000130000)]

Other Threads:
=>0x0000000013b9a800 VMThread [stack: 0x0000000014c00000,0x0000000014d00000] [id=4880]

VM state:at safepoint (shutting down)

VM Mutex/Monitor currently owned by a thread:  ([mutex/lock_event])
[0x000000000283e380] Threads_lock - owner thread: 0x0000000013b9a800

Heap:
 PSYoungGen      total 107008K, used 35104K [0x00000000f5580000, 0x00000000fe880000, 0x0000000100000000)
  eden space 74752K, 46% used [0x00000000f5580000,0x00000000f77c8020,0x00000000f9e80000)
  from space 32256K, 0% used [0x00000000f9e80000,0x00000000f9e80000,0x00000000fbe00000)
  to   space 35840K, 0% used [0x00000000fc580000,0x00000000fc580000,0x00000000fe880000)
 ParOldGen       total 116736K, used 64045K [0x00000000e0000000, 0x00000000e7200000, 0x00000000f5580000)
  object space 116736K, 54% used [0x00000000e0000000,0x00000000e3e8b780,0x00000000e7200000)
 Metaspace       used 83585K, capacity 91030K, committed 91352K, reserved 1128448K
  class space    used 10168K, capacity 12680K, committed 12800K, reserved 1048576K

Card table byte_map: [0x0000000011c00000,0x0000000011d10000] byte_map_base: 0x0000000011500000

Marking Bits: (ParMarkBitMap*) 0x0000000060c7a5b0
 Begin Bits: [0x0000000012110000, 0x0000000012910000)
 End Bits:   [0x0000000012910000, 0x0000000013110000)

Polling page: 0x0000000000370000

CodeCache: size=245760Kb used=27077Kb max_used=27670Kb free=218682Kb
 bounds [0x0000000002840000, 0x0000000004390000, 0x0000000011840000]
 total_blobs=8559 nmethods=7663 adapters=804
 compilation: enabled

Compilation events (10 events):
Event: 86.145 Thread 0x0000000014f3b000 9418       3       java.util.concurrent.atomic.AtomicReference::getAndSet (12 bytes)
Event: 86.145 Thread 0x0000000014f3b000 nmethod 9418 0x00000000030e86d0 code [0x00000000030e8820, 0x00000000030e8990]
Event: 86.145 Thread 0x0000000014f3b000 9419       3       sun.misc.Unsafe::getAndSetObject (24 bytes)
Event: 86.145 Thread 0x0000000014f3b000 nmethod 9419 0x00000000032f4b90 code [0x00000000032f4d00, 0x00000000032f4f10]
Event: 86.145 Thread 0x0000000014f3b000 9420       3       org.eclipse.osgi.internal.framework.EquinoxContainerAdaptor::invalidateWiring (186 bytes)
Event: 86.146 Thread 0x0000000014f28000 nmethod 9416 0x00000000030c6090 code [0x00000000030c6220, 0x00000000030c6630]
Event: 86.147 Thread 0x0000000014f3b000 nmethod 9420 0x00000000036c7890 code [0x00000000036c7c60, 0x00000000036ca5d8]
Event: 86.147 Thread 0x0000000014f3b000 9421   !   3       org.eclipse.osgi.container.ModuleDatabase::getRevisionsTimestamp (25 bytes)
Event: 86.148 Thread 0x0000000014f3b000 nmethod 9421 0x0000000003800710 code [0x0000000003800920, 0x0000000003801658]
Event: 86.148 Thread 0x0000000014f3b000 9423   !   3       org.eclipse.osgi.storage.BundleInfo$Generation::clearManifestCache (30 bytes)

GC Heap History (10 events):
Event: 9.122 GC heap before
{Heap before GC invocations=13 (full 3):
 PSYoungGen      total 80896K, used 62464K [0x00000000f5580000, 0x00000000fc880000, 0x0000000100000000)
  eden space 62464K, 100% used [0x00000000f5580000,0x00000000f9280000,0x00000000f9280000)
  from space 18432K, 0% used [0x00000000f9280000,0x00000000f9280000,0x00000000fa480000)
  to   space 22528K, 0% used [0x00000000fb280000,0x00000000fb280000,0x00000000fc880000)
 ParOldGen       total 116736K, used 43789K [0x00000000e0000000, 0x00000000e7200000, 0x00000000f5580000)
  object space 116736K, 37% used [0x00000000e0000000,0x00000000e2ac3698,0x00000000e7200000)
 Metaspace       used 65463K, capacity 70404K, committed 70744K, reserved 1110016K
  class space    used 7911K, capacity 9512K, committed 9600K, reserved 1048576K
Event: 9.140 GC heap after
Heap after GC invocations=13 (full 3):
 PSYoungGen      total 93184K, used 19342K [0x00000000f5580000, 0x00000000fcb00000, 0x0000000100000000)
  eden space 70656K, 0% used [0x00000000f5580000,0x00000000f5580000,0x00000000f9a80000)
  from space 22528K, 85% used [0x00000000fb280000,0x00000000fc563b18,0x00000000fc880000)
  to   space 24576K, 0% used [0x00000000f9a80000,0x00000000f9a80000,0x00000000fb280000)
 ParOldGen       total 116736K, used 43797K [0x00000000e0000000, 0x00000000e7200000, 0x00000000f5580000)
  object space 116736K, 37% used [0x00000000e0000000,0x00000000e2ac5698,0x00000000e7200000)
 Metaspace       used 65463K, capacity 70404K, committed 70744K, reserved 1110016K
  class space    used 7911K, capacity 9512K, committed 9600K, reserved 1048576K
}
Event: 10.166 GC heap before
{Heap before GC invocations=14 (full 3):
 PSYoungGen      total 93184K, used 89998K [0x00000000f5580000, 0x00000000fcb00000, 0x0000000100000000)
  eden space 70656K, 100% used [0x00000000f5580000,0x00000000f9a80000,0x00000000f9a80000)
  from space 22528K, 85% used [0x00000000fb280000,0x00000000fc563b18,0x00000000fc880000)
  to   space 24576K, 0% used [0x00000000f9a80000,0x00000000f9a80000,0x00000000fb280000)
 ParOldGen       total 116736K, used 43797K [0x00000000e0000000, 0x00000000e7200000, 0x00000000f5580000)
  object space 116736K, 37% used [0x00000000e0000000,0x00000000e2ac5698,0x00000000e7200000)
 Metaspace       used 69016K, capacity 74978K, committed 75096K, reserved 1114112K
  class space    used 8349K, capacity 10305K, committed 10368K, reserved 1048576K
Event: 10.188 GC heap after
Heap after GC invocations=14 (full 3):
 PSYoungGen      total 95232K, used 21603K [0x00000000f5580000, 0x00000000fd800000, 0x0000000100000000)
  eden space 70656K, 0% used [0x00000000f5580000,0x00000000f5580000,0x00000000f9a80000)
  from space 24576K, 87% used [0x00000000f9a80000,0x00000000faf98f90,0x00000000fb280000)
  to   space 26624K, 0% used [0x00000000fbe00000,0x00000000fbe00000,0x00000000fd800000)
 ParOldGen       total 116736K, used 43805K [0x00000000e0000000, 0x00000000e7200000, 0x00000000f5580000)
  object space 116736K, 37% used [0x00000000e0000000,0x00000000e2ac7698,0x00000000e7200000)
 Metaspace       used 69016K, capacity 74978K, committed 75096K, reserved 1114112K
  class space    used 8349K, capacity 10305K, committed 10368K, reserved 1048576K
}
Event: 35.140 GC heap before
{Heap before GC invocations=15 (full 3):
 PSYoungGen      total 95232K, used 92259K [0x00000000f5580000, 0x00000000fd800000, 0x0000000100000000)
  eden space 70656K, 100% used [0x00000000f5580000,0x00000000f9a80000,0x00000000f9a80000)
  from space 24576K, 87% used [0x00000000f9a80000,0x00000000faf98f90,0x00000000fb280000)
  to   space 26624K, 0% used [0x00000000fbe00000,0x00000000fbe00000,0x00000000fd800000)
 ParOldGen       total 116736K, used 43805K [0x00000000e0000000, 0x00000000e7200000, 0x00000000f5580000)
  object space 116736K, 37% used [0x00000000e0000000,0x00000000e2ac76b0,0x00000000e7200000)
 Metaspace       used 78552K, capacity 86084K, committed 86232K, reserved 1124352K
  class space    used 9600K, capacity 11912K, committed 12032K, reserved 1048576K
Event: 35.196 GC heap after
Heap after GC invocations=15 (full 3):
 PSYoungGen      total 101376K, used 26612K [0x00000000f5580000, 0x00000000fe180000, 0x0000000100000000)
  eden space 74752K, 0% used [0x00000000f5580000,0x00000000f5580000,0x00000000f9e80000)
  from space 26624K, 99% used [0x00000000fbe00000,0x00000000fd7fd2a8,0x00000000fd800000)
  to   space 32256K, 0% used [0x00000000f9e80000,0x00000000f9e80000,0x00000000fbe00000)
 ParOldGen       total 116736K, used 47535K [0x00000000e0000000, 0x00000000e7200000, 0x00000000f5580000)
  object space 116736K, 40% used [0x00000000e0000000,0x00000000e2e6bf08,0x00000000e7200000)
 Metaspace       used 78552K, capacity 86084K, committed 86232K, reserved 1124352K
  class space    used 9600K, capacity 11912K, committed 12032K, reserved 1048576K
}
Event: 70.647 GC heap before
{Heap before GC invocations=16 (full 3):
 PSYoungGen      total 101376K, used 100101K [0x00000000f5580000, 0x00000000fe180000, 0x0000000100000000)
  eden space 74752K, 98% used [0x00000000f5580000,0x00000000f9d441f8,0x00000000f9e80000)
  from space 26624K, 99% used [0x00000000fbe00000,0x00000000fd7fd2a8,0x00000000fd800000)
  to   space 32256K, 0% used [0x00000000f9e80000,0x00000000f9e80000,0x00000000fbe00000)
 ParOldGen       total 116736K, used 47535K [0x00000000e0000000, 0x00000000e7200000, 0x00000000f5580000)
  object space 116736K, 40% used [0x00000000e0000000,0x00000000e2e6bf08,0x00000000e7200000)
 Metaspace       used 82151K, capacity 89650K, committed 89944K, reserved 1126400K
  class space    used 10014K, capacity 12392K, committed 12416K, reserved 1048576K
Event: 70.688 GC heap after
Heap after GC invocations=16 (full 3):
 PSYoungGen      total 107008K, used 28859K [0x00000000f5580000, 0x00000000fe880000, 0x0000000100000000)
  eden space 74752K, 0% used [0x00000000f5580000,0x00000000f5580000,0x00000000f9e80000)
  from space 32256K, 89% used [0x00000000f9e80000,0x00000000fbaaed30,0x00000000fbe00000)
  to   space 35840K, 0% used [0x00000000fc580000,0x00000000fc580000,0x00000000fe880000)
 ParOldGen       total 116736K, used 47543K [0x00000000e0000000, 0x00000000e7200000, 0x00000000f5580000)
  object space 116736K, 40% used [0x00000000e0000000,0x00000000e2e6df08,0x00000000e7200000)
 Metaspace       used 82151K, capacity 89650K, committed 89944K, reserved 1126400K
  class space    used 10014K, capacity 12392K, committed 12416K, reserved 1048576K
}
Event: 70.688 GC heap before
{Heap before GC invocations=17 (full 4):
 PSYoungGen      total 107008K, used 28859K [0x00000000f5580000, 0x00000000fe880000, 0x0000000100000000)
  eden space 74752K, 0% used [0x00000000f5580000,0x00000000f5580000,0x00000000f9e80000)
  from space 32256K, 89% used [0x00000000f9e80000,0x00000000fbaaed30,0x00000000fbe00000)
  to   space 35840K, 0% used [0x00000000fc580000,0x00000000fc580000,0x00000000fe880000)
 ParOldGen       total 116736K, used 47543K [0x00000000e0000000, 0x00000000e7200000, 0x00000000f5580000)
  object space 116736K, 40% used [0x00000000e0000000,0x00000000e2e6df08,0x00000000e7200000)
 Metaspace       used 82151K, capacity 89650K, committed 89944K, reserved 1126400K
  class space    used 10014K, capacity 12392K, committed 12416K, reserved 1048576K
Event: 70.995 GC heap after
Heap after GC invocations=17 (full 4):
 PSYoungGen      total 107008K, used 0K [0x00000000f5580000, 0x00000000fe880000, 0x0000000100000000)
  eden space 74752K, 0% used [0x00000000f5580000,0x00000000f5580000,0x00000000f9e80000)
  from space 32256K, 0% used [0x00000000f9e80000,0x00000000f9e80000,0x00000000fbe00000)
  to   space 35840K, 0% used [0x00000000fc580000,0x00000000fc580000,0x00000000fe880000)
 ParOldGen       total 116736K, used 64045K [0x00000000e0000000, 0x00000000e7200000, 0x00000000f5580000)
  object space 116736K, 54% used [0x00000000e0000000,0x00000000e3e8b780,0x00000000e7200000)
 Metaspace       used 82151K, capacity 89650K, committed 89944K, reserved 1126400K
  class space    used 10014K, capacity 12392K, committed 12416K, reserved 1048576K
}

Deoptimization events (10 events):
Event: 85.124 Thread 0x0000000002749000 Uncommon trap: reason=unstable_if action=reinterpret pc=0x0000000002d1affc method=org.eclipse.swt.widgets.Display.drawMenuBars()V @ 4
Event: 85.124 Thread 0x0000000002749000 Uncommon trap: reason=unstable_if action=reinterpret pc=0x0000000002ecf44c method=org.eclipse.swt.widgets.Display.runDeferredLayouts()Z @ 42
Event: 85.144 Thread 0x000000001ebdc000 Uncommon trap: reason=unstable_if action=reinterpret pc=0x00000000040029ec method=com.sun.org.apache.xml.internal.serializer.ToStream.escapingNotNeeded(C)Z @ 9
Event: 85.144 Thread 0x000000001ebdc000 Uncommon trap: reason=unstable_if action=reinterpret pc=0x0000000003d9766c method=com.sun.org.apache.xml.internal.serializer.ToStream.escapingNotNeeded(C)Z @ 9
Event: 85.357 Thread 0x0000000002749000 Uncommon trap: reason=class_check action=maybe_recompile pc=0x000000000322f378 method=org.eclipse.emf.common.util.BasicEMap.get(Ljava/lang/Object;)Ljava/lang/Object; @ 8
Event: 85.357 Thread 0x0000000002749000 Uncommon trap: reason=class_check action=maybe_recompile pc=0x000000000322f378 method=org.eclipse.emf.common.util.BasicEMap.get(Ljava/lang/Object;)Ljava/lang/Object; @ 8
Event: 85.357 Thread 0x0000000002749000 Uncommon trap: reason=class_check action=maybe_recompile pc=0x000000000322f378 method=org.eclipse.emf.common.util.BasicEMap.get(Ljava/lang/Object;)Ljava/lang/Object; @ 8
Event: 85.357 Thread 0x0000000002749000 Uncommon trap: reason=class_check action=maybe_recompile pc=0x000000000322f378 method=org.eclipse.emf.common.util.BasicEMap.get(Ljava/lang/Object;)Ljava/lang/Object; @ 8
Event: 86.062 Thread 0x000000001ebdc000 Uncommon trap: reason=unstable_if action=reinterpret pc=0x0000000003812a50 method=org.eclipse.osgi.internal.hooks.EclipseLazyStarter.shouldActivateFor(Ljava/lang/String;Lorg/eclipse/osgi/container/Module;Lorg/eclipse/osgi/container/ModuleRevision;Lorg/ecli
Event: 86.132 Thread 0x000000001ebdc000 Uncommon trap: reason=unstable_if action=reinterpret pc=0x000000000388b5d8 method=sun.reflect.UnsafeStaticObjectFieldAccessorImpl.set(Ljava/lang/Object;Ljava/lang/Object;)V @ 13

Internal exceptions (10 events):
Event: 46.892 Thread 0x000000001ebdd000 Exception <a 'java/io/FileNotFoundException'> (0x00000000f7f2ca88) thrown at [C:\re\workspace\8-2-build-windows-amd64-cygwin\jdk8u66\5298\hotspot\src\share\vm\prims\jni.cpp, line 709]
Event: 47.066 Thread 0x000000001ebdd000 Exception <a 'java/io/FileNotFoundException'> (0x00000000f7f45a80) thrown at [C:\re\workspace\8-2-build-windows-amd64-cygwin\jdk8u66\5298\hotspot\src\share\vm\prims\jni.cpp, line 709]
Event: 84.685 Thread 0x0000000002749000 Implicit null exception at 0x000000000358edf4 to 0x000000000358eea5
Event: 84.860 Thread 0x0000000002749000 Implicit null exception at 0x000000000338d595 to 0x000000000338d9c5
Event: 85.487 Thread 0x000000001b152000 Exception <a 'java/lang/InterruptedException'> (0x00000000f71cf170) thrown at [C:\re\workspace\8-2-build-windows-amd64-cygwin\jdk8u66\5298\hotspot\src\share\vm\runtime\objectMonitor.cpp, line 1683]
Event: 86.109 Thread 0x000000001713f000 Exception <a 'java/lang/InterruptedException'> (0x00000000f5a61748) thrown at [C:\re\workspace\8-2-build-windows-amd64-cygwin\jdk8u66\5298\hotspot\src\share\vm\runtime\objectMonitor.cpp, line 1683]
Event: 86.132 Thread 0x000000001ebdc000 Implicit null exception at 0x000000000388b1d7 to 0x000000000388b5c5
Event: 86.132 Thread 0x0000000016087800 Exception <a 'java/lang/InterruptedException'> (0x00000000f7569698) thrown at [C:\re\workspace\8-2-build-windows-amd64-cygwin\jdk8u66\5298\hotspot\src\share\vm\runtime\objectMonitor.cpp, line 1683]
Event: 86.137 Thread 0x0000000017142000 Exception <a 'java/lang/InterruptedException'> (0x00000000f60793c0) thrown at [C:\re\workspace\8-2-build-windows-amd64-cygwin\jdk8u66\5298\hotspot\src\share\vm\runtime\objectMonitor.cpp, line 1683]
Event: 86.138 Thread 0x0000000015c52000 Exception <a 'java/lang/InterruptedException'> (0x00000000f7768b68) thrown at [C:\re\workspace\8-2-build-windows-amd64-cygwin\jdk8u66\5298\hotspot\src\share\vm\runtime\objectMonitor.cpp, line 1683]

Events (10 events):
Event: 86.144 Thread 0x0000000014f3b000 flushing nmethod 0x0000000003f38090
Event: 86.144 Thread 0x0000000014f3b000 flushing nmethod 0x0000000004002510
Event: 86.145 Thread 0x0000000014f3b000 flushing nmethod 0x00000000041bb050
Event: 86.145 Thread 0x0000000014f3b000 flushing nmethod 0x00000000041d9290
Event: 86.146 loading class java/util/IdentityHashMap$KeyIterator
Event: 86.146 loading class java/util/IdentityHashMap$IdentityHashMapIterator
Event: 86.146 loading class java/util/IdentityHashMap$IdentityHashMapIterator done
Event: 86.146 loading class java/util/IdentityHashMap$KeyIterator done
Event: 86.147 Thread 0x000000001ebdc000 Thread added: 0x000000001ebdc000
Event: 86.148 Executing VM operation: Exit


Dynamic libraries:
0x0000000000400000 - 0x000000000044f000 	C:\Xilinx\SDK\2016.4\eclipse\win64.o\eclipse.exe
0x0000000077be0000 - 0x0000000077d8a000 	C:\Windows\SYSTEM32\ntdll.dll
0x0000000077ac0000 - 0x0000000077bdf000 	C:\Windows\system32\kernel32.dll
0x000007fefdc20000 - 0x000007fefdc8a000 	C:\Windows\system32\KERNELBASE.dll
0x00000000779c0000 - 0x0000000077aba000 	C:\Windows\system32\USER32.dll
0x000007fefdff0000 - 0x000007fefe057000 	C:\Windows\system32\GDI32.dll
0x000007fefdc90000 - 0x000007fefdc9e000 	C:\Windows\system32\LPK.dll
0x000007fefe190000 - 0x000007fefe25b000 	C:\Windows\system32\USP10.dll
0x000007feff710000 - 0x000007feff7af000 	C:\Windows\system32\msvcrt.dll
0x000007fefc110000 - 0x000007fefc304000 	C:\Windows\WinSxS\amd64_microsoft.windows.common-controls_6595b64144ccf1df_6.0.7601.18837_none_fa3b1e3d17594757\COMCTL32.dll
0x000007feffa70000 - 0x000007feffae1000 	C:\Windows\system32\SHLWAPI.dll
0x000007feffc20000 - 0x000007feffc4e000 	C:\Windows\system32\IMM32.DLL
0x000007fefe060000 - 0x000007fefe169000 	C:\Windows\system32\MSCTF.dll
0x0000000072000000 - 0x0000000072012000 	C:\Xilinx\SDK\2016.4\eclipse\win64.o\plugins\org.eclipse.equinox.launcher.win32.win32.x86_64_1.1.300.v20150602-1417\eclipse_1611.dll
0x000007feff940000 - 0x000007feffa1b000 	C:\Windows\system32\ADVAPI32.dll
0x000007fefe260000 - 0x000007fefe27f000 	C:\Windows\SYSTEM32\sechost.dll
0x000007feffaf0000 - 0x000007feffc1d000 	C:\Windows\system32\RPCRT4.dll
0x000007fefc9b0000 - 0x000007fefc9bc000 	C:\Windows\system32\VERSION.dll
0x000007fefbbd0000 - 0x000007fefbc26000 	C:\Windows\system32\uxtheme.dll
0x000007fef2730000 - 0x000007fef2778000 	C:\Program Files (x86)\TeamViewer\tv_x64.dll
0x000007fefe2f0000 - 0x000007feff07b000 	C:\Windows\system32\SHELL32.dll
0x000007feffcf0000 - 0x000007feffeec000 	C:\Windows\system32\ole32.dll
0x0000000060470000 - 0x0000000060cf9000 	C:\Xilinx\SDK\2016.4\tps\win64\jre\bin\server\jvm.dll
0x000007fefa900000 - 0x000007fefa909000 	C:\Windows\system32\WSOCK32.dll
0x000007feffa20000 - 0x000007feffa6d000 	C:\Windows\system32\WS2_32.dll
0x000007fefe2e0000 - 0x000007fefe2e8000 	C:\Windows\system32\NSI.dll
0x000007fefb450000 - 0x000007fefb48b000 	C:\Windows\system32\WINMM.dll
0x0000000077db0000 - 0x0000000077db7000 	C:\Windows\system32\PSAPI.DLL
0x00000000754b0000 - 0x0000000075582000 	C:\Windows\system32\MSVCR100.dll
0x0000000072c30000 - 0x0000000072c3f000 	C:\Xilinx\SDK\2016.4\tps\win64\jre\bin\verify.dll
0x000000006e2e0000 - 0x000000006e309000 	C:\Xilinx\SDK\2016.4\tps\win64\jre\bin\java.dll
0x000000006e2c0000 - 0x000000006e2d6000 	C:\Xilinx\SDK\2016.4\tps\win64\jre\bin\zip.dll
0x000007fefd8d0000 - 0x000007fefd8df000 	C:\Windows\system32\profapi.dll
0x000007fefd0c0000 - 0x000007fefd0d8000 	C:\Windows\system32\CRYPTSP.dll
0x000007fefcdc0000 - 0x000007fefce07000 	C:\Windows\system32\rsaenh.dll
0x000007fefdbb0000 - 0x000007fefdbce000 	C:\Windows\system32\USERENV.dll
0x000007fefd730000 - 0x000007fefd73f000 	C:\Windows\system32\CRYPTBASE.dll
0x000000006e2a0000 - 0x000000006e2ba000 	C:\Xilinx\SDK\2016.4\tps\win64\jre\bin\net.dll
0x000007fefd060000 - 0x000007fefd0b5000 	C:\Windows\system32\mswsock.dll
0x000007fefd050000 - 0x000007fefd057000 	C:\Windows\System32\wship6.dll
0x000007fefb730000 - 0x000007fefb757000 	C:\Windows\system32\IPHLPAPI.DLL
0x000007fefb720000 - 0x000007fefb72b000 	C:\Windows\system32\WINNSI.DLL
0x000007fefb650000 - 0x000007fefb661000 	C:\Windows\system32\dhcpcsvc6.DLL
0x000007fefb630000 - 0x000007fefb648000 	C:\Windows\system32\dhcpcsvc.DLL
0x000000006e280000 - 0x000000006e291000 	C:\Xilinx\SDK\2016.4\tps\win64\jre\bin\nio.dll
0x000007feffc50000 - 0x000007feffce9000 	C:\Windows\system32\CLBCatQ.DLL
0x000007feff590000 - 0x000007feff66a000 	C:\Windows\system32\OLEAUT32.dll
0x000007fefb7d0000 - 0x000007fefb7e5000 	C:\Windows\system32\NLAapi.dll
0x000007fef89d0000 - 0x000007fef89e5000 	C:\Windows\system32\napinsp.dll
0x000007fef89b0000 - 0x000007fef89c9000 	C:\Windows\system32\pnrpnsp.dll
0x000007fefcee0000 - 0x000007fefcf3b000 	C:\Windows\system32\DNSAPI.dll
0x000007fef89a0000 - 0x000007fef89ab000 	C:\Windows\System32\winrnr.dll
0x000007fefca80000 - 0x000007fefca87000 	C:\Windows\System32\wshtcpip.dll
0x000007fef8f20000 - 0x000007fef8f28000 	C:\Windows\system32\rasadhlp.dll
0x000007fefb4a0000 - 0x000007fefb4f3000 	C:\Windows\System32\fwpuclnt.dll
0x0000000017990000 - 0x0000000017a38000 	C:\Users\shlab_89\.Xilinx\SDK\2016.4\org.eclipse.osgi\319\0\.cp\swt-win32-4527.dll
0x000007feff670000 - 0x000007feff707000 	C:\Windows\system32\comdlg32.dll
0x000007fef86f0000 - 0x000007fef8761000 	C:\Windows\system32\WINSPOOL.DRV
0x000007feff080000 - 0x000007feff3a1000 	C:\Windows\system32\WININET.dll
0x000007fefda90000 - 0x000007fefda94000 	C:\Windows\system32\api-ms-win-downlevel-user32-l1-1-0.dll
0x000007fefdb90000 - 0x000007fefdb94000 	C:\Windows\system32\api-ms-win-downlevel-shlwapi-l1-1-0.dll
0x000007fefdc10000 - 0x000007fefdc14000 	C:\Windows\system32\api-ms-win-downlevel-version-l1-1-0.dll
0x000007fefdba0000 - 0x000007fefdba3000 	C:\Windows\system32\api-ms-win-downlevel-normaliz-l1-1-0.dll
0x0000000077da0000 - 0x0000000077da3000 	C:\Windows\system32\normaliz.DLL
0x000007fefdca0000 - 0x000007fefdf6a000 	C:\Windows\system32\iertutil.dll
0x000007fefd8f0000 - 0x000007fefd8f5000 	C:\Windows\system32\api-ms-win-downlevel-advapi32-l1-1-0.dll
0x000007fefd920000 - 0x000007fefda8d000 	C:\Windows\system32\CRYPT32.dll
0x000007fefd8e0000 - 0x000007fefd8ef000 	C:\Windows\system32\MSASN1.dll
0x000007fefb350000 - 0x000007fefb368000 	C:\Windows\system32\dwmapi.dll
0x000007fefbf60000 - 0x000007fefc08c000 	C:\Windows\system32\propsys.dll
0x0000000016220000 - 0x000000001623e000 	C:\Users\shlab_89\.Xilinx\SDK\2016.4\org.eclipse.osgi\319\0\.cp\swt-gdip-win32-4527.dll
0x000007fef71c0000 - 0x000007fef73d7000 	C:\Windows\WinSxS\amd64_microsoft.windows.gdiplus_6595b64144ccf1df_1.1.7601.23807_none_14556b8e8b95d1fc\gdiplus.dll
0x000007fefb1a0000 - 0x000007fefb301000 	C:\Windows\system32\WindowsCodecs.dll
0x0000000180000000 - 0x0000000180012000 	C:\Users\shlab_89\.Xilinx\SDK\2016.4\org.eclipse.osgi\133\0\.cp\os\win32\x86_64\localfile_1_0_0.dll
0x000007fef2b60000 - 0x000007fef2bb4000 	C:\Windows\system32\oleacc.dll
0x000007fef4f30000 - 0x000007fef4f37000 	C:\Windows\system32\msimg32.dll
0x000007fefd820000 - 0x000007fefd834000 	C:\Windows\system32\RpcRtRemote.dll
0x000007fefd6d0000 - 0x000007fefd727000 	C:\Windows\system32\apphelp.dll
0x000007fef9020000 - 0x000007fef9031000 	C:\Users\shlab_89\.Xilinx\SDK\2016.4\org.eclipse.osgi\136\0\.cp\jWinHttp-1.0.0.dll
0x000007fefa040000 - 0x000007fefa0b1000 	C:\Windows\system32\WINHTTP.dll
0x000007fef9f70000 - 0x000007fef9fd4000 	C:\Windows\system32\webio.dll
0x000007fefd6a0000 - 0x000007fefd6c5000 	C:\Windows\system32\SspiCli.dll
0x000007fefccc0000 - 0x000007fefccca000 	C:\Windows\system32\credssp.dll
0x000007fefdaa0000 - 0x000007fefdad6000 	C:\Windows\system32\CFGMGR32.dll
0x000007fefaa10000 - 0x000007fefaa1f000 	C:\Xilinx\SDK\2016.4\lib\win64.o\librdi_repo_manager.dll
0x000007fef8b50000 - 0x000007fef8b7a000 	C:\Xilinx\SDK\2016.4\lib\win64.o\libisl_sysinfo.dll
0x000007feef970000 - 0x000007feefa44000 	C:\Windows\system32\MSVCR110.dll
0x000007feefd50000 - 0x000007feefdf7000 	C:\Windows\system32\MSVCP110.dll
0x000007fec06a0000 - 0x000007fec114a000 	C:\Xilinx\SDK\2016.4\lib\win64.o\librdi_common.dll
0x000007fec9e50000 - 0x000007feca1be000 	C:\Xilinx\SDK\2016.4\lib\win64.o\libCOIN-all.dll
0x000007fecaf90000 - 0x000007fecb1af000 	C:\Xilinx\SDK\2016.4\lib\win64.o\libXil_lmgr11.dll
0x000007fefbcd0000 - 0x000007fefbce6000 	C:\Windows\system32\NETAPI32.dll
0x000007fefb810000 - 0x000007fefb81c000 	C:\Windows\system32\netutils.dll
0x000007fefd370000 - 0x000007fefd393000 	C:\Windows\system32\srvcli.dll
0x000007fefb7f0000 - 0x000007fefb805000 	C:\Windows\system32\wkscli.dll
0x000007fefdbd0000 - 0x000007fefdc0b000 	C:\Windows\system32\WINTRUST.dll
0x000007fef91d0000 - 0x000007fef91e0000 	C:\Xilinx\SDK\2016.4\lib\win64.o\libboost_date_time.dll
0x000007fef7670000 - 0x000007fef7694000 	C:\Xilinx\SDK\2016.4\lib\win64.o\libboost_filesystem.dll
0x000007fef91e0000 - 0x000007fef91e9000 	C:\Xilinx\SDK\2016.4\lib\win64.o\libboost_system.dll
0x000007fef3f10000 - 0x000007fef3f87000 	C:\Xilinx\SDK\2016.4\lib\win64.o\libboost_program_options.dll
0x000007fef2800000 - 0x000007fef2906000 	C:\Xilinx\SDK\2016.4\lib\win64.o\libboost_regex.dll
0x000007fef8a60000 - 0x000007fef8a73000 	C:\Xilinx\SDK\2016.4\lib\win64.o\libboost_signals.dll
0x000007fef8a00000 - 0x000007fef8a1d000 	C:\Xilinx\SDK\2016.4\lib\win64.o\libboost_thread.dll
0x000007fef9080000 - 0x000007fef908b000 	C:\Xilinx\SDK\2016.4\lib\win64.o\libboost_chrono.dll
0x000007fef8b40000 - 0x000007fef8b4b000 	C:\Xilinx\SDK\2016.4\lib\win64.o\libboost_xilinx.dll
0x000007fef4320000 - 0x000007fef43a0000 	C:\Xilinx\SDK\2016.4\lib\win64.o\libhdlpsolve.dll
0x000007fecc9a0000 - 0x000007fecca3a000 	C:\Xilinx\SDK\2016.4\lib\win64.o\libhdxml.dll
0x000007fec4f00000 - 0x000007fec52c9000 	C:\Xilinx\SDK\2016.4\lib\win64.o\libisl_iostreams.dll
0x000007fef7ff0000 - 0x000007fef8006000 	C:\Xilinx\SDK\2016.4\lib\win64.o\libboost_iostreams.dll
0x000007fef75e0000 - 0x000007fef75ff000 	C:\Xilinx\SDK\2016.4\lib\win64.o\librdizlib.dll
0x000007fef75b0000 - 0x000007fef75d3000 	C:\Xilinx\SDK\2016.4\lib\win64.o\libisl_iosutils.dll
0x000007fef6bd0000 - 0x000007fef6be5000 	C:\Xilinx\SDK\2016.4\lib\win64.o\pthreadVC2.dll
0x000007fef3670000 - 0x000007fef36c3000 	C:\Xilinx\SDK\2016.4\lib\win64.o\librdi_commonxillic.dll
0x000007fecc870000 - 0x000007fecc9a0000 	C:\Xilinx\SDK\2016.4\lib\win64.o\librdi_curl.dll
0x000007fef43f0000 - 0x000007fef4408000 	C:\Xilinx\SDK\2016.4\lib\win64.o\librdiconfig.dll
0x00000000691d0000 - 0x00000000692f7000 	C:\Xilinx\SDK\2016.4\lib\win64.o\tcl85t.dll
0x0000000025960000 - 0x0000000025bc3000 	C:\Xilinx\SDK\2016.4\lib\win64.o\xerces-c_3_1.dll
0x000007feff7b0000 - 0x000007feff935000 	C:\Windows\system32\urlmon.dll
0x000007fefdb80000 - 0x000007fefdb84000 	C:\Windows\system32\api-ms-win-downlevel-ole32-l1-1-0.dll
0x000007fef0300000 - 0x000007fef0323000 	C:\Windows\system32\VCOMP110.DLL
0x000007fec93c0000 - 0x000007fec95b8000 	C:\Xilinx\SDK\2016.4\lib\win64.o\librdi_hsm.dll
0x000007fecc5e0000 - 0x000007fecc623000 	C:\Xilinx\SDK\2016.4\lib\win64.o\librdi_hdf.dll
0x000007fec4520000 - 0x000007fec47e8000 	C:\Xilinx\SDK\2016.4\lib\win64.o\librdi_ippcw.dll
0x0000000071080000 - 0x00000000710a6000 	C:\Xilinx\SDK\2016.4\eclipse\win64.o\plugins\gnu.io.rxtx.win32.x86_64_2.1.7.3_v20071015\os\win32\x86_64\rxtxSerial.dll
0x000007fef3560000 - 0x000007fef3576000 	C:\Xilinx\SDK\2016.4\eclipse\win64.o\plugins\org.eclipse.cdt.core.win32.x86_64_5.4.0.201509131935\os\win32\x86_64\spawner.dll
0x000007fefaa00000 - 0x000007fefaa0a000 	C:\Xilinx\SDK\2016.4\lib\win64.o\librdi_jtag_settings.dll
0x000007fef35e0000 - 0x000007fef3609000 	C:\Xilinx\SDK\2016.4\lib\win64.o\librdi_debug_dialog.dll
0x000007fef7fc0000 - 0x000007fef7fc8000 	C:\Xilinx\SDK\2016.4\lib\win64.o\librdi_target_manager.dll

VM Arguments:
jvm_args: -Dcom.xilinx.sdk.args.hwspec=C:/Users/shlab_89/Desktop/0620_lab_BRAM/0316303_0619/0316303_0619.sdk/lab6_wrapper.hdf -Xms64m -Xmx512m & 
java_command: <unknown>
java_class_path (initial): C:\Xilinx\SDK\2016.4\eclipse\win64.o\\plugins/org.eclipse.equinox.launcher_1.3.100.v20150511-1540.jar
Launcher Type: generic

Environment Variables:
PATH=C:/Xilinx/SDK/2016.4/tps/win64/jre/bin/server;C:/Xilinx/SDK/2016.4/tps/win64/jre/bin;C:/Xilinx/SDK/2016.4/tps/win64/jre/lib/amd64;C:\Xilinx\SDK\2016.4\gnuwin\bin;C:\Xilinx\SDK\2016.4\gnu\microblaze\nt\bin;C:\Xilinx\SDK\2016.4\gnu\microblaze\linux_toolchain\nt64_le\bin;C:\Xilinx\SDK\2016.4\gnu\microblaze\linux_toolchain\nt64_be\bin;C:\Xilinx\SDK\2016.4\gnu\arm\nt\bin;C:\Xilinx\SDK\2016.4\gnu\aarch64\nt\aarch64-none\bin;C:\Xilinx\SDK\2016.4\gnu\aarch64\nt\aarch64-linux\bin;C:\Xilinx\SDK\2016.4\gnu\armr5\nt\gcc-arm-none-eabi\bin;C:\Xilinx\SDK\2016.4\gnu\aarch32\nt\gcc-arm-none-eabi\bin;C:\Xilinx\SDK\2016.4\gnu\aarch32\nt\gcc-arm-linux-gnueabi\bin;C:\Xilinx\SDK\2016.4\tps\win64\cmake-3.3.2\bin;;C:\Xilinx\SDK\2016.4\bin;C:\Xilinx\SDK\2016.4\lib\win64.o;C:\Xilinx\SDK\2016.4\tps\win64\jre\bin\server;C:\Xilinx\SDK\2016.4\tps\win64\jre\bin;C:\Xilinx\Vivado\2016.4\ids_lite\ISE\bin\nt64;C:\Xilinx\Vivado\2016.4\ids_lite\ISE\lib\nt64;C:\Xilinx\Vivado\2016.4\bin;C:\Xilinx\Vivado\2016.4\lib\win64.o;C:\Xilinx\Vivado\2016.4\tps\win64\jre\bin\server;C:\Xilinx\Vivado\2016.4\tps\win64\jre\bin;C:\Xilinx\Vivado_HLS\2016.4\bin;C:\ProgramData\Oracle\Java\javapath;C:\Windows\system32;C:\Windows;C:\Windows\System32\Wbem;C:\Windows\System32\WindowsPowerShell\v1.0\;C:\Program Files (x86)\Intel\OpenCL SDK\2.0\bin\x86;C:\Program Files (x86)\Intel\OpenCL SDK\2.0\bin\x64;c:\Users\shlab_89\Desktop\0620_lab_BRAM\0316303_0619;
USERNAME=shlab_89
OS=Windows_NT
PROCESSOR_IDENTIFIER=Intel64 Family 6 Model 58 Stepping 9, GenuineIntel



---------------  S Y S T E M  ---------------

OS: Windows 7 , 64 bit Build 7601 (6.1.7601.23807)

CPU:total 4 (2 cores per cpu, 2 threads per core) family 6 model 58 stepping 9, cmov, cx8, fxsr, mmx, sse, sse2, sse3, ssse3, sse4.1, sse4.2, popcnt, avx, clmul, erms, ht, tsc, tscinvbit, tscinv

Memory: 4k page, physical 16462528k(4987984k free), swap 32923196k(20756208k free)

vm_info: Java HotSpot(TM) 64-Bit Server VM (25.66-b18) for windows-amd64 JRE (1.8.0_66-b18), built on Nov  9 2015 10:51:13 by "java_re" with MS VC++ 10.0 (VS2010)

time: Wed Jun 21 16:56:09 2017
elapsed time: 86 seconds (0d 0h 1m 26s)

