#
# A fatal error has been detected by the Java Runtime Environment:
#
#  EXCEPTION_UNCAUGHT_CXX_EXCEPTION (0xe06d7363) at pc=0x000007fefd8aa06d, pid=2468, tid=4768
#
# JRE version: Java(TM) SE Runtime Environment (8.0_66-b18) (build 1.8.0_66-b18)
# Java VM: Java HotSpot(TM) 64-Bit Server VM (25.66-b18 mixed mode windows-amd64 compressed oops)
# Problematic frame:
# C  [KERNELBASE.dll+0x1a06d]
#
# Failed to write core dump. Minidumps are not enabled by default on client versions of Windows
#
# If you would like to submit a bug report, please visit:
#   http://bugreport.java.com/bugreport/crash.jsp
#

---------------  T H R E A D  ---------------

Current thread (0x000000001382a800):  VMThread [stack: 0x0000000014890000,0x0000000014990000] [id=4768]

siginfo: ExceptionCode=0xe06d7363, ExceptionInformation=0x0000000019930520 0x000000001498f6c8 0x000007fee2742cb8 0x000007fee2690000 

Registers:
RAX=0x000000006194f1aa, RBX=0x000007fee2742cb8, RCX=0x000000001498ef10, RDX=0x00000000000000d0
RSP=0x000000001498f520, RBP=0x000000001498f650, RSI=0x00000000ffffffff, RDI=0x0000000027977080
R8 =0x0000000000000000, R9 =0x0000000000000000, R10=0x000007fee2690000, R11=0x000000001498f560
R12=0x0000000000000001, R13=0x0000000000000008, R14=0x0000000000000000, R15=0xffffffffffffffff
RIP=0x000007fefd8aa06d, EFLAGS=0x0000000000000206

Top of Stack: (sp=0x000000001498f520)
0x000000001498f520:   000007fee2742cb8 00000000ffffffff
0x000000001498f530:   0000000027977080 0000000000311fd0
0x000000001498f540:   00000001e06d7363 0000000000000000
0x000000001498f550:   000007fefd8aa06d 000007fe00000004
0x000000001498f560:   0000000019930520 000000001498f6c8
0x000000001498f570:   000007fee2742cb8 000007fee2690000
0x000000001498f580:   0000000000000000 000000001498f608
0x000000001498f590:   0000000000000028 0000000027977070
0x000000001498f5a0:   0000000000383d20 0000000000000000
0x000000001498f5b0:   000007fffff9c000 000000007791f4e3
0x000000001498f5c0:   0000000000000000 0000000000000008
0x000000001498f5d0:   0000000000000001 0000000027977080
0x000000001498f5e0:   00000000ffffffff 000007fee26ee92c
0x000000001498f5f0:   000007fee2742cb8 000000001498f660
0x000000001498f600:   0000000000000001 000007fee26900f8
0x000000001498f610:   00000001e06d7363 0000000000000000 

Instructions: (pc=0x000007fefd8aa06d)
0x000007fefd8aa04d:   54 24 24 48 89 4c 24 28 4d 85 c9 0f 85 6a 03 00
0x000007fefd8aa05d:   00 89 4c 24 38 48 8d 4c 24 20 ff 15 33 02 03 00
0x000007fefd8aa06d:   48 81 c4 c8 00 00 00 c3 90 90 90 90 90 90 90 90
0x000007fefd8aa07d:   90 90 90 48 83 ec 28 65 48 8b 04 25 30 00 00 00 


Register to memory mapping:

RAX=0x000000006194f1aa is an unknown value
RBX=0x000007fee2742cb8 is an unknown value
RCX=0x000000001498ef10 is an unknown value
RDX=0x00000000000000d0 is an unknown value
RSP=0x000000001498f520 is an unknown value
RBP=0x000000001498f650 is an unknown value
RSI=0x00000000ffffffff is an unallocated location in the heap
RDI=0x0000000027977080 is an unknown value
R8 =0x0000000000000000 is an unknown value
R9 =0x0000000000000000 is an unknown value
R10=0x000007fee2690000 is an unknown value
R11=0x000000001498f560 is an unknown value
R12=0x0000000000000001 is an unknown value
R13=0x0000000000000008 is an unknown value
R14=0x0000000000000000 is an unknown value
R15=0xffffffffffffffff is an unknown value


Stack: [0x0000000014890000,0x0000000014990000],  sp=0x000000001498f520,  free space=1021k
Native frames: (J=compiled Java code, j=interpreted, Vv=VM code, C=native code)
C  [KERNELBASE.dll+0x1a06d]
C  [MSVCR110.dll+0x5e92c]
C  [MSVCR110.dll+0x1315c]
C  [MSVCR110.dll+0x136a9]
C  [MSVCR110.dll+0x13e9c]
C  [MSVCR110.dll+0x239e]
C  [MSVCR110.dll+0xaf9e]
C  [MSVCP110.dll+0x397b9]
C  [librdi_common.dll+0x183a66]
C  [librdi_common.dll+0x1826fb]
C  [librdi_target_manager.dll+0x2400]
C  [librdi_target_manager.dll+0x2682]
C  [ntdll.dll+0x22ac1]
C  [ntdll.dll+0x228d0]
C  [MSVCR100.dll+0x20ccd]
V  [jvm.dll+0x210cc5]
V  [jvm.dll+0x249897]
V  [jvm.dll+0x248b36]
V  [jvm.dll+0x248fd1]
V  [jvm.dll+0x2491ee]
V  [jvm.dll+0x29a0fa]
C  [MSVCR100.dll+0x21d9f]
C  [MSVCR100.dll+0x21e3b]
C  [kernel32.dll+0x159cd]
C  [ntdll.dll+0x2a561]

VM_Operation (0x000000000012f4c0): Exit, mode: safepoint, requested by thread 0x0000000002408000


---------------  P R O C E S S  ---------------

Java Threads: ( => current thread )
  0x0000000016d90800 JavaThread "Spawner Reaper" daemon [_thread_in_native, id=11184, stack(0x0000000029190000,0x0000000029290000)]
  0x0000000016d92000 JavaThread "pool-2-thread-2" [_thread_blocked, id=10888, stack(0x0000000028eb0000,0x0000000028fb0000)]
  0x000000001dc62800 JavaThread "pool-2-thread-1" [_thread_blocked, id=5636, stack(0x0000000027600000,0x0000000027700000)]
  0x000000001dc61000 JavaThread "Thread-46" daemon [_thread_blocked, id=4608, stack(0x0000000026760000,0x0000000026860000)]
  0x000000001ade0000 JavaThread "TCF Channel Transmitter" daemon [_thread_blocked, id=6456, stack(0x0000000023d80000,0x0000000023e80000)]
  0x000000001b015800 JavaThread "TCF Channel Receiver" daemon [_thread_in_native, id=5000, stack(0x0000000025a10000,0x0000000025b10000)]
  0x000000001addf800 JavaThread "Process monitor" daemon [_thread_in_native, id=7616, stack(0x0000000025910000,0x0000000025a10000)]
  0x000000001adde800 JavaThread "Input Stream Monitor" daemon [_thread_blocked, id=4160, stack(0x00000000255b0000,0x00000000256b0000)]
  0x000000001adde000 JavaThread "Output Stream Monitor" daemon [_thread_in_native, id=6548, stack(0x0000000025810000,0x0000000025910000)]
  0x000000001addd000 JavaThread "Output Stream Monitor" daemon [_thread_in_native, id=6920, stack(0x0000000025710000,0x0000000025810000)]
  0x00000000206e6000 JavaThread "TCF Locator DNS Lookup" daemon [_thread_blocked, id=772, stack(0x000000001bd40000,0x000000001be40000)]
  0x00000000206e5000 JavaThread "TCF Locator Timer" daemon [_thread_blocked, id=2620, stack(0x000000001bc40000,0x000000001bd40000)]
  0x00000000206e4800 JavaThread "TCF Locator Receiver" daemon [_thread_blocked, id=3736, stack(0x000000001bb40000,0x000000001bc40000)]
  0x00000000167dd800 JavaThread "TCF Timer Dispatcher" daemon [_thread_blocked, id=7732, stack(0x000000001b940000,0x000000001ba40000)]
  0x00000000167d7800 JavaThread "EMF Reference Cleaner" daemon [_thread_blocked, id=7760, stack(0x0000000017e90000,0x0000000017f90000)]
  0x0000000014c2e000 JavaThread "Service Thread" daemon [_thread_blocked, id=3472, stack(0x0000000015490000,0x0000000015590000)]
  0x0000000014bbc000 JavaThread "C1 CompilerThread2" daemon [_thread_blocked, id=7696, stack(0x0000000015390000,0x0000000015490000)]
  0x000000001389e800 JavaThread "C2 CompilerThread1" daemon [_thread_blocked, id=4548, stack(0x0000000015290000,0x0000000015390000)]
  0x0000000014ba2800 JavaThread "C2 CompilerThread0" daemon [_thread_blocked, id=7172, stack(0x0000000015190000,0x0000000015290000)]
  0x0000000013894800 JavaThread "Attach Listener" daemon [_thread_blocked, id=5604, stack(0x0000000015090000,0x0000000015190000)]
  0x0000000013893000 JavaThread "Signal Dispatcher" daemon [_thread_blocked, id=7228, stack(0x0000000014f90000,0x0000000015090000)]
  0x000000001383a800 JavaThread "Finalizer" daemon [_thread_blocked, id=3316, stack(0x0000000014a90000,0x0000000014b90000)]
  0x0000000013834000 JavaThread "Reference Handler" daemon [_thread_blocked, id=2692, stack(0x0000000014990000,0x0000000014a90000)]
  0x0000000002408000 JavaThread "main" [_thread_blocked, id=7640, stack(0x0000000000030000,0x0000000000130000)]

Other Threads:
=>0x000000001382a800 VMThread [stack: 0x0000000014890000,0x0000000014990000] [id=4768]

VM state:at safepoint (shutting down)

VM Mutex/Monitor currently owned by a thread:  ([mutex/lock_event])
[0x00000000023ce310] Threads_lock - owner thread: 0x000000001382a800

Heap:
 PSYoungGen      total 112128K, used 68677K [0x00000000f5580000, 0x00000000fe880000, 0x0000000100000000)
  eden space 106496K, 64% used [0x00000000f5580000,0x00000000f9891668,0x00000000fbd80000)
  from space 5632K, 0% used [0x00000000fbd80000,0x00000000fbd80000,0x00000000fc300000)
  to   space 22016K, 0% used [0x00000000fd300000,0x00000000fd300000,0x00000000fe880000)
 ParOldGen       total 116224K, used 72420K [0x00000000e0000000, 0x00000000e7180000, 0x00000000f5580000)
  object space 116224K, 62% used [0x00000000e0000000,0x00000000e46b9320,0x00000000e7180000)
 Metaspace       used 97703K, capacity 105480K, committed 105752K, reserved 1140736K
  class space    used 11576K, capacity 14074K, committed 14120K, reserved 1048576K

Card table byte_map: [0x0000000011890000,0x00000000119a0000] byte_map_base: 0x0000000011190000

Marking Bits: (ParMarkBitMap*) 0x00000000705aa5b0
 Begin Bits: [0x0000000011da0000, 0x00000000125a0000)
 End Bits:   [0x00000000125a0000, 0x0000000012da0000)

Polling page: 0x0000000000260000

CodeCache: size=245760Kb used=50385Kb max_used=50397Kb free=195374Kb
 bounds [0x00000000024d0000, 0x0000000005660000, 0x00000000114d0000]
 total_blobs=14114 nmethods=13205 adapters=816
 compilation: enabled

Compilation events (10 events):
Event: 467.947 Thread 0x0000000014bbc000 16616   !   3       org.eclipse.osgi.internal.loader.BundleLoader::close (74 bytes)
Event: 467.948 Thread 0x0000000014bbc000 nmethod 16616 0x0000000004153fd0 code [0x00000000041541c0, 0x0000000004154bb8]
Event: 467.948 Thread 0x0000000014bbc000 16617  s    3       java.util.Hashtable::clear (38 bytes)
Event: 467.949 Thread 0x0000000014bbc000 nmethod 16617 0x00000000039e1d50 code [0x00000000039e1ec0, 0x00000000039e2390]
Event: 467.972 Thread 0x000000001389e800 nmethod 16584 0x0000000005656ad0 code [0x0000000005656e80, 0x000000000565a048]
Event: 467.975 Thread 0x000000001389e800 16595       4       java.lang.Long::parseLong (272 bytes)
Event: 467.983 Thread 0x000000001389e800 nmethod 16595 0x0000000004fc0d50 code [0x0000000004fc0ec0, 0x0000000004fc1538]
Event: 467.983 Thread 0x000000001389e800 16613       4       java.lang.Long::valueOf (36 bytes)
Event: 467.984 Thread 0x000000001389e800 nmethod 16613 0x000000000314a750 code [0x000000000314a8a0, 0x000000000314a9b8]
Event: 467.984 Thread 0x000000001389e800 16596       4       org.eclipse.osgi.internal.container.ComputeNodeOrder$Digraph::addEdge (67 bytes)

GC Heap History (10 events):
Event: 333.647 GC heap before
{Heap before GC invocations=31 (full 7):
 PSYoungGen      total 124928K, used 10621K [0x00000000f5580000, 0x00000000fe780000, 0x0000000100000000)
  eden space 103424K, 0% used [0x00000000f5580000,0x00000000f5580000,0x00000000fba80000)
  from space 21504K, 49% used [0x00000000fd280000,0x00000000fdcdf750,0x00000000fe780000)
  to   space 23040K, 0% used [0x00000000fba80000,0x00000000fba80000,0x00000000fd100000)
 ParOldGen       total 116224K, used 65456K [0x00000000e0000000, 0x00000000e7180000, 0x00000000f5580000)
  object space 116224K, 56% used [0x00000000e0000000,0x00000000e3fec0c8,0x00000000e7180000)
 Metaspace       used 95552K, capacity 103286K, committed 103704K, reserved 1138688K
  class space    used 11402K, capacity 13737K, committed 13864K, reserved 1048576K
Event: 334.074 GC heap after
Heap after GC invocations=31 (full 7):
 PSYoungGen      total 124928K, used 0K [0x00000000f5580000, 0x00000000fe780000, 0x0000000100000000)
  eden space 103424K, 0% used [0x00000000f5580000,0x00000000f5580000,0x00000000fba80000)
  from space 21504K, 0% used [0x00000000fd280000,0x00000000fd280000,0x00000000fe780000)
  to   space 23040K, 0% used [0x00000000fba80000,0x00000000fba80000,0x00000000fd100000)
 ParOldGen       total 116224K, used 73349K [0x00000000e0000000, 0x00000000e7180000, 0x00000000f5580000)
  object space 116224K, 63% used [0x00000000e0000000,0x00000000e47a1518,0x00000000e7180000)
 Metaspace       used 95552K, capacity 103286K, committed 103704K, reserved 1138688K
  class space    used 11402K, capacity 13737K, committed 13864K, reserved 1048576K
}
Event: 362.299 GC heap before
{Heap before GC invocations=32 (full 7):
 PSYoungGen      total 124928K, used 103424K [0x00000000f5580000, 0x00000000fe780000, 0x0000000100000000)
  eden space 103424K, 100% used [0x00000000f5580000,0x00000000fba80000,0x00000000fba80000)
  from space 21504K, 0% used [0x00000000fd280000,0x00000000fd280000,0x00000000fe780000)
  to   space 23040K, 0% used [0x00000000fba80000,0x00000000fba80000,0x00000000fd100000)
 ParOldGen       total 116224K, used 73349K [0x00000000e0000000, 0x00000000e7180000, 0x00000000f5580000)
  object space 116224K, 63% used [0x00000000e0000000,0x00000000e47a1518,0x00000000e7180000)
 Metaspace       used 95773K, capacity 103548K, committed 103960K, reserved 1138688K
  class space    used 11405K, capacity 13738K, committed 13864K, reserved 1048576K
Event: 362.304 GC heap after
Heap after GC invocations=32 (full 7):
 PSYoungGen      total 126464K, used 2112K [0x00000000f5580000, 0x00000000fec00000, 0x0000000100000000)
  eden space 103424K, 0% used [0x00000000f5580000,0x00000000f5580000,0x00000000fba80000)
  from space 23040K, 9% used [0x00000000fba80000,0x00000000fbc90010,0x00000000fd100000)
  to   space 23552K, 0% used [0x00000000fd500000,0x00000000fd500000,0x00000000fec00000)
 ParOldGen       total 116224K, used 73349K [0x00000000e0000000, 0x00000000e7180000, 0x00000000f5580000)
  object space 116224K, 63% used [0x00000000e0000000,0x00000000e47a1518,0x00000000e7180000)
 Metaspace       used 95773K, capacity 103548K, committed 103960K, reserved 1138688K
  class space    used 11405K, capacity 13738K, committed 13864K, reserved 1048576K
}
Event: 401.833 GC heap before
{Heap before GC invocations=33 (full 7):
 PSYoungGen      total 126464K, used 105536K [0x00000000f5580000, 0x00000000fec00000, 0x0000000100000000)
  eden space 103424K, 100% used [0x00000000f5580000,0x00000000fba80000,0x00000000fba80000)
  from space 23040K, 9% used [0x00000000fba80000,0x00000000fbc90010,0x00000000fd100000)
  to   space 23552K, 0% used [0x00000000fd500000,0x00000000fd500000,0x00000000fec00000)
 ParOldGen       total 116224K, used 73349K [0x00000000e0000000, 0x00000000e7180000, 0x00000000f5580000)
  object space 116224K, 63% used [0x00000000e0000000,0x00000000e47a1518,0x00000000e7180000)
 Metaspace       used 96865K, capacity 104588K, committed 104728K, reserved 1140736K
  class space    used 11489K, capacity 13846K, committed 13864K, reserved 1048576K
Event: 401.841 GC heap after
Heap after GC invocations=33 (full 7):
 PSYoungGen      total 128512K, used 5067K [0x00000000f5580000, 0x00000000fea80000, 0x0000000100000000)
  eden space 106496K, 0% used [0x00000000f5580000,0x00000000f5580000,0x00000000fbd80000)
  from space 22016K, 23% used [0x00000000fd500000,0x00000000fd9f2dd8,0x00000000fea80000)
  to   space 23040K, 0% used [0x00000000fbd80000,0x00000000fbd80000,0x00000000fd400000)
 ParOldGen       total 116224K, used 73357K [0x00000000e0000000, 0x00000000e7180000, 0x00000000f5580000)
  object space 116224K, 63% used [0x00000000e0000000,0x00000000e47a3518,0x00000000e7180000)
 Metaspace       used 96865K, capacity 104588K, committed 104728K, reserved 1140736K
  class space    used 11489K, capacity 13846K, committed 13864K, reserved 1048576K
}
Event: 407.250 GC heap before
{Heap before GC invocations=34 (full 7):
 PSYoungGen      total 128512K, used 20144K [0x00000000f5580000, 0x00000000fea80000, 0x0000000100000000)
  eden space 106496K, 14% used [0x00000000f5580000,0x00000000f6439290,0x00000000fbd80000)
  from space 22016K, 23% used [0x00000000fd500000,0x00000000fd9f2dd8,0x00000000fea80000)
  to   space 23040K, 0% used [0x00000000fbd80000,0x00000000fbd80000,0x00000000fd400000)
 ParOldGen       total 116224K, used 73357K [0x00000000e0000000, 0x00000000e7180000, 0x00000000f5580000)
  object space 116224K, 63% used [0x00000000e0000000,0x00000000e47a3518,0x00000000e7180000)
 Metaspace       used 96878K, capacity 104588K, committed 104728K, reserved 1140736K
  class space    used 11489K, capacity 13846K, committed 13864K, reserved 1048576K
Event: 407.261 GC heap after
Heap after GC invocations=34 (full 7):
 PSYoungGen      total 112128K, used 5348K [0x00000000f5580000, 0x00000000fe880000, 0x0000000100000000)
  eden space 106496K, 0% used [0x00000000f5580000,0x00000000f5580000,0x00000000fbd80000)
  from space 5632K, 94% used [0x00000000fbd80000,0x00000000fc2b9378,0x00000000fc300000)
  to   space 22016K, 0% used [0x00000000fd300000,0x00000000fd300000,0x00000000fe880000)
 ParOldGen       total 116224K, used 73365K [0x00000000e0000000, 0x00000000e7180000, 0x00000000f5580000)
  object space 116224K, 63% used [0x00000000e0000000,0x00000000e47a5518,0x00000000e7180000)
 Metaspace       used 96878K, capacity 104588K, committed 104728K, reserved 1140736K
  class space    used 11489K, capacity 13846K, committed 13864K, reserved 1048576K
}
Event: 407.261 GC heap before
{Heap before GC invocations=35 (full 8):
 PSYoungGen      total 112128K, used 5348K [0x00000000f5580000, 0x00000000fe880000, 0x0000000100000000)
  eden space 106496K, 0% used [0x00000000f5580000,0x00000000f5580000,0x00000000fbd80000)
  from space 5632K, 94% used [0x00000000fbd80000,0x00000000fc2b9378,0x00000000fc300000)
  to   space 22016K, 0% used [0x00000000fd300000,0x00000000fd300000,0x00000000fe880000)
 ParOldGen       total 116224K, used 73365K [0x00000000e0000000, 0x00000000e7180000, 0x00000000f5580000)
  object space 116224K, 63% used [0x00000000e0000000,0x00000000e47a5518,0x00000000e7180000)
 Metaspace       used 96878K, capacity 104588K, committed 104728K, reserved 1140736K
  class space    used 11489K, capacity 13846K, committed 13864K, reserved 1048576K
Event: 407.630 GC heap after
Heap after GC invocations=35 (full 8):
 PSYoungGen      total 112128K, used 0K [0x00000000f5580000, 0x00000000fe880000, 0x0000000100000000)
  eden space 106496K, 0% used [0x00000000f5580000,0x00000000f5580000,0x00000000fbd80000)
  from space 5632K, 0% used [0x00000000fbd80000,0x00000000fbd80000,0x00000000fc300000)
  to   space 22016K, 0% used [0x00000000fd300000,0x00000000fd300000,0x00000000fe880000)
 ParOldGen       total 116224K, used 72420K [0x00000000e0000000, 0x00000000e7180000, 0x00000000f5580000)
  object space 116224K, 62% used [0x00000000e0000000,0x00000000e46b9320,0x00000000e7180000)
 Metaspace       used 96878K, capacity 104588K, committed 104728K, reserved 1140736K
  class space    used 11489K, capacity 13846K, committed 13864K, reserved 1048576K
}

Deoptimization events (10 events):
Event: 467.240 Thread 0x000000001b017800 Uncommon trap: reason=unstable_if action=reinterpret pc=0x0000000004fec9d0 method=java.util.concurrent.CopyOnWriteArrayList.indexOf(Ljava/lang/Object;[Ljava/lang/Object;II)I @ 49
Event: 467.242 Thread 0x000000001b017800 Uncommon trap: reason=unstable_if action=reinterpret pc=0x00000000041ee1e4 method=org.eclipse.swt.graphics.Resource.dispose()V @ 15
Event: 467.245 Thread 0x000000001b017800 Uncommon trap: reason=unstable_if action=reinterpret pc=0x000000000337df5c method=sun.nio.cs.UTF_8$Encoder.encodeArrayLoop(Ljava/nio/CharBuffer;Ljava/nio/ByteBuffer;)Ljava/nio/charset/CoderResult; @ 87
Event: 467.794 Thread 0x000000001b017800 Uncommon trap: reason=unstable_if action=reinterpret pc=0x0000000002f41e80 method=org.eclipse.swt.widgets.Display.getSystemFont()Lorg/eclipse/swt/graphics/Font; @ 8
Event: 467.798 Thread 0x000000001b017800 Uncommon trap: reason=unstable_if action=reinterpret pc=0x00000000030fa360 method=org.eclipse.osgi.internal.hooks.EclipseLazyStarter.shouldActivateFor(Ljava/lang/String;Lorg/eclipse/osgi/container/Module;Lorg/eclipse/osgi/container/ModuleRevision;Lorg/ecli¿ž,$Ü<}@
Event: 467.804 Thread 0x0000000016420000 Uncommon trap: reason=null_check action=make_not_entrant pc=0x000000000340877c method=org.eclipse.core.internal.runtime.Log.isLoggable(Lorg/osgi/framework/Bundle;Ljava/lang/String;I)Z @ 3
Event: 467.804 Thread 0x0000000016420000 Uncommon trap: reason=unstable_if action=reinterpret pc=0x00000000032d737c method=org.eclipse.osgi.internal.framework.BundleContextImpl.dispatchEvent(Ljava/lang/Object;Ljava/lang/Object;ILjava/lang/Object;)V @ 16
Event: 467.894 Thread 0x000000001addb800 Uncommon trap: reason=unstable_if action=reinterpret pc=0x00000000049e283c method=org.eclipse.core.internal.jobs.JobManager.nextJob()Lorg/eclipse/core/runtime/jobs/Job; @ 80
Event: 467.894 Thread 0x00000000167d8000 Uncommon trap: reason=unstable_if action=reinterpret pc=0x00000000049e283c method=org.eclipse.core.internal.jobs.JobManager.nextJob()Lorg/eclipse/core/runtime/jobs/Job; @ 80
Event: 467.924 Thread 0x000000001b017800 Uncommon trap: reason=unstable_if action=reinterpret pc=0x0000000002f58dd8 method=sun.reflect.UnsafeStaticObjectFieldAccessorImpl.set(Ljava/lang/Object;Ljava/lang/Object;)V @ 13

Internal exceptions (10 events):
Event: 465.531 Thread 0x0000000002408000 Exception <a 'java/io/IOException'> (0x00000000f7d491d0) thrown at [C:\re\workspace\8-2-build-windows-amd64-cygwin\jdk8u66\5298\hotspot\src\share\vm\prims\jni.cpp, line 709]
Event: 466.780 Thread 0x0000000002408000 Implicit null exception at 0x00000000046156e7 to 0x0000000004617ab5
Event: 466.843 Thread 0x0000000002408000 Implicit null exception at 0x0000000004eec644 to 0x0000000004eececd
Event: 467.207 Thread 0x0000000019580800 Exception <a 'java/lang/InterruptedException'> (0x00000000f9268470) thrown at [C:\re\workspace\8-2-build-windows-amd64-cygwin\jdk8u66\5298\hotspot\src\share\vm\runtime\objectMonitor.cpp, line 1683]
Event: 467.804 Thread 0x0000000016420000 Implicit null exception at 0x0000000003408622 to 0x000000000340876d
Event: 467.891 Thread 0x00000000167da800 Exception <a 'java/lang/InterruptedException'> (0x00000000f8e7fdc0) thrown at [C:\re\workspace\8-2-build-windows-amd64-cygwin\jdk8u66\5298\hotspot\src\share\vm\runtime\objectMonitor.cpp, line 1683]
Event: 467.924 Thread 0x000000001b017800 Implicit null exception at 0x0000000002f589d7 to 0x0000000002f58dc5
Event: 467.925 Thread 0x0000000016420000 Exception <a 'java/lang/InterruptedException'> (0x00000000f95fe908) thrown at [C:\re\workspace\8-2-build-windows-amd64-cygwin\jdk8u66\5298\hotspot\src\share\vm\runtime\objectMonitor.cpp, line 1683]
Event: 467.938 Thread 0x00000000167db000 Exception <a 'java/lang/InterruptedException'> (0x00000000f7d3a1a0) thrown at [C:\re\workspace\8-2-build-windows-amd64-cygwin\jdk8u66\5298\hotspot\src\share\vm\runtime\objectMonitor.cpp, line 1683]
Event: 467.938 Thread 0x00000000159d3000 Exception <a 'java/lang/InterruptedException'> (0x00000000f9785cb0) thrown at [C:\re\workspace\8-2-build-windows-amd64-cygwin\jdk8u66\5298\hotspot\src\share\vm\runtime\objectMonitor.cpp, line 1683]

Events (10 events):
Event: 467.985 loading class java/util/IdentityHashMap$IdentityHashMapIterator
Event: 467.985 loading class java/util/IdentityHashMap$IdentityHashMapIterator done
Event: 467.985 loading class java/util/IdentityHashMap$KeyIterator done
Event: 467.986 Thread 0x000000001b017800 Thread added: 0x000000001b017800
Event: 467.987 Executing VM operation: RevokeBias
Event: 467.987 Executing VM operation: RevokeBias done
Event: 467.987 Executing VM operation: RevokeBias
Event: 467.987 Executing VM operation: RevokeBias done
Event: 467.987 Thread 0x000000001b017800 Thread exited: 0x000000001b017800
Event: 467.988 Executing VM operation: Exit


Dynamic libraries:
0x0000000000400000 - 0x000000000044f000 	C:\Xilinx\SDK\2016.4\eclipse\win64.o\eclipse.exe
0x00000000778d0000 - 0x0000000077a7a000 	C:\Windows\SYSTEM32\ntdll.dll
0x00000000776b0000 - 0x00000000777cf000 	C:\Windows\system32\kernel32.dll
0x000007fefd890000 - 0x000007fefd8fa000 	C:\Windows\system32\KERNELBASE.dll
0x00000000777d0000 - 0x00000000778ca000 	C:\Windows\system32\USER32.dll
0x000007feff330000 - 0x000007feff397000 	C:\Windows\system32\GDI32.dll
0x000007fefda60000 - 0x000007fefda6e000 	C:\Windows\system32\LPK.dll
0x000007feff980000 - 0x000007feffa4b000 	C:\Windows\system32\USP10.dll
0x000007fefe2f0000 - 0x000007fefe38f000 	C:\Windows\system32\msvcrt.dll
0x000007fefbc50000 - 0x000007fefbe44000 	C:\Windows\WinSxS\amd64_microsoft.windows.common-controls_6595b64144ccf1df_6.0.7601.18837_none_fa3b1e3d17594757\COMCTL32.dll
0x000007fefe410000 - 0x000007fefe481000 	C:\Windows\system32\SHLWAPI.dll
0x000007fefe150000 - 0x000007fefe17e000 	C:\Windows\system32\IMM32.DLL
0x000007fefe490000 - 0x000007fefe599000 	C:\Windows\system32\MSCTF.dll
0x0000000072000000 - 0x0000000072012000 	C:\Xilinx\SDK\2016.4\eclipse\win64.o\plugins\org.eclipse.equinox.launcher.win32.win32.x86_64_1.1.300.v20150602-1417\eclipse_1611.dll
0x000007feff8a0000 - 0x000007feff97b000 	C:\Windows\system32\ADVAPI32.dll
0x000007feff3b0000 - 0x000007feff3cf000 	C:\Windows\SYSTEM32\sechost.dll
0x000007fefde40000 - 0x000007fefdf6d000 	C:\Windows\system32\RPCRT4.dll
0x000007fefc6a0000 - 0x000007fefc6ac000 	C:\Windows\system32\VERSION.dll
0x000007fefbb60000 - 0x000007fefbbb6000 	C:\Windows\system32\uxtheme.dll
0x000007fee1dd0000 - 0x000007fee1e18000 	C:\Program Files (x86)\TeamViewer\tv_x64.dll
0x000007fefe5a0000 - 0x000007feff32b000 	C:\Windows\system32\SHELL32.dll
0x000007feff6a0000 - 0x000007feff89c000 	C:\Windows\system32\ole32.dll
0x000000006fda0000 - 0x0000000070629000 	C:\Xilinx\SDK\2016.4\tps\win64\jre\bin\server\jvm.dll
0x000007fefaeb0000 - 0x000007fefaeb9000 	C:\Windows\system32\WSOCK32.dll
0x000007fefe180000 - 0x000007fefe1cd000 	C:\Windows\system32\WS2_32.dll
0x000007feff3a0000 - 0x000007feff3a8000 	C:\Windows\system32\NSI.dll
0x000007fefa880000 - 0x000007fefa8bb000 	C:\Windows\system32\WINMM.dll
0x0000000077aa0000 - 0x0000000077aa7000 	C:\Windows\system32\PSAPI.DLL
0x000000006f5b0000 - 0x000000006f682000 	C:\Windows\system32\MSVCR100.dll
0x0000000000250000 - 0x000000000025f000 	C:\Xilinx\SDK\2016.4\tps\win64\jre\bin\verify.dll
0x00000000568c0000 - 0x00000000568e9000 	C:\Xilinx\SDK\2016.4\tps\win64\jre\bin\java.dll
0x00000000568a0000 - 0x00000000568b6000 	C:\Xilinx\SDK\2016.4\tps\win64\jre\bin\zip.dll
0x000007fefd5d0000 - 0x000007fefd5df000 	C:\Windows\system32\profapi.dll
0x000007fefcdb0000 - 0x000007fefcdc8000 	C:\Windows\system32\CRYPTSP.dll
0x000007fefcab0000 - 0x000007fefcaf7000 	C:\Windows\system32\rsaenh.dll
0x000007fefd920000 - 0x000007fefd93e000 	C:\Windows\system32\USERENV.dll
0x000007fefd3c0000 - 0x000007fefd3cf000 	C:\Windows\system32\CRYPTBASE.dll
0x0000000056880000 - 0x000000005689a000 	C:\Xilinx\SDK\2016.4\tps\win64\jre\bin\net.dll
0x000007fefcd50000 - 0x000007fefcda5000 	C:\Windows\system32\mswsock.dll
0x000007fefcd40000 - 0x000007fefcd47000 	C:\Windows\System32\wship6.dll
0x000007fefaa70000 - 0x000007fefaa97000 	C:\Windows\system32\IPHLPAPI.DLL
0x000007fefa9c0000 - 0x000007fefa9cb000 	C:\Windows\system32\WINNSI.DLL
0x000007fefa7d0000 - 0x000007fefa7e1000 	C:\Windows\system32\dhcpcsvc6.DLL
0x000007fefa7b0000 - 0x000007fefa7c8000 	C:\Windows\system32\dhcpcsvc.DLL
0x0000000056860000 - 0x0000000056871000 	C:\Xilinx\SDK\2016.4\tps\win64\jre\bin\nio.dll
0x000007fefdda0000 - 0x000007fefde39000 	C:\Windows\system32\CLBCatQ.DLL
0x000007fefd980000 - 0x000007fefda5a000 	C:\Windows\system32\OLEAUT32.dll
0x000007fefb400000 - 0x000007fefb415000 	C:\Windows\system32\NLAapi.dll
0x000007fef45a0000 - 0x000007fef45b5000 	C:\Windows\system32\napinsp.dll
0x000007fef4580000 - 0x000007fef4599000 	C:\Windows\system32\pnrpnsp.dll
0x000007fefcbd0000 - 0x000007fefcc2b000 	C:\Windows\system32\DNSAPI.dll
0x000007fef57f0000 - 0x000007fef57fb000 	C:\Windows\System32\winrnr.dll
0x000007fefc770000 - 0x000007fefc777000 	C:\Windows\System32\wshtcpip.dll
0x000007fef5340000 - 0x000007fef5348000 	C:\Windows\system32\rasadhlp.dll
0x000007fefa920000 - 0x000007fefa973000 	C:\Windows\System32\fwpuclnt.dll
0x0000000017250000 - 0x00000000172f8000 	C:\Users\shlab_61\.Xilinx\SDK\2016.4\org.eclipse.osgi\319\0\.cp\swt-win32-4527.dll
0x000007fefe250000 - 0x000007fefe2e7000 	C:\Windows\system32\comdlg32.dll
0x000007fef4df0000 - 0x000007fef4e61000 	C:\Windows\system32\WINSPOOL.DRV
0x000007fefda70000 - 0x000007fefdd91000 	C:\Windows\system32\WININET.dll
0x000007fefd6a0000 - 0x000007fefd6a4000 	C:\Windows\system32\api-ms-win-downlevel-user32-l1-1-0.dll
0x000007fefd900000 - 0x000007fefd904000 	C:\Windows\system32\api-ms-win-downlevel-shlwapi-l1-1-0.dll
0x000007fefd690000 - 0x000007fefd694000 	C:\Windows\system32\api-ms-win-downlevel-version-l1-1-0.dll
0x000007fefd6b0000 - 0x000007fefd6b3000 	C:\Windows\system32\api-ms-win-downlevel-normaliz-l1-1-0.dll
0x0000000077a90000 - 0x0000000077a93000 	C:\Windows\system32\normaliz.DLL
0x000007feff3d0000 - 0x000007feff69a000 	C:\Windows\system32\iertutil.dll
0x000007fefd5e0000 - 0x000007fefd5e5000 	C:\Windows\system32\api-ms-win-downlevel-advapi32-l1-1-0.dll
0x000007fefd720000 - 0x000007fefd88d000 	C:\Windows\system32\CRYPT32.dll
0x000007fefd5c0000 - 0x000007fefd5cf000 	C:\Windows\system32\MSASN1.dll
0x000007fefa730000 - 0x000007fefa748000 	C:\Windows\system32\dwmapi.dll
0x000007fefbe50000 - 0x000007fefbf7c000 	C:\Windows\system32\propsys.dll
0x0000000015f90000 - 0x0000000015fae000 	C:\Users\shlab_61\.Xilinx\SDK\2016.4\org.eclipse.osgi\319\0\.cp\swt-gdip-win32-4527.dll
0x000007fefb940000 - 0x000007fefbb57000 	C:\Windows\WinSxS\amd64_microsoft.windows.gdiplus_6595b64144ccf1df_1.1.7601.23807_none_14556b8e8b95d1fc\gdiplus.dll
0x000007fefa460000 - 0x000007fefa5c1000 	C:\Windows\system32\WindowsCodecs.dll
0x0000000180000000 - 0x0000000180012000 	C:\Users\shlab_61\.Xilinx\SDK\2016.4\org.eclipse.osgi\133\0\.cp\os\win32\x86_64\localfile_1_0_0.dll
0x000007fef9c90000 - 0x000007fef9ce4000 	C:\Windows\system32\oleacc.dll
0x000007fef9bc0000 - 0x000007fef9bc7000 	C:\Windows\system32\msimg32.dll
0x000007fefd510000 - 0x000007fefd524000 	C:\Windows\system32\RpcRtRemote.dll
0x000007fefd470000 - 0x000007fefd4c7000 	C:\Windows\system32\apphelp.dll
0x000007fefaf30000 - 0x000007fefaf41000 	C:\Users\shlab_61\.Xilinx\SDK\2016.4\org.eclipse.osgi\136\0\.cp\jWinHttp-1.0.0.dll
0x000007fef6a40000 - 0x000007fef6ab1000 	C:\Windows\system32\WINHTTP.dll
0x000007fef69d0000 - 0x000007fef6a34000 	C:\Windows\system32\webio.dll
0x000007fefd390000 - 0x000007fefd3b5000 	C:\Windows\system32\SspiCli.dll
0x000007fefc980000 - 0x000007fefc98a000 	C:\Windows\system32\credssp.dll
0x000007fefd6e0000 - 0x000007fefd716000 	C:\Windows\system32\CFGMGR32.dll
0x000007fefaf60000 - 0x000007fefaf6f000 	C:\Xilinx\SDK\2016.4\lib\win64.o\librdi_repo_manager.dll
0x000007fefaed0000 - 0x000007fefaefa000 	C:\Xilinx\SDK\2016.4\lib\win64.o\libisl_sysinfo.dll
0x000007fee2690000 - 0x000007fee2764000 	C:\Windows\system32\MSVCR110.dll
0x000007fee2300000 - 0x000007fee23a7000 	C:\Windows\system32\MSVCP110.dll
0x000007feb3850000 - 0x000007feb42fa000 	C:\Xilinx\SDK\2016.4\lib\win64.o\librdi_common.dll
0x000007feb6d50000 - 0x000007feb70be000 	C:\Xilinx\SDK\2016.4\lib\win64.o\libCOIN-all.dll
0x000007fedf020000 - 0x000007fedf23f000 	C:\Xilinx\SDK\2016.4\lib\win64.o\libXil_lmgr11.dll
0x000007fefb4c0000 - 0x000007fefb4d6000 	C:\Windows\system32\NETAPI32.dll
0x000007fefb4b0000 - 0x000007fefb4bc000 	C:\Windows\system32\netutils.dll
0x000007fefd120000 - 0x000007fefd143000 	C:\Windows\system32\srvcli.dll
0x000007fefb470000 - 0x000007fefb485000 	C:\Windows\system32\wkscli.dll
0x000007fefd940000 - 0x000007fefd97b000 	C:\Windows\system32\WINTRUST.dll
0x000007fefaff0000 - 0x000007fefb000000 	C:\Xilinx\SDK\2016.4\lib\win64.o\libboost_date_time.dll
0x000007fef2470000 - 0x000007fef2494000 	C:\Xilinx\SDK\2016.4\lib\win64.o\libboost_filesystem.dll
0x000007fefaf50000 - 0x000007fefaf59000 	C:\Xilinx\SDK\2016.4\lib\win64.o\libboost_system.dll
0x000007fef23f0000 - 0x000007fef2467000 	C:\Xilinx\SDK\2016.4\lib\win64.o\libboost_program_options.dll
0x000007fedff50000 - 0x000007fee0056000 	C:\Xilinx\SDK\2016.4\lib\win64.o\libboost_regex.dll
0x000007fefae60000 - 0x000007fefae73000 	C:\Xilinx\SDK\2016.4\lib\win64.o\libboost_signals.dll
0x000007fef2d00000 - 0x000007fef2d1d000 	C:\Xilinx\SDK\2016.4\lib\win64.o\libboost_thread.dll
0x000007fefaec0000 - 0x000007fefaecb000 	C:\Xilinx\SDK\2016.4\lib\win64.o\libboost_chrono.dll
0x000007fefaf20000 - 0x000007fefaf2b000 	C:\Xilinx\SDK\2016.4\lib\win64.o\libboost_xilinx.dll
0x000007fee20a0000 - 0x000007fee2120000 	C:\Xilinx\SDK\2016.4\lib\win64.o\libhdlpsolve.dll
0x000007fee2000000 - 0x000007fee209a000 	C:\Xilinx\SDK\2016.4\lib\win64.o\libhdxml.dll
0x000007feb5310000 - 0x000007feb56d9000 	C:\Xilinx\SDK\2016.4\lib\win64.o\libisl_iostreams.dll
0x000007fef2c00000 - 0x000007fef2c16000 	C:\Xilinx\SDK\2016.4\lib\win64.o\libboost_iostreams.dll
0x000007fef23d0000 - 0x000007fef23ef000 	C:\Xilinx\SDK\2016.4\lib\win64.o\librdizlib.dll
0x000007fef23a0000 - 0x000007fef23c3000 	C:\Xilinx\SDK\2016.4\lib\win64.o\libisl_iosutils.dll
0x000007fee2400000 - 0x000007fee2415000 	C:\Xilinx\SDK\2016.4\lib\win64.o\pthreadVC2.dll
0x000007fee1fa0000 - 0x000007fee1ff3000 	C:\Xilinx\SDK\2016.4\lib\win64.o\librdi_commonxillic.dll
0x000007fedeef0000 - 0x000007fedf020000 	C:\Xilinx\SDK\2016.4\lib\win64.o\librdi_curl.dll
0x000007feeecd0000 - 0x000007feeece8000 	C:\Xilinx\SDK\2016.4\lib\win64.o\librdiconfig.dll
0x00000000527d0000 - 0x00000000528f7000 	C:\Xilinx\SDK\2016.4\lib\win64.o\tcl85t.dll
0x0000000025140000 - 0x00000000253a3000 	C:\Xilinx\SDK\2016.4\lib\win64.o\xerces-c_3_1.dll
0x000007feffa50000 - 0x000007feffbd5000 	C:\Windows\system32\urlmon.dll
0x000007fefd910000 - 0x000007fefd914000 	C:\Windows\system32\api-ms-win-downlevel-ole32-l1-1-0.dll
0x000007fedd5c0000 - 0x000007fedd5e3000 	C:\Windows\system32\VCOMP110.DLL
0x000007feb5110000 - 0x000007feb5308000 	C:\Xilinx\SDK\2016.4\lib\win64.o\librdi_hsm.dll
0x000007fee23b0000 - 0x000007fee23f3000 	C:\Xilinx\SDK\2016.4\lib\win64.o\librdi_hdf.dll
0x000007feb4e40000 - 0x000007feb5108000 	C:\Xilinx\SDK\2016.4\lib\win64.o\librdi_ippcw.dll
0x0000000071080000 - 0x00000000710a6000 	C:\Xilinx\SDK\2016.4\eclipse\win64.o\plugins\gnu.io.rxtx.win32.x86_64_2.1.7.3_v20071015\os\win32\x86_64\rxtxSerial.dll
0x000007fefafd0000 - 0x000007fefafe6000 	C:\Xilinx\SDK\2016.4\eclipse\win64.o\plugins\org.eclipse.cdt.core.win32.x86_64_5.4.0.201509131935\os\win32\x86_64\spawner.dll
0x000007fefafc0000 - 0x000007fefafca000 	C:\Xilinx\SDK\2016.4\lib\win64.o\librdi_jtag_settings.dll
0x000007fefaf90000 - 0x000007fefafb9000 	C:\Xilinx\SDK\2016.4\lib\win64.o\librdi_debug_dialog.dll
0x000007fefa450000 - 0x000007fefa458000 	C:\Xilinx\SDK\2016.4\lib\win64.o\librdi_target_manager.dll

VM Arguments:
jvm_args: -Dcom.xilinx.sdk.args.hwspec=C:/Users/shlab_61/Downloads/0619_lab/0316303_0619/0316303_0619.sdk/lab6_wrapper.hdf -Xms64m -Xmx512m & 
java_command: <unknown>
java_class_path (initial): C:\Xilinx\SDK\2016.4\eclipse\win64.o\\plugins/org.eclipse.equinox.launcher_1.3.100.v20150511-1540.jar
Launcher Type: generic

Environment Variables:
PATH=C:/Xilinx/SDK/2016.4/tps/win64/jre/bin/server;C:/Xilinx/SDK/2016.4/tps/win64/jre/bin;C:/Xilinx/SDK/2016.4/tps/win64/jre/lib/amd64;C:\Xilinx\SDK\2016.4\gnuwin\bin;C:\Xilinx\SDK\2016.4\gnu\microblaze\nt\bin;C:\Xilinx\SDK\2016.4\gnu\microblaze\linux_toolchain\nt64_le\bin;C:\Xilinx\SDK\2016.4\gnu\microblaze\linux_toolchain\nt64_be\bin;C:\Xilinx\SDK\2016.4\gnu\arm\nt\bin;C:\Xilinx\SDK\2016.4\gnu\aarch64\nt\aarch64-none\bin;C:\Xilinx\SDK\2016.4\gnu\aarch64\nt\aarch64-linux\bin;C:\Xilinx\SDK\2016.4\gnu\armr5\nt\gcc-arm-none-eabi\bin;C:\Xilinx\SDK\2016.4\gnu\aarch32\nt\gcc-arm-none-eabi\bin;C:\Xilinx\SDK\2016.4\gnu\aarch32\nt\gcc-arm-linux-gnueabi\bin;C:\Xilinx\SDK\2016.4\tps\win64\cmake-3.3.2\bin;;C:\Xilinx\SDK\2016.4\bin;C:\Xilinx\SDK\2016.4\lib\win64.o;C:\Xilinx\SDK\2016.4\tps\win64\jre\bin\server;C:\Xilinx\SDK\2016.4\tps\win64\jre\bin;C:\Xilinx\Vivado\2016.4\ids_lite\ISE\bin\nt64;C:\Xilinx\Vivado\2016.4\ids_lite\ISE\lib\nt64;C:\Xilinx\Vivado\2016.4\bin;C:\Xilinx\Vivado\2016.4\lib\win64.o;C:\Xilinx\Vivado\2016.4\tps\win64\jre\bin\server;C:\Xilinx\Vivado\2016.4\tps\win64\jre\bin;C:\Xilinx\Vivado_HLS\2016.4\bin;C:\ProgramData\Oracle\Java\javapath;C:\Windows\system32;C:\Windows;C:\Windows\System32\Wbem;C:\Windows\System32\WindowsPowerShell\v1.0\;C:\Program Files (x86)\Intel\OpenCL SDK\2.0\bin\x86;C:\Program Files (x86)\Intel\OpenCL SDK\2.0\bin\x64;c:\Users\shlab_61\Downloads\0619_lab\0316303_0619;
USERNAME=shlab_61
OS=Windows_NT
PROCESSOR_IDENTIFIER=Intel64 Family 6 Model 58 Stepping 9, GenuineIntel



---------------  S Y S T E M  ---------------

OS: Windows 7 , 64 bit Build 7601 (6.1.7601.23807)

CPU:total 4 (2 cores per cpu, 2 threads per core) family 6 model 58 stepping 9, cmov, cx8, fxsr, mmx, sse, sse2, sse3, ssse3, sse4.1, sse4.2, popcnt, avx, clmul, erms, ht, tsc, tscinvbit, tscinv

Memory: 4k page, physical 16462528k(10469504k free), swap 32923196k(25329692k free)

vm_info: Java HotSpot(TM) 64-Bit Server VM (25.66-b18) for windows-amd64 JRE (1.8.0_66-b18), built on Nov  9 2015 10:51:13 by "java_re" with MS VC++ 10.0 (VS2010)

time: Tue Jun 20 16:07:10 2017
elapsed time: 468 seconds (0d 0h 7m 48s)

