#
# A fatal error has been detected by the Java Runtime Environment:
#
#  EXCEPTION_UNCAUGHT_CXX_EXCEPTION (0xe06d7363) at pc=0x000007fefd8aa06d, pid=10236, tid=3280
#
# JRE version: Java(TM) SE Runtime Environment (8.0_66-b18) (build 1.8.0_66-b18)
# Java VM: Java HotSpot(TM) 64-Bit Server VM (25.66-b18 mixed mode windows-amd64 compressed oops)
# Problematic frame:
# C  [KERNELBASE.dll+0x1a06d]
#
# Failed to write core dump. Minidumps are not enabled by default on client versions of Windows
#
# If you would like to submit a bug report, please visit:
#   http://bugreport.java.com/bugreport/crash.jsp
#

---------------  T H R E A D  ---------------

Current thread (0x00000000137de000):  VMThread [stack: 0x0000000014840000,0x0000000014940000] [id=3280]

siginfo: ExceptionCode=0xe06d7363, ExceptionInformation=0x0000000019930520 0x000000001493f6c8 0x000007fee2742cb8 0x000007fee2690000 

Registers:
RAX=0x00000000600a58bc, RBX=0x000007fee2742cb8, RCX=0x000000001493ef10, RDX=0x00000000000000d0
RSP=0x000000001493f520, RBP=0x000000001493f650, RSI=0x00000000ffffffff, RDI=0x00000000255b8e20
R8 =0x0000000000000000, R9 =0x0000000000000000, R10=0x000007fee2690000, R11=0x000000001493f560
R12=0x0000000000000001, R13=0x0000000000000008, R14=0x0000000000000000, R15=0xffffffffffffffff
RIP=0x000007fefd8aa06d, EFLAGS=0x0000000000000202

Top of Stack: (sp=0x000000001493f520)
0x000000001493f520:   000007fee2742cb8 00000000ffffffff
0x000000001493f530:   00000000255b8e20 00000000002c4450
0x000000001493f540:   00000001e06d7363 0000000000000000
0x000000001493f550:   000007fefd8aa06d 000007fe00000004
0x000000001493f560:   0000000019930520 000000001493f6c8
0x000000001493f570:   000007fee2742cb8 000007fee2690000
0x000000001493f580:   0000000000000000 000000001493f608
0x000000001493f590:   0000000000000028 00000000255b8e10
0x000000001493f5a0:   000000000031fd20 0000000000000000
0x000000001493f5b0:   000007fffff9c000 000000007791f4e3
0x000000001493f5c0:   0000000000000000 0000000000000008
0x000000001493f5d0:   0000000000000001 00000000255b8e20
0x000000001493f5e0:   00000000ffffffff 000007fee26ee92c
0x000000001493f5f0:   000007fee2742cb8 000000001493f660
0x000000001493f600:   0000000000000001 000007fee26900f8
0x000000001493f610:   00000001e06d7363 0000000000000000 

Instructions: (pc=0x000007fefd8aa06d)
0x000007fefd8aa04d:   54 24 24 48 89 4c 24 28 4d 85 c9 0f 85 6a 03 00
0x000007fefd8aa05d:   00 89 4c 24 38 48 8d 4c 24 20 ff 15 33 02 03 00
0x000007fefd8aa06d:   48 81 c4 c8 00 00 00 c3 90 90 90 90 90 90 90 90
0x000007fefd8aa07d:   90 90 90 48 83 ec 28 65 48 8b 04 25 30 00 00 00 


Register to memory mapping:

RAX=0x00000000600a58bc is an unknown value
RBX=0x000007fee2742cb8 is an unknown value
RCX=0x000000001493ef10 is an unknown value
RDX=0x00000000000000d0 is an unknown value
RSP=0x000000001493f520 is an unknown value
RBP=0x000000001493f650 is an unknown value
RSI=0x00000000ffffffff is an unallocated location in the heap
RDI=0x00000000255b8e20 is an unknown value
R8 =0x0000000000000000 is an unknown value
R9 =0x0000000000000000 is an unknown value
R10=0x000007fee2690000 is an unknown value
R11=0x000000001493f560 is an unknown value
R12=0x0000000000000001 is an unknown value
R13=0x0000000000000008 is an unknown value
R14=0x0000000000000000 is an unknown value
R15=0xffffffffffffffff is an unknown value


Stack: [0x0000000014840000,0x0000000014940000],  sp=0x000000001493f520,  free space=1021k
Native frames: (J=compiled Java code, j=interpreted, Vv=VM code, C=native code)
C  [KERNELBASE.dll+0x1a06d]
C  [MSVCR110.dll+0x5e92c]
C  [MSVCR110.dll+0x1315c]
C  [MSVCR110.dll+0x136a9]
C  [MSVCR110.dll+0x13e9c]
C  [MSVCR110.dll+0x239e]
C  [MSVCR110.dll+0xaf9e]
C  [MSVCP110.dll+0x397b9]
C  [librdi_common.dll+0x183a66]
C  [librdi_common.dll+0x1826fb]
C  [librdi_target_manager.dll+0x2400]
C  [librdi_target_manager.dll+0x2682]
C  [ntdll.dll+0x22ac1]
C  [ntdll.dll+0x228d0]
C  [MSVCR100.dll+0x20ccd]
V  [jvm.dll+0x210cc5]
V  [jvm.dll+0x249897]
V  [jvm.dll+0x248b36]
V  [jvm.dll+0x248fd1]
V  [jvm.dll+0x2491ee]
V  [jvm.dll+0x29a0fa]
C  [MSVCR100.dll+0x21d9f]
C  [MSVCR100.dll+0x21e3b]
C  [kernel32.dll+0x159cd]
C  [ntdll.dll+0x2a561]

VM_Operation (0x000000000012f4c0): Exit, mode: safepoint, requested by thread 0x0000000002328000


---------------  P R O C E S S  ---------------

Java Threads: ( => current thread )
  0x0000000014dd9000 JavaThread "pool-2-thread-2" [_thread_blocked, id=4692, stack(0x0000000023f60000,0x0000000024060000)]
  0x0000000016967800 JavaThread "pool-2-thread-1" [_thread_blocked, id=9252, stack(0x0000000026130000,0x0000000026230000)]
  0x0000000016966800 JavaThread "Thread-34" daemon [_thread_blocked, id=7208, stack(0x0000000025e30000,0x0000000025f30000)]
  0x000000001ea02800 JavaThread "TCF Channel Transmitter" daemon [_thread_blocked, id=2160, stack(0x0000000024580000,0x0000000024680000)]
  0x000000001ea01800 JavaThread "TCF Channel Receiver" daemon [_thread_in_native, id=3868, stack(0x00000000243d0000,0x00000000244d0000)]
  0x000000001e9fe000 JavaThread "Process monitor" daemon [_thread_in_native, id=5276, stack(0x00000000248b0000,0x00000000249b0000)]
  0x000000001e9fc800 JavaThread "Input Stream Monitor" daemon [_thread_blocked, id=9616, stack(0x0000000024be0000,0x0000000024ce0000)]
  0x0000000016d13800 JavaThread "Output Stream Monitor" daemon [_thread_in_native, id=11108, stack(0x0000000024ae0000,0x0000000024be0000)]
  0x0000000016d12800 JavaThread "Output Stream Monitor" daemon [_thread_in_native, id=6156, stack(0x00000000249e0000,0x0000000024ae0000)]
  0x0000000016c7a800 JavaThread "TCF Locator DNS Lookup" daemon [_thread_blocked, id=5172, stack(0x000000001ac80000,0x000000001ad80000)]
  0x0000000016c79800 JavaThread "TCF Locator Timer" daemon [_thread_blocked, id=9000, stack(0x000000001ab80000,0x000000001ac80000)]
  0x0000000016c79000 JavaThread "TCF Locator Receiver" daemon [_thread_in_native, id=7640, stack(0x000000001aa80000,0x000000001ab80000)]
  0x0000000016c77800 JavaThread "TCF Timer Dispatcher" daemon [_thread_blocked, id=9504, stack(0x000000001a830000,0x000000001a930000)]
  0x0000000015e9f000 JavaThread "EMF Reference Cleaner" daemon [_thread_blocked, id=8092, stack(0x0000000017ec0000,0x0000000017fc0000)]
  0x0000000014be2000 JavaThread "Service Thread" daemon [_thread_blocked, id=8872, stack(0x0000000015440000,0x0000000015540000)]
  0x0000000014b5d800 JavaThread "C1 CompilerThread2" daemon [_thread_blocked, id=6820, stack(0x0000000015340000,0x0000000015440000)]
  0x000000001384f800 JavaThread "C2 CompilerThread1" daemon [_thread_blocked, id=3488, stack(0x0000000015240000,0x0000000015340000)]
  0x0000000014b52800 JavaThread "C2 CompilerThread0" daemon [_thread_blocked, id=4768, stack(0x0000000015140000,0x0000000015240000)]
  0x0000000013843800 JavaThread "Attach Listener" daemon [_thread_blocked, id=8792, stack(0x0000000015040000,0x0000000015140000)]
  0x0000000013843000 JavaThread "Signal Dispatcher" daemon [_thread_blocked, id=2416, stack(0x0000000014f40000,0x0000000015040000)]
  0x00000000137ea000 JavaThread "Finalizer" daemon [_thread_blocked, id=2484, stack(0x0000000014a40000,0x0000000014b40000)]
  0x00000000137e3800 JavaThread "Reference Handler" daemon [_thread_blocked, id=7476, stack(0x0000000014940000,0x0000000014a40000)]
  0x0000000002328000 JavaThread "main" [_thread_blocked, id=2224, stack(0x0000000000030000,0x0000000000130000)]

Other Threads:
=>0x00000000137de000 VMThread [stack: 0x0000000014840000,0x0000000014940000] [id=3280]

VM state:at safepoint (shutting down)

VM Mutex/Monitor currently owned by a thread:  ([mutex/lock_event])
[0x000000000207e310] Threads_lock - owner thread: 0x00000000137de000

Heap:
 PSYoungGen      total 82432K, used 32178K [0x00000000f5580000, 0x00000000fd080000, 0x0000000100000000)
  eden space 81920K, 39% used [0x00000000f5580000,0x00000000f74ec848,0x00000000fa580000)
  from space 512K, 0% used [0x00000000fa580000,0x00000000fa580000,0x00000000fa600000)
  to   space 22016K, 0% used [0x00000000fbb00000,0x00000000fbb00000,0x00000000fd080000)
 ParOldGen       total 118784K, used 50651K [0x00000000e0000000, 0x00000000e7400000, 0x00000000f5580000)
  object space 118784K, 42% used [0x00000000e0000000,0x00000000e3176f08,0x00000000e7400000)
 Metaspace       used 86415K, capacity 93892K, committed 94168K, reserved 1130496K
  class space    used 10245K, capacity 12684K, committed 12800K, reserved 1048576K

Card table byte_map: [0x0000000011840000,0x0000000011950000] byte_map_base: 0x0000000011140000

Marking Bits: (ParMarkBitMap*) 0x00000000702fa5b0
 Begin Bits: [0x0000000011d50000, 0x0000000012550000)
 End Bits:   [0x0000000012550000, 0x0000000012d50000)

Polling page: 0x0000000000250000

CodeCache: size=245760Kb used=36526Kb max_used=37167Kb free=209233Kb
 bounds [0x0000000002480000, 0x0000000004910000, 0x0000000011480000]
 total_blobs=11015 nmethods=10112 adapters=810
 compilation: enabled

Compilation events (10 events):
Event: 772.849 Thread 0x0000000014b5d800 nmethod 12559 0x00000000026e6f50 code [0x00000000026e70c0, 0x00000000026e72a8]
Event: 772.850 Thread 0x000000001384f800 nmethod 12561 0x0000000003371ed0 code [0x0000000003372000, 0x00000000033720b8]
Event: 772.851 Thread 0x0000000014b5d800 12560       3       java.util.WeakHashMap::isEmpty (13 bytes)
Event: 772.852 Thread 0x0000000014b5d800 nmethod 12560 0x0000000002e1bcd0 code [0x0000000002e1be40, 0x0000000002e1c168]
Event: 772.853 Thread 0x0000000014b5d800 12564       3       java.util.TimSort::gallopRight (335 bytes)
Event: 772.853 Thread 0x0000000014b52800 12571       4       java.lang.Long::hashCode (8 bytes)
Event: 772.854 Thread 0x0000000014b5d800 nmethod 12564 0x000000000410fed0 code [0x00000000041100c0, 0x0000000004110bb8]
Event: 772.854 Thread 0x0000000014b52800 nmethod 12571 0x00000000039a70d0 code [0x00000000039a7200, 0x00000000039a7278]
Event: 772.855 Thread 0x0000000014b5d800 12565       3       org.eclipse.osgi.container.Module::holdsTransitionEventLock (25 bytes)
Event: 772.855 Thread 0x0000000014b5d800 nmethod 12565 0x0000000003aaa010 code [0x0000000003aaa1a0, 0x0000000003aaa8c8]

GC Heap History (10 events):
Event: 631.110 GC heap before
{Heap before GC invocations=38 (full 13):
 PSYoungGen      total 91136K, used 8794K [0x00000000f5580000, 0x00000000fd380000, 0x0000000100000000)
  eden space 81920K, 0% used [0x00000000f5580000,0x00000000f5580000,0x00000000fa580000)
  from space 9216K, 95% used [0x00000000fa580000,0x00000000fae16be0,0x00000000fae80000)
  to   space 23552K, 0% used [0x00000000fbc80000,0x00000000fbc80000,0x00000000fd380000)
 ParOldGen       total 118784K, used 49819K [0x00000000e0000000, 0x00000000e7400000, 0x00000000f5580000)
  object space 118784K, 41% used [0x00000000e0000000,0x00000000e30a6d50,0x00000000e7400000)
 Metaspace       used 85460K, capacity 93082K, committed 93400K, reserved 1130496K
  class space    used 10138K, capacity 12523K, committed 12544K, reserved 1048576K
Event: 631.439 GC heap after
Heap after GC invocations=38 (full 13):
 PSYoungGen      total 91136K, used 0K [0x00000000f5580000, 0x00000000fd380000, 0x0000000100000000)
  eden space 81920K, 0% used [0x00000000f5580000,0x00000000f5580000,0x00000000fa580000)
  from space 9216K, 0% used [0x00000000fa580000,0x00000000fa580000,0x00000000fae80000)
  to   space 23552K, 0% used [0x00000000fbc80000,0x00000000fbc80000,0x00000000fd380000)
 ParOldGen       total 118784K, used 53550K [0x00000000e0000000, 0x00000000e7400000, 0x00000000f5580000)
  object space 118784K, 45% used [0x00000000e0000000,0x00000000e344b848,0x00000000e7400000)
 Metaspace       used 85460K, capacity 93082K, committed 93400K, reserved 1130496K
  class space    used 10138K, capacity 12523K, committed 12544K, reserved 1048576K
}
Event: 691.113 GC heap before
{Heap before GC invocations=39 (full 13):
 PSYoungGen      total 91136K, used 28539K [0x00000000f5580000, 0x00000000fd380000, 0x0000000100000000)
  eden space 81920K, 34% used [0x00000000f5580000,0x00000000f715ef48,0x00000000fa580000)
  from space 9216K, 0% used [0x00000000fa580000,0x00000000fa580000,0x00000000fae80000)
  to   space 23552K, 0% used [0x00000000fbc80000,0x00000000fbc80000,0x00000000fd380000)
 ParOldGen       total 118784K, used 53550K [0x00000000e0000000, 0x00000000e7400000, 0x00000000f5580000)
  object space 118784K, 45% used [0x00000000e0000000,0x00000000e344b848,0x00000000e7400000)
 Metaspace       used 85495K, capacity 93146K, committed 93400K, reserved 1130496K
  class space    used 10138K, capacity 12523K, committed 12544K, reserved 1048576K
Event: 691.120 GC heap after
Heap after GC invocations=39 (full 13):
 PSYoungGen      total 103424K, used 712K [0x00000000f5580000, 0x00000000fd180000, 0x0000000100000000)
  eden space 81920K, 0% used [0x00000000f5580000,0x00000000f5580000,0x00000000fa580000)
  from space 21504K, 3% used [0x00000000fbc80000,0x00000000fbd32268,0x00000000fd180000)
  to   space 22528K, 0% used [0x00000000fa580000,0x00000000fa580000,0x00000000fbb80000)
 ParOldGen       total 118784K, used 53550K [0x00000000e0000000, 0x00000000e7400000, 0x00000000f5580000)
  object space 118784K, 45% used [0x00000000e0000000,0x00000000e344b848,0x00000000e7400000)
 Metaspace       used 85495K, capacity 93146K, committed 93400K, reserved 1130496K
  class space    used 10138K, capacity 12523K, committed 12544K, reserved 1048576K
}
Event: 691.120 GC heap before
{Heap before GC invocations=40 (full 14):
 PSYoungGen      total 103424K, used 712K [0x00000000f5580000, 0x00000000fd180000, 0x0000000100000000)
  eden space 81920K, 0% used [0x00000000f5580000,0x00000000f5580000,0x00000000fa580000)
  from space 21504K, 3% used [0x00000000fbc80000,0x00000000fbd32268,0x00000000fd180000)
  to   space 22528K, 0% used [0x00000000fa580000,0x00000000fa580000,0x00000000fbb80000)
 ParOldGen       total 118784K, used 53550K [0x00000000e0000000, 0x00000000e7400000, 0x00000000f5580000)
  object space 118784K, 45% used [0x00000000e0000000,0x00000000e344b848,0x00000000e7400000)
 Metaspace       used 85495K, capacity 93146K, committed 93400K, reserved 1130496K
  class space    used 10138K, capacity 12523K, committed 12544K, reserved 1048576K
Event: 691.380 GC heap after
Heap after GC invocations=40 (full 14):
 PSYoungGen      total 103424K, used 0K [0x00000000f5580000, 0x00000000fd180000, 0x0000000100000000)
  eden space 81920K, 0% used [0x00000000f5580000,0x00000000f5580000,0x00000000fa580000)
  from space 21504K, 0% used [0x00000000fbc80000,0x00000000fbc80000,0x00000000fd180000)
  to   space 22528K, 0% used [0x00000000fa580000,0x00000000fa580000,0x00000000fbb80000)
 ParOldGen       total 118784K, used 50773K [0x00000000e0000000, 0x00000000e7400000, 0x00000000f5580000)
  object space 118784K, 42% used [0x00000000e0000000,0x00000000e3195720,0x00000000e7400000)
 Metaspace       used 85495K, capacity 93146K, committed 93400K, reserved 1130496K
  class space    used 10138K, capacity 12523K, committed 12544K, reserved 1048576K
}
Event: 751.125 GC heap before
{Heap before GC invocations=41 (full 14):
 PSYoungGen      total 103424K, used 3879K [0x00000000f5580000, 0x00000000fd180000, 0x0000000100000000)
  eden space 81920K, 4% used [0x00000000f5580000,0x00000000f5949fc8,0x00000000fa580000)
  from space 21504K, 0% used [0x00000000fbc80000,0x00000000fbc80000,0x00000000fd180000)
  to   space 22528K, 0% used [0x00000000fa580000,0x00000000fa580000,0x00000000fbb80000)
 ParOldGen       total 118784K, used 50773K [0x00000000e0000000, 0x00000000e7400000, 0x00000000f5580000)
  object space 118784K, 42% used [0x00000000e0000000,0x00000000e3195720,0x00000000e7400000)
 Metaspace       used 85497K, capacity 93146K, committed 93400K, reserved 1130496K
  class space    used 10138K, capacity 12523K, committed 12544K, reserved 1048576K
Event: 751.130 GC heap after
Heap after GC invocations=41 (full 14):
 PSYoungGen      total 82432K, used 128K [0x00000000f5580000, 0x00000000fd080000, 0x0000000100000000)
  eden space 81920K, 0% used [0x00000000f5580000,0x00000000f5580000,0x00000000fa580000)
  from space 512K, 25% used [0x00000000fa580000,0x00000000fa5a0000,0x00000000fa600000)
  to   space 22016K, 0% used [0x00000000fbb00000,0x00000000fbb00000,0x00000000fd080000)
 ParOldGen       total 118784K, used 50773K [0x00000000e0000000, 0x00000000e7400000, 0x00000000f5580000)
  object space 118784K, 42% used [0x00000000e0000000,0x00000000e3195720,0x00000000e7400000)
 Metaspace       used 85497K, capacity 93146K, committed 93400K, reserved 1130496K
  class space    used 10138K, capacity 12523K, committed 12544K, reserved 1048576K
}
Event: 751.130 GC heap before
{Heap before GC invocations=42 (full 15):
 PSYoungGen      total 82432K, used 128K [0x00000000f5580000, 0x00000000fd080000, 0x0000000100000000)
  eden space 81920K, 0% used [0x00000000f5580000,0x00000000f5580000,0x00000000fa580000)
  from space 512K, 25% used [0x00000000fa580000,0x00000000fa5a0000,0x00000000fa600000)
  to   space 22016K, 0% used [0x00000000fbb00000,0x00000000fbb00000,0x00000000fd080000)
 ParOldGen       total 118784K, used 50773K [0x00000000e0000000, 0x00000000e7400000, 0x00000000f5580000)
  object space 118784K, 42% used [0x00000000e0000000,0x00000000e3195720,0x00000000e7400000)
 Metaspace       used 85497K, capacity 93146K, committed 93400K, reserved 1130496K
  class space    used 10138K, capacity 12523K, committed 12544K, reserved 1048576K
Event: 751.316 GC heap after
Heap after GC invocations=42 (full 15):
 PSYoungGen      total 82432K, used 0K [0x00000000f5580000, 0x00000000fd080000, 0x0000000100000000)
  eden space 81920K, 0% used [0x00000000f5580000,0x00000000f5580000,0x00000000fa580000)
  from space 512K, 0% used [0x00000000fa580000,0x00000000fa580000,0x00000000fa600000)
  to   space 22016K, 0% used [0x00000000fbb00000,0x00000000fbb00000,0x00000000fd080000)
 ParOldGen       total 118784K, used 50651K [0x00000000e0000000, 0x00000000e7400000, 0x00000000f5580000)
  object space 118784K, 42% used [0x00000000e0000000,0x00000000e3176f08,0x00000000e7400000)
 Metaspace       used 85497K, capacity 93146K, committed 93400K, reserved 1130496K
  class space    used 10138K, capacity 12523K, committed 12544K, reserved 1048576K
}

Deoptimization events (10 events):
Event: 772.140 Thread 0x0000000016d0d800 Uncommon trap: reason=class_check action=maybe_recompile pc=0x00000000048ea2a4 method=org.eclipse.e4.core.internal.contexts.TrackableComputationExt.update(Lorg/eclipse/e4/core/internal/contexts/ContextChangeEvent;)Z @ 62
Event: 772.140 Thread 0x0000000016d0d800 Uncommon trap: reason=class_check action=maybe_recompile pc=0x00000000048ea2a4 method=org.eclipse.e4.core.internal.contexts.TrackableComputationExt.update(Lorg/eclipse/e4/core/internal/contexts/ContextChangeEvent;)Z @ 62
Event: 772.192 Thread 0x0000000016964800 Uncommon trap: reason=unstable_if action=reinterpret pc=0x0000000003a1c648 method=org.eclipse.ui.PlatformUI.isWorkbenchRunning()Z @ 12
Event: 772.204 Thread 0x0000000016d0d800 Uncommon trap: reason=unstable_if action=reinterpret pc=0x000000000460198c method=org.eclipse.core.internal.localstore.FileSystemResourceManager.getStoreRoot(Lorg/eclipse/core/resources/IResource;)Lorg/eclipse/core/internal/localstore/FileStoreRoot; @ 17
Event: 772.209 Thread 0x0000000016d0d800 Uncommon trap: reason=unstable_if action=reinterpret pc=0x00000000047732a4 method=org.eclipse.swt.graphics.Resource.dispose()V @ 15
Event: 772.212 Thread 0x0000000016d0d800 Uncommon trap: reason=unstable_if action=reinterpret pc=0x000000000307d1d8 method=sun.nio.cs.UTF_8$Encoder.encodeArrayLoop(Ljava/nio/CharBuffer;Ljava/nio/ByteBuffer;)Ljava/nio/charset/CoderResult; @ 87
Event: 772.758 Thread 0x0000000016d0d800 Uncommon trap: reason=unstable_if action=reinterpret pc=0x000000000322e2e8 method=org.eclipse.osgi.internal.hooks.EclipseLazyStarter.shouldActivateFor(Ljava/lang/String;Lorg/eclipse/osgi/container/Module;Lorg/eclipse/osgi/container/ModuleRevision;Lorg/ecli -&ˆ@
Event: 772.763 Thread 0x0000000014ddc000 Uncommon trap: reason=unstable_if action=reinterpret pc=0x00000000036606fc method=org.eclipse.core.internal.jobs.JobManager.startJob(Lorg/eclipse/core/internal/jobs/Worker;)Lorg/eclipse/core/runtime/jobs/Job; @ 20
Event: 772.797 Thread 0x0000000015dd0000 Uncommon trap: reason=unstable_if action=reinterpret pc=0x000000000331d86c method=org.eclipse.osgi.internal.framework.BundleContextImpl.dispatchEvent(Ljava/lang/Object;Ljava/lang/Object;ILjava/lang/Object;)V @ 16
Event: 772.844 Thread 0x0000000016d0d800 Uncommon trap: reason=unstable_if action=reinterpret pc=0x000000000291ce18 method=sun.reflect.UnsafeStaticObjectFieldAccessorImpl.set(Ljava/lang/Object;Ljava/lang/Object;)V @ 13

Internal exceptions (10 events):
Event: 633.877 Thread 0x0000000002328000 Implicit null exception at 0x000000000424afdd to 0x0000000004251d85
Event: 771.672 Thread 0x0000000002328000 Implicit null exception at 0x0000000002e7ba53 to 0x0000000002e7baee
Event: 771.895 Thread 0x0000000002328000 Implicit null exception at 0x0000000004080a84 to 0x0000000004081319
Event: 772.189 Thread 0x0000000016d11000 Exception <a 'java/lang/InterruptedException'> (0x00000000f6f0a7b8) thrown at [C:\re\workspace\8-2-build-windows-amd64-cygwin\jdk8u66\5298\hotspot\src\share\vm\runtime\objectMonitor.cpp, line 1683]
Event: 772.204 Thread 0x0000000016d0d800 Implicit null exception at 0x00000000045fcccc to 0x000000000460196d
Event: 772.819 Thread 0x0000000016c75000 Exception <a 'java/lang/InterruptedException'> (0x00000000f6bffe60) thrown at [C:\re\workspace\8-2-build-windows-amd64-cygwin\jdk8u66\5298\hotspot\src\share\vm\runtime\objectMonitor.cpp, line 1683]
Event: 772.844 Thread 0x0000000016d0d800 Implicit null exception at 0x000000000291ca17 to 0x000000000291ce05
Event: 772.845 Thread 0x0000000015dd0000 Exception <a 'java/lang/InterruptedException'> (0x00000000f7276708) thrown at [C:\re\workspace\8-2-build-windows-amd64-cygwin\jdk8u66\5298\hotspot\src\share\vm\runtime\objectMonitor.cpp, line 1683]
Event: 772.851 Thread 0x0000000016c76000 Exception <a 'java/lang/InterruptedException'> (0x00000000f70f3d38) thrown at [C:\re\workspace\8-2-build-windows-amd64-cygwin\jdk8u66\5298\hotspot\src\share\vm\runtime\objectMonitor.cpp, line 1683]
Event: 772.852 Thread 0x0000000015e61800 Exception <a 'java/lang/InterruptedException'> (0x00000000f7404a58) thrown at [C:\re\workspace\8-2-build-windows-amd64-cygwin\jdk8u66\5298\hotspot\src\share\vm\runtime\objectMonitor.cpp, line 1683]

Events (10 events):
Event: 772.854 Thread 0x0000000014b5d800 flushing nmethod 0x0000000004490d90
Event: 772.854 Thread 0x0000000016d0d800 Thread exited: 0x0000000016d0d800
Event: 772.855 loading class java/util/IdentityHashMap$KeyIterator
Event: 772.855 loading class java/util/IdentityHashMap$IdentityHashMapIterator
Event: 772.855 loading class java/util/IdentityHashMap$IdentityHashMapIterator done
Event: 772.855 loading class java/util/IdentityHashMap$KeyIterator done
Event: 772.855 Thread 0x0000000016d0d800 Thread added: 0x0000000016d0d800
Event: 772.855 Thread 0x0000000016d0d800 Thread exited: 0x0000000016d0d800
Event: 772.856 Thread 0x0000000014b5d800 flushing nmethod 0x0000000004676a50
Event: 772.856 Executing VM operation: Exit


Dynamic libraries:
0x0000000000400000 - 0x000000000044f000 	C:\Xilinx\SDK\2016.4\eclipse\win64.o\eclipse.exe
0x00000000778d0000 - 0x0000000077a7a000 	C:\Windows\SYSTEM32\ntdll.dll
0x00000000776b0000 - 0x00000000777cf000 	C:\Windows\system32\kernel32.dll
0x000007fefd890000 - 0x000007fefd8fa000 	C:\Windows\system32\KERNELBASE.dll
0x00000000777d0000 - 0x00000000778ca000 	C:\Windows\system32\USER32.dll
0x000007feff330000 - 0x000007feff397000 	C:\Windows\system32\GDI32.dll
0x000007fefda60000 - 0x000007fefda6e000 	C:\Windows\system32\LPK.dll
0x000007feff980000 - 0x000007feffa4b000 	C:\Windows\system32\USP10.dll
0x000007fefe2f0000 - 0x000007fefe38f000 	C:\Windows\system32\msvcrt.dll
0x000007fefbc50000 - 0x000007fefbe44000 	C:\Windows\WinSxS\amd64_microsoft.windows.common-controls_6595b64144ccf1df_6.0.7601.18837_none_fa3b1e3d17594757\COMCTL32.dll
0x000007fefe410000 - 0x000007fefe481000 	C:\Windows\system32\SHLWAPI.dll
0x000007fefe150000 - 0x000007fefe17e000 	C:\Windows\system32\IMM32.DLL
0x000007fefe490000 - 0x000007fefe599000 	C:\Windows\system32\MSCTF.dll
0x0000000072000000 - 0x0000000072012000 	C:\Xilinx\SDK\2016.4\eclipse\win64.o\plugins\org.eclipse.equinox.launcher.win32.win32.x86_64_1.1.300.v20150602-1417\eclipse_1611.dll
0x000007feff8a0000 - 0x000007feff97b000 	C:\Windows\system32\ADVAPI32.dll
0x000007feff3b0000 - 0x000007feff3cf000 	C:\Windows\SYSTEM32\sechost.dll
0x000007fefde40000 - 0x000007fefdf6d000 	C:\Windows\system32\RPCRT4.dll
0x000007fefc6a0000 - 0x000007fefc6ac000 	C:\Windows\system32\VERSION.dll
0x000007fefbb60000 - 0x000007fefbbb6000 	C:\Windows\system32\uxtheme.dll
0x000007fee1dd0000 - 0x000007fee1e18000 	C:\Program Files (x86)\TeamViewer\tv_x64.dll
0x000007fefe5a0000 - 0x000007feff32b000 	C:\Windows\system32\SHELL32.dll
0x000007feff6a0000 - 0x000007feff89c000 	C:\Windows\system32\ole32.dll
0x000000006faf0000 - 0x0000000070379000 	C:\Xilinx\SDK\2016.4\tps\win64\jre\bin\server\jvm.dll
0x000007fefaeb0000 - 0x000007fefaeb9000 	C:\Windows\system32\WSOCK32.dll
0x000007fefe180000 - 0x000007fefe1cd000 	C:\Windows\system32\WS2_32.dll
0x000007feff3a0000 - 0x000007feff3a8000 	C:\Windows\system32\NSI.dll
0x000007fefa880000 - 0x000007fefa8bb000 	C:\Windows\system32\WINMM.dll
0x0000000077aa0000 - 0x0000000077aa7000 	C:\Windows\system32\PSAPI.DLL
0x000000006f5b0000 - 0x000000006f682000 	C:\Windows\system32\MSVCR100.dll
0x000000006bd60000 - 0x000000006bd6f000 	C:\Xilinx\SDK\2016.4\tps\win64\jre\bin\verify.dll
0x00000000627a0000 - 0x00000000627c9000 	C:\Xilinx\SDK\2016.4\tps\win64\jre\bin\java.dll
0x00000000694d0000 - 0x00000000694e6000 	C:\Xilinx\SDK\2016.4\tps\win64\jre\bin\zip.dll
0x000007fefd5d0000 - 0x000007fefd5df000 	C:\Windows\system32\profapi.dll
0x000007fefcdb0000 - 0x000007fefcdc8000 	C:\Windows\system32\CRYPTSP.dll
0x000007fefcab0000 - 0x000007fefcaf7000 	C:\Windows\system32\rsaenh.dll
0x000007fefd920000 - 0x000007fefd93e000 	C:\Windows\system32\USERENV.dll
0x000007fefd3c0000 - 0x000007fefd3cf000 	C:\Windows\system32\CRYPTBASE.dll
0x0000000069c90000 - 0x0000000069caa000 	C:\Xilinx\SDK\2016.4\tps\win64\jre\bin\net.dll
0x000007fefcd50000 - 0x000007fefcda5000 	C:\Windows\system32\mswsock.dll
0x000007fefcd40000 - 0x000007fefcd47000 	C:\Windows\System32\wship6.dll
0x000007fefaa70000 - 0x000007fefaa97000 	C:\Windows\system32\IPHLPAPI.DLL
0x000007fefa9c0000 - 0x000007fefa9cb000 	C:\Windows\system32\WINNSI.DLL
0x000007fefa7d0000 - 0x000007fefa7e1000 	C:\Windows\system32\dhcpcsvc6.DLL
0x000007fefa7b0000 - 0x000007fefa7c8000 	C:\Windows\system32\dhcpcsvc.DLL
0x00000000654b0000 - 0x00000000654c1000 	C:\Xilinx\SDK\2016.4\tps\win64\jre\bin\nio.dll
0x000007fefdda0000 - 0x000007fefde39000 	C:\Windows\system32\CLBCatQ.DLL
0x000007fefd980000 - 0x000007fefda5a000 	C:\Windows\system32\OLEAUT32.dll
0x000007fefb400000 - 0x000007fefb415000 	C:\Windows\system32\NLAapi.dll
0x000007fef45a0000 - 0x000007fef45b5000 	C:\Windows\system32\napinsp.dll
0x000007fef4580000 - 0x000007fef4599000 	C:\Windows\system32\pnrpnsp.dll
0x000007fefcbd0000 - 0x000007fefcc2b000 	C:\Windows\system32\DNSAPI.dll
0x000007fef57f0000 - 0x000007fef57fb000 	C:\Windows\System32\winrnr.dll
0x000007fefc770000 - 0x000007fefc777000 	C:\Windows\System32\wshtcpip.dll
0x000007fef5340000 - 0x000007fef5348000 	C:\Windows\system32\rasadhlp.dll
0x000007fefa920000 - 0x000007fefa973000 	C:\Windows\System32\fwpuclnt.dll
0x0000000017350000 - 0x00000000173f8000 	C:\Users\shlab_61\.Xilinx\SDK\2016.4\org.eclipse.osgi\319\0\.cp\swt-win32-4527.dll
0x000007fefe250000 - 0x000007fefe2e7000 	C:\Windows\system32\comdlg32.dll
0x000007fef4df0000 - 0x000007fef4e61000 	C:\Windows\system32\WINSPOOL.DRV
0x000007fefda70000 - 0x000007fefdd91000 	C:\Windows\system32\WININET.dll
0x000007fefd6a0000 - 0x000007fefd6a4000 	C:\Windows\system32\api-ms-win-downlevel-user32-l1-1-0.dll
0x000007fefd900000 - 0x000007fefd904000 	C:\Windows\system32\api-ms-win-downlevel-shlwapi-l1-1-0.dll
0x000007fefd690000 - 0x000007fefd694000 	C:\Windows\system32\api-ms-win-downlevel-version-l1-1-0.dll
0x000007fefd6b0000 - 0x000007fefd6b3000 	C:\Windows\system32\api-ms-win-downlevel-normaliz-l1-1-0.dll
0x0000000077a90000 - 0x0000000077a93000 	C:\Windows\system32\normaliz.DLL
0x000007feff3d0000 - 0x000007feff69a000 	C:\Windows\system32\iertutil.dll
0x000007fefd5e0000 - 0x000007fefd5e5000 	C:\Windows\system32\api-ms-win-downlevel-advapi32-l1-1-0.dll
0x000007fefd720000 - 0x000007fefd88d000 	C:\Windows\system32\CRYPT32.dll
0x000007fefd5c0000 - 0x000007fefd5cf000 	C:\Windows\system32\MSASN1.dll
0x000007fefa730000 - 0x000007fefa748000 	C:\Windows\system32\dwmapi.dll
0x000007fefbe50000 - 0x000007fefbf7c000 	C:\Windows\system32\propsys.dll
0x0000000015670000 - 0x000000001568e000 	C:\Users\shlab_61\.Xilinx\SDK\2016.4\org.eclipse.osgi\319\0\.cp\swt-gdip-win32-4527.dll
0x000007fefb940000 - 0x000007fefbb57000 	C:\Windows\WinSxS\amd64_microsoft.windows.gdiplus_6595b64144ccf1df_1.1.7601.23807_none_14556b8e8b95d1fc\gdiplus.dll
0x000007fefa460000 - 0x000007fefa5c1000 	C:\Windows\system32\WindowsCodecs.dll
0x0000000180000000 - 0x0000000180012000 	C:\Users\shlab_61\.Xilinx\SDK\2016.4\org.eclipse.osgi\133\0\.cp\os\win32\x86_64\localfile_1_0_0.dll
0x000007fef9c90000 - 0x000007fef9ce4000 	C:\Windows\system32\oleacc.dll
0x000007fef9bc0000 - 0x000007fef9bc7000 	C:\Windows\system32\msimg32.dll
0x000007fefd510000 - 0x000007fefd524000 	C:\Windows\system32\RpcRtRemote.dll
0x000007fefd470000 - 0x000007fefd4c7000 	C:\Windows\system32\apphelp.dll
0x000007fef2660000 - 0x000007fef2671000 	C:\Users\shlab_61\.Xilinx\SDK\2016.4\org.eclipse.osgi\136\0\.cp\jWinHttp-1.0.0.dll
0x000007fef6a40000 - 0x000007fef6ab1000 	C:\Windows\system32\WINHTTP.dll
0x000007fef69d0000 - 0x000007fef6a34000 	C:\Windows\system32\webio.dll
0x000007fefd390000 - 0x000007fefd3b5000 	C:\Windows\system32\SspiCli.dll
0x000007fefc980000 - 0x000007fefc98a000 	C:\Windows\system32\credssp.dll
0x000007fefd6e0000 - 0x000007fefd716000 	C:\Windows\system32\CFGMGR32.dll
0x000007fef4400000 - 0x000007fef440f000 	C:\Xilinx\SDK\2016.4\lib\win64.o\librdi_repo_manager.dll
0x000007feefce0000 - 0x000007feefd0a000 	C:\Xilinx\SDK\2016.4\lib\win64.o\libisl_sysinfo.dll
0x000007fee2690000 - 0x000007fee2764000 	C:\Windows\system32\MSVCR110.dll
0x000007fee2300000 - 0x000007fee23a7000 	C:\Windows\system32\MSVCP110.dll
0x000007feb52f0000 - 0x000007feb5d9a000 	C:\Xilinx\SDK\2016.4\lib\win64.o\librdi_common.dll
0x000007feb64e0000 - 0x000007feb684e000 	C:\Xilinx\SDK\2016.4\lib\win64.o\libCOIN-all.dll
0x000007feb6b40000 - 0x000007feb6d5f000 	C:\Xilinx\SDK\2016.4\lib\win64.o\libXil_lmgr11.dll
0x000007fefb4c0000 - 0x000007fefb4d6000 	C:\Windows\system32\NETAPI32.dll
0x000007fefb4b0000 - 0x000007fefb4bc000 	C:\Windows\system32\netutils.dll
0x000007fefd120000 - 0x000007fefd143000 	C:\Windows\system32\srvcli.dll
0x000007fefb470000 - 0x000007fefb485000 	C:\Windows\system32\wkscli.dll
0x000007fefd940000 - 0x000007fefd97b000 	C:\Windows\system32\WINTRUST.dll
0x000007fef4510000 - 0x000007fef4520000 	C:\Xilinx\SDK\2016.4\lib\win64.o\libboost_date_time.dll
0x000007feefcb0000 - 0x000007feefcd4000 	C:\Xilinx\SDK\2016.4\lib\win64.o\libboost_filesystem.dll
0x000007fef43d0000 - 0x000007fef43d9000 	C:\Xilinx\SDK\2016.4\lib\win64.o\libboost_system.dll
0x000007feefc30000 - 0x000007feefca7000 	C:\Xilinx\SDK\2016.4\lib\win64.o\libboost_program_options.dll
0x000007feb8e00000 - 0x000007feb8f06000 	C:\Xilinx\SDK\2016.4\lib\win64.o\libboost_regex.dll
0x000007feefc10000 - 0x000007feefc23000 	C:\Xilinx\SDK\2016.4\lib\win64.o\libboost_signals.dll
0x000007fef2600000 - 0x000007fef261d000 	C:\Xilinx\SDK\2016.4\lib\win64.o\libboost_thread.dll
0x000007fef43a0000 - 0x000007fef43ab000 	C:\Xilinx\SDK\2016.4\lib\win64.o\libboost_chrono.dll
0x000007fef2cc0000 - 0x000007fef2ccb000 	C:\Xilinx\SDK\2016.4\lib\win64.o\libboost_xilinx.dll
0x000007feefb90000 - 0x000007feefc10000 	C:\Xilinx\SDK\2016.4\lib\win64.o\libhdlpsolve.dll
0x000007febe170000 - 0x000007febe20a000 	C:\Xilinx\SDK\2016.4\lib\win64.o\libhdxml.dll
0x000007feb6110000 - 0x000007feb64d9000 	C:\Xilinx\SDK\2016.4\lib\win64.o\libisl_iostreams.dll
0x000007fee1040000 - 0x000007fee1056000 	C:\Xilinx\SDK\2016.4\lib\win64.o\libboost_iostreams.dll
0x000007fee1020000 - 0x000007fee103f000 	C:\Xilinx\SDK\2016.4\lib\win64.o\librdizlib.dll
0x000007fee0ff0000 - 0x000007fee1013000 	C:\Xilinx\SDK\2016.4\lib\win64.o\libisl_iosutils.dll
0x000007fee0fd0000 - 0x000007fee0fe5000 	C:\Xilinx\SDK\2016.4\lib\win64.o\pthreadVC2.dll
0x000007febe110000 - 0x000007febe163000 	C:\Xilinx\SDK\2016.4\lib\win64.o\librdi_commonxillic.dll
0x000007feb6a10000 - 0x000007feb6b40000 	C:\Xilinx\SDK\2016.4\lib\win64.o\librdi_curl.dll
0x000007fee0fb0000 - 0x000007fee0fc8000 	C:\Xilinx\SDK\2016.4\lib\win64.o\librdiconfig.dll
0x00000000559b0000 - 0x0000000055ad7000 	C:\Xilinx\SDK\2016.4\lib\win64.o\tcl85t.dll
0x0000000024160000 - 0x00000000243c3000 	C:\Xilinx\SDK\2016.4\lib\win64.o\xerces-c_3_1.dll
0x000007feffa50000 - 0x000007feffbd5000 	C:\Windows\system32\urlmon.dll
0x000007fefd910000 - 0x000007fefd914000 	C:\Windows\system32\api-ms-win-downlevel-ole32-l1-1-0.dll
0x000007fef1d90000 - 0x000007fef1db3000 	C:\Windows\system32\VCOMP110.DLL
0x000007feb50f0000 - 0x000007feb52e8000 	C:\Xilinx\SDK\2016.4\lib\win64.o\librdi_hsm.dll
0x000007feb8db0000 - 0x000007feb8df3000 	C:\Xilinx\SDK\2016.4\lib\win64.o\librdi_hdf.dll
0x000007feb5e40000 - 0x000007feb6108000 	C:\Xilinx\SDK\2016.4\lib\win64.o\librdi_ippcw.dll
0x000007febe0b0000 - 0x000007febe0c6000 	C:\Xilinx\SDK\2016.4\eclipse\win64.o\plugins\org.eclipse.cdt.core.win32.x86_64_5.4.0.201509131935\os\win32\x86_64\spawner.dll
0x000007fef2630000 - 0x000007fef263a000 	C:\Xilinx\SDK\2016.4\lib\win64.o\librdi_jtag_settings.dll
0x000007feb69e0000 - 0x000007feb6a09000 	C:\Xilinx\SDK\2016.4\lib\win64.o\librdi_debug_dialog.dll
0x000007fef2850000 - 0x000007fef2858000 	C:\Xilinx\SDK\2016.4\lib\win64.o\librdi_target_manager.dll
0x0000000071080000 - 0x00000000710a6000 	C:\Xilinx\SDK\2016.4\eclipse\win64.o\plugins\gnu.io.rxtx.win32.x86_64_2.1.7.3_v20071015\os\win32\x86_64\rxtxSerial.dll

VM Arguments:
jvm_args: -Dcom.xilinx.sdk.args.hwspec=C:/Users/shlab_61/Downloads/0619_lab/0316303_0619/0316303_0619.sdk/lab6_wrapper.hdf -Xms64m -Xmx512m & 
java_command: <unknown>
java_class_path (initial): C:\Xilinx\SDK\2016.4\eclipse\win64.o\\plugins/org.eclipse.equinox.launcher_1.3.100.v20150511-1540.jar
Launcher Type: generic

Environment Variables:
PATH=C:/Xilinx/SDK/2016.4/tps/win64/jre/bin/server;C:/Xilinx/SDK/2016.4/tps/win64/jre/bin;C:/Xilinx/SDK/2016.4/tps/win64/jre/lib/amd64;C:\Xilinx\SDK\2016.4\gnuwin\bin;C:\Xilinx\SDK\2016.4\gnu\microblaze\nt\bin;C:\Xilinx\SDK\2016.4\gnu\microblaze\linux_toolchain\nt64_le\bin;C:\Xilinx\SDK\2016.4\gnu\microblaze\linux_toolchain\nt64_be\bin;C:\Xilinx\SDK\2016.4\gnu\arm\nt\bin;C:\Xilinx\SDK\2016.4\gnu\aarch64\nt\aarch64-none\bin;C:\Xilinx\SDK\2016.4\gnu\aarch64\nt\aarch64-linux\bin;C:\Xilinx\SDK\2016.4\gnu\armr5\nt\gcc-arm-none-eabi\bin;C:\Xilinx\SDK\2016.4\gnu\aarch32\nt\gcc-arm-none-eabi\bin;C:\Xilinx\SDK\2016.4\gnu\aarch32\nt\gcc-arm-linux-gnueabi\bin;C:\Xilinx\SDK\2016.4\tps\win64\cmake-3.3.2\bin;;C:\Xilinx\SDK\2016.4\bin;C:\Xilinx\SDK\2016.4\lib\win64.o;C:\Xilinx\SDK\2016.4\tps\win64\jre\bin\server;C:\Xilinx\SDK\2016.4\tps\win64\jre\bin;C:\Xilinx\Vivado\2016.4\ids_lite\ISE\bin\nt64;C:\Xilinx\Vivado\2016.4\ids_lite\ISE\lib\nt64;C:\Xilinx\Vivado\2016.4\bin;C:\Xilinx\Vivado\2016.4\lib\win64.o;C:\Xilinx\Vivado\2016.4\tps\win64\jre\bin\server;C:\Xilinx\Vivado\2016.4\tps\win64\jre\bin;C:\Xilinx\Vivado_HLS\2016.4\bin;C:\ProgramData\Oracle\Java\javapath;C:\Windows\system32;C:\Windows;C:\Windows\System32\Wbem;C:\Windows\System32\WindowsPowerShell\v1.0\;C:\Program Files (x86)\Intel\OpenCL SDK\2.0\bin\x86;C:\Program Files (x86)\Intel\OpenCL SDK\2.0\bin\x64;c:\Users\shlab_61\Downloads\0619_lab\0316303_0619;
USERNAME=shlab_61
OS=Windows_NT
PROCESSOR_IDENTIFIER=Intel64 Family 6 Model 58 Stepping 9, GenuineIntel



---------------  S Y S T E M  ---------------

OS: Windows 7 , 64 bit Build 7601 (6.1.7601.23807)

CPU:total 4 (2 cores per cpu, 2 threads per core) family 6 model 58 stepping 9, cmov, cx8, fxsr, mmx, sse, sse2, sse3, ssse3, sse4.1, sse4.2, popcnt, avx, clmul, erms, ht, tsc, tscinvbit, tscinv

Memory: 4k page, physical 16462528k(7667856k free), swap 32923196k(22840792k free)

vm_info: Java HotSpot(TM) 64-Bit Server VM (25.66-b18) for windows-amd64 JRE (1.8.0_66-b18), built on Nov  9 2015 10:51:13 by "java_re" with MS VC++ 10.0 (VS2010)

time: Tue Jun 20 18:46:42 2017
elapsed time: 773 seconds (0d 0h 12m 53s)

