#
# A fatal error has been detected by the Java Runtime Environment:
#
#  EXCEPTION_UNCAUGHT_CXX_EXCEPTION (0xe06d7363) at pc=0x000007fefcc8a06d, pid=9284, tid=12980
#
# JRE version: Java(TM) SE Runtime Environment (8.0_66-b18) (build 1.8.0_66-b18)
# Java VM: Java HotSpot(TM) 64-Bit Server VM (25.66-b18 mixed mode windows-amd64 compressed oops)
# Problematic frame:
# C  [KERNELBASE.dll+0x1a06d]
#
# Failed to write core dump. Minidumps are not enabled by default on client versions of Windows
#
# If you would like to submit a bug report, please visit:
#   http://bugreport.java.com/bugreport/crash.jsp
#

---------------  T H R E A D  ---------------

Current thread (0x00000000137ca800):  VMThread [stack: 0x0000000014830000,0x0000000014930000] [id=12980]

siginfo: ExceptionCode=0xe06d7363, ExceptionInformation=0x0000000019930520 0x000000001492f6c8 0x000007fee1352cb8 0x000007fee12a0000 

Registers:
RAX=0x0000000068c987f1, RBX=0x000007fee1352cb8, RCX=0x000000001492ef10, RDX=0x00000000000000d0
RSP=0x000000001492f520, RBP=0x000000001492f650, RSI=0x00000000ffffffff, RDI=0x0000000016079080
R8 =0x0000000000000000, R9 =0x0000000000000000, R10=0x000007fee12a0000, R11=0x000000001492f560
R12=0x0000000000000001, R13=0x0000000000000008, R14=0x0000000000000000, R15=0xffffffffffffffff
RIP=0x000007fefcc8a06d, EFLAGS=0x0000000000000202

Top of Stack: (sp=0x000000001492f520)
0x000000001492f520:   000007fee1352cb8 00000000ffffffff
0x000000001492f530:   0000000016079080 00000000229017a0
0x000000001492f540:   00000001e06d7363 0000000000000000
0x000000001492f550:   000007fefcc8a06d 000007fe00000004
0x000000001492f560:   0000000019930520 000000001492f6c8
0x000000001492f570:   000007fee1352cb8 000007fee12a0000
0x000000001492f580:   0000000000000000 000000001492f608
0x000000001492f590:   0000000000000028 0000000016079070
0x000000001492f5a0:   0000000022921730 0000000000000000
0x000000001492f5b0:   000007fffff9e000 0000000076d7f2d3
0x000000001492f5c0:   0000000000000000 0000000000000008
0x000000001492f5d0:   0000000000000001 0000000016079080
0x000000001492f5e0:   00000000ffffffff 000007fee12fe92c
0x000000001492f5f0:   000007fee1352cb8 000000001492f660
0x000000001492f600:   0000000000000001 000007fee12a00f8
0x000000001492f610:   00000001e06d7363 0000000000000000 

Instructions: (pc=0x000007fefcc8a06d)
0x000007fefcc8a04d:   54 24 24 48 89 4c 24 28 4d 85 c9 0f 85 6a 03 00
0x000007fefcc8a05d:   00 89 4c 24 38 48 8d 4c 24 20 ff 15 33 02 03 00
0x000007fefcc8a06d:   48 81 c4 c8 00 00 00 c3 90 90 90 90 90 90 90 90
0x000007fefcc8a07d:   90 90 90 48 83 ec 28 65 48 8b 04 25 30 00 00 00 


Register to memory mapping:

RAX=0x0000000068c987f1 is an unknown value
RBX=0x000007fee1352cb8 is an unknown value
RCX=0x000000001492ef10 is an unknown value
RDX=0x00000000000000d0 is an unknown value
RSP=0x000000001492f520 is an unknown value
RBP=0x000000001492f650 is an unknown value
RSI=0x00000000ffffffff is an unallocated location in the heap
RDI=0x0000000016079080 is an unknown value
R8 =0x0000000000000000 is an unknown value
R9 =0x0000000000000000 is an unknown value
R10=0x000007fee12a0000 is an unknown value
R11=0x000000001492f560 is an unknown value
R12=0x0000000000000001 is an unknown value
R13=0x0000000000000008 is an unknown value
R14=0x0000000000000000 is an unknown value
R15=0xffffffffffffffff is an unknown value


Stack: [0x0000000014830000,0x0000000014930000],  sp=0x000000001492f520,  free space=1021k
Native frames: (J=compiled Java code, j=interpreted, Vv=VM code, C=native code)
C  [KERNELBASE.dll+0x1a06d]
C  [MSVCR110.dll+0x5e92c]
C  [MSVCR110.dll+0x1315c]
C  [MSVCR110.dll+0x136a9]
C  [MSVCR110.dll+0x13e9c]
C  [MSVCR110.dll+0x239e]
C  [MSVCR110.dll+0xaf9e]
C  [MSVCP110.dll+0x397b9]
C  [librdi_common.dll+0x183a66]
C  [librdi_common.dll+0x1826fb]
C  0x000007fef06b2400
C  0x000007fef06b2682
C  [ntdll.dll+0x229b1]
C  [ntdll.dll+0x227c0]
C  [MSVCR100.dll+0x20ccd]
V  [jvm.dll+0x210cc5]
V  [jvm.dll+0x249897]
V  [jvm.dll+0x248b36]
V  [jvm.dll+0x248fd1]
V  [jvm.dll+0x2491ee]
V  [jvm.dll+0x29a0fa]
C  [MSVCR100.dll+0x21d9f]
C  [MSVCR100.dll+0x21e3b]
C  [kernel32.dll+0x159cd]
C  [ntdll.dll+0x2a2e1]

VM_Operation (0x000000000012f4c0): Exit, mode: safepoint, requested by thread 0x00000000022e8000


---------------  P R O C E S S  ---------------

Java Threads: ( => current thread )
  0x000000001676a800 JavaThread "Spawner Reaper" daemon [_thread_in_native, id=5404, stack(0x000000002cee0000,0x000000002cfe0000)]
  0x0000000014b5c800 JavaThread "pool-2-thread-1" [_thread_blocked, id=7240, stack(0x000000002c6f0000,0x000000002c7f0000)]
  0x000000001676a000 JavaThread "Thread-117" daemon [_thread_blocked, id=3040, stack(0x000000002c2f0000,0x000000002c3f0000)]
  0x000000001676f000 JavaThread "TCF Channel Transmitter" daemon [_thread_blocked, id=4440, stack(0x0000000029460000,0x0000000029560000)]
  0x000000001676e800 JavaThread "TCF Channel Receiver" daemon [_thread_in_native, id=12148, stack(0x0000000029360000,0x0000000029460000)]
  0x000000001676d800 JavaThread "Process monitor" daemon [_thread_in_native, id=6900, stack(0x0000000028c80000,0x0000000028d80000)]
  0x000000001676d000 JavaThread "Input Stream Monitor" daemon [_thread_blocked, id=1640, stack(0x0000000028b80000,0x0000000028c80000)]
  0x000000001676c000 JavaThread "Output Stream Monitor" daemon [_thread_in_native, id=11200, stack(0x0000000028a80000,0x0000000028b80000)]
  0x000000001676b800 JavaThread "Output Stream Monitor" daemon [_thread_in_native, id=10552, stack(0x0000000028980000,0x0000000028a80000)]
  0x0000000014b57800 JavaThread "TCF Locator DNS Lookup" daemon [_thread_blocked, id=13040, stack(0x000000001e8d0000,0x000000001e9d0000)]
  0x0000000014b56800 JavaThread "TCF Locator Timer" daemon [_thread_blocked, id=7564, stack(0x000000001e7d0000,0x000000001e8d0000)]
  0x0000000014b54800 JavaThread "TCF Timer Dispatcher" daemon [_thread_blocked, id=9444, stack(0x000000001bb00000,0x000000001bc00000)]
  0x0000000016529000 JavaThread "EMF Reference Cleaner" daemon [_thread_blocked, id=12308, stack(0x00000000180e0000,0x00000000181e0000)]
  0x0000000014be8800 JavaThread "Service Thread" daemon [_thread_blocked, id=9084, stack(0x0000000015430000,0x0000000015530000)]
  0x0000000014b4f000 JavaThread "C1 CompilerThread2" daemon [_thread_blocked, id=7180, stack(0x0000000015330000,0x0000000015430000)]
  0x0000000014b48800 JavaThread "C2 CompilerThread1" daemon [_thread_blocked, id=5524, stack(0x0000000015230000,0x0000000015330000)]
  0x0000000014b38800 JavaThread "C2 CompilerThread0" daemon [_thread_blocked, id=7840, stack(0x0000000015130000,0x0000000015230000)]
  0x000000001383f000 JavaThread "Attach Listener" daemon [_thread_blocked, id=6032, stack(0x0000000015030000,0x0000000015130000)]
  0x0000000013830800 JavaThread "Signal Dispatcher" daemon [_thread_blocked, id=8540, stack(0x0000000014f30000,0x0000000015030000)]
  0x00000000137d7000 JavaThread "Finalizer" daemon [_thread_blocked, id=8596, stack(0x0000000014a30000,0x0000000014b30000)]
  0x00000000137d0000 JavaThread "Reference Handler" daemon [_thread_blocked, id=3820, stack(0x0000000014930000,0x0000000014a30000)]
  0x00000000022e8000 JavaThread "main" [_thread_blocked, id=7768, stack(0x0000000000030000,0x0000000000130000)]

Other Threads:
=>0x00000000137ca800 VMThread [stack: 0x0000000014830000,0x0000000014930000] [id=12980]

VM state:at safepoint (shutting down)

VM Mutex/Monitor currently owned by a thread:  ([mutex/lock_event])
[0x000000000246e2a0] Threads_lock - owner thread: 0x00000000137ca800

Heap:
 PSYoungGen      total 126976K, used 54652K [0x00000000f5580000, 0x00000000fd480000, 0x0000000100000000)
  eden space 123904K, 44% used [0x00000000f5580000,0x00000000f8adf008,0x00000000fce80000)
  from space 3072K, 0% used [0x00000000fce80000,0x00000000fce80000,0x00000000fd180000)
  to   space 3072K, 0% used [0x00000000fd180000,0x00000000fd180000,0x00000000fd480000)
 ParOldGen       total 113152K, used 59984K [0x00000000e0000000, 0x00000000e6e80000, 0x00000000f5580000)
  object space 113152K, 53% used [0x00000000e0000000,0x00000000e3a94260,0x00000000e6e80000)
 Metaspace       used 96517K, capacity 104326K, committed 104472K, reserved 1140736K
  class space    used 11553K, capacity 14097K, committed 14128K, reserved 1048576K

Card table byte_map: [0x0000000011830000,0x0000000011940000] byte_map_base: 0x0000000011130000

Marking Bits: (ParMarkBitMap*) 0x000000005128a5b0
 Begin Bits: [0x0000000011d40000, 0x0000000012540000)
 End Bits:   [0x0000000012540000, 0x0000000012d40000)

Polling page: 0x0000000000250000

CodeCache: size=245760Kb used=47035Kb max_used=47344Kb free=198725Kb
 bounds [0x0000000002470000, 0x0000000005310000, 0x0000000011470000]
 total_blobs=13639 nmethods=12716 adapters=830
 compilation: enabled

Compilation events (10 events):
Event: 6640.221 Thread 0x0000000014b4f000 nmethod 16436 0x000000000345f650 code [0x000000000345f7c0, 0x000000000345f9d0]
Event: 6640.222 Thread 0x0000000014b4f000 16437       3       org.eclipse.osgi.internal.framework.EquinoxContainerAdaptor::invalidateWiring (186 bytes)
Event: 6640.225 Thread 0x0000000014b4f000 nmethod 16437 0x00000000035d3010 code [0x00000000035d33e0, 0x00000000035d5d58]
Event: 6640.226 Thread 0x0000000014b48800 nmethod 16440 0x0000000003edfd10 code [0x0000000003edfee0, 0x0000000003ee06f0]
Event: 6640.226 Thread 0x0000000014b48800 16441       4       org.eclipse.osgi.container.ModuleDatabase::readUnlock (11 bytes)
Event: 6640.226 Thread 0x0000000014b4f000 16438   !   3       org.eclipse.osgi.container.ModuleDatabase::getRevisionsTimestamp (25 bytes)
Event: 6640.227 Thread 0x0000000014b4f000 nmethod 16438 0x00000000051b6490 code [0x00000000051b66a0, 0x00000000051b73d8]
Event: 6640.229 Thread 0x0000000014b4f000 16439       3       org.eclipse.osgi.internal.framework.EquinoxContainerAdaptor::clearManifestCache (84 bytes)
Event: 6640.230 Thread 0x0000000014b4f000 nmethod 16439 0x0000000003883290 code [0x00000000038834e0, 0x0000000003884bf8]
Event: 6640.232 Thread 0x0000000014b48800 nmethod 16441 0x0000000004d32450 code [0x0000000004d325e0, 0x0000000004d329b0]

GC Heap History (10 events):
Event: 6468.221 GC heap before
{Heap before GC invocations=228 (full 109):
 PSYoungGen      total 124416K, used 160K [0x00000000f5580000, 0x00000000fd480000, 0x0000000100000000)
  eden space 123904K, 0% used [0x00000000f5580000,0x00000000f5580000,0x00000000fce80000)
  from space 512K, 31% used [0x00000000fce80000,0x00000000fcea8000,0x00000000fcf00000)
  to   space 3072K, 0% used [0x00000000fd180000,0x00000000fd180000,0x00000000fd480000)
 ParOldGen       total 113152K, used 59929K [0x00000000e0000000, 0x00000000e6e80000, 0x00000000f5580000)
  object space 113152K, 52% used [0x00000000e0000000,0x00000000e3a86768,0x00000000e6e80000)
 Metaspace       used 95640K, capacity 103590K, committed 103832K, reserved 1138688K
  class space    used 11448K, capacity 13901K, committed 14000K, reserved 1048576K
Event: 6468.402 GC heap after
Heap after GC invocations=228 (full 109):
 PSYoungGen      total 124416K, used 0K [0x00000000f5580000, 0x00000000fd480000, 0x0000000100000000)
  eden space 123904K, 0% used [0x00000000f5580000,0x00000000f5580000,0x00000000fce80000)
  from space 512K, 0% used [0x00000000fce80000,0x00000000fce80000,0x00000000fcf00000)
  to   space 3072K, 0% used [0x00000000fd180000,0x00000000fd180000,0x00000000fd480000)
 ParOldGen       total 113152K, used 59984K [0x00000000e0000000, 0x00000000e6e80000, 0x00000000f5580000)
  object space 113152K, 53% used [0x00000000e0000000,0x00000000e3a942c0,0x00000000e6e80000)
 Metaspace       used 95640K, capacity 103590K, committed 103832K, reserved 1138688K
  class space    used 11448K, capacity 13901K, committed 14000K, reserved 1048576K
}
Event: 6528.236 GC heap before
{Heap before GC invocations=229 (full 109):
 PSYoungGen      total 124416K, used 2740K [0x00000000f5580000, 0x00000000fd480000, 0x0000000100000000)
  eden space 123904K, 2% used [0x00000000f5580000,0x00000000f582d170,0x00000000fce80000)
  from space 512K, 0% used [0x00000000fce80000,0x00000000fce80000,0x00000000fcf00000)
  to   space 3072K, 0% used [0x00000000fd180000,0x00000000fd180000,0x00000000fd480000)
 ParOldGen       total 113152K, used 59984K [0x00000000e0000000, 0x00000000e6e80000, 0x00000000f5580000)
  object space 113152K, 53% used [0x00000000e0000000,0x00000000e3a942c0,0x00000000e6e80000)
 Metaspace       used 95640K, capacity 103590K, committed 103832K, reserved 1138688K
  class space    used 11448K, capacity 13901K, committed 14000K, reserved 1048576K
Event: 6528.239 GC heap after
Heap after GC invocations=229 (full 109):
 PSYoungGen      total 126976K, used 128K [0x00000000f5580000, 0x00000000fd480000, 0x0000000100000000)
  eden space 123904K, 0% used [0x00000000f5580000,0x00000000f5580000,0x00000000fce80000)
  from space 3072K, 4% used [0x00000000fd180000,0x00000000fd1a0000,0x00000000fd480000)
  to   space 3072K, 0% used [0x00000000fce80000,0x00000000fce80000,0x00000000fd180000)
 ParOldGen       total 113152K, used 59984K [0x00000000e0000000, 0x00000000e6e80000, 0x00000000f5580000)
  object space 113152K, 53% used [0x00000000e0000000,0x00000000e3a942c0,0x00000000e6e80000)
 Metaspace       used 95640K, capacity 103590K, committed 103832K, reserved 1138688K
  class space    used 11448K, capacity 13901K, committed 14000K, reserved 1048576K
}
Event: 6528.239 GC heap before
{Heap before GC invocations=230 (full 110):
 PSYoungGen      total 126976K, used 128K [0x00000000f5580000, 0x00000000fd480000, 0x0000000100000000)
  eden space 123904K, 0% used [0x00000000f5580000,0x00000000f5580000,0x00000000fce80000)
  from space 3072K, 4% used [0x00000000fd180000,0x00000000fd1a0000,0x00000000fd480000)
  to   space 3072K, 0% used [0x00000000fce80000,0x00000000fce80000,0x00000000fd180000)
 ParOldGen       total 113152K, used 59984K [0x00000000e0000000, 0x00000000e6e80000, 0x00000000f5580000)
  object space 113152K, 53% used [0x00000000e0000000,0x00000000e3a942c0,0x00000000e6e80000)
 Metaspace       used 95640K, capacity 103590K, committed 103832K, reserved 1138688K
  class space    used 11448K, capacity 13901K, committed 14000K, reserved 1048576K
Event: 6528.417 GC heap after
Heap after GC invocations=230 (full 110):
 PSYoungGen      total 126976K, used 0K [0x00000000f5580000, 0x00000000fd480000, 0x0000000100000000)
  eden space 123904K, 0% used [0x00000000f5580000,0x00000000f5580000,0x00000000fce80000)
  from space 3072K, 0% used [0x00000000fd180000,0x00000000fd180000,0x00000000fd480000)
  to   space 3072K, 0% used [0x00000000fce80000,0x00000000fce80000,0x00000000fd180000)
 ParOldGen       total 113152K, used 59984K [0x00000000e0000000, 0x00000000e6e80000, 0x00000000f5580000)
  object space 113152K, 53% used [0x00000000e0000000,0x00000000e3a941a0,0x00000000e6e80000)
 Metaspace       used 95640K, capacity 103590K, committed 103832K, reserved 1138688K
  class space    used 11448K, capacity 13901K, committed 14000K, reserved 1048576K
}
Event: 6588.245 GC heap before
{Heap before GC invocations=231 (full 110):
 PSYoungGen      total 126976K, used 3152K [0x00000000f5580000, 0x00000000fd480000, 0x0000000100000000)
  eden space 123904K, 2% used [0x00000000f5580000,0x00000000f5894090,0x00000000fce80000)
  from space 3072K, 0% used [0x00000000fd180000,0x00000000fd180000,0x00000000fd480000)
  to   space 3072K, 0% used [0x00000000fce80000,0x00000000fce80000,0x00000000fd180000)
 ParOldGen       total 113152K, used 59984K [0x00000000e0000000, 0x00000000e6e80000, 0x00000000f5580000)
  object space 113152K, 53% used [0x00000000e0000000,0x00000000e3a941a0,0x00000000e6e80000)
 Metaspace       used 95640K, capacity 103590K, committed 103832K, reserved 1138688K
  class space    used 11448K, capacity 13901K, committed 14000K, reserved 1048576K
Event: 6588.248 GC heap after
Heap after GC invocations=231 (full 110):
 PSYoungGen      total 126976K, used 96K [0x00000000f5580000, 0x00000000fd480000, 0x0000000100000000)
  eden space 123904K, 0% used [0x00000000f5580000,0x00000000f5580000,0x00000000fce80000)
  from space 3072K, 3% used [0x00000000fce80000,0x00000000fce98000,0x00000000fd180000)
  to   space 3072K, 0% used [0x00000000fd180000,0x00000000fd180000,0x00000000fd480000)
 ParOldGen       total 113152K, used 59984K [0x00000000e0000000, 0x00000000e6e80000, 0x00000000f5580000)
  object space 113152K, 53% used [0x00000000e0000000,0x00000000e3a941a0,0x00000000e6e80000)
 Metaspace       used 95640K, capacity 103590K, committed 103832K, reserved 1138688K
  class space    used 11448K, capacity 13901K, committed 14000K, reserved 1048576K
}
Event: 6588.248 GC heap before
{Heap before GC invocations=232 (full 111):
 PSYoungGen      total 126976K, used 96K [0x00000000f5580000, 0x00000000fd480000, 0x0000000100000000)
  eden space 123904K, 0% used [0x00000000f5580000,0x00000000f5580000,0x00000000fce80000)
  from space 3072K, 3% used [0x00000000fce80000,0x00000000fce98000,0x00000000fd180000)
  to   space 3072K, 0% used [0x00000000fd180000,0x00000000fd180000,0x00000000fd480000)
 ParOldGen       total 113152K, used 59984K [0x00000000e0000000, 0x00000000e6e80000, 0x00000000f5580000)
  object space 113152K, 53% used [0x00000000e0000000,0x00000000e3a941a0,0x00000000e6e80000)
 Metaspace       used 95640K, capacity 103590K, committed 103832K, reserved 1138688K
  class space    used 11448K, capacity 13901K, committed 14000K, reserved 1048576K
Event: 6588.412 GC heap after
Heap after GC invocations=232 (full 111):
 PSYoungGen      total 126976K, used 0K [0x00000000f5580000, 0x00000000fd480000, 0x0000000100000000)
  eden space 123904K, 0% used [0x00000000f5580000,0x00000000f5580000,0x00000000fce80000)
  from space 3072K, 0% used [0x00000000fce80000,0x00000000fce80000,0x00000000fd180000)
  to   space 3072K, 0% used [0x00000000fd180000,0x00000000fd180000,0x00000000fd480000)
 ParOldGen       total 113152K, used 59984K [0x00000000e0000000, 0x00000000e6e80000, 0x00000000f5580000)
  object space 113152K, 53% used [0x00000000e0000000,0x00000000e3a94260,0x00000000e6e80000)
 Metaspace       used 95640K, capacity 103590K, committed 103832K, reserved 1138688K
  class space    used 11448K, capacity 13901K, committed 14000K, reserved 1048576K
}

Deoptimization events (10 events):
Event: 6639.354 Thread 0x0000000016770000 Uncommon trap: reason=unstable_if action=reinterpret pc=0x0000000002b34f70 method=java.lang.Character.isSurrogate(C)Z @ 3
Event: 6639.354 Thread 0x0000000016770000 Uncommon trap: reason=unstable_if action=reinterpret pc=0x0000000003155054 method=java.nio.charset.CharsetEncoder.encode(Ljava/nio/CharBuffer;Ljava/nio/ByteBuffer;Z)Ljava/nio/charset/CoderResult; @ 105
Event: 6639.384 Thread 0x0000000016769000 Uncommon trap: reason=unstable_if action=reinterpret pc=0x0000000004271e40 method=java.util.concurrent.CopyOnWriteArrayList.indexOf(Ljava/lang/Object;[Ljava/lang/Object;II)I @ 49
Event: 6639.385 Thread 0x0000000016769000 Uncommon trap: reason=unstable_if action=reinterpret pc=0x0000000002cd7438 method=org.eclipse.osgi.internal.hooks.EclipseLazyStarter.shouldActivateFor(Ljava/lang/String;Lorg/eclipse/osgi/container/Module;Lorg/eclipse/osgi/container/ModuleRevision;Lorg/ecli´ì¼ñbï¹@
Event: 6639.387 Thread 0x0000000016769000 Uncommon trap: reason=unstable_if action=reinterpret pc=0x000000000275cba4 method=org.eclipse.swt.graphics.Resource.dispose()V @ 15
Event: 6639.389 Thread 0x0000000016769000 Uncommon trap: reason=unstable_if action=reinterpret pc=0x0000000002867b00 method=sun.nio.cs.UTF_8$Encoder.encodeArrayLoop(Ljava/nio/CharBuffer;Ljava/nio/ByteBuffer;)Ljava/nio/charset/CoderResult; @ 87
Event: 6639.989 Thread 0x0000000015c59800 Uncommon trap: reason=unstable_if action=reinterpret pc=0x00000000031a5da8 method=org.eclipse.osgi.internal.framework.BundleContextImpl.dispatchEvent(Ljava/lang/Object;Ljava/lang/Object;ILjava/lang/Object;)V @ 16
Event: 6640.059 Thread 0x0000000014b56000 Uncommon trap: reason=unstable_if action=reinterpret pc=0x0000000003851d18 method=org.eclipse.tcf.EventQueue.invokeLater(Ljava/lang/Runnable;)V @ 22
Event: 6640.173 Thread 0x0000000014b5d800 Uncommon trap: reason=unstable_if action=reinterpret pc=0x0000000004a796d8 method=org.eclipse.core.internal.jobs.JobManager.nextJob()Lorg/eclipse/core/runtime/jobs/Job; @ 80
Event: 6640.202 Thread 0x0000000016769000 Uncommon trap: reason=unstable_if action=reinterpret pc=0x00000000031cff9c method=sun.reflect.UnsafeStaticObjectFieldAccessorImpl.set(Ljava/lang/Object;Ljava/lang/Object;)V @ 13

Internal exceptions (10 events):
Event: 6635.500 Thread 0x00000000022e8000 Exception <a 'java/io/IOException'> (0x00000000f652d2c8) thrown at [C:\re\workspace\8-2-build-windows-amd64-cygwin\jdk8u66\5298\hotspot\src\share\vm\prims\jni.cpp, line 709]
Event: 6635.500 Thread 0x00000000022e8000 Exception <a 'java/io/IOException'> (0x00000000f652d928) thrown at [C:\re\workspace\8-2-build-windows-amd64-cygwin\jdk8u66\5298\hotspot\src\share\vm\prims\jni.cpp, line 709]
Event: 6638.917 Thread 0x00000000022e8000 Implicit null exception at 0x0000000004ed8467 to 0x0000000004eda895
Event: 6639.293 Thread 0x0000000016769000 Implicit null exception at 0x0000000002cd5022 to 0x0000000002cd516d
Event: 6639.353 Thread 0x000000001bf17800 Exception <a 'java/lang/InterruptedException'> (0x00000000f8437d40) thrown at [C:\re\workspace\8-2-build-windows-amd64-cygwin\jdk8u66\5298\hotspot\src\share\vm\runtime\objectMonitor.cpp, line 1683]
Event: 6640.131 Thread 0x0000000014b58000 Exception <a 'java/lang/InterruptedException'> (0x00000000f8049a98) thrown at [C:\re\workspace\8-2-build-windows-amd64-cygwin\jdk8u66\5298\hotspot\src\share\vm\runtime\objectMonitor.cpp, line 1683]
Event: 6640.202 Thread 0x0000000016769000 Implicit null exception at 0x00000000031cfb93 to 0x00000000031cff89
Event: 6640.202 Thread 0x0000000015c59800 Exception <a 'java/lang/InterruptedException'> (0x00000000f878caa0) thrown at [C:\re\workspace\8-2-build-windows-amd64-cygwin\jdk8u66\5298\hotspot\src\share\vm\runtime\objectMonitor.cpp, line 1683]
Event: 6640.208 Thread 0x0000000014b51800 Exception <a 'java/lang/InterruptedException'> (0x00000000f64e9ef0) thrown at [C:\re\workspace\8-2-build-windows-amd64-cygwin\jdk8u66\5298\hotspot\src\share\vm\runtime\objectMonitor.cpp, line 1683]
Event: 6640.209 Thread 0x0000000015840800 Exception <a 'java/lang/InterruptedException'> (0x00000000f8962db0) thrown at [C:\re\workspace\8-2-build-windows-amd64-cygwin\jdk8u66\5298\hotspot\src\share\vm\runtime\objectMonitor.cpp, line 1683]

Events (10 events):
Event: 6640.233 loading class java/util/IdentityHashMap$IdentityHashMapIterator
Event: 6640.233 loading class java/util/IdentityHashMap$IdentityHashMapIterator done
Event: 6640.233 loading class java/util/IdentityHashMap$KeyIterator done
Event: 6640.233 Thread 0x0000000016769000 Thread added: 0x0000000016769000
Event: 6640.234 Executing VM operation: RevokeBias
Event: 6640.234 Executing VM operation: RevokeBias done
Event: 6640.234 Executing VM operation: RevokeBias
Event: 6640.234 Executing VM operation: RevokeBias done
Event: 6640.234 Executing VM operation: Exit
Event: 6640.234 Thread 0x0000000016769000 Thread exited: 0x0000000016769000


Dynamic libraries:
0x0000000000400000 - 0x000000000044f000 	C:\Xilinx\SDK\2016.4\eclipse\win64.o\eclipse.exe
0x0000000076d30000 - 0x0000000076eda000 	C:\Windows\SYSTEM32\ntdll.dll
0x0000000076c10000 - 0x0000000076d2f000 	C:\Windows\system32\kernel32.dll
0x000007fefcc70000 - 0x000007fefccda000 	C:\Windows\system32\KERNELBASE.dll
0x0000000076b10000 - 0x0000000076c0a000 	C:\Windows\system32\USER32.dll
0x000007fefeb00000 - 0x000007fefeb67000 	C:\Windows\system32\GDI32.dll
0x000007fefe8f0000 - 0x000007fefe8fe000 	C:\Windows\system32\LPK.dll
0x000007fefd4a0000 - 0x000007fefd56a000 	C:\Windows\system32\USP10.dll
0x000007fefee10000 - 0x000007fefeeaf000 	C:\Windows\system32\msvcrt.dll
0x000007fefb4c0000 - 0x000007fefb6b4000 	C:\Windows\WinSxS\amd64_microsoft.windows.common-controls_6595b64144ccf1df_6.0.7601.18837_none_fa3b1e3d17594757\COMCTL32.dll
0x000007fefefc0000 - 0x000007feff031000 	C:\Windows\system32\SHLWAPI.dll
0x000007fefeb70000 - 0x000007fefeb9e000 	C:\Windows\system32\IMM32.DLL
0x000007fefeeb0000 - 0x000007fefefb9000 	C:\Windows\system32\MSCTF.dll
0x0000000072000000 - 0x0000000072012000 	C:\Xilinx\SDK\2016.4\eclipse\win64.o\plugins\org.eclipse.equinox.launcher.win32.win32.x86_64_1.1.300.v20150602-1417\eclipse_1611.dll
0x000007fefce20000 - 0x000007fefcefb000 	C:\Windows\system32\ADVAPI32.dll
0x000007fefe900000 - 0x000007fefe91f000 	C:\Windows\SYSTEM32\sechost.dll
0x000007fefcf00000 - 0x000007fefd02d000 	C:\Windows\system32\RPCRT4.dll
0x000007fefbb50000 - 0x000007fefbb5c000 	C:\Windows\system32\VERSION.dll
0x000007fefb1a0000 - 0x000007fefb1f6000 	C:\Windows\system32\uxtheme.dll
0x000007fedfef0000 - 0x000007fedff38000 	C:\Program Files (x86)\TeamViewer\tv_x64.dll
0x000007fefd6b0000 - 0x000007fefe439000 	C:\Windows\system32\SHELL32.dll
0x000007fefec00000 - 0x000007fefee03000 	C:\Windows\system32\ole32.dll
0x0000000050a80000 - 0x0000000051309000 	C:\Xilinx\SDK\2016.4\tps\win64\jre\bin\server\jvm.dll
0x000007feee400000 - 0x000007feee409000 	C:\Windows\system32\WSOCK32.dll
0x000007fefe8a0000 - 0x000007fefe8ed000 	C:\Windows\system32\WS2_32.dll
0x000007fefd410000 - 0x000007fefd418000 	C:\Windows\system32\NSI.dll
0x000007fefa580000 - 0x000007fefa5bb000 	C:\Windows\system32\WINMM.dll
0x0000000076f00000 - 0x0000000076f07000 	C:\Windows\system32\PSAPI.DLL
0x000000006da80000 - 0x000000006db52000 	C:\Windows\system32\MSVCR100.dll
0x0000000071ba0000 - 0x0000000071baf000 	C:\Xilinx\SDK\2016.4\tps\win64\jre\bin\verify.dll
0x000000005bc30000 - 0x000000005bc59000 	C:\Xilinx\SDK\2016.4\tps\win64\jre\bin\java.dll
0x000000006f790000 - 0x000000006f7a6000 	C:\Xilinx\SDK\2016.4\tps\win64\jre\bin\zip.dll
0x000007fefca60000 - 0x000007fefca6f000 	C:\Windows\system32\profapi.dll
0x000007fefc260000 - 0x000007fefc278000 	C:\Windows\system32\CRYPTSP.dll
0x000007fefbf60000 - 0x000007fefbfa7000 	C:\Windows\system32\rsaenh.dll
0x000007fefcae0000 - 0x000007fefcafe000 	C:\Windows\system32\USERENV.dll
0x000007fefc8c0000 - 0x000007fefc8cf000 	C:\Windows\system32\CRYPTBASE.dll
0x0000000062c70000 - 0x0000000062c8a000 	C:\Xilinx\SDK\2016.4\tps\win64\jre\bin\net.dll
0x000007fefc200000 - 0x000007fefc255000 	C:\Windows\system32\mswsock.dll
0x000007fefc1f0000 - 0x000007fefc1f7000 	C:\Windows\System32\wship6.dll
0x000007fef9f80000 - 0x000007fef9fa7000 	C:\Windows\system32\IPHLPAPI.DLL
0x000007fef9f70000 - 0x000007fef9f7b000 	C:\Windows\system32\WINNSI.DLL
0x000007fef9c10000 - 0x000007fef9c21000 	C:\Windows\system32\dhcpcsvc6.DLL
0x000007fef9be0000 - 0x000007fef9bf8000 	C:\Windows\system32\dhcpcsvc.DLL
0x000000005bb90000 - 0x000000005bba1000 	C:\Xilinx\SDK\2016.4\tps\win64\jre\bin\nio.dll
0x000007fefd570000 - 0x000007fefd609000 	C:\Windows\system32\CLBCatQ.DLL
0x000007fefd330000 - 0x000007fefd40a000 	C:\Windows\system32\OLEAUT32.dll
0x000007fefa1b0000 - 0x000007fefa1c5000 	C:\Windows\system32\NLAapi.dll
0x000007fefb810000 - 0x000007fefb825000 	C:\Windows\system32\napinsp.dll
0x000007fefb7f0000 - 0x000007fefb809000 	C:\Windows\system32\pnrpnsp.dll
0x000007fefc080000 - 0x000007fefc0db000 	C:\Windows\system32\DNSAPI.dll
0x000007fefb7e0000 - 0x000007fefb7eb000 	C:\Windows\System32\winrnr.dll
0x000007fefbc20000 - 0x000007fefbc27000 	C:\Windows\System32\wshtcpip.dll
0x000007fef2d50000 - 0x000007fef2d58000 	C:\Windows\system32\rasadhlp.dll
0x000007fef9c30000 - 0x000007fef9c83000 	C:\Windows\System32\fwpuclnt.dll
0x0000000017120000 - 0x00000000171c8000 	C:\Users\shlab_61\.Xilinx\SDK\2016.4\org.eclipse.osgi\319\0\.cp\swt-win32-4527.dll
0x000007fefd610000 - 0x000007fefd6a7000 	C:\Windows\system32\comdlg32.dll
0x000007fef2b90000 - 0x000007fef2c01000 	C:\Windows\system32\WINSPOOL.DRV
0x000007fefd050000 - 0x000007fefd322000 	C:\Windows\system32\WININET.dll
0x000007fefcce0000 - 0x000007fefcce4000 	C:\Windows\system32\api-ms-win-downlevel-user32-l1-1-0.dll
0x000007fefcad0000 - 0x000007fefcad4000 	C:\Windows\system32\api-ms-win-downlevel-shlwapi-l1-1-0.dll
0x000007fefccf0000 - 0x000007fefccf4000 	C:\Windows\system32\api-ms-win-downlevel-version-l1-1-0.dll
0x000007fefcac0000 - 0x000007fefcac3000 	C:\Windows\system32\api-ms-win-downlevel-normaliz-l1-1-0.dll
0x0000000076ef0000 - 0x0000000076ef3000 	C:\Windows\system32\normaliz.DLL
0x000007fefe440000 - 0x000007fefe709000 	C:\Windows\system32\iertutil.dll
0x000007fefce10000 - 0x000007fefce15000 	C:\Windows\system32\api-ms-win-downlevel-advapi32-l1-1-0.dll
0x000007fefcb00000 - 0x000007fefcc6d000 	C:\Windows\system32\CRYPT32.dll
0x000007fefca70000 - 0x000007fefca7f000 	C:\Windows\system32\MSASN1.dll
0x000007fefac70000 - 0x000007fefac88000 	C:\Windows\system32\dwmapi.dll
0x000007fefb260000 - 0x000007fefb38c000 	C:\Windows\system32\propsys.dll
0x0000000015f70000 - 0x0000000015f8e000 	C:\Users\shlab_61\.Xilinx\SDK\2016.4\org.eclipse.osgi\319\0\.cp\swt-gdip-win32-4527.dll
0x000007feeef30000 - 0x000007feef146000 	C:\Windows\WinSxS\amd64_microsoft.windows.gdiplus_6595b64144ccf1df_1.1.7601.23508_none_145555328b95eaaa\gdiplus.dll
0x000007fefaac0000 - 0x000007fefac21000 	C:\Windows\system32\WindowsCodecs.dll
0x000007fef2f80000 - 0x000007fef2fd4000 	C:\Windows\system32\oleacc.dll
0x000007fedd300000 - 0x000007fedd33b000 	C:\Windows\system32\mlang.dll
0x000007fefa7b0000 - 0x000007fefa7b7000 	C:\Windows\system32\msimg32.dll
0x000007fefc9b0000 - 0x000007fefc9c4000 	C:\Windows\system32\RpcRtRemote.dll
0x000007fefc860000 - 0x000007fefc8b7000 	C:\Windows\system32\apphelp.dll
0x000007feecc60000 - 0x000007feedb19000 	C:\Windows\System32\ieframe.dll
0x000007feefc10000 - 0x000007feefc14000 	C:\Windows\System32\api-ms-win-downlevel-shell32-l1-1-0.dll
0x000007feec4a0000 - 0x000007feec4a4000 	C:\Windows\system32\api-ms-win-downlevel-shlwapi-l2-1-0.dll
0x000007fefe710000 - 0x000007fefe896000 	C:\Windows\system32\urlmon.dll
0x000007fefcd60000 - 0x000007fefcd64000 	C:\Windows\system32\api-ms-win-downlevel-ole32-l1-1-0.dll
0x000007fefc910000 - 0x000007fefc9a1000 	C:\Windows\system32\SXS.DLL
0x000007feba460000 - 0x000007febbcfe000 	C:\Windows\System32\mshtml.dll
0x000007fefc680000 - 0x000007fefc68b000 	C:\Windows\system32\Secur32.dll
0x000007fefc830000 - 0x000007fefc855000 	C:\Windows\system32\SSPICLI.DLL
0x000007feb9e90000 - 0x000007feba45e000 	C:\Windows\System32\jscript9.dll
0x000007fef5390000 - 0x000007fef5394000 	C:\Windows\system32\api-ms-win-downlevel-advapi32-l2-1-0.dll
0x000007fefaab0000 - 0x000007fefaabe000 	C:\Windows\system32\msimtf.dll
0x000007fedf720000 - 0x000007fedf7da000 	C:\Windows\system32\uiautomationcore.dll
0x000007feb9ac0000 - 0x000007feb9e84000 	C:\Windows\system32\d2d1.dll
0x000007feb9920000 - 0x000007feb9ab7000 	C:\Windows\system32\DWrite.dll
0x000007fef2d70000 - 0x000007fef2dcd000 	C:\Windows\system32\dxgi.dll
0x000007fefca80000 - 0x000007fefcabb000 	C:\Windows\system32\WINTRUST.dll
0x000007feefe70000 - 0x000007fef0045000 	C:\Windows\system32\d3d11.dll
0x000007fedfdf0000 - 0x000007fedfe31000 	C:\Windows\system32\windowscodecsext.dll
0x000007fefc3b0000 - 0x000007fefc3d2000 	C:\Windows\System32\bcrypt.dll
0x000007fefbea0000 - 0x000007fefbeec000 	C:\Windows\system32\bcryptprimitives.dll
0x000007feeadf0000 - 0x000007feeae01000 	C:\Users\shlab_61\.Xilinx\SDK\2016.4\org.eclipse.osgi\136\0\.cp\jWinHttp-1.0.0.dll
0x000007fef2920000 - 0x000007fef2991000 	C:\Windows\system32\WINHTTP.dll
0x000007fef28b0000 - 0x000007fef2914000 	C:\Windows\system32\webio.dll
0x000007fefbe30000 - 0x000007fefbe3a000 	C:\Windows\system32\credssp.dll
0x000007fefcd20000 - 0x000007fefcd56000 	C:\Windows\system32\CFGMGR32.dll
0x0000000025450000 - 0x0000000025462000 	C:\Users\shlab_61\.Xilinx\SDK\2016.4\org.eclipse.osgi\133\0\.cp\os\win32\x86_64\localfile_1_0_0.dll
0x000007fefa090000 - 0x000007fefa09f000 	C:\Xilinx\SDK\2016.4\lib\win64.o\librdi_repo_manager.dll
0x000007fedf6f0000 - 0x000007fedf71a000 	C:\Xilinx\SDK\2016.4\lib\win64.o\libisl_sysinfo.dll
0x000007fee12a0000 - 0x000007fee1374000 	C:\Windows\system32\MSVCR110.dll
0x000007fee1170000 - 0x000007fee1217000 	C:\Windows\system32\MSVCP110.dll
0x000007feb8bf0000 - 0x000007feb969a000 	C:\Xilinx\SDK\2016.4\lib\win64.o\librdi_common.dll
0x000007feb8880000 - 0x000007feb8bee000 	C:\Xilinx\SDK\2016.4\lib\win64.o\libCOIN-all.dll
0x000007feb8660000 - 0x000007feb887f000 	C:\Xilinx\SDK\2016.4\lib\win64.o\libXil_lmgr11.dll
0x000007fefa960000 - 0x000007fefa976000 	C:\Windows\system32\NETAPI32.dll
0x000007fefa950000 - 0x000007fefa95c000 	C:\Windows\system32\netutils.dll
0x000007fefc500000 - 0x000007fefc523000 	C:\Windows\system32\srvcli.dll
0x000007fefa930000 - 0x000007fefa945000 	C:\Windows\system32\wkscli.dll
0x000007fef06a0000 - 0x000007fef06b0000 	C:\Xilinx\SDK\2016.4\lib\win64.o\libboost_date_time.dll
0x000007feddf90000 - 0x000007feddfb4000 	C:\Xilinx\SDK\2016.4\lib\win64.o\libboost_filesystem.dll
0x000007feefd30000 - 0x000007feefd39000 	C:\Xilinx\SDK\2016.4\lib\win64.o\libboost_system.dll
0x000007fedd3a0000 - 0x000007fedd417000 	C:\Xilinx\SDK\2016.4\lib\win64.o\libboost_program_options.dll
0x000007feb8550000 - 0x000007feb8656000 	C:\Xilinx\SDK\2016.4\lib\win64.o\libboost_regex.dll
0x000007fedd5e0000 - 0x000007fedd5f3000 	C:\Xilinx\SDK\2016.4\lib\win64.o\libboost_signals.dll
0x000007fedd380000 - 0x000007fedd39d000 	C:\Xilinx\SDK\2016.4\lib\win64.o\libboost_thread.dll
0x000007feec2b0000 - 0x000007feec2bb000 	C:\Xilinx\SDK\2016.4\lib\win64.o\libboost_chrono.dll
0x000007feeb250000 - 0x000007feeb25b000 	C:\Xilinx\SDK\2016.4\lib\win64.o\libboost_xilinx.dll
0x000007feb84d0000 - 0x000007feb8550000 	C:\Xilinx\SDK\2016.4\lib\win64.o\libhdlpsolve.dll
0x000007feb8430000 - 0x000007feb84ca000 	C:\Xilinx\SDK\2016.4\lib\win64.o\libhdxml.dll
0x000007feb8060000 - 0x000007feb8429000 	C:\Xilinx\SDK\2016.4\lib\win64.o\libisl_iostreams.dll

VM Arguments:
jvm_args: -Dcom.xilinx.sdk.args.hwspec=C:/Users/shlab_61/Desktop/0316303_0619/0316303_0619.sdk/lab6_wrapper.hdf -Xms64m -Xmx512m & 
java_command: <unknown>
java_class_path (initial): C:\Xilinx\SDK\2016.4\eclipse\win64.o\\plugins/org.eclipse.equinox.launcher_1.3.100.v20150511-1540.jar
Launcher Type: generic

Environment Variables:
PATH=C:/Xilinx/SDK/2016.4/tps/win64/jre/bin/server;C:/Xilinx/SDK/2016.4/tps/win64/jre/bin;C:/Xilinx/SDK/2016.4/tps/win64/jre/lib/amd64;C:\Xilinx\SDK\2016.4\gnuwin\bin;C:\Xilinx\SDK\2016.4\gnu\microblaze\nt\bin;C:\Xilinx\SDK\2016.4\gnu\microblaze\linux_toolchain\nt64_le\bin;C:\Xilinx\SDK\2016.4\gnu\microblaze\linux_toolchain\nt64_be\bin;C:\Xilinx\SDK\2016.4\gnu\arm\nt\bin;C:\Xilinx\SDK\2016.4\gnu\aarch64\nt\aarch64-none\bin;C:\Xilinx\SDK\2016.4\gnu\aarch64\nt\aarch64-linux\bin;C:\Xilinx\SDK\2016.4\gnu\armr5\nt\gcc-arm-none-eabi\bin;C:\Xilinx\SDK\2016.4\gnu\aarch32\nt\gcc-arm-none-eabi\bin;C:\Xilinx\SDK\2016.4\gnu\aarch32\nt\gcc-arm-linux-gnueabi\bin;C:\Xilinx\SDK\2016.4\tps\win64\cmake-3.3.2\bin;;C:\Xilinx\SDK\2016.4\bin;C:\Xilinx\SDK\2016.4\lib\win64.o;C:\Xilinx\SDK\2016.4\tps\win64\jre\bin\server;C:\Xilinx\SDK\2016.4\tps\win64\jre\bin;C:\Xilinx\Vivado\2016.4\ids_lite\ISE\bin\nt64;C:\Xilinx\Vivado\2016.4\ids_lite\ISE\lib\nt64;C:\Xilinx\Vivado\2016.4\bin;C:\Xilinx\Vivado\2016.4\lib\win64.o;C:\Xilinx\Vivado\2016.4\tps\win64\jre\bin\server;C:\Xilinx\Vivado\2016.4\tps\win64\jre\bin;C:\Xilinx\Vivado_HLS\2016.4\bin;C:\ProgramData\Oracle\Java\javapath;C:\Windows\system32;C:\Windows;C:\Windows\System32\Wbem;C:\Windows\System32\WindowsPowerShell\v1.0\;C:\Program Files (x86)\Intel\OpenCL SDK\2.0\bin\x86;C:\Program Files (x86)\Intel\OpenCL SDK\2.0\bin\x64;C:\Users\shlab_61\Desktop\0316303_0619;
USERNAME=shlab_61
OS=Windows_NT
PROCESSOR_IDENTIFIER=Intel64 Family 6 Model 58 Stepping 9, GenuineIntel



---------------  S Y S T E M  ---------------

OS: Windows 7 , 64 bit Build 7601 (6.1.7601.23539)

CPU:total 4 (2 cores per cpu, 2 threads per core) family 6 model 58 stepping 9, cmov, cx8, fxsr, mmx, sse, sse2, sse3, ssse3, sse4.1, sse4.2, popcnt, avx, clmul, erms, ht, tsc, tscinvbit, tscinv

Memory: 4k page, physical 16462528k(12414176k free), swap 32923196k(26329176k free)

vm_info: Java HotSpot(TM) 64-Bit Server VM (25.66-b18) for windows-amd64 JRE (1.8.0_66-b18), built on Nov  9 2015 10:51:13 by "java_re" with MS VC++ 10.0 (VS2010)

time: Mon Jun 19 21:14:43 2017
elapsed time: 6640 seconds (0d 1h 50m 40s)

