#
# A fatal error has been detected by the Java Runtime Environment:
#
#  Internal Error (0xc000000d), pid=1892, tid=5496
#
# JRE version: Java(TM) SE Runtime Environment (8.0_66-b18) (build 1.8.0_66-b18)
# Java VM: Java HotSpot(TM) 64-Bit Server VM (25.66-b18 mixed mode windows-amd64 compressed oops)
# Problematic frame:
# C  [ntdll.dll+0x96ccf]
#
# Failed to write core dump. Minidumps are not enabled by default on client versions of Windows
#
# If you would like to submit a bug report, please visit:
#   http://bugreport.java.com/bugreport/crash.jsp
#

---------------  T H R E A D  ---------------

Current thread (0x0000000013bea800):  VMThread [stack: 0x0000000014c50000,0x0000000014d50000] [id=5496]

siginfo: ExceptionCode=0xc000000d

Registers:
RAX=0x00000000639dfd03, RBX=0x0000000000000000, RCX=0x0000000014d4ef10, RDX=0x0000000000000000
RSP=0x0000000014d4f520, RBP=0x00000000002e6540, RSI=0x000007feef977408, RDI=0x0000000014d4f668
R8 =0x0000000000000000, R9 =0x0000000000000000, R10=0x0000000000000000, R11=0x0000000000000246
R12=0x0000000016482110, R13=0x00000000164820e0, R14=0x00000000002e6648, R15=0x0000000000000000
RIP=0x0000000077c76ccf, EFLAGS=0x0000000000000206

Top of Stack: (sp=0x0000000014d4f520)
0x0000000014d4f520:   0000000000000000 000007feef977408
0x0000000014d4f530:   0000000014d4f668 0000000000000000
0x0000000014d4f540:   0000000000000050 0000000000280000
0x0000000014d4f550:   0000000000000000 0000000000000000
0x0000000014d4f560:   0000000000000002 0000000077c2dd48
0x0000000014d4f570:   00000000c000000d 0000000000000000
0x0000000014d4f580:   0000000077c76ccf 0000000000000000
0x0000000014d4f590:   0000000000000000 0000000000000000
0x0000000014d4f5a0:   0000000000000000 0000000000000000
0x0000000014d4f5b0:   0000000000000000 0000000000000000
0x0000000014d4f5c0:   0000000000000000 0000000000000000
0x0000000014d4f5d0:   0000000000000000 0000000000000000
0x0000000014d4f5e0:   0000000000000000 0000000000000000
0x0000000014d4f5f0:   0000000000000000 0000000000000000
0x0000000014d4f600:   0000000000000000 0000000016482110
0x0000000014d4f610:   0000000000000894 0000000077b034a8 

Instructions: (pc=0x0000000077c76ccf)
0x0000000077c76caf:   5d 6c fb ff b9 57 00 00 00 c7 44 24 50 0d 00 00
0x0000000077c76cbf:   c0 e8 4b 6f fb ff 48 8d 4c 24 50 e8 41 1c f8 ff
0x0000000077c76ccf:   4c 8b 1d 02 67 09 00 4d 85 db 74 5b 65 48 8b 04
0x0000000077c76cdf:   25 30 00 00 00 f6 80 ee 17 00 00 08 74 12 65 48 


Register to memory mapping:

RAX=0x00000000639dfd03 is an unknown value
RBX=0x0000000000000000 is an unknown value
RCX=0x0000000014d4ef10 is an unknown value
RDX=0x0000000000000000 is an unknown value
RSP=0x0000000014d4f520 is an unknown value
RBP=0x00000000002e6540 is an unknown value
RSI=0x000007feef977408 is an unknown value
RDI=0x0000000014d4f668 is an unknown value
R8 =0x0000000000000000 is an unknown value
R9 =0x0000000000000000 is an unknown value
R10=0x0000000000000000 is an unknown value
R11=0x0000000000000246 is an unknown value
R12=0x0000000016482110 is an unknown value
R13=0x00000000164820e0 is an unknown value
R14=0x00000000002e6648 is an unknown value
R15=0x0000000000000000 is an unknown value


Stack: [0x0000000014c50000,0x0000000014d50000],  sp=0x0000000014d4f520,  free space=1021k
Native frames: (J=compiled Java code, j=interpreted, Vv=VM code, C=native code)
C  [ntdll.dll+0x96ccf]
C  [kernel32.dll+0x434a8]
C  [MSVCR110.dll+0x752d]
C  [MSVCR110.dll+0x73c6]
C  [MSVCR110.dll+0x14cca]
C  [MSVCR110.dll+0x13edc]
C  [MSVCR110.dll+0x239e]
C  [MSVCR110.dll+0xaf9e]
C  [MSVCP110.dll+0x397b9]
C  [librdi_common.dll+0x183a66]
C  [librdi_common.dll+0x1826fb]
C  [librdi_target_manager.dll+0x2400]
C  [librdi_target_manager.dll+0x2682]
C  [ntdll.dll+0x22ac1]
C  [ntdll.dll+0x228d0]
C  [MSVCR100.dll+0x20ccd]
V  [jvm.dll+0x210cc5]
V  [jvm.dll+0x249897]
V  [jvm.dll+0x248b36]
V  [jvm.dll+0x248fd1]
V  [jvm.dll+0x2491ee]
V  [jvm.dll+0x29a0fa]
C  [MSVCR100.dll+0x21d9f]
C  [MSVCR100.dll+0x21e3b]
C  [kernel32.dll+0x159cd]
C  [ntdll.dll+0x2a561]

VM_Operation (0x000000000012f4c0): Exit, mode: safepoint, requested by thread 0x00000000026a9000


---------------  P R O C E S S  ---------------

Java Threads: ( => current thread )
  0x000000001f5da000 JavaThread "pool-2-thread-1" [_thread_blocked, id=5972, stack(0x0000000025840000,0x0000000025940000)]
  0x000000001f5d7800 JavaThread "Thread-30" daemon [_thread_blocked, id=3556, stack(0x0000000021c70000,0x0000000021d70000)]
  0x000000001e637000 JavaThread "TCF Channel Transmitter" daemon [_thread_blocked, id=1784, stack(0x0000000021870000,0x0000000021970000)]
  0x000000001e636800 JavaThread "TCF Channel Receiver" daemon [_thread_in_native, id=4764, stack(0x0000000021510000,0x0000000021610000)]
  0x000000001e635800 JavaThread "Process monitor" daemon [_thread_in_native, id=4004, stack(0x0000000020a30000,0x0000000020b30000)]
  0x000000001e635000 JavaThread "Input Stream Monitor" daemon [_thread_blocked, id=3636, stack(0x0000000020660000,0x0000000020760000)]
  0x000000001e634000 JavaThread "Output Stream Monitor" daemon [_thread_in_native, id=4116, stack(0x0000000020270000,0x0000000020370000)]
  0x000000001e633800 JavaThread "Output Stream Monitor" daemon [_thread_in_native, id=2364, stack(0x000000001c3d0000,0x000000001c4d0000)]
  0x000000001e632800 JavaThread "TCF Locator DNS Lookup" daemon [_thread_blocked, id=6488, stack(0x000000001c8a0000,0x000000001c9a0000)]
  0x000000001aebe000 JavaThread "TCF Locator Timer" daemon [_thread_blocked, id=9576, stack(0x000000001c7a0000,0x000000001c8a0000)]
  0x000000001aebd000 JavaThread "TCF Locator Receiver" daemon [_thread_in_native, id=5056, stack(0x000000001c6a0000,0x000000001c7a0000)]
  0x000000001aebb800 JavaThread "TCF Timer Dispatcher" daemon [_thread_blocked, id=3488, stack(0x000000001c1d0000,0x000000001c2d0000)]
  0x0000000016e9a800 JavaThread "EMF Reference Cleaner" daemon [_thread_blocked, id=2920, stack(0x0000000018710000,0x0000000018810000)]
  0x0000000014fef800 JavaThread "Service Thread" daemon [_thread_blocked, id=9640, stack(0x0000000015850000,0x0000000015950000)]
  0x0000000014f6e800 JavaThread "C1 CompilerThread2" daemon [_thread_blocked, id=4400, stack(0x0000000015750000,0x0000000015850000)]
  0x0000000014f6d800 JavaThread "C2 CompilerThread1" daemon [_thread_blocked, id=2272, stack(0x0000000015650000,0x0000000015750000)]
  0x0000000014f64000 JavaThread "C2 CompilerThread0" daemon [_thread_blocked, id=7048, stack(0x0000000015550000,0x0000000015650000)]
  0x0000000014f58800 JavaThread "Attach Listener" daemon [_thread_blocked, id=8768, stack(0x0000000015450000,0x0000000015550000)]
  0x0000000013c5d000 JavaThread "Signal Dispatcher" daemon [_thread_blocked, id=916, stack(0x0000000015350000,0x0000000015450000)]
  0x0000000013bf7000 JavaThread "Finalizer" daemon [_thread_blocked, id=3540, stack(0x0000000014e50000,0x0000000014f50000)]
  0x0000000013bf0000 JavaThread "Reference Handler" daemon [_thread_blocked, id=4904, stack(0x0000000014d50000,0x0000000014e50000)]
  0x00000000026a9000 JavaThread "main" [_thread_blocked, id=2704, stack(0x0000000000030000,0x0000000000130000)]

Other Threads:
=>0x0000000013bea800 VMThread [stack: 0x0000000014c50000,0x0000000014d50000] [id=5496]

VM state:at safepoint (shutting down)

VM Mutex/Monitor currently owned by a thread:  ([mutex/lock_event])
[0x00000000027de380] Threads_lock - owner thread: 0x0000000013bea800

Heap:
 PSYoungGen      total 115200K, used 36288K [0x00000000f5580000, 0x00000000ffd80000, 0x0000000100000000)
  eden space 114688K, 31% used [0x00000000f5580000,0x00000000f78f0128,0x00000000fc580000)
  from space 512K, 0% used [0x00000000fc580000,0x00000000fc580000,0x00000000fc600000)
  to   space 28672K, 0% used [0x00000000fe180000,0x00000000fe180000,0x00000000ffd80000)
 ParOldGen       total 120320K, used 42600K [0x00000000e0000000, 0x00000000e7580000, 0x00000000f5580000)
  object space 120320K, 35% used [0x00000000e0000000,0x00000000e299a1d0,0x00000000e7580000)
 Metaspace       used 76551K, capacity 83774K, committed 84056K, reserved 1122304K
  class space    used 9128K, capacity 11534K, committed 11648K, reserved 1048576K

Card table byte_map: [0x0000000011ba0000,0x0000000011cb0000] byte_map_base: 0x00000000114a0000

Marking Bits: (ParMarkBitMap*) 0x00000000684ea5b0
 Begin Bits: [0x0000000012160000, 0x0000000012960000)
 End Bits:   [0x0000000012960000, 0x0000000013160000)

Polling page: 0x0000000000380000

CodeCache: size=245760Kb used=27504Kb max_used=27518Kb free=218255Kb
 bounds [0x00000000027e0000, 0x0000000004300000, 0x00000000117e0000]
 total_blobs=8421 nmethods=7535 adapters=792
 compilation: enabled

Compilation events (10 events):
Event: 526.245 Thread 0x0000000014f64000 9290       4       java.util.concurrent.locks.AbstractQueuedSynchronizer::release (33 bytes)
Event: 526.245 Thread 0x0000000014f6e800 nmethod 9282 0x00000000038ef990 code [0x00000000038efb40, 0x00000000038f04e8]
Event: 526.245 Thread 0x0000000014f6e800 9283       3       org.eclipse.osgi.internal.container.AtomicLazyInitializer::getAndClear (9 bytes)
Event: 526.246 Thread 0x0000000014f6e800 nmethod 9283 0x00000000038ef510 code [0x00000000038ef680, 0x00000000038ef8d0]
Event: 526.246 Thread 0x0000000014f6e800 9284       3       java.util.concurrent.atomic.AtomicReference::getAndSet (12 bytes)
Event: 526.246 Thread 0x0000000014f6e800 nmethod 9284 0x00000000038ef1d0 code [0x00000000038ef320, 0x00000000038ef490]
Event: 526.246 Thread 0x0000000014f6e800 9285       3       sun.misc.Unsafe::getAndSetObject (24 bytes)
Event: 526.246 Thread 0x0000000014f6e800 nmethod 9285 0x00000000038eed90 code [0x00000000038eef00, 0x00000000038ef110]
Event: 526.246 Thread 0x0000000014f6e800 9286       3       org.eclipse.osgi.internal.framework.EquinoxContainerAdaptor::invalidateWiring (186 bytes)
Event: 526.246 Thread 0x0000000014f64000 nmethod 9290 0x00000000038ebdd0 code [0x00000000038ebf20, 0x00000000038ebfe8]

GC Heap History (10 events):
Event: 370.853 GC heap before
{Heap before GC invocations=24 (full 9):
 PSYoungGen      total 144384K, used 192K [0x00000000f5580000, 0x00000000fff80000, 0x0000000100000000)
  eden space 114176K, 0% used [0x00000000f5580000,0x00000000f5580000,0x00000000fc500000)
  from space 30208K, 0% used [0x00000000fc500000,0x00000000fc530000,0x00000000fe280000)
  to   space 29696K, 0% used [0x00000000fe280000,0x00000000fe280000,0x00000000fff80000)
 ParOldGen       total 120320K, used 55334K [0x00000000e0000000, 0x00000000e7580000, 0x00000000f5580000)
  object space 120320K, 45% used [0x00000000e0000000,0x00000000e3609820,0x00000000e7580000)
 Metaspace       used 75731K, capacity 82962K, committed 83032K, reserved 1120256K
  class space    used 9056K, capacity 11360K, committed 11392K, reserved 1048576K
Event: 371.140 GC heap after
Heap after GC invocations=24 (full 9):
 PSYoungGen      total 144384K, used 0K [0x00000000f5580000, 0x00000000fff80000, 0x0000000100000000)
  eden space 114176K, 0% used [0x00000000f5580000,0x00000000f5580000,0x00000000fc500000)
  from space 30208K, 0% used [0x00000000fc500000,0x00000000fc500000,0x00000000fe280000)
  to   space 29696K, 0% used [0x00000000fe280000,0x00000000fe280000,0x00000000fff80000)
 ParOldGen       total 120320K, used 54923K [0x00000000e0000000, 0x00000000e7580000, 0x00000000f5580000)
  object space 120320K, 45% used [0x00000000e0000000,0x00000000e35a2f10,0x00000000e7580000)
 Metaspace       used 75731K, capacity 82962K, committed 83032K, reserved 1120256K
  class space    used 9056K, capacity 11360K, committed 11392K, reserved 1048576K
}
Event: 430.858 GC heap before
{Heap before GC invocations=25 (full 9):
 PSYoungGen      total 144384K, used 6064K [0x00000000f5580000, 0x00000000fff80000, 0x0000000100000000)
  eden space 114176K, 5% used [0x00000000f5580000,0x00000000f5b6c000,0x00000000fc500000)
  from space 30208K, 0% used [0x00000000fc500000,0x00000000fc500000,0x00000000fe280000)
  to   space 29696K, 0% used [0x00000000fe280000,0x00000000fe280000,0x00000000fff80000)
 ParOldGen       total 120320K, used 54923K [0x00000000e0000000, 0x00000000e7580000, 0x00000000f5580000)
  object space 120320K, 45% used [0x00000000e0000000,0x00000000e35a2f10,0x00000000e7580000)
 Metaspace       used 75734K, capacity 82962K, committed 83032K, reserved 1120256K
  class space    used 9056K, capacity 11360K, committed 11392K, reserved 1048576K
Event: 430.861 GC heap after
Heap after GC invocations=25 (full 9):
 PSYoungGen      total 143360K, used 96K [0x00000000f5580000, 0x00000000ffe80000, 0x0000000100000000)
  eden space 114688K, 0% used [0x00000000f5580000,0x00000000f5580000,0x00000000fc580000)
  from space 28672K, 0% used [0x00000000fe280000,0x00000000fe298000,0x00000000ffe80000)
  to   space 29184K, 0% used [0x00000000fc580000,0x00000000fc580000,0x00000000fe200000)
 ParOldGen       total 120320K, used 54923K [0x00000000e0000000, 0x00000000e7580000, 0x00000000f5580000)
  object space 120320K, 45% used [0x00000000e0000000,0x00000000e35a2f10,0x00000000e7580000)
 Metaspace       used 75734K, capacity 82962K, committed 83032K, reserved 1120256K
  class space    used 9056K, capacity 11360K, committed 11392K, reserved 1048576K
}
Event: 430.861 GC heap before
{Heap before GC invocations=26 (full 10):
 PSYoungGen      total 143360K, used 96K [0x00000000f5580000, 0x00000000ffe80000, 0x0000000100000000)
  eden space 114688K, 0% used [0x00000000f5580000,0x00000000f5580000,0x00000000fc580000)
  from space 28672K, 0% used [0x00000000fe280000,0x00000000fe298000,0x00000000ffe80000)
  to   space 29184K, 0% used [0x00000000fc580000,0x00000000fc580000,0x00000000fe200000)
 ParOldGen       total 120320K, used 54923K [0x00000000e0000000, 0x00000000e7580000, 0x00000000f5580000)
  object space 120320K, 45% used [0x00000000e0000000,0x00000000e35a2f10,0x00000000e7580000)
 Metaspace       used 75734K, capacity 82962K, committed 83032K, reserved 1120256K
  class space    used 9056K, capacity 11360K, committed 11392K, reserved 1048576K
Event: 430.975 GC heap after
Heap after GC invocations=26 (full 10):
 PSYoungGen      total 143360K, used 0K [0x00000000f5580000, 0x00000000ffe80000, 0x0000000100000000)
  eden space 114688K, 0% used [0x00000000f5580000,0x00000000f5580000,0x00000000fc580000)
  from space 28672K, 0% used [0x00000000fe280000,0x00000000fe280000,0x00000000ffe80000)
  to   space 29184K, 0% used [0x00000000fc580000,0x00000000fc580000,0x00000000fe200000)
 ParOldGen       total 120320K, used 54866K [0x00000000e0000000, 0x00000000e7580000, 0x00000000f5580000)
  object space 120320K, 45% used [0x00000000e0000000,0x00000000e3594b38,0x00000000e7580000)
 Metaspace       used 75734K, capacity 82962K, committed 83032K, reserved 1120256K
  class space    used 9056K, capacity 11360K, committed 11392K, reserved 1048576K
}
Event: 490.869 GC heap before
{Heap before GC invocations=27 (full 10):
 PSYoungGen      total 143360K, used 6395K [0x00000000f5580000, 0x00000000ffe80000, 0x0000000100000000)
  eden space 114688K, 5% used [0x00000000f5580000,0x00000000f5bbeec0,0x00000000fc580000)
  from space 28672K, 0% used [0x00000000fe280000,0x00000000fe280000,0x00000000ffe80000)
  to   space 29184K, 0% used [0x00000000fc580000,0x00000000fc580000,0x00000000fe200000)
 ParOldGen       total 120320K, used 54866K [0x00000000e0000000, 0x00000000e7580000, 0x00000000f5580000)
  object space 120320K, 45% used [0x00000000e0000000,0x00000000e3594b38,0x00000000e7580000)
 Metaspace       used 75760K, capacity 82962K, committed 83032K, reserved 1120256K
  class space    used 9056K, capacity 11360K, committed 11392K, reserved 1048576K
Event: 490.873 GC heap after
Heap after GC invocations=27 (full 10):
 PSYoungGen      total 115200K, used 128K [0x00000000f5580000, 0x00000000ffd80000, 0x0000000100000000)
  eden space 114688K, 0% used [0x00000000f5580000,0x00000000f5580000,0x00000000fc580000)
  from space 512K, 25% used [0x00000000fc580000,0x00000000fc5a0000,0x00000000fc600000)
  to   space 28672K, 0% used [0x00000000fe180000,0x00000000fe180000,0x00000000ffd80000)
 ParOldGen       total 120320K, used 54874K [0x00000000e0000000, 0x00000000e7580000, 0x00000000f5580000)
  object space 120320K, 45% used [0x00000000e0000000,0x00000000e3596b38,0x00000000e7580000)
 Metaspace       used 75760K, capacity 82962K, committed 83032K, reserved 1120256K
  class space    used 9056K, capacity 11360K, committed 11392K, reserved 1048576K
}
Event: 490.873 GC heap before
{Heap before GC invocations=28 (full 11):
 PSYoungGen      total 115200K, used 128K [0x00000000f5580000, 0x00000000ffd80000, 0x0000000100000000)
  eden space 114688K, 0% used [0x00000000f5580000,0x00000000f5580000,0x00000000fc580000)
  from space 512K, 25% used [0x00000000fc580000,0x00000000fc5a0000,0x00000000fc600000)
  to   space 28672K, 0% used [0x00000000fe180000,0x00000000fe180000,0x00000000ffd80000)
 ParOldGen       total 120320K, used 54874K [0x00000000e0000000, 0x00000000e7580000, 0x00000000f5580000)
  object space 120320K, 45% used [0x00000000e0000000,0x00000000e3596b38,0x00000000e7580000)
 Metaspace       used 75760K, capacity 82962K, committed 83032K, reserved 1120256K
  class space    used 9056K, capacity 11360K, committed 11392K, reserved 1048576K
Event: 491.118 GC heap after
Heap after GC invocations=28 (full 11):
 PSYoungGen      total 115200K, used 0K [0x00000000f5580000, 0x00000000ffd80000, 0x0000000100000000)
  eden space 114688K, 0% used [0x00000000f5580000,0x00000000f5580000,0x00000000fc580000)
  from space 512K, 0% used [0x00000000fc580000,0x00000000fc580000,0x00000000fc600000)
  to   space 28672K, 0% used [0x00000000fe180000,0x00000000fe180000,0x00000000ffd80000)
 ParOldGen       total 120320K, used 42600K [0x00000000e0000000, 0x00000000e7580000, 0x00000000f5580000)
  object space 120320K, 35% used [0x00000000e0000000,0x00000000e299a1d0,0x00000000e7580000)
 Metaspace       used 75706K, capacity 82874K, committed 83032K, reserved 1120256K
  class space    used 9046K, capacity 11342K, committed 11392K, reserved 1048576K
}

Deoptimization events (10 events):
Event: 525.251 Thread 0x00000000026a9000 Uncommon trap: reason=unstable_if action=reinterpret pc=0x0000000003a31d58 method=org.eclipse.swt.widgets.Display.drawMenuBars()V @ 4
Event: 525.251 Thread 0x00000000026a9000 Uncommon trap: reason=unstable_if action=reinterpret pc=0x00000000028eff80 method=org.eclipse.swt.widgets.Display.runDeferredLayouts()Z @ 42
Event: 525.322 Thread 0x00000000170f8000 Uncommon trap: reason=bimorphic action=maybe_recompile pc=0x0000000003e86250 method=java.util.Properties.load0(Ljava/util/Properties$LineReader;)V @ 242
Event: 525.405 Thread 0x00000000026a9000 Uncommon trap: reason=unstable_if action=reinterpret pc=0x0000000004238c54 method=org.eclipse.e4.ui.internal.workbench.swt.PartRenderingEngine.someAreVisible(Ljava/util/List;)Z @ 41
Event: 525.435 Thread 0x00000000026a9000 Uncommon trap: reason=unstable_if action=reinterpret pc=0x00000000040a9920 method=org.eclipse.emf.ecore.impl.MinimalEObjectImpl.setField(ILjava/lang/Object;)V @ 9
Event: 525.450 Thread 0x000000001aeb9000 Uncommon trap: reason=unstable_if action=reinterpret pc=0x0000000004080248 method=org.eclipse.e4.ui.internal.workbench.swt.E4Application$1.syncExec(Ljava/lang/Runnable;)V @ 14
Event: 525.466 Thread 0x00000000026a9000 Uncommon trap: reason=unstable_if action=reinterpret pc=0x0000000002e268c4 method=java.lang.ref.SoftReference.get()Ljava/lang/Object; @ 6
Event: 526.149 Thread 0x00000000170f8000 Uncommon trap: reason=unstable_if action=reinterpret pc=0x0000000003019678 method=org.eclipse.osgi.internal.hooks.EclipseLazyStarter.shouldActivateFor(Ljava/lang/String;Lorg/eclipse/osgi/container/Module;Lorg/eclipse/osgi/container/ModuleRevision;Lorg/ecli
Event: 526.157 Thread 0x0000000016082800 Uncommon trap: reason=unstable_if action=reinterpret pc=0x0000000003549a50 method=org.eclipse.osgi.internal.framework.BundleContextImpl.dispatchEvent(Ljava/lang/Object;Ljava/lang/Object;ILjava/lang/Object;)V @ 16
Event: 526.239 Thread 0x00000000170f8000 Uncommon trap: reason=unstable_if action=reinterpret pc=0x0000000003e64e28 method=sun.reflect.UnsafeStaticObjectFieldAccessorImpl.set(Ljava/lang/Object;Ljava/lang/Object;)V @ 13

Internal exceptions (10 events):
Event: 304.245 Thread 0x00000000026a9000 Implicit null exception at 0x000000000337b615 to 0x000000000337ba45
Event: 519.202 Thread 0x00000000026a9000 Implicit null exception at 0x0000000003140d34 to 0x0000000003140dd1
Event: 523.864 Thread 0x00000000026a9000 Implicit null exception at 0x00000000031401e1 to 0x00000000031403c1
Event: 525.466 Thread 0x00000000026a9000 Implicit null exception at 0x0000000002e23a70 to 0x0000000002e2686d
Event: 525.570 Thread 0x000000001f5d5800 Exception <a 'java/lang/InterruptedException'> (0x00000000f7204f60) thrown at [C:\re\workspace\8-2-build-windows-amd64-cygwin\jdk8u66\5298\hotspot\src\share\vm\runtime\objectMonitor.cpp, line 1683]
Event: 526.211 Thread 0x000000001aeb9000 Exception <a 'java/lang/InterruptedException'> (0x00000000f5bc1890) thrown at [C:\re\workspace\8-2-build-windows-amd64-cygwin\jdk8u66\5298\hotspot\src\share\vm\runtime\objectMonitor.cpp, line 1683]
Event: 526.239 Thread 0x00000000170f8000 Implicit null exception at 0x0000000003e64a17 to 0x0000000003e64e15
Event: 526.239 Thread 0x0000000016082800 Exception <a 'java/lang/InterruptedException'> (0x00000000f7578380) thrown at [C:\re\workspace\8-2-build-windows-amd64-cygwin\jdk8u66\5298\hotspot\src\share\vm\runtime\objectMonitor.cpp, line 1683]
Event: 526.242 Thread 0x000000001aeba000 Exception <a 'java/lang/InterruptedException'> (0x00000000f6af8b68) thrown at [C:\re\workspace\8-2-build-windows-amd64-cygwin\jdk8u66\5298\hotspot\src\share\vm\runtime\objectMonitor.cpp, line 1683]
Event: 526.244 Thread 0x0000000016083000 Exception <a 'java/lang/InterruptedException'> (0x00000000f7826648) thrown at [C:\re\workspace\8-2-build-windows-amd64-cygwin\jdk8u66\5298\hotspot\src\share\vm\runtime\objectMonitor.cpp, line 1683]

Events (10 events):
Event: 526.244 Executing VM operation: RevokeBias done
Event: 526.244 Thread 0x0000000016083000 Thread exited: 0x0000000016083000
Event: 526.245 Thread 0x00000000170f8000 Thread exited: 0x00000000170f8000
Event: 526.246 loading class java/util/IdentityHashMap$KeyIterator
Event: 526.246 loading class java/util/IdentityHashMap$IdentityHashMapIterator
Event: 526.246 loading class java/util/IdentityHashMap$IdentityHashMapIterator done
Event: 526.246 loading class java/util/IdentityHashMap$KeyIterator done
Event: 526.246 Thread 0x00000000170f8000 Thread added: 0x00000000170f8000
Event: 526.247 Thread 0x00000000170f8000 Thread exited: 0x00000000170f8000
Event: 526.247 Executing VM operation: Exit


Dynamic libraries:
0x0000000000400000 - 0x000000000044f000 	C:\Xilinx\SDK\2016.4\eclipse\win64.o\eclipse.exe
0x0000000077be0000 - 0x0000000077d8a000 	C:\Windows\SYSTEM32\ntdll.dll
0x0000000077ac0000 - 0x0000000077bdf000 	C:\Windows\system32\kernel32.dll
0x000007fefdc20000 - 0x000007fefdc8a000 	C:\Windows\system32\KERNELBASE.dll
0x00000000779c0000 - 0x0000000077aba000 	C:\Windows\system32\USER32.dll
0x000007fefdff0000 - 0x000007fefe057000 	C:\Windows\system32\GDI32.dll
0x000007fefdc90000 - 0x000007fefdc9e000 	C:\Windows\system32\LPK.dll
0x000007fefe190000 - 0x000007fefe25b000 	C:\Windows\system32\USP10.dll
0x000007feff710000 - 0x000007feff7af000 	C:\Windows\system32\msvcrt.dll
0x000007fefc110000 - 0x000007fefc304000 	C:\Windows\WinSxS\amd64_microsoft.windows.common-controls_6595b64144ccf1df_6.0.7601.18837_none_fa3b1e3d17594757\COMCTL32.dll
0x000007feffa70000 - 0x000007feffae1000 	C:\Windows\system32\SHLWAPI.dll
0x000007feffc20000 - 0x000007feffc4e000 	C:\Windows\system32\IMM32.DLL
0x000007fefe060000 - 0x000007fefe169000 	C:\Windows\system32\MSCTF.dll
0x0000000072000000 - 0x0000000072012000 	C:\Xilinx\SDK\2016.4\eclipse\win64.o\plugins\org.eclipse.equinox.launcher.win32.win32.x86_64_1.1.300.v20150602-1417\eclipse_1611.dll
0x000007feff940000 - 0x000007feffa1b000 	C:\Windows\system32\ADVAPI32.dll
0x000007fefe260000 - 0x000007fefe27f000 	C:\Windows\SYSTEM32\sechost.dll
0x000007feffaf0000 - 0x000007feffc1d000 	C:\Windows\system32\RPCRT4.dll
0x000007fefc9b0000 - 0x000007fefc9bc000 	C:\Windows\system32\VERSION.dll
0x000007fefbbd0000 - 0x000007fefbc26000 	C:\Windows\system32\uxtheme.dll
0x000007fef2730000 - 0x000007fef2778000 	C:\Program Files (x86)\TeamViewer\tv_x64.dll
0x000007fefe2f0000 - 0x000007feff07b000 	C:\Windows\system32\SHELL32.dll
0x000007feffcf0000 - 0x000007feffeec000 	C:\Windows\system32\ole32.dll
0x0000000067ce0000 - 0x0000000068569000 	C:\Xilinx\SDK\2016.4\tps\win64\jre\bin\server\jvm.dll
0x000007fefa900000 - 0x000007fefa909000 	C:\Windows\system32\WSOCK32.dll
0x000007feffa20000 - 0x000007feffa6d000 	C:\Windows\system32\WS2_32.dll
0x000007fefe2e0000 - 0x000007fefe2e8000 	C:\Windows\system32\NSI.dll
0x000007fefb450000 - 0x000007fefb48b000 	C:\Windows\system32\WINMM.dll
0x0000000077db0000 - 0x0000000077db7000 	C:\Windows\system32\PSAPI.DLL
0x00000000754b0000 - 0x0000000075582000 	C:\Windows\system32\MSVCR100.dll
0x000000006f720000 - 0x000000006f72f000 	C:\Xilinx\SDK\2016.4\tps\win64\jre\bin\verify.dll
0x000000006e140000 - 0x000000006e169000 	C:\Xilinx\SDK\2016.4\tps\win64\jre\bin\java.dll
0x000000006f2e0000 - 0x000000006f2f6000 	C:\Xilinx\SDK\2016.4\tps\win64\jre\bin\zip.dll
0x000007fefd8d0000 - 0x000007fefd8df000 	C:\Windows\system32\profapi.dll
0x000007fefd0c0000 - 0x000007fefd0d8000 	C:\Windows\system32\CRYPTSP.dll
0x000007fefcdc0000 - 0x000007fefce07000 	C:\Windows\system32\rsaenh.dll
0x000007fefdbb0000 - 0x000007fefdbce000 	C:\Windows\system32\USERENV.dll
0x000007fefd730000 - 0x000007fefd73f000 	C:\Windows\system32\CRYPTBASE.dll
0x000000006e180000 - 0x000000006e19a000 	C:\Xilinx\SDK\2016.4\tps\win64\jre\bin\net.dll
0x000007fefd060000 - 0x000007fefd0b5000 	C:\Windows\system32\mswsock.dll
0x000007fefd050000 - 0x000007fefd057000 	C:\Windows\System32\wship6.dll
0x000007fefb730000 - 0x000007fefb757000 	C:\Windows\system32\IPHLPAPI.DLL
0x000007fefb720000 - 0x000007fefb72b000 	C:\Windows\system32\WINNSI.DLL
0x000007fefb650000 - 0x000007fefb661000 	C:\Windows\system32\dhcpcsvc6.DLL
0x000007fefb630000 - 0x000007fefb648000 	C:\Windows\system32\dhcpcsvc.DLL
0x000000006e120000 - 0x000000006e131000 	C:\Xilinx\SDK\2016.4\tps\win64\jre\bin\nio.dll
0x000007feffc50000 - 0x000007feffce9000 	C:\Windows\system32\CLBCatQ.DLL
0x000007feff590000 - 0x000007feff66a000 	C:\Windows\system32\OLEAUT32.dll
0x000007fefb7d0000 - 0x000007fefb7e5000 	C:\Windows\system32\NLAapi.dll
0x000007fef89d0000 - 0x000007fef89e5000 	C:\Windows\system32\napinsp.dll
0x000007fef89b0000 - 0x000007fef89c9000 	C:\Windows\system32\pnrpnsp.dll
0x000007fefcee0000 - 0x000007fefcf3b000 	C:\Windows\system32\DNSAPI.dll
0x000007fef89a0000 - 0x000007fef89ab000 	C:\Windows\System32\winrnr.dll
0x000007fefca80000 - 0x000007fefca87000 	C:\Windows\System32\wshtcpip.dll
0x000007fef8f20000 - 0x000007fef8f28000 	C:\Windows\system32\rasadhlp.dll
0x000007fefb4a0000 - 0x000007fefb4f3000 	C:\Windows\System32\fwpuclnt.dll
0x0000000017be0000 - 0x0000000017c88000 	C:\Users\shlab_89\.Xilinx\SDK\2016.4\org.eclipse.osgi\319\0\.cp\swt-win32-4527.dll
0x000007feff670000 - 0x000007feff707000 	C:\Windows\system32\comdlg32.dll
0x000007fef86f0000 - 0x000007fef8761000 	C:\Windows\system32\WINSPOOL.DRV
0x000007feff080000 - 0x000007feff3a1000 	C:\Windows\system32\WININET.dll
0x000007fefda90000 - 0x000007fefda94000 	C:\Windows\system32\api-ms-win-downlevel-user32-l1-1-0.dll
0x000007fefdb90000 - 0x000007fefdb94000 	C:\Windows\system32\api-ms-win-downlevel-shlwapi-l1-1-0.dll
0x000007fefdc10000 - 0x000007fefdc14000 	C:\Windows\system32\api-ms-win-downlevel-version-l1-1-0.dll
0x000007fefdba0000 - 0x000007fefdba3000 	C:\Windows\system32\api-ms-win-downlevel-normaliz-l1-1-0.dll
0x0000000077da0000 - 0x0000000077da3000 	C:\Windows\system32\normaliz.DLL
0x000007fefdca0000 - 0x000007fefdf6a000 	C:\Windows\system32\iertutil.dll
0x000007fefd8f0000 - 0x000007fefd8f5000 	C:\Windows\system32\api-ms-win-downlevel-advapi32-l1-1-0.dll
0x000007fefd920000 - 0x000007fefda8d000 	C:\Windows\system32\CRYPT32.dll
0x000007fefd8e0000 - 0x000007fefd8ef000 	C:\Windows\system32\MSASN1.dll
0x000007fefb350000 - 0x000007fefb368000 	C:\Windows\system32\dwmapi.dll
0x000007fefbf60000 - 0x000007fefc08c000 	C:\Windows\system32\propsys.dll
0x00000000027a0000 - 0x00000000027be000 	C:\Users\shlab_89\.Xilinx\SDK\2016.4\org.eclipse.osgi\319\0\.cp\swt-gdip-win32-4527.dll
0x000007fef71c0000 - 0x000007fef73d7000 	C:\Windows\WinSxS\amd64_microsoft.windows.gdiplus_6595b64144ccf1df_1.1.7601.23807_none_14556b8e8b95d1fc\gdiplus.dll
0x000007fefb1a0000 - 0x000007fefb301000 	C:\Windows\system32\WindowsCodecs.dll
0x0000000180000000 - 0x0000000180012000 	C:\Users\shlab_89\.Xilinx\SDK\2016.4\org.eclipse.osgi\133\0\.cp\os\win32\x86_64\localfile_1_0_0.dll
0x000007fef2b60000 - 0x000007fef2bb4000 	C:\Windows\system32\oleacc.dll
0x000007fef4f30000 - 0x000007fef4f37000 	C:\Windows\system32\msimg32.dll
0x000007fefd820000 - 0x000007fefd834000 	C:\Windows\system32\RpcRtRemote.dll
0x000007fefd6d0000 - 0x000007fefd727000 	C:\Windows\system32\apphelp.dll
0x000007fef8a00000 - 0x000007fef8a11000 	C:\Users\shlab_89\.Xilinx\SDK\2016.4\org.eclipse.osgi\136\0\.cp\jWinHttp-1.0.0.dll
0x000007fefa040000 - 0x000007fefa0b1000 	C:\Windows\system32\WINHTTP.dll
0x000007fef9f70000 - 0x000007fef9fd4000 	C:\Windows\system32\webio.dll
0x000007fefd6a0000 - 0x000007fefd6c5000 	C:\Windows\system32\SspiCli.dll
0x000007fefccc0000 - 0x000007fefccca000 	C:\Windows\system32\credssp.dll
0x000007fefdaa0000 - 0x000007fefdad6000 	C:\Windows\system32\CFGMGR32.dll
0x000007fef8000000 - 0x000007fef800f000 	C:\Xilinx\SDK\2016.4\lib\win64.o\librdi_repo_manager.dll
0x000007fef75a0000 - 0x000007fef75ca000 	C:\Xilinx\SDK\2016.4\lib\win64.o\libisl_sysinfo.dll
0x000007feef970000 - 0x000007feefa44000 	C:\Windows\system32\MSVCR110.dll
0x000007feefd50000 - 0x000007feefdf7000 	C:\Windows\system32\MSVCP110.dll
0x000007fec4820000 - 0x000007fec52ca000 	C:\Xilinx\SDK\2016.4\lib\win64.o\librdi_common.dll
0x000007fec5a20000 - 0x000007fec5d8e000 	C:\Xilinx\SDK\2016.4\lib\win64.o\libCOIN-all.dll
0x000007fec79f0000 - 0x000007fec7c0f000 	C:\Xilinx\SDK\2016.4\lib\win64.o\libXil_lmgr11.dll
0x000007fefbcd0000 - 0x000007fefbce6000 	C:\Windows\system32\NETAPI32.dll
0x000007fefb810000 - 0x000007fefb81c000 	C:\Windows\system32\netutils.dll
0x000007fefd370000 - 0x000007fefd393000 	C:\Windows\system32\srvcli.dll
0x000007fefb7f0000 - 0x000007fefb805000 	C:\Windows\system32\wkscli.dll
0x000007fefdbd0000 - 0x000007fefdc0b000 	C:\Windows\system32\WINTRUST.dll
0x000007fef9100000 - 0x000007fef9110000 	C:\Xilinx\SDK\2016.4\lib\win64.o\libboost_date_time.dll
0x000007fef8ac0000 - 0x000007fef8ae4000 	C:\Xilinx\SDK\2016.4\lib\win64.o\libboost_filesystem.dll
0x000007fef91d0000 - 0x000007fef91d9000 	C:\Xilinx\SDK\2016.4\lib\win64.o\libboost_system.dll
0x000007fef4310000 - 0x000007fef4387000 	C:\Xilinx\SDK\2016.4\lib\win64.o\libboost_program_options.dll
0x000007fef2800000 - 0x000007fef2906000 	C:\Xilinx\SDK\2016.4\lib\win64.o\libboost_regex.dll
0x000007fef9020000 - 0x000007fef9033000 	C:\Xilinx\SDK\2016.4\lib\win64.o\libboost_signals.dll
0x000007fef8b00000 - 0x000007fef8b1d000 	C:\Xilinx\SDK\2016.4\lib\win64.o\libboost_thread.dll
0x000007fef91c0000 - 0x000007fef91cb000 	C:\Xilinx\SDK\2016.4\lib\win64.o\libboost_chrono.dll
0x000007fef8af0000 - 0x000007fef8afb000 	C:\Xilinx\SDK\2016.4\lib\win64.o\libboost_xilinx.dll
0x000007fef3f10000 - 0x000007fef3f90000 	C:\Xilinx\SDK\2016.4\lib\win64.o\libhdlpsolve.dll
0x000007fef3db0000 - 0x000007fef3e4a000 	C:\Xilinx\SDK\2016.4\lib\win64.o\libhdxml.dll
0x000007feca3f0000 - 0x000007feca7b9000 	C:\Xilinx\SDK\2016.4\lib\win64.o\libisl_iostreams.dll
0x000007fef8aa0000 - 0x000007fef8ab6000 	C:\Xilinx\SDK\2016.4\lib\win64.o\libboost_iostreams.dll
0x000007fef8a80000 - 0x000007fef8a9f000 	C:\Xilinx\SDK\2016.4\lib\win64.o\librdizlib.dll
0x000007fef7670000 - 0x000007fef7693000 	C:\Xilinx\SDK\2016.4\lib\win64.o\libisl_iosutils.dll
0x000007fef9040000 - 0x000007fef9055000 	C:\Xilinx\SDK\2016.4\lib\win64.o\pthreadVC2.dll
0x000007fef3d50000 - 0x000007fef3da3000 	C:\Xilinx\SDK\2016.4\lib\win64.o\librdi_commonxillic.dll
0x000007fec9490000 - 0x000007fec95c0000 	C:\Xilinx\SDK\2016.4\lib\win64.o\librdi_curl.dll
0x000007fef8a60000 - 0x000007fef8a78000 	C:\Xilinx\SDK\2016.4\lib\win64.o\librdiconfig.dll
0x0000000069970000 - 0x0000000069a97000 	C:\Xilinx\SDK\2016.4\lib\win64.o\tcl85t.dll
0x0000000024cd0000 - 0x0000000024f33000 	C:\Xilinx\SDK\2016.4\lib\win64.o\xerces-c_3_1.dll
0x000007feff7b0000 - 0x000007feff935000 	C:\Windows\system32\urlmon.dll
0x000007fefdb80000 - 0x000007fefdb84000 	C:\Windows\system32\api-ms-win-downlevel-ole32-l1-1-0.dll
0x000007fef0300000 - 0x000007fef0323000 	C:\Windows\system32\VCOMP110.DLL
0x000007fec4620000 - 0x000007fec4818000 	C:\Xilinx\SDK\2016.4\lib\win64.o\librdi_hsm.dll
0x000007fef42c0000 - 0x000007fef4303000 	C:\Xilinx\SDK\2016.4\lib\win64.o\librdi_hdf.dll
0x000007fec4350000 - 0x000007fec4618000 	C:\Xilinx\SDK\2016.4\lib\win64.o\librdi_ippcw.dll
0x000007fef7ff0000 - 0x000007fef7ffa000 	C:\Xilinx\SDK\2016.4\lib\win64.o\librdi_jtag_settings.dll
0x000007fef75d0000 - 0x000007fef75f9000 	C:\Xilinx\SDK\2016.4\lib\win64.o\librdi_debug_dialog.dll
0x000007fef7fc0000 - 0x000007fef7fc8000 	C:\Xilinx\SDK\2016.4\lib\win64.o\librdi_target_manager.dll
0x000007fef3ef0000 - 0x000007fef3f06000 	C:\Xilinx\SDK\2016.4\eclipse\win64.o\plugins\org.eclipse.cdt.core.win32.x86_64_5.4.0.201509131935\os\win32\x86_64\spawner.dll
0x0000000071080000 - 0x00000000710a6000 	C:\Xilinx\SDK\2016.4\eclipse\win64.o\plugins\gnu.io.rxtx.win32.x86_64_2.1.7.3_v20071015\os\win32\x86_64\rxtxSerial.dll

VM Arguments:
jvm_args: -Dcom.xilinx.sdk.args.hwspec=C:/Users/shlab_89/Desktop/0620_lab_BRAM/0316303_0619/0316303_0619.sdk/lab6_wrapper.hdf -Xms64m -Xmx512m & 
java_command: <unknown>
java_class_path (initial): C:\Xilinx\SDK\2016.4\eclipse\win64.o\\plugins/org.eclipse.equinox.launcher_1.3.100.v20150511-1540.jar
Launcher Type: generic

Environment Variables:
PATH=C:/Xilinx/SDK/2016.4/tps/win64/jre/bin/server;C:/Xilinx/SDK/2016.4/tps/win64/jre/bin;C:/Xilinx/SDK/2016.4/tps/win64/jre/lib/amd64;C:\Xilinx\SDK\2016.4\gnuwin\bin;C:\Xilinx\SDK\2016.4\gnu\microblaze\nt\bin;C:\Xilinx\SDK\2016.4\gnu\microblaze\linux_toolchain\nt64_le\bin;C:\Xilinx\SDK\2016.4\gnu\microblaze\linux_toolchain\nt64_be\bin;C:\Xilinx\SDK\2016.4\gnu\arm\nt\bin;C:\Xilinx\SDK\2016.4\gnu\aarch64\nt\aarch64-none\bin;C:\Xilinx\SDK\2016.4\gnu\aarch64\nt\aarch64-linux\bin;C:\Xilinx\SDK\2016.4\gnu\armr5\nt\gcc-arm-none-eabi\bin;C:\Xilinx\SDK\2016.4\gnu\aarch32\nt\gcc-arm-none-eabi\bin;C:\Xilinx\SDK\2016.4\gnu\aarch32\nt\gcc-arm-linux-gnueabi\bin;C:\Xilinx\SDK\2016.4\tps\win64\cmake-3.3.2\bin;;C:\Xilinx\SDK\2016.4\bin;C:\Xilinx\SDK\2016.4\lib\win64.o;C:\Xilinx\SDK\2016.4\tps\win64\jre\bin\server;C:\Xilinx\SDK\2016.4\tps\win64\jre\bin;C:\Xilinx\Vivado\2016.4\ids_lite\ISE\bin\nt64;C:\Xilinx\Vivado\2016.4\ids_lite\ISE\lib\nt64;C:\Xilinx\Vivado\2016.4\bin;C:\Xilinx\Vivado\2016.4\lib\win64.o;C:\Xilinx\Vivado\2016.4\tps\win64\jre\bin\server;C:\Xilinx\Vivado\2016.4\tps\win64\jre\bin;C:\Xilinx\Vivado_HLS\2016.4\bin;C:\ProgramData\Oracle\Java\javapath;C:\Windows\system32;C:\Windows;C:\Windows\System32\Wbem;C:\Windows\System32\WindowsPowerShell\v1.0\;C:\Program Files (x86)\Intel\OpenCL SDK\2.0\bin\x86;C:\Program Files (x86)\Intel\OpenCL SDK\2.0\bin\x64;c:\Users\shlab_89\Desktop\0620_lab_BRAM\0316303_0619;
USERNAME=shlab_89
OS=Windows_NT
PROCESSOR_IDENTIFIER=Intel64 Family 6 Model 58 Stepping 9, GenuineIntel



---------------  S Y S T E M  ---------------

OS: Windows 7 , 64 bit Build 7601 (6.1.7601.23807)

CPU:total 4 (2 cores per cpu, 2 threads per core) family 6 model 58 stepping 9, cmov, cx8, fxsr, mmx, sse, sse2, sse3, ssse3, sse4.1, sse4.2, popcnt, avx, clmul, erms, ht, tsc, tscinvbit, tscinv

Memory: 4k page, physical 16462528k(6576336k free), swap 32923196k(22640312k free)

vm_info: Java HotSpot(TM) 64-Bit Server VM (25.66-b18) for windows-amd64 JRE (1.8.0_66-b18), built on Nov  9 2015 10:51:13 by "java_re" with MS VC++ 10.0 (VS2010)

time: Wed Jun 21 15:07:47 2017
elapsed time: 526 seconds (0d 0h 8m 46s)

