#
# A fatal error has been detected by the Java Runtime Environment:
#
#  EXCEPTION_UNCAUGHT_CXX_EXCEPTION (0xe06d7363) at pc=0x000007fefd1ea06d, pid=4456, tid=6244
#
# JRE version: Java(TM) SE Runtime Environment (8.0_66-b18) (build 1.8.0_66-b18)
# Java VM: Java HotSpot(TM) 64-Bit Server VM (25.66-b18 mixed mode windows-amd64 compressed oops)
# Problematic frame:
# C  [KERNELBASE.dll+0x1a06d]
#
# Failed to write core dump. Minidumps are not enabled by default on client versions of Windows
#
# If you would like to submit a bug report, please visit:
#   http://bugreport.java.com/bugreport/crash.jsp
#

---------------  T H R E A D  ---------------

Current thread (0x0000000013b1a800):  VMThread [stack: 0x0000000014b80000,0x0000000014c80000] [id=6244]

siginfo: ExceptionCode=0xe06d7363, ExceptionInformation=0x0000000019930520 0x0000000014c7f4c8 0x000007feea342cb8 0x000007feea290000 

Registers:
RAX=0x000000006208edc8, RBX=0x000007feea342cb8, RCX=0x0000000014c7ed10, RDX=0x00000000000000d0
RSP=0x0000000014c7f320, RBP=0x0000000014c7f450, RSI=0x00000000ffffffff, RDI=0x000000001646c060
R8 =0x0000000000000000, R9 =0x0000000000000000, R10=0x000007feea290000, R11=0x0000000014c7f360
R12=0x0000000000000001, R13=0x0000000000000008, R14=0x0000000000000000, R15=0xffffffffffffffff
RIP=0x000007fefd1ea06d, EFLAGS=0x0000000000000202

Top of Stack: (sp=0x0000000014c7f320)
0x0000000014c7f320:   000007feea342cb8 00000000ffffffff
0x0000000014c7f330:   000000001646c060 000000000069fee0
0x0000000014c7f340:   00000001e06d7363 0000000000000000
0x0000000014c7f350:   000007fefd1ea06d 000007fe00000004
0x0000000014c7f360:   0000000019930520 0000000014c7f4c8
0x0000000014c7f370:   000007feea342cb8 000007feea290000
0x0000000014c7f380:   0000000000000000 0000000014c7f408
0x0000000014c7f390:   0000000000000028 000000001646c050
0x0000000014c7f3a0:   00000000163f7570 0000000000000000
0x0000000014c7f3b0:   000007fffffd3000 00000000772ff4e3
0x0000000014c7f3c0:   0000000000000000 0000000000000008
0x0000000014c7f3d0:   0000000000000001 000000001646c060
0x0000000014c7f3e0:   00000000ffffffff 000007feea2ee92c
0x0000000014c7f3f0:   000007feea342cb8 0000000014c7f460
0x0000000014c7f400:   0000000000000001 000007feea2900f8
0x0000000014c7f410:   00000001e06d7363 0000000000000000 

Instructions: (pc=0x000007fefd1ea06d)
0x000007fefd1ea04d:   54 24 24 48 89 4c 24 28 4d 85 c9 0f 85 6a 03 00
0x000007fefd1ea05d:   00 89 4c 24 38 48 8d 4c 24 20 ff 15 33 02 03 00
0x000007fefd1ea06d:   48 81 c4 c8 00 00 00 c3 90 90 90 90 90 90 90 90
0x000007fefd1ea07d:   90 90 90 48 83 ec 28 65 48 8b 04 25 30 00 00 00 


Register to memory mapping:

RAX=0x000000006208edc8 is an unknown value
RBX=0x000007feea342cb8 is an unknown value
RCX=0x0000000014c7ed10 is an unknown value
RDX=0x00000000000000d0 is an unknown value
RSP=0x0000000014c7f320 is an unknown value
RBP=0x0000000014c7f450 is an unknown value
RSI=0x00000000ffffffff is an unallocated location in the heap
RDI=0x000000001646c060 is an unknown value
R8 =0x0000000000000000 is an unknown value
R9 =0x0000000000000000 is an unknown value
R10=0x000007feea290000 is an unknown value
R11=0x0000000014c7f360 is an unknown value
R12=0x0000000000000001 is an unknown value
R13=0x0000000000000008 is an unknown value
R14=0x0000000000000000 is an unknown value
R15=0xffffffffffffffff is an unknown value


Stack: [0x0000000014b80000,0x0000000014c80000],  sp=0x0000000014c7f320,  free space=1020k
Native frames: (J=compiled Java code, j=interpreted, Vv=VM code, C=native code)
C  [KERNELBASE.dll+0x1a06d]
C  [MSVCR110.dll+0x5e92c]
C  [MSVCR110.dll+0x1315c]
C  [MSVCR110.dll+0x136a9]
C  [MSVCR110.dll+0x13e9c]
C  [MSVCR110.dll+0x239e]
C  [MSVCR110.dll+0xaf9e]
C  [MSVCP110.dll+0x397b9]
C  [librdi_common.dll+0x183a66]
C  [librdi_common.dll+0x1826fb]
C  0x000007fef4db2400
C  0x000007fef4db2682
C  [ntdll.dll+0x22ac1]
C  [ntdll.dll+0x228d0]
C  [MSVCR100.dll+0x20ccd]
V  [jvm.dll+0x210cc5]
V  [jvm.dll+0x249897]
V  [jvm.dll+0x248b36]
V  [jvm.dll+0x248fd1]
V  [jvm.dll+0x2491ee]
V  [jvm.dll+0x29a0fa]
C  [MSVCR100.dll+0x21d9f]
C  [MSVCR100.dll+0x21e3b]
C  [kernel32.dll+0x159cd]
C  [ntdll.dll+0x2a561]

VM_Operation (0x000000000012f4c0): Exit, mode: safepoint, requested by thread 0x0000000002568000


---------------  P R O C E S S  ---------------

Java Threads: ( => current thread )
  0x000000001e8d1000 JavaThread "Spawner Reaper" daemon [_thread_in_native, id=5308, stack(0x0000000029c80000,0x0000000029d80000)]
  0x000000001e8ce800 JavaThread "pool-2-thread-3" [_thread_blocked, id=4056, stack(0x0000000027760000,0x0000000027860000)]
  0x000000001e8cd000 JavaThread "pool-2-thread-2" [_thread_blocked, id=9124, stack(0x0000000027860000,0x0000000027960000)]
  0x000000001e8ca000 JavaThread "pool-2-thread-1" [_thread_blocked, id=1436, stack(0x0000000029540000,0x0000000029640000)]
  0x000000001cde0000 JavaThread "Thread-144" daemon [_thread_blocked, id=6840, stack(0x0000000029240000,0x0000000029340000)]
  0x000000001ca86000 JavaThread "TCF Channel Transmitter" daemon [_thread_blocked, id=8160, stack(0x0000000022550000,0x0000000022650000)]
  0x000000001ca85800 JavaThread "TCF Channel Receiver" daemon [_thread_in_native, id=8168, stack(0x0000000022450000,0x0000000022550000)]
  0x000000001ca84800 JavaThread "Process monitor" daemon [_thread_in_native, id=7804, stack(0x0000000025570000,0x0000000025670000)]
  0x000000001ca84000 JavaThread "Input Stream Monitor" daemon [_thread_blocked, id=4236, stack(0x00000000252e0000,0x00000000253e0000)]
  0x000000001ca83000 JavaThread "Output Stream Monitor" daemon [_thread_in_native, id=6620, stack(0x00000000251e0000,0x00000000252e0000)]
  0x000000001ca82800 JavaThread "Output Stream Monitor" daemon [_thread_in_native, id=7772, stack(0x00000000250e0000,0x00000000251e0000)]
  0x000000001c71d800 JavaThread "TCF Locator DNS Lookup" daemon [_thread_blocked, id=7400, stack(0x000000001dea0000,0x000000001dfa0000)]
  0x000000001c71d000 JavaThread "TCF Locator Timer" daemon [_thread_blocked, id=7352, stack(0x000000001b5e0000,0x000000001b6e0000)]
  0x000000001c71c000 JavaThread "TCF Locator Receiver" daemon [_thread_blocked, id=7416, stack(0x000000001b4e0000,0x000000001b5e0000)]
  0x0000000016b30800 JavaThread "TCF Timer Dispatcher" daemon [_thread_blocked, id=7392, stack(0x000000001b2e0000,0x000000001b3e0000)]
  0x0000000016b2a800 JavaThread "EMF Reference Cleaner" daemon [_thread_blocked, id=6484, stack(0x0000000018570000,0x0000000018670000)]
  0x0000000014f29800 JavaThread "Service Thread" daemon [_thread_blocked, id=7052, stack(0x0000000015780000,0x0000000015880000)]
  0x0000000014eaf000 JavaThread "C1 CompilerThread2" daemon [_thread_blocked, id=3044, stack(0x0000000015680000,0x0000000015780000)]
  0x0000000014eac000 JavaThread "C2 CompilerThread1" daemon [_thread_blocked, id=6348, stack(0x0000000015580000,0x0000000015680000)]
  0x0000000013b8f000 JavaThread "C2 CompilerThread0" daemon [_thread_blocked, id=2968, stack(0x0000000015480000,0x0000000015580000)]
  0x0000000014e8a800 JavaThread "Attach Listener" daemon [_thread_blocked, id=6276, stack(0x0000000015380000,0x0000000015480000)]
  0x0000000013b27000 JavaThread "Finalizer" daemon [_thread_blocked, id=6976, stack(0x0000000014d80000,0x0000000014e80000)]
  0x0000000013b20000 JavaThread "Reference Handler" daemon [_thread_blocked, id=7124, stack(0x0000000014c80000,0x0000000014d80000)]
  0x0000000002568000 JavaThread "main" [_thread_blocked, id=6252, stack(0x0000000000030000,0x0000000000130000)]

Other Threads:
=>0x0000000013b1a800 VMThread [stack: 0x0000000014b80000,0x0000000014c80000] [id=6244]

VM state:at safepoint (shutting down)

VM Mutex/Monitor currently owned by a thread:  ([mutex/lock_event])
[0x000000000281e330] Threads_lock - owner thread: 0x0000000013b1a800

Heap:
 PSYoungGen      total 139264K, used 62606K [0x00000000f5580000, 0x00000000ffb80000, 0x0000000100000000)
  eden space 110592K, 56% used [0x00000000f5580000,0x00000000f92a3898,0x00000000fc180000)
  from space 28672K, 0% used [0x00000000fdf80000,0x00000000fdf80000,0x00000000ffb80000)
  to   space 29696K, 0% used [0x00000000fc180000,0x00000000fc180000,0x00000000fde80000)
 ParOldGen       total 113664K, used 73275K [0x00000000e0000000, 0x00000000e6f00000, 0x00000000f5580000)
  object space 113664K, 64% used [0x00000000e0000000,0x00000000e478ee10,0x00000000e6f00000)
 Metaspace       used 99053K, capacity 106662K, committed 106752K, reserved 1142784K
  class space    used 11764K, capacity 14264K, committed 14336K, reserved 1048576K

Card table byte_map: [0x00000000026b0000,0x00000000027c0000] byte_map_base: 0x0000000001fb0000

Marking Bits: (ParMarkBitMap*) 0x0000000064eea5b0
 Begin Bits: [0x0000000012090000, 0x0000000012890000)
 End Bits:   [0x0000000012890000, 0x0000000013090000)

Polling page: 0x0000000000240000

CodeCache: size=245760Kb used=50632Kb max_used=50788Kb free=195127Kb
 bounds [0x0000000002820000, 0x0000000005a30000, 0x0000000011820000]
 total_blobs=14394 nmethods=13482 adapters=818
 compilation: enabled

Compilation events (10 events):
Event: 375.536 Thread 0x0000000014eaf000 nmethod 16977 0x0000000004693a10 code [0x0000000004693b80, 0x0000000004693fa8]
Event: 375.537 Thread 0x0000000014eaf000 16978       3       java.util.TimSort::mergeLo (659 bytes)
Event: 375.539 Thread 0x0000000014eaf000 nmethod 16978 0x0000000003822050 code [0x0000000003822380, 0x0000000003824518]
Event: 375.539 Thread 0x0000000014eaf000 16990       1       java.util.concurrent.atomic.AtomicLong::get (5 bytes)
Event: 375.539 Thread 0x0000000014eaf000 nmethod 16990 0x0000000004242390 code [0x00000000042424e0, 0x00000000042425f0]
Event: 375.539 Thread 0x0000000014eaf000 16980       3       org.eclipse.osgi.container.Module::holdsTransitionEventLock (25 bytes)
Event: 375.540 Thread 0x0000000014eaf000 nmethod 16980 0x00000000038215d0 code [0x0000000003821760, 0x0000000003821e88]
Event: 375.540 Thread 0x0000000014eaf000 16987   !   3       org.eclipse.osgi.container.ModuleDatabase::getRevisionsTimestamp (25 bytes)
Event: 375.541 Thread 0x0000000014eaf000 nmethod 16987 0x000000000497e490 code [0x000000000497e6a0, 0x000000000497f3d8]
Event: 375.541 Thread 0x0000000014eaf000 16988       3       org.eclipse.osgi.internal.framework.EquinoxContainerAdaptor::clearManifestCache (84 bytes)

GC Heap History (10 events):
Event: 295.090 GC heap before
{Heap before GC invocations=28 (full 6):
 PSYoungGen      total 137728K, used 101788K [0x00000000f5580000, 0x00000000fff80000, 0x0000000100000000)
  eden space 103936K, 95% used [0x00000000f5580000,0x00000000fb6b5f08,0x00000000fbb00000)
  from space 33792K, 6% used [0x00000000fbb00000,0x00000000fbd31240,0x00000000fdc00000)
  to   space 33280K, 0% used [0x00000000fdf00000,0x00000000fdf00000,0x00000000fff80000)
 ParOldGen       total 113664K, used 68678K [0x00000000e0000000, 0x00000000e6f00000, 0x00000000f5580000)
  object space 113664K, 60% used [0x00000000e0000000,0x00000000e4311940,0x00000000e6f00000)
 Metaspace       used 97512K, capacity 105360K, committed 105600K, reserved 1140736K
  class space    used 11640K, capacity 14095K, committed 14208K, reserved 1048576K
Event: 295.104 GC heap after
Heap after GC invocations=28 (full 6):
 PSYoungGen      total 137728K, used 7159K [0x00000000f5580000, 0x00000000ffc80000, 0x0000000100000000)
  eden space 107520K, 0% used [0x00000000f5580000,0x00000000f5580000,0x00000000fbe80000)
  from space 30208K, 23% used [0x00000000fdf00000,0x00000000fe5fdd68,0x00000000ffc80000)
  to   space 31744K, 0% used [0x00000000fbe80000,0x00000000fbe80000,0x00000000fdd80000)
 ParOldGen       total 113664K, used 68686K [0x00000000e0000000, 0x00000000e6f00000, 0x00000000f5580000)
  object space 113664K, 60% used [0x00000000e0000000,0x00000000e4313940,0x00000000e6f00000)
 Metaspace       used 97512K, capacity 105360K, committed 105600K, reserved 1140736K
  class space    used 11640K, capacity 14095K, committed 14208K, reserved 1048576K
}
Event: 295.104 GC heap before
{Heap before GC invocations=29 (full 7):
 PSYoungGen      total 137728K, used 7159K [0x00000000f5580000, 0x00000000ffc80000, 0x0000000100000000)
  eden space 107520K, 0% used [0x00000000f5580000,0x00000000f5580000,0x00000000fbe80000)
  from space 30208K, 23% used [0x00000000fdf00000,0x00000000fe5fdd68,0x00000000ffc80000)
  to   space 31744K, 0% used [0x00000000fbe80000,0x00000000fbe80000,0x00000000fdd80000)
 ParOldGen       total 113664K, used 68686K [0x00000000e0000000, 0x00000000e6f00000, 0x00000000f5580000)
  object space 113664K, 60% used [0x00000000e0000000,0x00000000e4313940,0x00000000e6f00000)
 Metaspace       used 97512K, capacity 105360K, committed 105600K, reserved 1140736K
  class space    used 11640K, capacity 14095K, committed 14208K, reserved 1048576K
Event: 295.505 GC heap after
Heap after GC invocations=29 (full 7):
 PSYoungGen      total 137728K, used 0K [0x00000000f5580000, 0x00000000ffc80000, 0x0000000100000000)
  eden space 107520K, 0% used [0x00000000f5580000,0x00000000f5580000,0x00000000fbe80000)
  from space 30208K, 0% used [0x00000000fdf00000,0x00000000fdf00000,0x00000000ffc80000)
  to   space 31744K, 0% used [0x00000000fbe80000,0x00000000fbe80000,0x00000000fdd80000)
 ParOldGen       total 113664K, used 74265K [0x00000000e0000000, 0x00000000e6f00000, 0x00000000f5580000)
  object space 113664K, 65% used [0x00000000e0000000,0x00000000e4886450,0x00000000e6f00000)
 Metaspace       used 97512K, capacity 105360K, committed 105600K, reserved 1140736K
  class space    used 11640K, capacity 14095K, committed 14208K, reserved 1048576K
}
Event: 341.479 GC heap before
{Heap before GC invocations=30 (full 7):
 PSYoungGen      total 137728K, used 107520K [0x00000000f5580000, 0x00000000ffc80000, 0x0000000100000000)
  eden space 107520K, 100% used [0x00000000f5580000,0x00000000fbe80000,0x00000000fbe80000)
  from space 30208K, 0% used [0x00000000fdf00000,0x00000000fdf00000,0x00000000ffc80000)
  to   space 31744K, 0% used [0x00000000fbe80000,0x00000000fbe80000,0x00000000fdd80000)
 ParOldGen       total 113664K, used 74265K [0x00000000e0000000, 0x00000000e6f00000, 0x00000000f5580000)
  object space 113664K, 65% used [0x00000000e0000000,0x00000000e4886450,0x00000000e6f00000)
 Metaspace       used 98223K, capacity 106068K, committed 106368K, reserved 1140736K
  class space    used 11684K, capacity 14133K, committed 14208K, reserved 1048576K
Event: 341.487 GC heap after
Heap after GC invocations=30 (full 7):
 PSYoungGen      total 139264K, used 2693K [0x00000000f5580000, 0x00000000ffd80000, 0x0000000100000000)
  eden space 107520K, 0% used [0x00000000f5580000,0x00000000f5580000,0x00000000fbe80000)
  from space 31744K, 8% used [0x00000000fbe80000,0x00000000fc121660,0x00000000fdd80000)
  to   space 30720K, 0% used [0x00000000fdf80000,0x00000000fdf80000,0x00000000ffd80000)
 ParOldGen       total 113664K, used 74273K [0x00000000e0000000, 0x00000000e6f00000, 0x00000000f5580000)
  object space 113664K, 65% used [0x00000000e0000000,0x00000000e4888450,0x00000000e6f00000)
 Metaspace       used 98223K, capacity 106068K, committed 106368K, reserved 1140736K
  class space    used 11684K, capacity 14133K, committed 14208K, reserved 1048576K
}
Event: 356.441 GC heap before
{Heap before GC invocations=31 (full 7):
 PSYoungGen      total 139264K, used 42289K [0x00000000f5580000, 0x00000000ffd80000, 0x0000000100000000)
  eden space 107520K, 36% used [0x00000000f5580000,0x00000000f7c2b0e0,0x00000000fbe80000)
  from space 31744K, 8% used [0x00000000fbe80000,0x00000000fc121660,0x00000000fdd80000)
  to   space 30720K, 0% used [0x00000000fdf80000,0x00000000fdf80000,0x00000000ffd80000)
 ParOldGen       total 113664K, used 74273K [0x00000000e0000000, 0x00000000e6f00000, 0x00000000f5580000)
  object space 113664K, 65% used [0x00000000e0000000,0x00000000e4888450,0x00000000e6f00000)
 Metaspace       used 98287K, capacity 106132K, committed 106368K, reserved 1140736K
  class space    used 11684K, capacity 14133K, committed 14208K, reserved 1048576K
Event: 356.451 GC heap after
Heap after GC invocations=31 (full 7):
 PSYoungGen      total 139264K, used 4019K [0x00000000f5580000, 0x00000000ffb80000, 0x0000000100000000)
  eden space 110592K, 0% used [0x00000000f5580000,0x00000000f5580000,0x00000000fc180000)
  from space 28672K, 14% used [0x00000000fdf80000,0x00000000fe36cd80,0x00000000ffb80000)
  to   space 29696K, 0% used [0x00000000fc180000,0x00000000fc180000,0x00000000fde80000)
 ParOldGen       total 113664K, used 74281K [0x00000000e0000000, 0x00000000e6f00000, 0x00000000f5580000)
  object space 113664K, 65% used [0x00000000e0000000,0x00000000e488a450,0x00000000e6f00000)
 Metaspace       used 98287K, capacity 106132K, committed 106368K, reserved 1140736K
  class space    used 11684K, capacity 14133K, committed 14208K, reserved 1048576K
}
Event: 356.451 GC heap before
{Heap before GC invocations=32 (full 8):
 PSYoungGen      total 139264K, used 4019K [0x00000000f5580000, 0x00000000ffb80000, 0x0000000100000000)
  eden space 110592K, 0% used [0x00000000f5580000,0x00000000f5580000,0x00000000fc180000)
  from space 28672K, 14% used [0x00000000fdf80000,0x00000000fe36cd80,0x00000000ffb80000)
  to   space 29696K, 0% used [0x00000000fc180000,0x00000000fc180000,0x00000000fde80000)
 ParOldGen       total 113664K, used 74281K [0x00000000e0000000, 0x00000000e6f00000, 0x00000000f5580000)
  object space 113664K, 65% used [0x00000000e0000000,0x00000000e488a450,0x00000000e6f00000)
 Metaspace       used 98287K, capacity 106132K, committed 106368K, reserved 1140736K
  class space    used 11684K, capacity 14133K, committed 14208K, reserved 1048576K
Event: 356.899 GC heap after
Heap after GC invocations=32 (full 8):
 PSYoungGen      total 139264K, used 0K [0x00000000f5580000, 0x00000000ffb80000, 0x0000000100000000)
  eden space 110592K, 0% used [0x00000000f5580000,0x00000000f5580000,0x00000000fc180000)
  from space 28672K, 0% used [0x00000000fdf80000,0x00000000fdf80000,0x00000000ffb80000)
  to   space 29696K, 0% used [0x00000000fc180000,0x00000000fc180000,0x00000000fde80000)
 ParOldGen       total 113664K, used 73275K [0x00000000e0000000, 0x00000000e6f00000, 0x00000000f5580000)
  object space 113664K, 64% used [0x00000000e0000000,0x00000000e478ee10,0x00000000e6f00000)
 Metaspace       used 98287K, capacity 106132K, committed 106368K, reserved 1140736K
  class space    used 11684K, capacity 14133K, committed 14208K, reserved 1048576K
}

Deoptimization events (10 events):
Event: 374.790 Thread 0x000000001cdda000 Uncommon trap: reason=unstable_if action=reinterpret pc=0x0000000005234410 method=java.util.concurrent.CopyOnWriteArrayList.indexOf(Ljava/lang/Object;[Ljava/lang/Object;II)I @ 49
Event: 374.791 Thread 0x000000001cdda000 Uncommon trap: reason=unstable_if action=reinterpret pc=0x0000000005864d80 method=org.eclipse.ui.internal.UILockListener.isUI()Z @ 7
Event: 374.792 Thread 0x000000001cdda000 Uncommon trap: reason=unstable_if action=reinterpret pc=0x00000000057eb724 method=org.eclipse.swt.graphics.Resource.dispose()V @ 15
Event: 374.809 Thread 0x000000001cdda000 Uncommon trap: reason=unstable_if action=reinterpret pc=0x0000000004861084 method=sun.nio.cs.UTF_8$Encoder.encodeArrayLoop(Ljava/nio/CharBuffer;Ljava/nio/ByteBuffer;)Ljava/nio/charset/CoderResult; @ 87
Event: 375.439 Thread 0x000000001cdda000 Uncommon trap: reason=unstable_if action=reinterpret pc=0x0000000002a84bc0 method=org.eclipse.swt.widgets.Display.getSystemFont()Lorg/eclipse/swt/graphics/Font; @ 8
Event: 375.442 Thread 0x000000001cdda000 Uncommon trap: reason=unstable_if action=reinterpret pc=0x00000000035fd3dc method=org.eclipse.osgi.internal.hooks.EclipseLazyStarter.shouldActivateFor(Ljava/lang/String;Lorg/eclipse/osgi/container/Module;Lorg/eclipse/osgi/container/ModuleRevision;Lorg/eclisCÿ’ww@
Event: 375.490 Thread 0x00000000166f7000 Uncommon trap: reason=unstable_if action=reinterpret pc=0x000000000353915c method=org.eclipse.osgi.internal.framework.BundleContextImpl.dispatchEvent(Ljava/lang/Object;Ljava/lang/Object;ILjava/lang/Object;)V @ 16
Event: 375.508 Thread 0x000000001c722000 Uncommon trap: reason=unstable_if action=reinterpret pc=0x0000000005386db8 method=org.eclipse.core.internal.jobs.JobManager.nextJob()Lorg/eclipse/core/runtime/jobs/Job; @ 80
Event: 375.508 Thread 0x000000001ca87800 Uncommon trap: reason=unstable_if action=reinterpret pc=0x0000000005386db8 method=org.eclipse.core.internal.jobs.JobManager.nextJob()Lorg/eclipse/core/runtime/jobs/Job; @ 80
Event: 375.532 Thread 0x000000001cdda000 Uncommon trap: reason=unstable_if action=reinterpret pc=0x0000000004919980 method=sun.reflect.UnsafeStaticObjectFieldAccessorImpl.set(Ljava/lang/Object;Ljava/lang/Object;)V @ 13

Internal exceptions (10 events):
Event: 372.842 Thread 0x0000000002568000 Exception <a 'java/io/IOException'> (0x00000000f76bcf28) thrown at [C:\re\workspace\8-2-build-windows-amd64-cygwin\jdk8u66\5298\hotspot\src\share\vm\prims\jni.cpp, line 709]
Event: 372.842 Thread 0x0000000002568000 Exception <a 'java/io/IOException'> (0x00000000f76bd5b8) thrown at [C:\re\workspace\8-2-build-windows-amd64-cygwin\jdk8u66\5298\hotspot\src\share\vm\prims\jni.cpp, line 709]
Event: 372.842 Thread 0x0000000002568000 Exception <a 'java/io/IOException'> (0x00000000f76bdc18) thrown at [C:\re\workspace\8-2-build-windows-amd64-cygwin\jdk8u66\5298\hotspot\src\share\vm\prims\jni.cpp, line 709]
Event: 374.587 Thread 0x0000000002568000 Implicit null exception at 0x000000000596e529 to 0x000000000596f6c5
Event: 374.760 Thread 0x000000001cddd000 Exception <a 'java/lang/InterruptedException'> (0x00000000f8c6d650) thrown at [C:\re\workspace\8-2-build-windows-amd64-cygwin\jdk8u66\5298\hotspot\src\share\vm\runtime\objectMonitor.cpp, line 1683]
Event: 375.507 Thread 0x0000000016b2e000 Exception <a 'java/lang/InterruptedException'> (0x00000000f8903560) thrown at [C:\re\workspace\8-2-build-windows-amd64-cygwin\jdk8u66\5298\hotspot\src\share\vm\runtime\objectMonitor.cpp, line 1683]
Event: 375.532 Thread 0x000000001cdda000 Implicit null exception at 0x0000000004919637 to 0x000000000491996d
Event: 375.533 Thread 0x00000000166f7000 Exception <a 'java/lang/InterruptedException'> (0x00000000f8fc3fc8) thrown at [C:\re\workspace\8-2-build-windows-amd64-cygwin\jdk8u66\5298\hotspot\src\share\vm\runtime\objectMonitor.cpp, line 1683]
Event: 375.537 Thread 0x0000000016b2f000 Exception <a 'java/lang/InterruptedException'> (0x00000000f763c350) thrown at [C:\re\workspace\8-2-build-windows-amd64-cygwin\jdk8u66\5298\hotspot\src\share\vm\runtime\objectMonitor.cpp, line 1683]
Event: 375.537 Thread 0x000000001610e800 Exception <a 'java/lang/InterruptedException'> (0x00000000f91f4138) thrown at [C:\re\workspace\8-2-build-windows-amd64-cygwin\jdk8u66\5298\hotspot\src\share\vm\runtime\objectMonitor.cpp, line 1683]

Events (10 events):
Event: 375.538 Executing VM operation: RevokeBias done
Event: 375.539 Thread 0x000000001cdda000 Thread exited: 0x000000001cdda000
Event: 375.540 loading class java/util/IdentityHashMap$KeyIterator
Event: 375.540 loading class java/util/IdentityHashMap$IdentityHashMapIterator
Event: 375.540 loading class java/util/IdentityHashMap$IdentityHashMapIterator done
Event: 375.540 loading class java/util/IdentityHashMap$KeyIterator done
Event: 375.541 Thread 0x000000001cdda000 Thread added: 0x000000001cdda000
Event: 375.541 Thread 0x000000001cdda000 Thread exited: 0x000000001cdda000
Event: 375.541 Thread 0x0000000013b80000 Thread exited: 0x0000000013b80000
Event: 375.542 Executing VM operation: Exit


Dynamic libraries:
0x0000000000400000 - 0x000000000044f000 	C:\Xilinx\SDK\2016.4\eclipse\win64.o\eclipse.exe
0x00000000772b0000 - 0x000000007745a000 	C:\Windows\SYSTEM32\ntdll.dll
0x0000000077190000 - 0x00000000772af000 	C:\Windows\system32\kernel32.dll
0x000007fefd1d0000 - 0x000007fefd23a000 	C:\Windows\system32\KERNELBASE.dll
0x0000000077090000 - 0x000000007718a000 	C:\Windows\system32\USER32.dll
0x000007fefd930000 - 0x000007fefd997000 	C:\Windows\system32\GDI32.dll
0x000007fefd920000 - 0x000007fefd92e000 	C:\Windows\system32\LPK.dll
0x000007fefdb90000 - 0x000007fefdc5b000 	C:\Windows\system32\USP10.dll
0x000007fefd3e0000 - 0x000007fefd47f000 	C:\Windows\system32\msvcrt.dll
0x000007fefb650000 - 0x000007fefb844000 	C:\Windows\WinSxS\amd64_microsoft.windows.common-controls_6595b64144ccf1df_6.0.7601.18837_none_fa3b1e3d17594757\COMCTL32.dll
0x000007fefea80000 - 0x000007fefeaf1000 	C:\Windows\system32\SHLWAPI.dll
0x000007fefea50000 - 0x000007fefea7e000 	C:\Windows\system32\IMM32.DLL
0x000007fefd480000 - 0x000007fefd589000 	C:\Windows\system32\MSCTF.dll
0x0000000072000000 - 0x0000000072012000 	C:\Xilinx\SDK\2016.4\eclipse\win64.o\plugins\org.eclipse.equinox.launcher.win32.win32.x86_64_1.1.300.v20150602-1417\eclipse_1611.dll
0x000007fefd820000 - 0x000007fefd8fb000 	C:\Windows\system32\ADVAPI32.dll
0x000007fefd760000 - 0x000007fefd77f000 	C:\Windows\SYSTEM32\sechost.dll
0x000007fefd590000 - 0x000007fefd6bd000 	C:\Windows\system32\RPCRT4.dll
0x000007fefc080000 - 0x000007fefc08c000 	C:\Windows\system32\VERSION.dll
0x000007fefb060000 - 0x000007fefb0b6000 	C:\Windows\system32\uxtheme.dll
0x00000000646e0000 - 0x0000000064f69000 	C:\Xilinx\SDK\2016.4\tps\win64\jre\bin\server\jvm.dll
0x000007fefa270000 - 0x000007fefa279000 	C:\Windows\system32\WSOCK32.dll
0x000007fefea00000 - 0x000007fefea4d000 	C:\Windows\system32\WS2_32.dll
0x000007fefe9f0000 - 0x000007fefe9f8000 	C:\Windows\system32\NSI.dll
0x000007fefb440000 - 0x000007fefb47b000 	C:\Windows\system32\WINMM.dll
0x0000000077470000 - 0x0000000077477000 	C:\Windows\system32\PSAPI.DLL
0x0000000074b80000 - 0x0000000074c52000 	C:\Windows\system32\MSVCR100.dll
0x000000006e940000 - 0x000000006e94f000 	C:\Xilinx\SDK\2016.4\tps\win64\jre\bin\verify.dll
0x000000006dd80000 - 0x000000006dda9000 	C:\Xilinx\SDK\2016.4\tps\win64\jre\bin\java.dll
0x000000006e8b0000 - 0x000000006e8c6000 	C:\Xilinx\SDK\2016.4\tps\win64\jre\bin\zip.dll
0x000007fefdc60000 - 0x000007fefe9eb000 	C:\Windows\system32\SHELL32.dll
0x000007feff3c0000 - 0x000007feff5bc000 	C:\Windows\system32\ole32.dll
0x000007fefcfa0000 - 0x000007fefcfaf000 	C:\Windows\system32\profapi.dll
0x000007fefc790000 - 0x000007fefc7a8000 	C:\Windows\system32\CRYPTSP.dll
0x000007fefc490000 - 0x000007fefc4d7000 	C:\Windows\system32\rsaenh.dll
0x000007fefd1b0000 - 0x000007fefd1ce000 	C:\Windows\system32\USERENV.dll
0x000007fefce00000 - 0x000007fefce0f000 	C:\Windows\system32\CRYPTBASE.dll
0x000000006e7c0000 - 0x000000006e7da000 	C:\Xilinx\SDK\2016.4\tps\win64\jre\bin\net.dll
0x000007fefc730000 - 0x000007fefc785000 	C:\Windows\system32\mswsock.dll
0x000007fefc720000 - 0x000007fefc727000 	C:\Windows\System32\wship6.dll
0x000007fefaff0000 - 0x000007fefb017000 	C:\Windows\system32\IPHLPAPI.DLL
0x000007fefafd0000 - 0x000007fefafdb000 	C:\Windows\system32\WINNSI.DLL
0x000007fefaaa0000 - 0x000007fefaab1000 	C:\Windows\system32\dhcpcsvc6.DLL
0x000007fefaa80000 - 0x000007fefaa98000 	C:\Windows\system32\dhcpcsvc.DLL
0x000000006e6e0000 - 0x000000006e6f1000 	C:\Xilinx\SDK\2016.4\tps\win64\jre\bin\nio.dll
0x000007fefd6c0000 - 0x000007fefd759000 	C:\Windows\system32\CLBCatQ.DLL
0x000007fefeb00000 - 0x000007fefebda000 	C:\Windows\system32\OLEAUT32.dll
0x000007fefb4a0000 - 0x000007fefb4b5000 	C:\Windows\system32\NLAapi.dll
0x000007fef84d0000 - 0x000007fef84e5000 	C:\Windows\system32\napinsp.dll
0x000007fef84b0000 - 0x000007fef84c9000 	C:\Windows\system32\pnrpnsp.dll
0x000007fefc5b0000 - 0x000007fefc60b000 	C:\Windows\system32\DNSAPI.dll
0x000007fef84a0000 - 0x000007fef84ab000 	C:\Windows\System32\winrnr.dll
0x000007fefc150000 - 0x000007fefc157000 	C:\Windows\System32\wshtcpip.dll
0x000007fef8a20000 - 0x000007fef8a28000 	C:\Windows\system32\rasadhlp.dll
0x000007fefab30000 - 0x000007fefab83000 	C:\Windows\System32\fwpuclnt.dll
0x0000000018470000 - 0x0000000018518000 	C:\Users\shlab_89\.Xilinx\SDK\2016.4\org.eclipse.osgi\319\0\.cp\swt-win32-4527.dll
0x000007fefd780000 - 0x000007fefd817000 	C:\Windows\system32\comdlg32.dll
0x000007fef7cd0000 - 0x000007fef7d41000 	C:\Windows\system32\WINSPOOL.DRV
0x000007fefedc0000 - 0x000007feff0e1000 	C:\Windows\system32\WININET.dll
0x000007fefd250000 - 0x000007fefd254000 	C:\Windows\system32\api-ms-win-downlevel-user32-l1-1-0.dll
0x000007fefd150000 - 0x000007fefd154000 	C:\Windows\system32\api-ms-win-downlevel-shlwapi-l1-1-0.dll
0x000007fefd240000 - 0x000007fefd244000 	C:\Windows\system32\api-ms-win-downlevel-version-l1-1-0.dll
0x000007fefd140000 - 0x000007fefd143000 	C:\Windows\system32\api-ms-win-downlevel-normaliz-l1-1-0.dll
0x0000000077480000 - 0x0000000077483000 	C:\Windows\system32\normaliz.DLL
0x000007feff0f0000 - 0x000007feff3ba000 	C:\Windows\system32\iertutil.dll
0x000007fefd160000 - 0x000007fefd165000 	C:\Windows\system32\api-ms-win-downlevel-advapi32-l1-1-0.dll
0x000007fefcfd0000 - 0x000007fefd13d000 	C:\Windows\system32\CRYPT32.dll
0x000007fefcfb0000 - 0x000007fefcfbf000 	C:\Windows\system32\MSASN1.dll
0x000007fefaa20000 - 0x000007fefaa38000 	C:\Windows\system32\dwmapi.dll
0x000007fefbc80000 - 0x000007fefbdac000 	C:\Windows\system32\propsys.dll
0x0000000002470000 - 0x000000000248e000 	C:\Users\shlab_89\.Xilinx\SDK\2016.4\org.eclipse.osgi\319\0\.cp\swt-gdip-win32-4527.dll
0x000007fef6e30000 - 0x000007fef7047000 	C:\Windows\WinSxS\amd64_microsoft.windows.gdiplus_6595b64144ccf1df_1.1.7601.23807_none_14556b8e8b95d1fc\gdiplus.dll
0x000007fefa870000 - 0x000007fefa9d1000 	C:\Windows\system32\WindowsCodecs.dll
0x0000000180000000 - 0x0000000180012000 	C:\Users\shlab_89\.Xilinx\SDK\2016.4\org.eclipse.osgi\133\0\.cp\os\win32\x86_64\localfile_1_0_0.dll
0x000007fef1360000 - 0x000007fef13b4000 	C:\Windows\system32\oleacc.dll
0x000007fec6a40000 - 0x000007fec6a47000 	C:\Windows\system32\msimg32.dll
0x000007fefcef0000 - 0x000007fefcf04000 	C:\Windows\system32\RpcRtRemote.dll
0x000007fefcda0000 - 0x000007fefcdf7000 	C:\Windows\system32\apphelp.dll
0x000007fef57c0000 - 0x000007fef57d1000 	C:\Users\shlab_89\.Xilinx\SDK\2016.4\org.eclipse.osgi\136\0\.cp\jWinHttp-1.0.0.dll
0x000007fef97d0000 - 0x000007fef9841000 	C:\Windows\system32\WINHTTP.dll
0x000007fef9760000 - 0x000007fef97c4000 	C:\Windows\system32\webio.dll
0x000007fefcd70000 - 0x000007fefcd95000 	C:\Windows\system32\SspiCli.dll
0x000007fefc360000 - 0x000007fefc36a000 	C:\Windows\system32\credssp.dll
0x000007fefd170000 - 0x000007fefd1a6000 	C:\Windows\system32\CFGMGR32.dll
0x000007fef8600000 - 0x000007fef860f000 	C:\Xilinx\SDK\2016.4\lib\win64.o\librdi_repo_manager.dll
0x000007fef0f30000 - 0x000007fef0f5a000 	C:\Xilinx\SDK\2016.4\lib\win64.o\libisl_sysinfo.dll
0x000007feea290000 - 0x000007feea364000 	C:\Windows\system32\MSVCR110.dll
0x000007feea370000 - 0x000007feea417000 	C:\Windows\system32\MSVCP110.dll
0x000007fec9400000 - 0x000007fec9eaa000 	C:\Xilinx\SDK\2016.4\lib\win64.o\librdi_common.dll
0x000007feca270000 - 0x000007feca5de000 	C:\Xilinx\SDK\2016.4\lib\win64.o\libCOIN-all.dll
0x000007feca050000 - 0x000007feca26f000 	C:\Xilinx\SDK\2016.4\lib\win64.o\libXil_lmgr11.dll
0x000007fefb4f0000 - 0x000007fefb506000 	C:\Windows\system32\NETAPI32.dll
0x000007fefb4e0000 - 0x000007fefb4ec000 	C:\Windows\system32\netutils.dll
0x000007fefca10000 - 0x000007fefca33000 	C:\Windows\system32\srvcli.dll
0x000007fefb4c0000 - 0x000007fefb4d5000 	C:\Windows\system32\wkscli.dll
0x000007fefd300000 - 0x000007fefd33b000 	C:\Windows\system32\WINTRUST.dll
0x000007fef80f0000 - 0x000007fef8100000 	C:\Xilinx\SDK\2016.4\lib\win64.o\libboost_date_time.dll
0x000007fef0d20000 - 0x000007fef0d44000 	C:\Xilinx\SDK\2016.4\lib\win64.o\libboost_filesystem.dll
0x000007fef8090000 - 0x000007fef8099000 	C:\Xilinx\SDK\2016.4\lib\win64.o\libboost_system.dll
0x000007feeab20000 - 0x000007feeab97000 	C:\Xilinx\SDK\2016.4\lib\win64.o\libboost_program_options.dll
0x000007fec9f40000 - 0x000007feca046000 	C:\Xilinx\SDK\2016.4\lib\win64.o\libboost_regex.dll
0x000007fef4350000 - 0x000007fef4363000 	C:\Xilinx\SDK\2016.4\lib\win64.o\libboost_signals.dll
0x000007fef4d30000 - 0x000007fef4d4d000 	C:\Xilinx\SDK\2016.4\lib\win64.o\libboost_thread.dll
0x000007fef72c0000 - 0x000007fef72cb000 	C:\Xilinx\SDK\2016.4\lib\win64.o\libboost_chrono.dll
0x000007fef7310000 - 0x000007fef731b000 	C:\Xilinx\SDK\2016.4\lib\win64.o\libboost_xilinx.dll
0x000007feeaaa0000 - 0x000007feeab20000 	C:\Xilinx\SDK\2016.4\lib\win64.o\libhdlpsolve.dll
0x000007fecdfb0000 - 0x000007fece04a000 	C:\Xilinx\SDK\2016.4\lib\win64.o\libhdxml.dll
0x000007fec9030000 - 0x000007fec93f9000 	C:\Xilinx\SDK\2016.4\lib\win64.o\libisl_iostreams.dll
0x000007fef1180000 - 0x000007fef1196000 	C:\Xilinx\SDK\2016.4\lib\win64.o\libboost_iostreams.dll
0x000007fef32f0000 - 0x000007fef330f000 	C:\Xilinx\SDK\2016.4\lib\win64.o\librdizlib.dll
0x000007fef0e10000 - 0x000007fef0e33000 	C:\Xilinx\SDK\2016.4\lib\win64.o\libisl_iosutils.dll
0x000007fef0ce0000 - 0x000007fef0cf5000 	C:\Xilinx\SDK\2016.4\lib\win64.o\pthreadVC2.dll
0x000007feeabf0000 - 0x000007feeac43000 	C:\Xilinx\SDK\2016.4\lib\win64.o\librdi_commonxillic.dll
0x000007fec8f00000 - 0x000007fec9030000 	C:\Xilinx\SDK\2016.4\lib\win64.o\librdi_curl.dll
0x000007fef0d00000 - 0x000007fef0d18000 	C:\Xilinx\SDK\2016.4\lib\win64.o\librdiconfig.dll
0x000000006dbd0000 - 0x000000006dcf7000 	C:\Xilinx\SDK\2016.4\lib\win64.o\tcl85t.dll
0x0000000023b00000 - 0x0000000023d63000 	C:\Xilinx\SDK\2016.4\lib\win64.o\xerces-c_3_1.dll
0x000007fefda00000 - 0x000007fefdb85000 	C:\Windows\system32\urlmon.dll
0x000007fefcfc0000 - 0x000007fefcfc4000 	C:\Windows\system32\api-ms-win-downlevel-ole32-l1-1-0.dll
0x000007fef4f40000 - 0x000007fef4f63000 	C:\Windows\system32\VCOMP110.DLL
0x000007fec8d00000 - 0x000007fec8ef8000 	C:\Xilinx\SDK\2016.4\lib\win64.o\librdi_hsm.dll
0x000007fec9ef0000 - 0x000007fec9f33000 	C:\Xilinx\SDK\2016.4\lib\win64.o\librdi_hdf.dll
0x000007fec61e0000 - 0x000007fec64a8000 	C:\Xilinx\SDK\2016.4\lib\win64.o\librdi_ippcw.dll
0x000007fef9f60000 - 0x000007fef9f76000 	C:\Xilinx\SDK\2016.4\eclipse\win64.o\plugins\org.eclipse.cdt.core.win32.x86_64_5.4.0.201509131935\os\win32\x86_64\spawner.dll
0x000007fefabf0000 - 0x000007fefac25000 	C:\Windows\system32\EhStorShell.dll
0x000007fefebe0000 - 0x000007fefedb7000 	C:\Windows\system32\SETUPAPI.dll
0x000007fefd340000 - 0x000007fefd35a000 	C:\Windows\system32\DEVOBJ.dll
0x000007fefa2a0000 - 0x000007fefa31e000 	C:\Windows\System32\cscui.dll
0x000007fefbb00000 - 0x000007fefbb0c000 	C:\Windows\System32\CSCDLL.dll

VM Arguments:
jvm_args: -Dcom.xilinx.sdk.args.hwspec=C:/Users/shlab_89/Downloads/0620_lab_BRAM/0316303_0619/0316303_0619.sdk/lab6_wrapper.hdf -Xms64m -Xmx512m & 
java_command: <unknown>
java_class_path (initial): C:\Xilinx\SDK\2016.4\eclipse\win64.o\\plugins/org.eclipse.equinox.launcher_1.3.100.v20150511-1540.jar
Launcher Type: generic

Environment Variables:
PATH=C:/Xilinx/SDK/2016.4/tps/win64/jre/bin/server;C:/Xilinx/SDK/2016.4/tps/win64/jre/bin;C:/Xilinx/SDK/2016.4/tps/win64/jre/lib/amd64;C:\Xilinx\SDK\2016.4\gnuwin\bin;C:\Xilinx\SDK\2016.4\gnu\microblaze\nt\bin;C:\Xilinx\SDK\2016.4\gnu\microblaze\linux_toolchain\nt64_le\bin;C:\Xilinx\SDK\2016.4\gnu\microblaze\linux_toolchain\nt64_be\bin;C:\Xilinx\SDK\2016.4\gnu\arm\nt\bin;C:\Xilinx\SDK\2016.4\gnu\aarch64\nt\aarch64-none\bin;C:\Xilinx\SDK\2016.4\gnu\aarch64\nt\aarch64-linux\bin;C:\Xilinx\SDK\2016.4\gnu\armr5\nt\gcc-arm-none-eabi\bin;C:\Xilinx\SDK\2016.4\gnu\aarch32\nt\gcc-arm-none-eabi\bin;C:\Xilinx\SDK\2016.4\gnu\aarch32\nt\gcc-arm-linux-gnueabi\bin;C:\Xilinx\SDK\2016.4\tps\win64\cmake-3.3.2\bin;;C:\Xilinx\SDK\2016.4\bin;C:\Xilinx\SDK\2016.4\lib\win64.o;C:\Xilinx\SDK\2016.4\tps\win64\jre\bin\server;C:\Xilinx\SDK\2016.4\tps\win64\jre\bin;C:\Xilinx\Vivado\2016.4\ids_lite\ISE\bin\nt64;C:\Xilinx\Vivado\2016.4\ids_lite\ISE\lib\nt64;C:\Xilinx\Vivado\2016.4\bin;C:\Xilinx\Vivado\2016.4\lib\win64.o;C:\Xilinx\Vivado\2016.4\tps\win64\jre\bin\server;C:\Xilinx\Vivado\2016.4\tps\win64\jre\bin;C:\Xilinx\Vivado_HLS\2016.4\bin;C:\ProgramData\Oracle\Java\javapath;C:\Windows\system32;C:\Windows;C:\Windows\System32\Wbem;C:\Windows\System32\WindowsPowerShell\v1.0\;C:\Program Files (x86)\Intel\OpenCL SDK\2.0\bin\x86;C:\Program Files (x86)\Intel\OpenCL SDK\2.0\bin\x64;C:\Users\shlab_89\Downloads\0620_lab_BRAM\0316303_0619;
USERNAME=shlab_89
OS=Windows_NT
PROCESSOR_IDENTIFIER=Intel64 Family 6 Model 58 Stepping 9, GenuineIntel



---------------  S Y S T E M  ---------------

OS: Windows 7 , 64 bit Build 7601 (6.1.7601.23807)

CPU:total 4 (2 cores per cpu, 2 threads per core) family 6 model 58 stepping 9, cmov, cx8, fxsr, mmx, sse, sse2, sse3, ssse3, sse4.1, sse4.2, popcnt, avx, clmul, erms, ht, tsc, tscinvbit, tscinv

Memory: 4k page, physical 16462528k(12011316k free), swap 32923196k(28086184k free)

vm_info: Java HotSpot(TM) 64-Bit Server VM (25.66-b18) for windows-amd64 JRE (1.8.0_66-b18), built on Nov  9 2015 10:51:13 by "java_re" with MS VC++ 10.0 (VS2010)

time: Thu Jun 22 22:38:44 2017
elapsed time: 376 seconds (0d 0h 6m 16s)

