#
# A fatal error has been detected by the Java Runtime Environment:
#
#  EXCEPTION_UNCAUGHT_CXX_EXCEPTION (0xe06d7363) at pc=0x000007fefcc8a06d, pid=11156, tid=5288
#
# JRE version: Java(TM) SE Runtime Environment (8.0_66-b18) (build 1.8.0_66-b18)
# Java VM: Java HotSpot(TM) 64-Bit Server VM (25.66-b18 mixed mode windows-amd64 compressed oops)
# Problematic frame:
# C  [KERNELBASE.dll+0x1a06d]
#
# Failed to write core dump. Minidumps are not enabled by default on client versions of Windows
#
# If you would like to submit a bug report, please visit:
#   http://bugreport.java.com/bugreport/crash.jsp
#

---------------  T H R E A D  ---------------

Current thread (0x000000001378a800):  VMThread [stack: 0x00000000147f0000,0x00000000148f0000] [id=5288]

siginfo: ExceptionCode=0xe06d7363, ExceptionInformation=0x0000000019930520 0x00000000148ef6c8 0x000007fee1352cb8 0x000007fee12a0000 

Registers:
RAX=0x000000006941ec4c, RBX=0x000007fee1352cb8, RCX=0x00000000148eef10, RDX=0x00000000000000d0
RSP=0x00000000148ef520, RBP=0x00000000148ef650, RSI=0x00000000ffffffff, RDI=0x0000000000243750
R8 =0x0000000000000000, R9 =0x0000000000000000, R10=0x000007fee12a0000, R11=0x00000000148ef560
R12=0x0000000000000001, R13=0x0000000000000008, R14=0x0000000000000000, R15=0xffffffffffffffff
RIP=0x000007fefcc8a06d, EFLAGS=0x0000000000000202

Top of Stack: (sp=0x00000000148ef520)
0x00000000148ef520:   000007fee1352cb8 00000000ffffffff
0x00000000148ef530:   0000000000243750 00000000001e1fa0
0x00000000148ef540:   00000001e06d7363 0000000000000000
0x00000000148ef550:   000007fefcc8a06d 000007fe00000004
0x00000000148ef560:   0000000019930520 00000000148ef6c8
0x00000000148ef570:   000007fee1352cb8 000007fee12a0000
0x00000000148ef580:   0000000000000000 00000000148ef608
0x00000000148ef590:   0000000000000028 0000000000243740
0x00000000148ef5a0:   000000000025e080 0000000000000000
0x00000000148ef5b0:   000007fffff9e000 0000000076d7f2d3
0x00000000148ef5c0:   0000000000000000 0000000000000008
0x00000000148ef5d0:   0000000000000001 0000000000243750
0x00000000148ef5e0:   00000000ffffffff 000007fee12fe92c
0x00000000148ef5f0:   000007fee1352cb8 00000000148ef660
0x00000000148ef600:   0000000000000001 000007fee12a00f8
0x00000000148ef610:   00000001e06d7363 0000000000000000 

Instructions: (pc=0x000007fefcc8a06d)
0x000007fefcc8a04d:   54 24 24 48 89 4c 24 28 4d 85 c9 0f 85 6a 03 00
0x000007fefcc8a05d:   00 89 4c 24 38 48 8d 4c 24 20 ff 15 33 02 03 00
0x000007fefcc8a06d:   48 81 c4 c8 00 00 00 c3 90 90 90 90 90 90 90 90
0x000007fefcc8a07d:   90 90 90 48 83 ec 28 65 48 8b 04 25 30 00 00 00 


Register to memory mapping:

RAX=0x000000006941ec4c is an unknown value
RBX=0x000007fee1352cb8 is an unknown value
RCX=0x00000000148eef10 is an unknown value
RDX=0x00000000000000d0 is an unknown value
RSP=0x00000000148ef520 is an unknown value
RBP=0x00000000148ef650 is an unknown value
RSI=0x00000000ffffffff is an unallocated location in the heap
RDI=0x0000000000243750 is an unknown value
R8 =0x0000000000000000 is an unknown value
R9 =0x0000000000000000 is an unknown value
R10=0x000007fee12a0000 is an unknown value
R11=0x00000000148ef560 is an unknown value
R12=0x0000000000000001 is an unknown value
R13=0x0000000000000008 is an unknown value
R14=0x0000000000000000 is an unknown value
R15=0xffffffffffffffff is an unknown value


Stack: [0x00000000147f0000,0x00000000148f0000],  sp=0x00000000148ef520,  free space=1021k
Native frames: (J=compiled Java code, j=interpreted, Vv=VM code, C=native code)
C  [KERNELBASE.dll+0x1a06d]
C  [MSVCR110.dll+0x5e92c]
C  [MSVCR110.dll+0x1315c]
C  [MSVCR110.dll+0x136a9]
C  [MSVCR110.dll+0x13e9c]
C  [MSVCR110.dll+0x239e]
C  [MSVCR110.dll+0xaf9e]
C  [MSVCP110.dll+0x397b9]
C  [librdi_common.dll+0x183a66]
C  [librdi_common.dll+0x1826fb]
C  [librdi_target_manager.dll+0x2400]
C  [librdi_target_manager.dll+0x2682]
C  [ntdll.dll+0x229b1]
C  [ntdll.dll+0x227c0]
C  [MSVCR100.dll+0x20ccd]
V  [jvm.dll+0x210cc5]
V  [jvm.dll+0x249897]
V  [jvm.dll+0x248b36]
V  [jvm.dll+0x248fd1]
V  [jvm.dll+0x2491ee]
V  [jvm.dll+0x29a0fa]
C  [MSVCR100.dll+0x21d9f]
C  [MSVCR100.dll+0x21e3b]
C  [kernel32.dll+0x159cd]
C  [ntdll.dll+0x2a2e1]

VM_Operation (0x000000000012f4c0): Exit, mode: safepoint, requested by thread 0x0000000002368000


---------------  P R O C E S S  ---------------

Java Threads: ( => current thread )
  0x000000001fbe3800 JavaThread "Spawner Reaper" daemon [_thread_in_native, id=10320, stack(0x00000000276b0000,0x00000000277b0000)]
  0x0000000016af9000 JavaThread "pool-2-thread-2" [_thread_blocked, id=11532, stack(0x0000000023f70000,0x0000000024070000)]
  0x0000000016af7800 JavaThread "pool-2-thread-1" [_thread_blocked, id=13056, stack(0x0000000026eb0000,0x0000000026fb0000)]
  0x0000000016af6000 JavaThread "Thread-29" daemon [_thread_blocked, id=3916, stack(0x0000000026ab0000,0x0000000026bb0000)]
  0x0000000018f7d000 JavaThread "TCF Channel Transmitter" daemon [_thread_blocked, id=6360, stack(0x0000000022f30000,0x0000000023030000)]
  0x0000000018f7c800 JavaThread "TCF Channel Receiver" daemon [_thread_in_native, id=5560, stack(0x0000000022e30000,0x0000000022f30000)]
  0x000000001fbe8800 JavaThread "Process monitor" daemon [_thread_in_native, id=12720, stack(0x00000000249e0000,0x0000000024ae0000)]
  0x000000001fbe8000 JavaThread "Input Stream Monitor" daemon [_thread_blocked, id=8804, stack(0x00000000248e0000,0x00000000249e0000)]
  0x000000001fbe7000 JavaThread "Output Stream Monitor" daemon [_thread_in_native, id=11092, stack(0x00000000247e0000,0x00000000248e0000)]
  0x000000001fbe6800 JavaThread "Output Stream Monitor" daemon [_thread_in_native, id=13092, stack(0x00000000246e0000,0x00000000247e0000)]
  0x000000001fbe2000 JavaThread "TCF Locator DNS Lookup" daemon [_thread_blocked, id=12408, stack(0x0000000021160000,0x0000000021260000)]
  0x000000001af2c000 JavaThread "TCF Locator Timer" daemon [_thread_blocked, id=6692, stack(0x0000000021060000,0x0000000021160000)]
  0x000000001af2b800 JavaThread "TCF Locator Receiver" daemon [_thread_in_native, id=13236, stack(0x0000000020f60000,0x0000000021060000)]
  0x000000001af29800 JavaThread "TCF Timer Dispatcher" daemon [_thread_blocked, id=9716, stack(0x000000001d520000,0x000000001d620000)]
  0x000000001af25000 JavaThread "Worker-1" [_thread_blocked, id=6304, stack(0x0000000017910000,0x0000000017a10000)]
  0x0000000016223800 JavaThread "EMF Reference Cleaner" daemon [_thread_blocked, id=5984, stack(0x0000000018010000,0x0000000018110000)]
  0x0000000014bed000 JavaThread "Service Thread" daemon [_thread_blocked, id=9620, stack(0x0000000015440000,0x0000000015540000)]
  0x0000000014b7f000 JavaThread "C1 CompilerThread2" daemon [_thread_blocked, id=13240, stack(0x0000000015340000,0x0000000015440000)]
  0x0000000014b5d800 JavaThread "C2 CompilerThread1" daemon [_thread_blocked, id=5920, stack(0x0000000015240000,0x0000000015340000)]
  0x0000000014b54000 JavaThread "C2 CompilerThread0" daemon [_thread_blocked, id=10924, stack(0x0000000015140000,0x0000000015240000)]
  0x00000000137ff800 JavaThread "Attach Listener" daemon [_thread_blocked, id=5128, stack(0x0000000015040000,0x0000000015140000)]
  0x0000000013797000 JavaThread "Finalizer" daemon [_thread_blocked, id=6668, stack(0x00000000149f0000,0x0000000014af0000)]
  0x0000000013790000 JavaThread "Reference Handler" daemon [_thread_blocked, id=8232, stack(0x00000000148f0000,0x00000000149f0000)]
  0x0000000002368000 JavaThread "main" [_thread_blocked, id=10060, stack(0x0000000000030000,0x0000000000130000)]

Other Threads:
=>0x000000001378a800 VMThread [stack: 0x00000000147f0000,0x00000000148f0000] [id=5288]

VM state:at safepoint (shutting down)

VM Mutex/Monitor currently owned by a thread:  ([mutex/lock_event])
[0x000000000232e310] Threads_lock - owner thread: 0x000000001378a800

Heap:
 PSYoungGen      total 75776K, used 36265K [0x00000000f5580000, 0x00000000fd800000, 0x0000000100000000)
  eden space 75264K, 48% used [0x00000000f5580000,0x00000000f78ea420,0x00000000f9f00000)
  from space 512K, 0% used [0x00000000f9f00000,0x00000000f9f00000,0x00000000f9f80000)
  to   space 29184K, 0% used [0x00000000fbb80000,0x00000000fbb80000,0x00000000fd800000)
 ParOldGen       total 120320K, used 50987K [0x00000000e0000000, 0x00000000e7580000, 0x00000000f5580000)
  object space 120320K, 42% used [0x00000000e0000000,0x00000000e31cae78,0x00000000e7580000)
 Metaspace       used 88182K, capacity 96006K, committed 96472K, reserved 1132544K
  class space    used 10666K, capacity 13152K, committed 13272K, reserved 1048576K

Card table byte_map: [0x00000000117f0000,0x0000000011900000] byte_map_base: 0x00000000110f0000

Marking Bits: (ParMarkBitMap*) 0x00000000508fa5b0
 Begin Bits: [0x0000000011d00000, 0x0000000012500000)
 End Bits:   [0x0000000012500000, 0x0000000012d00000)

Polling page: 0x0000000001ea0000

CodeCache: size=245760Kb used=34113Kb max_used=34834Kb free=211646Kb
 bounds [0x0000000002430000, 0x0000000004670000, 0x0000000011430000]
 total_blobs=10193 nmethods=9287 adapters=811
 compilation: enabled

Compilation events (10 events):
Event: 755.374 Thread 0x0000000014b7f000 11578       3       org.eclipse.osgi.internal.framework.EquinoxContainerAdaptor::clearManifestCache (84 bytes)
Event: 755.376 Thread 0x0000000014b7f000 nmethod 11578 0x0000000003f9e6d0 code [0x0000000003f9e920, 0x0000000003fa0038]
Event: 755.376 Thread 0x0000000014b7f000 11579   !   3       org.eclipse.osgi.storage.BundleInfo$Generation::clearManifestCache (30 bytes)
Event: 755.376 Thread 0x0000000014b7f000 nmethod 11579 0x0000000002a89ad0 code [0x0000000002a89c60, 0x0000000002a8a2a8]
Event: 755.376 Thread 0x0000000014b7f000 11568   !   3       org.eclipse.osgi.storage.BundleInfo$Generation::close (34 bytes)
Event: 755.377 Thread 0x0000000014b7f000 nmethod 11568 0x000000000340ead0 code [0x000000000340ec40, 0x000000000340f068]
Event: 755.377 Thread 0x0000000014b7f000 11569       3       org.eclipse.osgi.storage.bundlefile.BundleFile::setMruIndex (6 bytes)
Event: 755.377 Thread 0x0000000014b7f000 nmethod 11569 0x0000000003c72210 code [0x0000000003c72360, 0x0000000003c724b0]
Event: 755.377 Thread 0x0000000014b7f000 11566       3       java.util.Collections::singletonList (9 bytes)
Event: 755.377 Thread 0x0000000014b7f000 nmethod 11566 0x0000000002706b10 code [0x0000000002706c80, 0x0000000002706f90]

GC Heap History (10 events):
Event: 623.395 GC heap before
{Heap before GC invocations=36 (full 13):
 PSYoungGen      total 75776K, used 416K [0x00000000f5580000, 0x00000000fdd00000, 0x0000000100000000)
  eden space 75264K, 0% used [0x00000000f5580000,0x00000000f5580000,0x00000000f9f00000)
  from space 512K, 81% used [0x00000000f9f00000,0x00000000f9f68000,0x00000000f9f80000)
  to   space 31744K, 0% used [0x00000000fbe00000,0x00000000fbe00000,0x00000000fdd00000)
 ParOldGen       total 120320K, used 52427K [0x00000000e0000000, 0x00000000e7580000, 0x00000000f5580000)
  object space 120320K, 43% used [0x00000000e0000000,0x00000000e3332c60,0x00000000e7580000)
 Metaspace       used 87066K, capacity 94858K, committed 95192K, reserved 1132544K
  class space    used 10544K, capacity 12898K, committed 13016K, reserved 1048576K
Event: 623.670 GC heap after
Heap after GC invocations=36 (full 13):
 PSYoungGen      total 75776K, used 0K [0x00000000f5580000, 0x00000000fdd00000, 0x0000000100000000)
  eden space 75264K, 0% used [0x00000000f5580000,0x00000000f5580000,0x00000000f9f00000)
  from space 512K, 0% used [0x00000000f9f00000,0x00000000f9f00000,0x00000000f9f80000)
  to   space 31744K, 0% used [0x00000000fbe00000,0x00000000fbe00000,0x00000000fdd00000)
 ParOldGen       total 120320K, used 51137K [0x00000000e0000000, 0x00000000e7580000, 0x00000000f5580000)
  object space 120320K, 42% used [0x00000000e0000000,0x00000000e31f0760,0x00000000e7580000)
 Metaspace       used 87057K, capacity 94840K, committed 95192K, reserved 1132544K
  class space    used 10542K, capacity 12895K, committed 13016K, reserved 1048576K
}
Event: 683.471 GC heap before
{Heap before GC invocations=37 (full 13):
 PSYoungGen      total 75776K, used 3808K [0x00000000f5580000, 0x00000000fdd00000, 0x0000000100000000)
  eden space 75264K, 5% used [0x00000000f5580000,0x00000000f5938368,0x00000000f9f00000)
  from space 512K, 0% used [0x00000000f9f00000,0x00000000f9f00000,0x00000000f9f80000)
  to   space 31744K, 0% used [0x00000000fbe00000,0x00000000fbe00000,0x00000000fdd00000)
 ParOldGen       total 120320K, used 51137K [0x00000000e0000000, 0x00000000e7580000, 0x00000000f5580000)
  object space 120320K, 42% used [0x00000000e0000000,0x00000000e31f0760,0x00000000e7580000)
 Metaspace       used 87060K, capacity 94840K, committed 95192K, reserved 1132544K
  class space    used 10542K, capacity 12895K, committed 13016K, reserved 1048576K
Event: 683.480 GC heap after
Heap after GC invocations=37 (full 13):
 PSYoungGen      total 103936K, used 96K [0x00000000f5580000, 0x00000000fda00000, 0x0000000100000000)
  eden space 75264K, 0% used [0x00000000f5580000,0x00000000f5580000,0x00000000f9f00000)
  from space 28672K, 0% used [0x00000000fbe00000,0x00000000fbe18000,0x00000000fda00000)
  to   space 30208K, 0% used [0x00000000f9f00000,0x00000000f9f00000,0x00000000fbc80000)
 ParOldGen       total 120320K, used 51137K [0x00000000e0000000, 0x00000000e7580000, 0x00000000f5580000)
  object space 120320K, 42% used [0x00000000e0000000,0x00000000e31f0760,0x00000000e7580000)
 Metaspace       used 87060K, capacity 94840K, committed 95192K, reserved 1132544K
  class space    used 10542K, capacity 12895K, committed 13016K, reserved 1048576K
}
Event: 683.480 GC heap before
{Heap before GC invocations=38 (full 14):
 PSYoungGen      total 103936K, used 96K [0x00000000f5580000, 0x00000000fda00000, 0x0000000100000000)
  eden space 75264K, 0% used [0x00000000f5580000,0x00000000f5580000,0x00000000f9f00000)
  from space 28672K, 0% used [0x00000000fbe00000,0x00000000fbe18000,0x00000000fda00000)
  to   space 30208K, 0% used [0x00000000f9f00000,0x00000000f9f00000,0x00000000fbc80000)
 ParOldGen       total 120320K, used 51137K [0x00000000e0000000, 0x00000000e7580000, 0x00000000f5580000)
  object space 120320K, 42% used [0x00000000e0000000,0x00000000e31f0760,0x00000000e7580000)
 Metaspace       used 87060K, capacity 94840K, committed 95192K, reserved 1132544K
  class space    used 10542K, capacity 12895K, committed 13016K, reserved 1048576K
Event: 683.678 GC heap after
Heap after GC invocations=38 (full 14):
 PSYoungGen      total 103936K, used 0K [0x00000000f5580000, 0x00000000fda00000, 0x0000000100000000)
  eden space 75264K, 0% used [0x00000000f5580000,0x00000000f5580000,0x00000000f9f00000)
  from space 28672K, 0% used [0x00000000fbe00000,0x00000000fbe00000,0x00000000fda00000)
  to   space 30208K, 0% used [0x00000000f9f00000,0x00000000f9f00000,0x00000000fbc80000)
 ParOldGen       total 120320K, used 50985K [0x00000000e0000000, 0x00000000e7580000, 0x00000000f5580000)
  object space 120320K, 42% used [0x00000000e0000000,0x00000000e31ca658,0x00000000e7580000)
 Metaspace       used 87060K, capacity 94840K, committed 95192K, reserved 1132544K
  class space    used 10542K, capacity 12895K, committed 13016K, reserved 1048576K
}
Event: 743.470 GC heap before
{Heap before GC invocations=39 (full 14):
 PSYoungGen      total 103936K, used 3559K [0x00000000f5580000, 0x00000000fda00000, 0x0000000100000000)
  eden space 75264K, 4% used [0x00000000f5580000,0x00000000f58f9c58,0x00000000f9f00000)
  from space 28672K, 0% used [0x00000000fbe00000,0x00000000fbe00000,0x00000000fda00000)
  to   space 30208K, 0% used [0x00000000f9f00000,0x00000000f9f00000,0x00000000fbc80000)
 ParOldGen       total 120320K, used 50985K [0x00000000e0000000, 0x00000000e7580000, 0x00000000f5580000)
  object space 120320K, 42% used [0x00000000e0000000,0x00000000e31ca658,0x00000000e7580000)
 Metaspace       used 87062K, capacity 94840K, committed 95192K, reserved 1132544K
  class space    used 10542K, capacity 12895K, committed 13016K, reserved 1048576K
Event: 743.473 GC heap after
Heap after GC invocations=39 (full 14):
 PSYoungGen      total 75776K, used 96K [0x00000000f5580000, 0x00000000fd800000, 0x0000000100000000)
  eden space 75264K, 0% used [0x00000000f5580000,0x00000000f5580000,0x00000000f9f00000)
  from space 512K, 18% used [0x00000000f9f00000,0x00000000f9f18000,0x00000000f9f80000)
  to   space 29184K, 0% used [0x00000000fbb80000,0x00000000fbb80000,0x00000000fd800000)
 ParOldGen       total 120320K, used 50985K [0x00000000e0000000, 0x00000000e7580000, 0x00000000f5580000)
  object space 120320K, 42% used [0x00000000e0000000,0x00000000e31ca658,0x00000000e7580000)
 Metaspace       used 87062K, capacity 94840K, committed 95192K, reserved 1132544K
  class space    used 10542K, capacity 12895K, committed 13016K, reserved 1048576K
}
Event: 743.474 GC heap before
{Heap before GC invocations=40 (full 15):
 PSYoungGen      total 75776K, used 96K [0x00000000f5580000, 0x00000000fd800000, 0x0000000100000000)
  eden space 75264K, 0% used [0x00000000f5580000,0x00000000f5580000,0x00000000f9f00000)
  from space 512K, 18% used [0x00000000f9f00000,0x00000000f9f18000,0x00000000f9f80000)
  to   space 29184K, 0% used [0x00000000fbb80000,0x00000000fbb80000,0x00000000fd800000)
 ParOldGen       total 120320K, used 50985K [0x00000000e0000000, 0x00000000e7580000, 0x00000000f5580000)
  object space 120320K, 42% used [0x00000000e0000000,0x00000000e31ca658,0x00000000e7580000)
 Metaspace       used 87062K, capacity 94840K, committed 95192K, reserved 1132544K
  class space    used 10542K, capacity 12895K, committed 13016K, reserved 1048576K
Event: 743.649 GC heap after
Heap after GC invocations=40 (full 15):
 PSYoungGen      total 75776K, used 0K [0x00000000f5580000, 0x00000000fd800000, 0x0000000100000000)
  eden space 75264K, 0% used [0x00000000f5580000,0x00000000f5580000,0x00000000f9f00000)
  from space 512K, 0% used [0x00000000f9f00000,0x00000000f9f00000,0x00000000f9f80000)
  to   space 29184K, 0% used [0x00000000fbb80000,0x00000000fbb80000,0x00000000fd800000)
 ParOldGen       total 120320K, used 50987K [0x00000000e0000000, 0x00000000e7580000, 0x00000000f5580000)
  object space 120320K, 42% used [0x00000000e0000000,0x00000000e31cae78,0x00000000e7580000)
 Metaspace       used 87062K, capacity 94840K, committed 95192K, reserved 1132544K
  class space    used 10542K, capacity 12895K, committed 13016K, reserved 1048576K
}

Deoptimization events (10 events):
Event: 754.640 Thread 0x000000001fbe2800 Uncommon trap: reason=unstable_if action=reinterpret pc=0x00000000045ca01c method=org.eclipse.equinox.internal.event.EventHandlerTracker.getHandlers(Ljava/lang/String;)Ljava/util/Set; @ 28
Event: 754.682 Thread 0x0000000015f98800 Uncommon trap: reason=predicate action=maybe_recompile pc=0x0000000003fe12fc method=java.util.Arrays.fill([Ljava/lang/Object;Ljava/lang/Object;)V @ 10
Event: 754.689 Thread 0x000000001fbe2800 Uncommon trap: reason=predicate action=maybe_recompile pc=0x0000000004604c70 method=java.io.OutputStream.write([BII)V @ 62
Event: 754.701 Thread 0x0000000015f98800 Uncommon trap: reason=array_check action=maybe_recompile pc=0x000000000259aeb8 method=java.util.Arrays.fill([Ljava/lang/Object;Ljava/lang/Object;)V @ 13
Event: 754.701 Thread 0x0000000015f98800 Uncommon trap: reason=array_check action=maybe_recompile pc=0x000000000259aeb8 method=java.util.Arrays.fill([Ljava/lang/Object;Ljava/lang/Object;)V @ 13
Event: 754.702 Thread 0x0000000015f98800 Uncommon trap: reason=array_check action=maybe_recompile pc=0x000000000259aeb8 method=java.util.Arrays.fill([Ljava/lang/Object;Ljava/lang/Object;)V @ 13
Event: 754.702 Thread 0x0000000015f98800 Uncommon trap: reason=array_check action=maybe_recompile pc=0x000000000259aeb8 method=java.util.Arrays.fill([Ljava/lang/Object;Ljava/lang/Object;)V @ 13
Event: 754.709 Thread 0x000000001fbe2800 Uncommon trap: reason=unstable_if action=reinterpret pc=0x00000000041c3924 method=org.eclipse.swt.graphics.Resource.dispose()V @ 15
Event: 755.241 Thread 0x000000001fbe2800 Uncommon trap: reason=unstable_if action=reinterpret pc=0x00000000030adddc method=org.eclipse.osgi.internal.hooks.EclipseLazyStarter.shouldActivateFor(Ljava/lang/String;Lorg/eclipse/osgi/container/Module;Lorg/eclipse/osgi/container/ModuleRevision;Lorg/ecli¦‹9¢×š‡@
Event: 755.355 Thread 0x000000001fbe2800 Uncommon trap: reason=unstable_if action=reinterpret pc=0x0000000003206298 method=sun.reflect.UnsafeStaticObjectFieldAccessorImpl.set(Ljava/lang/Object;Ljava/lang/Object;)V @ 13

Internal exceptions (10 events):
Event: 752.027 Thread 0x0000000002368000 Exception <a 'java/io/IOException'> (0x00000000f5ba25e8) thrown at [C:\re\workspace\8-2-build-windows-amd64-cygwin\jdk8u66\5298\hotspot\src\share\vm\prims\jni.cpp, line 709]
Event: 752.196 Thread 0x0000000002368000 Implicit null exception at 0x0000000002c76923 to 0x0000000002c76e91
Event: 753.633 Thread 0x0000000002368000 Implicit null exception at 0x0000000002a89c95 to 0x0000000002a8a0cd
Event: 754.092 Thread 0x0000000002368000 Implicit null exception at 0x0000000003cd9544 to 0x0000000003cd9da1
Event: 754.680 Thread 0x0000000018f7f800 Exception <a 'java/lang/InterruptedException'> (0x00000000f7312af8) thrown at [C:\re\workspace\8-2-build-windows-amd64-cygwin\jdk8u66\5298\hotspot\src\share\vm\runtime\objectMonitor.cpp, line 1683]
Event: 755.314 Thread 0x000000001af26800 Exception <a 'java/lang/InterruptedException'> (0x00000000f6e416d8) thrown at [C:\re\workspace\8-2-build-windows-amd64-cygwin\jdk8u66\5298\hotspot\src\share\vm\runtime\objectMonitor.cpp, line 1683]
Event: 755.355 Thread 0x000000001fbe2800 Implicit null exception at 0x0000000003205e97 to 0x0000000003206285
Event: 755.356 Thread 0x0000000015f98800 Exception <a 'java/lang/InterruptedException'> (0x00000000f76930b8) thrown at [C:\re\workspace\8-2-build-windows-amd64-cygwin\jdk8u66\5298\hotspot\src\share\vm\runtime\objectMonitor.cpp, line 1683]
Event: 755.359 Thread 0x000000001af28000 Exception <a 'java/lang/InterruptedException'> (0x00000000f636e3b8) thrown at [C:\re\workspace\8-2-build-windows-amd64-cygwin\jdk8u66\5298\hotspot\src\share\vm\runtime\objectMonitor.cpp, line 1683]
Event: 755.359 Thread 0x0000000015aff800 Exception <a 'java/lang/InterruptedException'> (0x00000000f786af20) thrown at [C:\re\workspace\8-2-build-windows-amd64-cygwin\jdk8u66\5298\hotspot\src\share\vm\runtime\objectMonitor.cpp, line 1683]

Events (10 events):
Event: 755.381 loading class java/util/IdentityHashMap$KeyIterator done
Event: 755.381 Thread 0x0000000016af9800 Thread added: 0x0000000016af9800
Event: 755.381 Thread 0x000000001fbe5000 Thread exited: 0x000000001fbe5000
Event: 755.388 Executing VM operation: RevokeBias
Event: 755.388 Executing VM operation: RevokeBias done
Event: 755.388 Executing VM operation: RevokeBias
Event: 755.388 Executing VM operation: RevokeBias done
Event: 755.388 Thread 0x0000000016af9800 Thread exited: 0x0000000016af9800
Event: 755.389 Thread 0x00000000137f1000 Thread exited: 0x00000000137f1000
Event: 755.389 Executing VM operation: Exit


Dynamic libraries:
0x0000000000400000 - 0x000000000044f000 	C:\Xilinx\SDK\2016.4\eclipse\win64.o\eclipse.exe
0x0000000076d30000 - 0x0000000076eda000 	C:\Windows\SYSTEM32\ntdll.dll
0x0000000076c10000 - 0x0000000076d2f000 	C:\Windows\system32\kernel32.dll
0x000007fefcc70000 - 0x000007fefccda000 	C:\Windows\system32\KERNELBASE.dll
0x0000000076b10000 - 0x0000000076c0a000 	C:\Windows\system32\USER32.dll
0x000007fefeb00000 - 0x000007fefeb67000 	C:\Windows\system32\GDI32.dll
0x000007fefe8f0000 - 0x000007fefe8fe000 	C:\Windows\system32\LPK.dll
0x000007fefd4a0000 - 0x000007fefd56a000 	C:\Windows\system32\USP10.dll
0x000007fefee10000 - 0x000007fefeeaf000 	C:\Windows\system32\msvcrt.dll
0x000007fefb4c0000 - 0x000007fefb6b4000 	C:\Windows\WinSxS\amd64_microsoft.windows.common-controls_6595b64144ccf1df_6.0.7601.18837_none_fa3b1e3d17594757\COMCTL32.dll
0x000007fefefc0000 - 0x000007feff031000 	C:\Windows\system32\SHLWAPI.dll
0x000007fefeb70000 - 0x000007fefeb9e000 	C:\Windows\system32\IMM32.DLL
0x000007fefeeb0000 - 0x000007fefefb9000 	C:\Windows\system32\MSCTF.dll
0x0000000072000000 - 0x0000000072012000 	C:\Xilinx\SDK\2016.4\eclipse\win64.o\plugins\org.eclipse.equinox.launcher.win32.win32.x86_64_1.1.300.v20150602-1417\eclipse_1611.dll
0x000007fefce20000 - 0x000007fefcefb000 	C:\Windows\system32\ADVAPI32.dll
0x000007fefe900000 - 0x000007fefe91f000 	C:\Windows\SYSTEM32\sechost.dll
0x000007fefcf00000 - 0x000007fefd02d000 	C:\Windows\system32\RPCRT4.dll
0x000007fefbb50000 - 0x000007fefbb5c000 	C:\Windows\system32\VERSION.dll
0x000007fefb1a0000 - 0x000007fefb1f6000 	C:\Windows\system32\uxtheme.dll
0x000007fedfef0000 - 0x000007fedff38000 	C:\Program Files (x86)\TeamViewer\tv_x64.dll
0x000007fefd6b0000 - 0x000007fefe439000 	C:\Windows\system32\SHELL32.dll
0x000007fefec00000 - 0x000007fefee03000 	C:\Windows\system32\ole32.dll
0x00000000500f0000 - 0x0000000050979000 	C:\Xilinx\SDK\2016.4\tps\win64\jre\bin\server\jvm.dll
0x000007feee400000 - 0x000007feee409000 	C:\Windows\system32\WSOCK32.dll
0x000007fefe8a0000 - 0x000007fefe8ed000 	C:\Windows\system32\WS2_32.dll
0x000007fefd410000 - 0x000007fefd418000 	C:\Windows\system32\NSI.dll
0x000007fefa580000 - 0x000007fefa5bb000 	C:\Windows\system32\WINMM.dll
0x0000000076f00000 - 0x0000000076f07000 	C:\Windows\system32\PSAPI.DLL
0x000000006da80000 - 0x000000006db52000 	C:\Windows\system32\MSVCR100.dll
0x0000000071ec0000 - 0x0000000071ecf000 	C:\Xilinx\SDK\2016.4\tps\win64\jre\bin\verify.dll
0x000000005f5a0000 - 0x000000005f5c9000 	C:\Xilinx\SDK\2016.4\tps\win64\jre\bin\java.dll
0x0000000062c70000 - 0x0000000062c86000 	C:\Xilinx\SDK\2016.4\tps\win64\jre\bin\zip.dll
0x000007fefca60000 - 0x000007fefca6f000 	C:\Windows\system32\profapi.dll
0x000007fefc260000 - 0x000007fefc278000 	C:\Windows\system32\CRYPTSP.dll
0x000007fefbf60000 - 0x000007fefbfa7000 	C:\Windows\system32\rsaenh.dll
0x000007fefcae0000 - 0x000007fefcafe000 	C:\Windows\system32\USERENV.dll
0x000007fefc8c0000 - 0x000007fefc8cf000 	C:\Windows\system32\CRYPTBASE.dll
0x000000005bc40000 - 0x000000005bc5a000 	C:\Xilinx\SDK\2016.4\tps\win64\jre\bin\net.dll
0x000007fefc200000 - 0x000007fefc255000 	C:\Windows\system32\mswsock.dll
0x000007fefc1f0000 - 0x000007fefc1f7000 	C:\Windows\System32\wship6.dll
0x000007fef9f80000 - 0x000007fef9fa7000 	C:\Windows\system32\IPHLPAPI.DLL
0x000007fef9f70000 - 0x000007fef9f7b000 	C:\Windows\system32\WINNSI.DLL
0x000007fef9c10000 - 0x000007fef9c21000 	C:\Windows\system32\dhcpcsvc6.DLL
0x000007fef9be0000 - 0x000007fef9bf8000 	C:\Windows\system32\dhcpcsvc.DLL
0x000000005bbd0000 - 0x000000005bbe1000 	C:\Xilinx\SDK\2016.4\tps\win64\jre\bin\nio.dll
0x000007fefd570000 - 0x000007fefd609000 	C:\Windows\system32\CLBCatQ.DLL
0x000007fefd330000 - 0x000007fefd40a000 	C:\Windows\system32\OLEAUT32.dll
0x000007fefa1b0000 - 0x000007fefa1c5000 	C:\Windows\system32\NLAapi.dll
0x000007fefb810000 - 0x000007fefb825000 	C:\Windows\system32\napinsp.dll
0x000007fefb7f0000 - 0x000007fefb809000 	C:\Windows\system32\pnrpnsp.dll
0x000007fefc080000 - 0x000007fefc0db000 	C:\Windows\system32\DNSAPI.dll
0x000007fefb7e0000 - 0x000007fefb7eb000 	C:\Windows\System32\winrnr.dll
0x000007fefbc20000 - 0x000007fefbc27000 	C:\Windows\System32\wshtcpip.dll
0x000007fef2d50000 - 0x000007fef2d58000 	C:\Windows\system32\rasadhlp.dll
0x000007fef9c30000 - 0x000007fef9c83000 	C:\Windows\System32\fwpuclnt.dll
0x0000000015690000 - 0x0000000015738000 	C:\Users\shlab_61\.Xilinx\SDK\2016.4\org.eclipse.osgi\319\0\.cp\swt-win32-4527.dll
0x000007fefd610000 - 0x000007fefd6a7000 	C:\Windows\system32\comdlg32.dll
0x000007fef2b90000 - 0x000007fef2c01000 	C:\Windows\system32\WINSPOOL.DRV
0x000007fefd050000 - 0x000007fefd322000 	C:\Windows\system32\WININET.dll
0x000007fefcce0000 - 0x000007fefcce4000 	C:\Windows\system32\api-ms-win-downlevel-user32-l1-1-0.dll
0x000007fefcad0000 - 0x000007fefcad4000 	C:\Windows\system32\api-ms-win-downlevel-shlwapi-l1-1-0.dll
0x000007fefccf0000 - 0x000007fefccf4000 	C:\Windows\system32\api-ms-win-downlevel-version-l1-1-0.dll
0x000007fefcac0000 - 0x000007fefcac3000 	C:\Windows\system32\api-ms-win-downlevel-normaliz-l1-1-0.dll
0x0000000076ef0000 - 0x0000000076ef3000 	C:\Windows\system32\normaliz.DLL
0x000007fefe440000 - 0x000007fefe709000 	C:\Windows\system32\iertutil.dll
0x000007fefce10000 - 0x000007fefce15000 	C:\Windows\system32\api-ms-win-downlevel-advapi32-l1-1-0.dll
0x000007fefcb00000 - 0x000007fefcc6d000 	C:\Windows\system32\CRYPT32.dll
0x000007fefca70000 - 0x000007fefca7f000 	C:\Windows\system32\MSASN1.dll
0x000007fefac70000 - 0x000007fefac88000 	C:\Windows\system32\dwmapi.dll
0x000007fefb260000 - 0x000007fefb38c000 	C:\Windows\system32\propsys.dll
0x0000000002300000 - 0x000000000231e000 	C:\Users\shlab_61\.Xilinx\SDK\2016.4\org.eclipse.osgi\319\0\.cp\swt-gdip-win32-4527.dll
0x000007feeef30000 - 0x000007feef146000 	C:\Windows\WinSxS\amd64_microsoft.windows.gdiplus_6595b64144ccf1df_1.1.7601.23508_none_145555328b95eaaa\gdiplus.dll
0x000007fefaac0000 - 0x000007fefac21000 	C:\Windows\system32\WindowsCodecs.dll
0x0000000180000000 - 0x0000000180012000 	C:\Users\shlab_61\.Xilinx\SDK\2016.4\org.eclipse.osgi\133\0\.cp\os\win32\x86_64\localfile_1_0_0.dll
0x000007fef2f80000 - 0x000007fef2fd4000 	C:\Windows\system32\oleacc.dll
0x000007fefa7b0000 - 0x000007fefa7b7000 	C:\Windows\system32\msimg32.dll
0x000007fefc9b0000 - 0x000007fefc9c4000 	C:\Windows\system32\RpcRtRemote.dll
0x000007fefc860000 - 0x000007fefc8b7000 	C:\Windows\system32\apphelp.dll
0x000007fefa0c0000 - 0x000007fefa0d1000 	C:\Users\shlab_61\.Xilinx\SDK\2016.4\org.eclipse.osgi\136\0\.cp\jWinHttp-1.0.0.dll
0x000007fef2920000 - 0x000007fef2991000 	C:\Windows\system32\WINHTTP.dll
0x000007fef28b0000 - 0x000007fef2914000 	C:\Windows\system32\webio.dll
0x000007fefc830000 - 0x000007fefc855000 	C:\Windows\system32\SspiCli.dll
0x000007fefbe30000 - 0x000007fefbe3a000 	C:\Windows\system32\credssp.dll
0x000007fefcd20000 - 0x000007fefcd56000 	C:\Windows\system32\CFGMGR32.dll
0x000007fefa010000 - 0x000007fefa01f000 	C:\Xilinx\SDK\2016.4\lib\win64.o\librdi_repo_manager.dll
0x000007fef06a0000 - 0x000007fef06ca000 	C:\Xilinx\SDK\2016.4\lib\win64.o\libisl_sysinfo.dll
0x000007fee12a0000 - 0x000007fee1374000 	C:\Windows\system32\MSVCR110.dll
0x000007fee1170000 - 0x000007fee1217000 	C:\Windows\system32\MSVCP110.dll
0x000007feb9b30000 - 0x000007feba5da000 	C:\Xilinx\SDK\2016.4\lib\win64.o\librdi_common.dll
0x000007febad20000 - 0x000007febb08e000 	C:\Xilinx\SDK\2016.4\lib\win64.o\libCOIN-all.dll
0x000007febab00000 - 0x000007febad1f000 	C:\Xilinx\SDK\2016.4\lib\win64.o\libXil_lmgr11.dll
0x000007fefa960000 - 0x000007fefa976000 	C:\Windows\system32\NETAPI32.dll
0x000007fefa950000 - 0x000007fefa95c000 	C:\Windows\system32\netutils.dll
0x000007fefc500000 - 0x000007fefc523000 	C:\Windows\system32\srvcli.dll
0x000007fefa930000 - 0x000007fefa945000 	C:\Windows\system32\wkscli.dll
0x000007fefca80000 - 0x000007fefcabb000 	C:\Windows\system32\WINTRUST.dll
0x000007fefa000000 - 0x000007fefa010000 	C:\Xilinx\SDK\2016.4\lib\win64.o\libboost_date_time.dll
0x000007feeac70000 - 0x000007feeac94000 	C:\Xilinx\SDK\2016.4\lib\win64.o\libboost_filesystem.dll
0x000007fef53f0000 - 0x000007fef53f9000 	C:\Xilinx\SDK\2016.4\lib\win64.o\libboost_system.dll
0x000007fedd630000 - 0x000007fedd6a7000 	C:\Xilinx\SDK\2016.4\lib\win64.o\libboost_program_options.dll
0x000007feba9f0000 - 0x000007febaaf6000 	C:\Xilinx\SDK\2016.4\lib\win64.o\libboost_regex.dll
0x000007feeaa20000 - 0x000007feeaa33000 	C:\Xilinx\SDK\2016.4\lib\win64.o\libboost_signals.dll
0x000007feeaa00000 - 0x000007feeaa1d000 	C:\Xilinx\SDK\2016.4\lib\win64.o\libboost_thread.dll
0x000007feefd30000 - 0x000007feefd3b000 	C:\Xilinx\SDK\2016.4\lib\win64.o\libboost_chrono.dll
0x000007feec2b0000 - 0x000007feec2bb000 	C:\Xilinx\SDK\2016.4\lib\win64.o\libboost_xilinx.dll
0x000007fedf720000 - 0x000007fedf7a0000 	C:\Xilinx\SDK\2016.4\lib\win64.o\libhdlpsolve.dll
0x000007feba950000 - 0x000007feba9ea000 	C:\Xilinx\SDK\2016.4\lib\win64.o\libhdxml.dll
0x000007feb9760000 - 0x000007feb9b29000 	C:\Xilinx\SDK\2016.4\lib\win64.o\libisl_iostreams.dll
0x000007fee8290000 - 0x000007fee82a6000 	C:\Xilinx\SDK\2016.4\lib\win64.o\libboost_iostreams.dll
0x000007fee7c90000 - 0x000007fee7caf000 	C:\Xilinx\SDK\2016.4\lib\win64.o\librdizlib.dll
0x000007fedff70000 - 0x000007fedff93000 	C:\Xilinx\SDK\2016.4\lib\win64.o\libisl_iosutils.dll
0x000007fee2750000 - 0x000007fee2765000 	C:\Xilinx\SDK\2016.4\lib\win64.o\pthreadVC2.dll
0x000007fedd3c0000 - 0x000007fedd413000 	C:\Xilinx\SDK\2016.4\lib\win64.o\librdi_commonxillic.dll
0x000007feba820000 - 0x000007feba950000 	C:\Xilinx\SDK\2016.4\lib\win64.o\librdi_curl.dll
0x000007fedff50000 - 0x000007fedff68000 	C:\Xilinx\SDK\2016.4\lib\win64.o\librdiconfig.dll
0x0000000077da0000 - 0x0000000077ec7000 	C:\Xilinx\SDK\2016.4\lib\win64.o\tcl85t.dll
0x0000000024470000 - 0x00000000246d3000 	C:\Xilinx\SDK\2016.4\lib\win64.o\xerces-c_3_1.dll
0x000007fefe710000 - 0x000007fefe896000 	C:\Windows\system32\urlmon.dll
0x000007fefcd60000 - 0x000007fefcd64000 	C:\Windows\system32\api-ms-win-downlevel-ole32-l1-1-0.dll
0x000007feea7f0000 - 0x000007feea813000 	C:\Windows\system32\VCOMP110.DLL
0x000007feba620000 - 0x000007feba818000 	C:\Xilinx\SDK\2016.4\lib\win64.o\librdi_hsm.dll
0x000007fedd5e0000 - 0x000007fedd623000 	C:\Xilinx\SDK\2016.4\lib\win64.o\librdi_hdf.dll
0x000007feb9490000 - 0x000007feb9758000 	C:\Xilinx\SDK\2016.4\lib\win64.o\librdi_ippcw.dll
0x000007fedf700000 - 0x000007fedf716000 	C:\Xilinx\SDK\2016.4\eclipse\win64.o\plugins\org.eclipse.cdt.core.win32.x86_64_5.4.0.201509131935\os\win32\x86_64\spawner.dll
0x000007feec0b0000 - 0x000007feec0ba000 	C:\Xilinx\SDK\2016.4\lib\win64.o\librdi_jtag_settings.dll
0x000007fedd350000 - 0x000007fedd379000 	C:\Xilinx\SDK\2016.4\lib\win64.o\librdi_debug_dialog.dll
0x000007feeb250000 - 0x000007feeb258000 	C:\Xilinx\SDK\2016.4\lib\win64.o\librdi_target_manager.dll
0x0000000071080000 - 0x00000000710a6000 	C:\Xilinx\SDK\2016.4\eclipse\win64.o\plugins\gnu.io.rxtx.win32.x86_64_2.1.7.3_v20071015\os\win32\x86_64\rxtxSerial.dll

VM Arguments:
jvm_args: -Dcom.xilinx.sdk.args.hwspec=C:/Users/shlab_61/Desktop/0619_lab/0316303_0619/0316303_0619.sdk/lab6_wrapper.hdf -Xms64m -Xmx512m & 
java_command: <unknown>
java_class_path (initial): C:\Xilinx\SDK\2016.4\eclipse\win64.o\\plugins/org.eclipse.equinox.launcher_1.3.100.v20150511-1540.jar
Launcher Type: generic

Environment Variables:
PATH=C:/Xilinx/SDK/2016.4/tps/win64/jre/bin/server;C:/Xilinx/SDK/2016.4/tps/win64/jre/bin;C:/Xilinx/SDK/2016.4/tps/win64/jre/lib/amd64;C:\Xilinx\SDK\2016.4\gnuwin\bin;C:\Xilinx\SDK\2016.4\gnu\microblaze\nt\bin;C:\Xilinx\SDK\2016.4\gnu\microblaze\linux_toolchain\nt64_le\bin;C:\Xilinx\SDK\2016.4\gnu\microblaze\linux_toolchain\nt64_be\bin;C:\Xilinx\SDK\2016.4\gnu\arm\nt\bin;C:\Xilinx\SDK\2016.4\gnu\aarch64\nt\aarch64-none\bin;C:\Xilinx\SDK\2016.4\gnu\aarch64\nt\aarch64-linux\bin;C:\Xilinx\SDK\2016.4\gnu\armr5\nt\gcc-arm-none-eabi\bin;C:\Xilinx\SDK\2016.4\gnu\aarch32\nt\gcc-arm-none-eabi\bin;C:\Xilinx\SDK\2016.4\gnu\aarch32\nt\gcc-arm-linux-gnueabi\bin;C:\Xilinx\SDK\2016.4\tps\win64\cmake-3.3.2\bin;;C:\Xilinx\SDK\2016.4\bin;C:\Xilinx\SDK\2016.4\lib\win64.o;C:\Xilinx\SDK\2016.4\tps\win64\jre\bin\server;C:\Xilinx\SDK\2016.4\tps\win64\jre\bin;C:\Xilinx\Vivado\2016.4\ids_lite\ISE\bin\nt64;C:\Xilinx\Vivado\2016.4\ids_lite\ISE\lib\nt64;C:\Xilinx\Vivado\2016.4\bin;C:\Xilinx\Vivado\2016.4\lib\win64.o;C:\Xilinx\Vivado\2016.4\tps\win64\jre\bin\server;C:\Xilinx\Vivado\2016.4\tps\win64\jre\bin;C:\Xilinx\Vivado_HLS\2016.4\bin;C:\ProgramData\Oracle\Java\javapath;C:\Windows\system32;C:\Windows;C:\Windows\System32\Wbem;C:\Windows\System32\WindowsPowerShell\v1.0\;C:\Program Files (x86)\Intel\OpenCL SDK\2.0\bin\x86;C:\Program Files (x86)\Intel\OpenCL SDK\2.0\bin\x64;C:\Users\shlab_61\Desktop\0619_lab\0316303_0619;
USERNAME=shlab_61
OS=Windows_NT
PROCESSOR_IDENTIFIER=Intel64 Family 6 Model 58 Stepping 9, GenuineIntel



---------------  S Y S T E M  ---------------

OS: Windows 7 , 64 bit Build 7601 (6.1.7601.23539)

CPU:total 4 (2 cores per cpu, 2 threads per core) family 6 model 58 stepping 9, cmov, cx8, fxsr, mmx, sse, sse2, sse3, ssse3, sse4.1, sse4.2, popcnt, avx, clmul, erms, ht, tsc, tscinvbit, tscinv

Memory: 4k page, physical 16462528k(11029400k free), swap 32923196k(24839372k free)

vm_info: Java HotSpot(TM) 64-Bit Server VM (25.66-b18) for windows-amd64 JRE (1.8.0_66-b18), built on Nov  9 2015 10:51:13 by "java_re" with MS VC++ 10.0 (VS2010)

time: Mon Jun 19 21:35:02 2017
elapsed time: 755 seconds (0d 0h 12m 35s)

