#
# A fatal error has been detected by the Java Runtime Environment:
#
#  EXCEPTION_UNCAUGHT_CXX_EXCEPTION (0xe06d7363) at pc=0x000007fefd1ea06d, pid=5272, tid=8780
#
# JRE version: Java(TM) SE Runtime Environment (8.0_66-b18) (build 1.8.0_66-b18)
# Java VM: Java HotSpot(TM) 64-Bit Server VM (25.66-b18 mixed mode windows-amd64 compressed oops)
# Problematic frame:
# C  [KERNELBASE.dll+0x1a06d]
#
# Failed to write core dump. Minidumps are not enabled by default on client versions of Windows
#
# If you would like to submit a bug report, please visit:
#   http://bugreport.java.com/bugreport/crash.jsp
#

---------------  T H R E A D  ---------------

Current thread (0x0000000013b3a800):  VMThread [stack: 0x0000000014ba0000,0x0000000014ca0000] [id=8780]

siginfo: ExceptionCode=0xe06d7363, ExceptionInformation=0x0000000019930520 0x0000000014c9f4c8 0x000007feea342cb8 0x000007feea290000 

Registers:
RAX=0x000000006200ef95, RBX=0x000007feea342cb8, RCX=0x0000000014c9ed10, RDX=0x00000000000000d0
RSP=0x0000000014c9f320, RBP=0x0000000014c9f450, RSI=0x00000000ffffffff, RDI=0x0000000016390d50
R8 =0x0000000000000000, R9 =0x0000000000000000, R10=0x000007feea290000, R11=0x0000000014c9f360
R12=0x0000000000000001, R13=0x0000000000000008, R14=0x0000000000000000, R15=0xffffffffffffffff
RIP=0x000007fefd1ea06d, EFLAGS=0x0000000000000206

Top of Stack: (sp=0x0000000014c9f320)
0x0000000014c9f320:   000007feea342cb8 00000000ffffffff
0x0000000014c9f330:   0000000016390d50 00000000002401e0
0x0000000014c9f340:   00000001e06d7363 0000000000000000
0x0000000014c9f350:   000007fefd1ea06d 000007fe00000004
0x0000000014c9f360:   0000000019930520 0000000014c9f4c8
0x0000000014c9f370:   000007feea342cb8 000007feea290000
0x0000000014c9f380:   0000000000000000 0000000014c9f408
0x0000000014c9f390:   0000000000000028 0000000016390d40
0x0000000014c9f3a0:   00000000163eaf90 0000000000000000
0x0000000014c9f3b0:   000007fffffd3000 00000000772ff4e3
0x0000000014c9f3c0:   0000000000000000 0000000000000008
0x0000000014c9f3d0:   0000000000000001 0000000016390d50
0x0000000014c9f3e0:   00000000ffffffff 000007feea2ee92c
0x0000000014c9f3f0:   000007feea342cb8 0000000014c9f460
0x0000000014c9f400:   0000000000000001 000007feea2900f8
0x0000000014c9f410:   00000001e06d7363 0000000000000000 

Instructions: (pc=0x000007fefd1ea06d)
0x000007fefd1ea04d:   54 24 24 48 89 4c 24 28 4d 85 c9 0f 85 6a 03 00
0x000007fefd1ea05d:   00 89 4c 24 38 48 8d 4c 24 20 ff 15 33 02 03 00
0x000007fefd1ea06d:   48 81 c4 c8 00 00 00 c3 90 90 90 90 90 90 90 90
0x000007fefd1ea07d:   90 90 90 48 83 ec 28 65 48 8b 04 25 30 00 00 00 


Register to memory mapping:

RAX=0x000000006200ef95 is an unknown value
RBX=0x000007feea342cb8 is an unknown value
RCX=0x0000000014c9ed10 is an unknown value
RDX=0x00000000000000d0 is an unknown value
RSP=0x0000000014c9f320 is an unknown value
RBP=0x0000000014c9f450 is an unknown value
RSI=0x00000000ffffffff is an unallocated location in the heap
RDI=0x0000000016390d50 is an unknown value
R8 =0x0000000000000000 is an unknown value
R9 =0x0000000000000000 is an unknown value
R10=0x000007feea290000 is an unknown value
R11=0x0000000014c9f360 is an unknown value
R12=0x0000000000000001 is an unknown value
R13=0x0000000000000008 is an unknown value
R14=0x0000000000000000 is an unknown value
R15=0xffffffffffffffff is an unknown value


Stack: [0x0000000014ba0000,0x0000000014ca0000],  sp=0x0000000014c9f320,  free space=1020k
Native frames: (J=compiled Java code, j=interpreted, Vv=VM code, C=native code)
C  [KERNELBASE.dll+0x1a06d]
C  [MSVCR110.dll+0x5e92c]
C  [MSVCR110.dll+0x1315c]
C  [MSVCR110.dll+0x136a9]
C  [MSVCR110.dll+0x13e9c]
C  [MSVCR110.dll+0x239e]
C  [MSVCR110.dll+0xaf9e]
C  [MSVCP110.dll+0x397b9]
C  [librdi_common.dll+0x183a66]
C  [librdi_common.dll+0x1826fb]
C  [librdi_target_manager.dll+0x2400]
C  [librdi_target_manager.dll+0x2682]
C  [ntdll.dll+0x22ac1]
C  [ntdll.dll+0x228d0]
C  [MSVCR100.dll+0x20ccd]
V  [jvm.dll+0x210cc5]
V  [jvm.dll+0x249897]
V  [jvm.dll+0x248b36]
V  [jvm.dll+0x248fd1]
V  [jvm.dll+0x2491ee]
V  [jvm.dll+0x29a0fa]
C  [MSVCR100.dll+0x21d9f]
C  [MSVCR100.dll+0x21e3b]
C  [kernel32.dll+0x159cd]
C  [ntdll.dll+0x2a561]

VM_Operation (0x000000000012f4c0): Exit, mode: safepoint, requested by thread 0x0000000002518000


---------------  P R O C E S S  ---------------

Java Threads: ( => current thread )
  0x0000000016d7f000 JavaThread "Spawner Reaper" daemon [_thread_in_native, id=8172, stack(0x0000000029050000,0x0000000029150000)]
  0x0000000016d80000 JavaThread "pool-2-thread-4" [_thread_blocked, id=3556, stack(0x0000000026230000,0x0000000026330000)]
  0x000000001b8c6000 JavaThread "pool-2-thread-3" [_thread_blocked, id=7140, stack(0x0000000025e30000,0x0000000025f30000)]
  0x0000000016d7b000 JavaThread "pool-2-thread-2" [_thread_blocked, id=5056, stack(0x0000000028e50000,0x0000000028f50000)]
  0x0000000016d7c000 JavaThread "pool-2-thread-1" [_thread_blocked, id=6112, stack(0x0000000028750000,0x0000000028850000)]
  0x00000000197b3000 JavaThread "Thread-35" daemon [_thread_blocked, id=5360, stack(0x0000000028350000,0x0000000028450000)]
  0x0000000019514800 JavaThread "TCF Channel Transmitter" daemon [_thread_blocked, id=4668, stack(0x0000000023650000,0x0000000023750000)]
  0x000000001b8ca800 JavaThread "TCF Channel Receiver" daemon [_thread_in_native, id=8312, stack(0x0000000023550000,0x0000000023650000)]
  0x0000000019513800 JavaThread "Process monitor" daemon [_thread_in_native, id=4032, stack(0x0000000026cf0000,0x0000000026df0000)]
  0x0000000019513000 JavaThread "Input Stream Monitor" daemon [_thread_blocked, id=4464, stack(0x0000000026bf0000,0x0000000026cf0000)]
  0x0000000019512000 JavaThread "Output Stream Monitor" daemon [_thread_in_native, id=4152, stack(0x0000000026af0000,0x0000000026bf0000)]
  0x0000000019511800 JavaThread "Output Stream Monitor" daemon [_thread_in_native, id=5428, stack(0x00000000269f0000,0x0000000026af0000)]
  0x0000000014f46800 JavaThread "TCF Locator DNS Lookup" daemon [_thread_blocked, id=8236, stack(0x0000000023040000,0x0000000023140000)]
  0x0000000014f46000 JavaThread "TCF Locator Timer" daemon [_thread_blocked, id=8132, stack(0x0000000022f40000,0x0000000023040000)]
  0x0000000014f45000 JavaThread "TCF Locator Receiver" daemon [_thread_blocked, id=8564, stack(0x0000000022e40000,0x0000000022f40000)]
  0x0000000014f43800 JavaThread "TCF Timer Dispatcher" daemon [_thread_blocked, id=8440, stack(0x000000001bf10000,0x000000001c010000)]
  0x0000000014f3f000 JavaThread "EMF Reference Cleaner" daemon [_thread_blocked, id=7928, stack(0x00000000185f0000,0x00000000186f0000)]
  0x0000000014f38800 JavaThread "Service Thread" daemon [_thread_blocked, id=5488, stack(0x00000000157a0000,0x00000000158a0000)]
  0x0000000014ed3000 JavaThread "C1 CompilerThread2" daemon [_thread_blocked, id=5560, stack(0x00000000156a0000,0x00000000157a0000)]
  0x0000000014ec8000 JavaThread "C2 CompilerThread1" daemon [_thread_blocked, id=6432, stack(0x00000000155a0000,0x00000000156a0000)]
  0x0000000013baf000 JavaThread "C2 CompilerThread0" daemon [_thread_blocked, id=2612, stack(0x00000000154a0000,0x00000000155a0000)]
  0x0000000014eaa800 JavaThread "Attach Listener" daemon [_thread_blocked, id=8772, stack(0x00000000153a0000,0x00000000154a0000)]
  0x0000000013b47000 JavaThread "Finalizer" daemon [_thread_blocked, id=3992, stack(0x0000000014da0000,0x0000000014ea0000)]
  0x0000000013b40000 JavaThread "Reference Handler" daemon [_thread_blocked, id=8828, stack(0x0000000014ca0000,0x0000000014da0000)]
  0x0000000002518000 JavaThread "main" [_thread_blocked, id=8252, stack(0x0000000000030000,0x0000000000130000)]

Other Threads:
=>0x0000000013b3a800 VMThread [stack: 0x0000000014ba0000,0x0000000014ca0000] [id=8780]

VM state:at safepoint (shutting down)

VM Mutex/Monitor currently owned by a thread:  ([mutex/lock_event])
[0x00000000028ee330] Threads_lock - owner thread: 0x0000000013b3a800

Heap:
 PSYoungGen      total 111616K, used 31738K [0x00000000f5580000, 0x00000000fdf80000, 0x0000000100000000)
  eden space 84992K, 37% used [0x00000000f5580000,0x00000000f747ebb8,0x00000000fa880000)
  from space 26624K, 0% used [0x00000000fc580000,0x00000000fc580000,0x00000000fdf80000)
  to   space 28160K, 0% used [0x00000000fa880000,0x00000000fa880000,0x00000000fc400000)
 ParOldGen       total 113664K, used 45364K [0x00000000e0000000, 0x00000000e6f00000, 0x00000000f5580000)
  object space 113664K, 39% used [0x00000000e0000000,0x00000000e2c4d090,0x00000000e6f00000)
 Metaspace       used 82842K, capacity 90478K, committed 90904K, reserved 1128448K
  class space    used 9883K, capacity 12276K, committed 12336K, reserved 1048576K

Card table byte_map: [0x0000000002700000,0x0000000002810000] byte_map_base: 0x0000000002000000

Marking Bits: (ParMarkBitMap*) 0x0000000064eea5b0
 Begin Bits: [0x00000000120b0000, 0x00000000128b0000)
 End Bits:   [0x00000000128b0000, 0x00000000130b0000)

Polling page: 0x0000000000340000

CodeCache: size=245760Kb used=32358Kb max_used=32650Kb free=213401Kb
 bounds [0x00000000028f0000, 0x0000000004910000, 0x00000000118f0000]
 total_blobs=9746 nmethods=8859 adapters=794
 compilation: enabled

Compilation events (10 events):
Event: 581.529 Thread 0x0000000014ed3000 10996       3       java.util.TimSort::mergeLo (659 bytes)
Event: 581.530 Thread 0x0000000013baf000 11007       4       org.eclipse.osgi.container.ModuleDatabase::readUnlock (11 bytes)
Event: 581.531 Thread 0x0000000014ec8000 nmethod 10995 0x0000000002aa96d0 code [0x0000000002aa9820, 0x0000000002aa9a58]
Event: 581.533 Thread 0x0000000014ed3000 nmethod 10996 0x0000000003ecc410 code [0x0000000003ecc740, 0x0000000003ece8d8]
Event: 581.533 Thread 0x0000000014ed3000 10997       3       org.eclipse.osgi.container.Module::holdsTransitionEventLock (25 bytes)
Event: 581.534 Thread 0x0000000014ed3000 nmethod 10997 0x0000000002b72490 code [0x0000000002b72620, 0x0000000002b72d48]
Event: 581.534 Thread 0x0000000014ed3000 10998       3       org.eclipse.osgi.container.ModuleWiring::unload (6 bytes)
Event: 581.535 Thread 0x0000000014ed3000 nmethod 10998 0x0000000003123e90 code [0x0000000003124000, 0x0000000003124188]
Event: 581.535 Thread 0x0000000014ed3000 10999       3       org.eclipse.osgi.container.ModuleWiring::invalidate0 (52 bytes)
Event: 581.535 Thread 0x0000000014ed3000 nmethod 10999 0x000000000328a010 code [0x000000000328a1c0, 0x000000000328ab68]

GC Heap History (10 events):
Event: 442.285 GC heap before
{Heap before GC invocations=30 (full 10):
 PSYoungGen      total 114176K, used 2449K [0x00000000f5580000, 0x00000000fe380000, 0x0000000100000000)
  eden space 84992K, 0% used [0x00000000f5580000,0x00000000f5580000,0x00000000fa880000)
  from space 29184K, 8% used [0x00000000fc700000,0x00000000fc9647f8,0x00000000fe380000)
  to   space 30208K, 0% used [0x00000000fa880000,0x00000000fa880000,0x00000000fc600000)
 ParOldGen       total 113664K, used 57492K [0x00000000e0000000, 0x00000000e6f00000, 0x00000000f5580000)
  object space 113664K, 50% used [0x00000000e0000000,0x00000000e3825140,0x00000000e6f00000)
 Metaspace       used 81746K, capacity 89180K, committed 89368K, reserved 1126400K
  class space    used 9794K, capacity 12069K, committed 12080K, reserved 1048576K
Event: 442.453 GC heap after
Heap after GC invocations=30 (full 10):
 PSYoungGen      total 114176K, used 0K [0x00000000f5580000, 0x00000000fe380000, 0x0000000100000000)
  eden space 84992K, 0% used [0x00000000f5580000,0x00000000f5580000,0x00000000fa880000)
  from space 29184K, 0% used [0x00000000fc700000,0x00000000fc700000,0x00000000fe380000)
  to   space 30208K, 0% used [0x00000000fa880000,0x00000000fa880000,0x00000000fc600000)
 ParOldGen       total 113664K, used 57901K [0x00000000e0000000, 0x00000000e6f00000, 0x00000000f5580000)
  object space 113664K, 50% used [0x00000000e0000000,0x00000000e388b768,0x00000000e6f00000)
 Metaspace       used 81746K, capacity 89180K, committed 89368K, reserved 1126400K
  class space    used 9794K, capacity 12069K, committed 12080K, reserved 1048576K
}
Event: 502.290 GC heap before
{Heap before GC invocations=31 (full 10):
 PSYoungGen      total 114176K, used 9463K [0x00000000f5580000, 0x00000000fe380000, 0x0000000100000000)
  eden space 84992K, 11% used [0x00000000f5580000,0x00000000f5ebdcf8,0x00000000fa880000)
  from space 29184K, 0% used [0x00000000fc700000,0x00000000fc700000,0x00000000fe380000)
  to   space 30208K, 0% used [0x00000000fa880000,0x00000000fa880000,0x00000000fc600000)
 ParOldGen       total 113664K, used 57901K [0x00000000e0000000, 0x00000000e6f00000, 0x00000000f5580000)
  object space 113664K, 50% used [0x00000000e0000000,0x00000000e388b768,0x00000000e6f00000)
 Metaspace       used 81865K, capacity 89442K, committed 89624K, reserved 1126400K
  class space    used 9806K, capacity 12070K, committed 12080K, reserved 1048576K
Event: 502.296 GC heap after
Heap after GC invocations=31 (full 10):
 PSYoungGen      total 85504K, used 440K [0x00000000f5580000, 0x00000000fe280000, 0x0000000100000000)
  eden space 84992K, 0% used [0x00000000f5580000,0x00000000f5580000,0x00000000fa880000)
  from space 512K, 85% used [0x00000000fa880000,0x00000000fa8ee110,0x00000000fa900000)
  to   space 29696K, 0% used [0x00000000fc580000,0x00000000fc580000,0x00000000fe280000)
 ParOldGen       total 113664K, used 57909K [0x00000000e0000000, 0x00000000e6f00000, 0x00000000f5580000)
  object space 113664K, 50% used [0x00000000e0000000,0x00000000e388d768,0x00000000e6f00000)
 Metaspace       used 81865K, capacity 89442K, committed 89624K, reserved 1126400K
  class space    used 9806K, capacity 12070K, committed 12080K, reserved 1048576K
}
Event: 502.296 GC heap before
{Heap before GC invocations=32 (full 11):
 PSYoungGen      total 85504K, used 440K [0x00000000f5580000, 0x00000000fe280000, 0x0000000100000000)
  eden space 84992K, 0% used [0x00000000f5580000,0x00000000f5580000,0x00000000fa880000)
  from space 512K, 85% used [0x00000000fa880000,0x00000000fa8ee110,0x00000000fa900000)
  to   space 29696K, 0% used [0x00000000fc580000,0x00000000fc580000,0x00000000fe280000)
 ParOldGen       total 113664K, used 57909K [0x00000000e0000000, 0x00000000e6f00000, 0x00000000f5580000)
  object space 113664K, 50% used [0x00000000e0000000,0x00000000e388d768,0x00000000e6f00000)
 Metaspace       used 81865K, capacity 89442K, committed 89624K, reserved 1126400K
  class space    used 9806K, capacity 12070K, committed 12080K, reserved 1048576K
Event: 502.578 GC heap after
Heap after GC invocations=32 (full 11):
 PSYoungGen      total 85504K, used 0K [0x00000000f5580000, 0x00000000fe280000, 0x0000000100000000)
  eden space 84992K, 0% used [0x00000000f5580000,0x00000000f5580000,0x00000000fa880000)
  from space 512K, 0% used [0x00000000fa880000,0x00000000fa880000,0x00000000fa900000)
  to   space 29696K, 0% used [0x00000000fc580000,0x00000000fc580000,0x00000000fe280000)
 ParOldGen       total 113664K, used 45526K [0x00000000e0000000, 0x00000000e6f00000, 0x00000000f5580000)
  object space 113664K, 40% used [0x00000000e0000000,0x00000000e2c75a00,0x00000000e6f00000)
 Metaspace       used 81802K, capacity 89336K, committed 89624K, reserved 1126400K
  class space    used 9795K, capacity 12049K, committed 12080K, reserved 1048576K
}
Event: 573.574 GC heap before
{Heap before GC invocations=33 (full 11):
 PSYoungGen      total 85504K, used 82572K [0x00000000f5580000, 0x00000000fe280000, 0x0000000100000000)
  eden space 84992K, 97% used [0x00000000f5580000,0x00000000fa6232c0,0x00000000fa880000)
  from space 512K, 0% used [0x00000000fa880000,0x00000000fa880000,0x00000000fa900000)
  to   space 29696K, 0% used [0x00000000fc580000,0x00000000fc580000,0x00000000fe280000)
 ParOldGen       total 113664K, used 45526K [0x00000000e0000000, 0x00000000e6f00000, 0x00000000f5580000)
  object space 113664K, 40% used [0x00000000e0000000,0x00000000e2c75a00,0x00000000e6f00000)
 Metaspace       used 82057K, capacity 89668K, committed 89880K, reserved 1126400K
  class space    used 9796K, capacity 12051K, committed 12080K, reserved 1048576K
Event: 573.584 GC heap after
Heap after GC invocations=33 (full 11):
 PSYoungGen      total 111616K, used 2897K [0x00000000f5580000, 0x00000000fdf80000, 0x0000000100000000)
  eden space 84992K, 0% used [0x00000000f5580000,0x00000000f5580000,0x00000000fa880000)
  from space 26624K, 10% used [0x00000000fc580000,0x00000000fc854420,0x00000000fdf80000)
  to   space 28160K, 0% used [0x00000000fa880000,0x00000000fa880000,0x00000000fc400000)
 ParOldGen       total 113664K, used 45534K [0x00000000e0000000, 0x00000000e6f00000, 0x00000000f5580000)
  object space 113664K, 40% used [0x00000000e0000000,0x00000000e2c77a00,0x00000000e6f00000)
 Metaspace       used 82057K, capacity 89668K, committed 89880K, reserved 1126400K
  class space    used 9796K, capacity 12051K, committed 12080K, reserved 1048576K
}
Event: 573.584 GC heap before
{Heap before GC invocations=34 (full 12):
 PSYoungGen      total 111616K, used 2897K [0x00000000f5580000, 0x00000000fdf80000, 0x0000000100000000)
  eden space 84992K, 0% used [0x00000000f5580000,0x00000000f5580000,0x00000000fa880000)
  from space 26624K, 10% used [0x00000000fc580000,0x00000000fc854420,0x00000000fdf80000)
  to   space 28160K, 0% used [0x00000000fa880000,0x00000000fa880000,0x00000000fc400000)
 ParOldGen       total 113664K, used 45534K [0x00000000e0000000, 0x00000000e6f00000, 0x00000000f5580000)
  object space 113664K, 40% used [0x00000000e0000000,0x00000000e2c77a00,0x00000000e6f00000)
 Metaspace       used 82057K, capacity 89668K, committed 89880K, reserved 1126400K
  class space    used 9796K, capacity 12051K, committed 12080K, reserved 1048576K
Event: 573.850 GC heap after
Heap after GC invocations=34 (full 12):
 PSYoungGen      total 111616K, used 0K [0x00000000f5580000, 0x00000000fdf80000, 0x0000000100000000)
  eden space 84992K, 0% used [0x00000000f5580000,0x00000000f5580000,0x00000000fa880000)
  from space 26624K, 0% used [0x00000000fc580000,0x00000000fc580000,0x00000000fdf80000)
  to   space 28160K, 0% used [0x00000000fa880000,0x00000000fa880000,0x00000000fc400000)
 ParOldGen       total 113664K, used 45364K [0x00000000e0000000, 0x00000000e6f00000, 0x00000000f5580000)
  object space 113664K, 39% used [0x00000000e0000000,0x00000000e2c4d090,0x00000000e6f00000)
 Metaspace       used 82057K, capacity 89668K, committed 89880K, reserved 1126400K
  class space    used 9796K, capacity 12051K, committed 12080K, reserved 1048576K
}

Deoptimization events (10 events):
Event: 580.894 Thread 0x0000000014f3a800 Uncommon trap: reason=predicate action=maybe_recompile pc=0x000000000364317c method=java.util.Arrays.fill([Ljava/lang/Object;Ljava/lang/Object;)V @ 10
Event: 580.901 Thread 0x0000000014f3a800 Uncommon trap: reason=array_check action=maybe_recompile pc=0x000000000409cdd8 method=java.util.Arrays.fill([Ljava/lang/Object;Ljava/lang/Object;)V @ 13
Event: 580.901 Thread 0x0000000014f3a800 Uncommon trap: reason=array_check action=maybe_recompile pc=0x000000000409cdd8 method=java.util.Arrays.fill([Ljava/lang/Object;Ljava/lang/Object;)V @ 13
Event: 580.901 Thread 0x0000000014f3a800 Uncommon trap: reason=array_check action=maybe_recompile pc=0x000000000409cdd8 method=java.util.Arrays.fill([Ljava/lang/Object;Ljava/lang/Object;)V @ 13
Event: 580.901 Thread 0x0000000014f3a800 Uncommon trap: reason=array_check action=maybe_recompile pc=0x000000000409cdd8 method=java.util.Arrays.fill([Ljava/lang/Object;Ljava/lang/Object;)V @ 13
Event: 580.902 Thread 0x0000000014f47800 Uncommon trap: reason=unstable_if action=reinterpret pc=0x0000000004242b34 method=sun.nio.cs.UTF_8$Encoder.encodeArrayLoop(Ljava/nio/CharBuffer;Ljava/nio/ByteBuffer;)Ljava/nio/charset/CoderResult; @ 87
Event: 581.441 Thread 0x0000000014f47800 Uncommon trap: reason=unstable_if action=reinterpret pc=0x00000000034d8194 method=org.eclipse.osgi.internal.hooks.EclipseLazyStarter.shouldActivateFor(Ljava/lang/String;Lorg/eclipse/osgi/container/Module;Lorg/eclipse/osgi/container/ModuleRevision;Lorg/eclicµ‰®ç+Ç@
Event: 581.444 Thread 0x000000001b8c5000 Uncommon trap: reason=unstable_if action=reinterpret pc=0x000000000461fa84 method=org.eclipse.core.internal.jobs.JobManager.startJob(Lorg/eclipse/core/internal/jobs/Worker;)Lorg/eclipse/core/runtime/jobs/Job; @ 20
Event: 581.495 Thread 0x000000001b8c5000 Uncommon trap: reason=unstable_if action=reinterpret pc=0x000000000461a360 method=org.eclipse.core.internal.jobs.JobManager.nextJob()Lorg/eclipse/core/runtime/jobs/Job; @ 80
Event: 581.518 Thread 0x0000000014f47800 Uncommon trap: reason=unstable_if action=reinterpret pc=0x0000000003759aa4 method=sun.reflect.UnsafeStaticObjectFieldAccessorImpl.set(Ljava/lang/Object;Ljava/lang/Object;)V @ 13

Internal exceptions (10 events):
Event: 579.157 Thread 0x0000000002518000 Exception <a 'java/io/IOException'> (0x00000000f59d57f8) thrown at [C:\re\workspace\8-2-build-windows-amd64-cygwin\jdk8u66\5298\hotspot\src\share\vm\prims\jni.cpp, line 709]
Event: 579.157 Thread 0x0000000002518000 Exception <a 'java/io/IOException'> (0x00000000f59d5e88) thrown at [C:\re\workspace\8-2-build-windows-amd64-cygwin\jdk8u66\5298\hotspot\src\share\vm\prims\jni.cpp, line 709]
Event: 579.157 Thread 0x0000000002518000 Exception <a 'java/io/IOException'> (0x00000000f5a1a6f0) thrown at [C:\re\workspace\8-2-build-windows-amd64-cygwin\jdk8u66\5298\hotspot\src\share\vm\prims\jni.cpp, line 709]
Event: 580.321 Thread 0x0000000002518000 Implicit null exception at 0x000000000349c113 to 0x000000000349c1ae
Event: 580.883 Thread 0x00000000197ae800 Exception <a 'java/lang/InterruptedException'> (0x00000000f6ee3500) thrown at [C:\re\workspace\8-2-build-windows-amd64-cygwin\jdk8u66\5298\hotspot\src\share\vm\runtime\objectMonitor.cpp, line 1683]
Event: 581.495 Thread 0x0000000014f41800 Exception <a 'java/lang/InterruptedException'> (0x00000000f6ad9240) thrown at [C:\re\workspace\8-2-build-windows-amd64-cygwin\jdk8u66\5298\hotspot\src\share\vm\runtime\objectMonitor.cpp, line 1683]
Event: 581.518 Thread 0x0000000014f47800 Implicit null exception at 0x0000000003759697 to 0x0000000003759a91
Event: 581.518 Thread 0x0000000014f3a800 Exception <a 'java/lang/InterruptedException'> (0x00000000f7216fa8) thrown at [C:\re\workspace\8-2-build-windows-amd64-cygwin\jdk8u66\5298\hotspot\src\share\vm\runtime\objectMonitor.cpp, line 1683]
Event: 581.528 Thread 0x0000000014f42000 Exception <a 'java/lang/InterruptedException'> (0x00000000f60bf028) thrown at [C:\re\workspace\8-2-build-windows-amd64-cygwin\jdk8u66\5298\hotspot\src\share\vm\runtime\objectMonitor.cpp, line 1683]
Event: 581.528 Thread 0x0000000014f3b800 Exception <a 'java/lang/InterruptedException'> (0x00000000f7412640) thrown at [C:\re\workspace\8-2-build-windows-amd64-cygwin\jdk8u66\5298\hotspot\src\share\vm\runtime\objectMonitor.cpp, line 1683]

Events (10 events):
Event: 581.534 Thread 0x0000000014ed3000 flushing nmethod 0x0000000003119450
Event: 581.534 Thread 0x0000000014ed3000 flushing nmethod 0x0000000003123e90
Event: 581.534 Thread 0x0000000014ed3000 flushing nmethod 0x0000000003171710
Event: 581.535 Thread 0x0000000014ed3000 flushing nmethod 0x000000000328a110
Event: 581.535 Thread 0x0000000014ed3000 flushing nmethod 0x00000000032b06d0
Event: 581.535 Thread 0x0000000014ed3000 flushing nmethod 0x00000000032f3950
Event: 581.535 Thread 0x0000000013ba0000 Thread exited: 0x0000000013ba0000
Event: 581.536 Thread 0x0000000014f47800 Thread exited: 0x0000000014f47800
Event: 581.536 Thread 0x0000000014ed3000 flushing nmethod 0x00000000033e6890
Event: 581.536 Executing VM operation: Exit


Dynamic libraries:
0x0000000000400000 - 0x000000000044f000 	C:\Xilinx\SDK\2016.4\eclipse\win64.o\eclipse.exe
0x00000000772b0000 - 0x000000007745a000 	C:\Windows\SYSTEM32\ntdll.dll
0x0000000077190000 - 0x00000000772af000 	C:\Windows\system32\kernel32.dll
0x000007fefd1d0000 - 0x000007fefd23a000 	C:\Windows\system32\KERNELBASE.dll
0x0000000077090000 - 0x000000007718a000 	C:\Windows\system32\USER32.dll
0x000007fefd930000 - 0x000007fefd997000 	C:\Windows\system32\GDI32.dll
0x000007fefd920000 - 0x000007fefd92e000 	C:\Windows\system32\LPK.dll
0x000007fefdb90000 - 0x000007fefdc5b000 	C:\Windows\system32\USP10.dll
0x000007fefd3e0000 - 0x000007fefd47f000 	C:\Windows\system32\msvcrt.dll
0x000007fefb650000 - 0x000007fefb844000 	C:\Windows\WinSxS\amd64_microsoft.windows.common-controls_6595b64144ccf1df_6.0.7601.18837_none_fa3b1e3d17594757\COMCTL32.dll
0x000007fefea80000 - 0x000007fefeaf1000 	C:\Windows\system32\SHLWAPI.dll
0x000007fefea50000 - 0x000007fefea7e000 	C:\Windows\system32\IMM32.DLL
0x000007fefd480000 - 0x000007fefd589000 	C:\Windows\system32\MSCTF.dll
0x0000000072000000 - 0x0000000072012000 	C:\Xilinx\SDK\2016.4\eclipse\win64.o\plugins\org.eclipse.equinox.launcher.win32.win32.x86_64_1.1.300.v20150602-1417\eclipse_1611.dll
0x000007fefd820000 - 0x000007fefd8fb000 	C:\Windows\system32\ADVAPI32.dll
0x000007fefd760000 - 0x000007fefd77f000 	C:\Windows\SYSTEM32\sechost.dll
0x000007fefd590000 - 0x000007fefd6bd000 	C:\Windows\system32\RPCRT4.dll
0x000007fefc080000 - 0x000007fefc08c000 	C:\Windows\system32\VERSION.dll
0x000007fefb060000 - 0x000007fefb0b6000 	C:\Windows\system32\uxtheme.dll
0x00000000646e0000 - 0x0000000064f69000 	C:\Xilinx\SDK\2016.4\tps\win64\jre\bin\server\jvm.dll
0x000007fefa270000 - 0x000007fefa279000 	C:\Windows\system32\WSOCK32.dll
0x000007fefea00000 - 0x000007fefea4d000 	C:\Windows\system32\WS2_32.dll
0x000007fefe9f0000 - 0x000007fefe9f8000 	C:\Windows\system32\NSI.dll
0x000007fefb440000 - 0x000007fefb47b000 	C:\Windows\system32\WINMM.dll
0x0000000077470000 - 0x0000000077477000 	C:\Windows\system32\PSAPI.DLL
0x0000000074b80000 - 0x0000000074c52000 	C:\Windows\system32\MSVCR100.dll
0x000000006e940000 - 0x000000006e94f000 	C:\Xilinx\SDK\2016.4\tps\win64\jre\bin\verify.dll
0x000000006dd80000 - 0x000000006dda9000 	C:\Xilinx\SDK\2016.4\tps\win64\jre\bin\java.dll
0x000000006e8b0000 - 0x000000006e8c6000 	C:\Xilinx\SDK\2016.4\tps\win64\jre\bin\zip.dll
0x000007fefdc60000 - 0x000007fefe9eb000 	C:\Windows\system32\SHELL32.dll
0x000007feff3c0000 - 0x000007feff5bc000 	C:\Windows\system32\ole32.dll
0x000007fefcfa0000 - 0x000007fefcfaf000 	C:\Windows\system32\profapi.dll
0x000007fefc790000 - 0x000007fefc7a8000 	C:\Windows\system32\CRYPTSP.dll
0x000007fefc490000 - 0x000007fefc4d7000 	C:\Windows\system32\rsaenh.dll
0x000007fefd1b0000 - 0x000007fefd1ce000 	C:\Windows\system32\USERENV.dll
0x000007fefce00000 - 0x000007fefce0f000 	C:\Windows\system32\CRYPTBASE.dll
0x000000006e7c0000 - 0x000000006e7da000 	C:\Xilinx\SDK\2016.4\tps\win64\jre\bin\net.dll
0x000007fefc730000 - 0x000007fefc785000 	C:\Windows\system32\mswsock.dll
0x000007fefc720000 - 0x000007fefc727000 	C:\Windows\System32\wship6.dll
0x000007fefaff0000 - 0x000007fefb017000 	C:\Windows\system32\IPHLPAPI.DLL
0x000007fefafd0000 - 0x000007fefafdb000 	C:\Windows\system32\WINNSI.DLL
0x000007fefaaa0000 - 0x000007fefaab1000 	C:\Windows\system32\dhcpcsvc6.DLL
0x000007fefaa80000 - 0x000007fefaa98000 	C:\Windows\system32\dhcpcsvc.DLL
0x000000006e6e0000 - 0x000000006e6f1000 	C:\Xilinx\SDK\2016.4\tps\win64\jre\bin\nio.dll
0x000007fefd6c0000 - 0x000007fefd759000 	C:\Windows\system32\CLBCatQ.DLL
0x000007fefeb00000 - 0x000007fefebda000 	C:\Windows\system32\OLEAUT32.dll
0x000007fefb4a0000 - 0x000007fefb4b5000 	C:\Windows\system32\NLAapi.dll
0x000007fef84d0000 - 0x000007fef84e5000 	C:\Windows\system32\napinsp.dll
0x000007fef84b0000 - 0x000007fef84c9000 	C:\Windows\system32\pnrpnsp.dll
0x000007fefc5b0000 - 0x000007fefc60b000 	C:\Windows\system32\DNSAPI.dll
0x000007fef84a0000 - 0x000007fef84ab000 	C:\Windows\System32\winrnr.dll
0x000007fefc150000 - 0x000007fefc157000 	C:\Windows\System32\wshtcpip.dll
0x000007fef8a20000 - 0x000007fef8a28000 	C:\Windows\system32\rasadhlp.dll
0x000007fefab30000 - 0x000007fefab83000 	C:\Windows\System32\fwpuclnt.dll
0x00000000179c0000 - 0x0000000017a68000 	C:\Users\shlab_89\.Xilinx\SDK\2016.4\org.eclipse.osgi\319\0\.cp\swt-win32-4527.dll
0x000007fefd780000 - 0x000007fefd817000 	C:\Windows\system32\comdlg32.dll
0x000007fef7cd0000 - 0x000007fef7d41000 	C:\Windows\system32\WINSPOOL.DRV
0x000007fefedc0000 - 0x000007feff0e1000 	C:\Windows\system32\WININET.dll
0x000007fefd250000 - 0x000007fefd254000 	C:\Windows\system32\api-ms-win-downlevel-user32-l1-1-0.dll
0x000007fefd150000 - 0x000007fefd154000 	C:\Windows\system32\api-ms-win-downlevel-shlwapi-l1-1-0.dll
0x000007fefd240000 - 0x000007fefd244000 	C:\Windows\system32\api-ms-win-downlevel-version-l1-1-0.dll
0x000007fefd140000 - 0x000007fefd143000 	C:\Windows\system32\api-ms-win-downlevel-normaliz-l1-1-0.dll
0x0000000077480000 - 0x0000000077483000 	C:\Windows\system32\normaliz.DLL
0x000007feff0f0000 - 0x000007feff3ba000 	C:\Windows\system32\iertutil.dll
0x000007fefd160000 - 0x000007fefd165000 	C:\Windows\system32\api-ms-win-downlevel-advapi32-l1-1-0.dll
0x000007fefcfd0000 - 0x000007fefd13d000 	C:\Windows\system32\CRYPT32.dll
0x000007fefcfb0000 - 0x000007fefcfbf000 	C:\Windows\system32\MSASN1.dll
0x000007fefaa20000 - 0x000007fefaa38000 	C:\Windows\system32\dwmapi.dll
0x000007fefbc80000 - 0x000007fefbdac000 	C:\Windows\system32\propsys.dll
0x00000000025f0000 - 0x000000000260e000 	C:\Users\shlab_89\.Xilinx\SDK\2016.4\org.eclipse.osgi\319\0\.cp\swt-gdip-win32-4527.dll
0x000007fef6e30000 - 0x000007fef7047000 	C:\Windows\WinSxS\amd64_microsoft.windows.gdiplus_6595b64144ccf1df_1.1.7601.23807_none_14556b8e8b95d1fc\gdiplus.dll
0x000007fefa870000 - 0x000007fefa9d1000 	C:\Windows\system32\WindowsCodecs.dll
0x0000000180000000 - 0x0000000180012000 	C:\Users\shlab_89\.Xilinx\SDK\2016.4\org.eclipse.osgi\133\0\.cp\os\win32\x86_64\localfile_1_0_0.dll
0x000007fef1360000 - 0x000007fef13b4000 	C:\Windows\system32\oleacc.dll
0x000007fec6a40000 - 0x000007fec6a47000 	C:\Windows\system32\msimg32.dll
0x000007fefcef0000 - 0x000007fefcf04000 	C:\Windows\system32\RpcRtRemote.dll
0x000007fefcda0000 - 0x000007fefcdf7000 	C:\Windows\system32\apphelp.dll
0x000007fef9f60000 - 0x000007fef9f71000 	C:\Users\shlab_89\.Xilinx\SDK\2016.4\org.eclipse.osgi\136\0\.cp\jWinHttp-1.0.0.dll
0x000007fef97d0000 - 0x000007fef9841000 	C:\Windows\system32\WINHTTP.dll
0x000007fef9760000 - 0x000007fef97c4000 	C:\Windows\system32\webio.dll
0x000007fefcd70000 - 0x000007fefcd95000 	C:\Windows\system32\SspiCli.dll
0x000007fefc360000 - 0x000007fefc36a000 	C:\Windows\system32\credssp.dll
0x000007fefd170000 - 0x000007fefd1a6000 	C:\Windows\system32\CFGMGR32.dll
0x000007fef80f0000 - 0x000007fef80ff000 	C:\Xilinx\SDK\2016.4\lib\win64.o\librdi_repo_manager.dll
0x000007fef3b90000 - 0x000007fef3bba000 	C:\Xilinx\SDK\2016.4\lib\win64.o\libisl_sysinfo.dll
0x000007feea290000 - 0x000007feea364000 	C:\Windows\system32\MSVCR110.dll
0x000007feea370000 - 0x000007feea417000 	C:\Windows\system32\MSVCP110.dll
0x000007febeb40000 - 0x000007febf5ea000 	C:\Xilinx\SDK\2016.4\lib\win64.o\librdi_common.dll
0x000007fec9f00000 - 0x000007feca26e000 	C:\Xilinx\SDK\2016.4\lib\win64.o\libCOIN-all.dll
0x000007feca3c0000 - 0x000007feca5df000 	C:\Xilinx\SDK\2016.4\lib\win64.o\libXil_lmgr11.dll
0x000007fefb4f0000 - 0x000007fefb506000 	C:\Windows\system32\NETAPI32.dll
0x000007fefb4e0000 - 0x000007fefb4ec000 	C:\Windows\system32\netutils.dll
0x000007fefca10000 - 0x000007fefca33000 	C:\Windows\system32\srvcli.dll
0x000007fefb4c0000 - 0x000007fefb4d5000 	C:\Windows\system32\wkscli.dll
0x000007fefd300000 - 0x000007fefd33b000 	C:\Windows\system32\WINTRUST.dll
0x000007fef8600000 - 0x000007fef8610000 	C:\Xilinx\SDK\2016.4\lib\win64.o\libboost_date_time.dll
0x000007fef0f30000 - 0x000007fef0f54000 	C:\Xilinx\SDK\2016.4\lib\win64.o\libboost_filesystem.dll
0x000007fef8090000 - 0x000007fef8099000 	C:\Xilinx\SDK\2016.4\lib\win64.o\libboost_system.dll
0x000007feeaaa0000 - 0x000007feeab17000 	C:\Xilinx\SDK\2016.4\lib\win64.o\libboost_program_options.dll
0x000007feca2b0000 - 0x000007feca3b6000 	C:\Xilinx\SDK\2016.4\lib\win64.o\libboost_regex.dll
0x000007fef57c0000 - 0x000007fef57d3000 	C:\Xilinx\SDK\2016.4\lib\win64.o\libboost_signals.dll
0x000007fef4d30000 - 0x000007fef4d4d000 	C:\Xilinx\SDK\2016.4\lib\win64.o\libboost_thread.dll
0x000007fef7310000 - 0x000007fef731b000 	C:\Xilinx\SDK\2016.4\lib\win64.o\libboost_chrono.dll
0x000007fef72c0000 - 0x000007fef72cb000 	C:\Xilinx\SDK\2016.4\lib\win64.o\libboost_xilinx.dll
0x000007feeab20000 - 0x000007feeaba0000 	C:\Xilinx\SDK\2016.4\lib\win64.o\libhdlpsolve.dll
0x000007fec9e10000 - 0x000007fec9eaa000 	C:\Xilinx\SDK\2016.4\lib\win64.o\libhdxml.dll
0x000007fec9a40000 - 0x000007fec9e09000 	C:\Xilinx\SDK\2016.4\lib\win64.o\libisl_iostreams.dll
0x000007fef4240000 - 0x000007fef4256000 	C:\Xilinx\SDK\2016.4\lib\win64.o\libboost_iostreams.dll
0x000007fef4350000 - 0x000007fef436f000 	C:\Xilinx\SDK\2016.4\lib\win64.o\librdizlib.dll
0x000007fef3b60000 - 0x000007fef3b83000 	C:\Xilinx\SDK\2016.4\lib\win64.o\libisl_iosutils.dll
0x000007fef3b40000 - 0x000007fef3b55000 	C:\Xilinx\SDK\2016.4\lib\win64.o\pthreadVC2.dll
0x000007fef0cf0000 - 0x000007fef0d43000 	C:\Xilinx\SDK\2016.4\lib\win64.o\librdi_commonxillic.dll
0x000007fec9910000 - 0x000007fec9a40000 	C:\Xilinx\SDK\2016.4\lib\win64.o\librdi_curl.dll
0x000007fef32f0000 - 0x000007fef3308000 	C:\Xilinx\SDK\2016.4\lib\win64.o\librdiconfig.dll
0x000000006bf60000 - 0x000000006c087000 	C:\Xilinx\SDK\2016.4\lib\win64.o\tcl85t.dll
0x0000000026780000 - 0x00000000269e3000 	C:\Xilinx\SDK\2016.4\lib\win64.o\xerces-c_3_1.dll
0x000007fefda00000 - 0x000007fefdb85000 	C:\Windows\system32\urlmon.dll
0x000007fefcfc0000 - 0x000007fefcfc4000 	C:\Windows\system32\api-ms-win-downlevel-ole32-l1-1-0.dll
0x000007fef4f40000 - 0x000007fef4f63000 	C:\Windows\system32\VCOMP110.DLL
0x000007fec9710000 - 0x000007fec9908000 	C:\Xilinx\SDK\2016.4\lib\win64.o\librdi_hsm.dll
0x000007feeac00000 - 0x000007feeac43000 	C:\Xilinx\SDK\2016.4\lib\win64.o\librdi_hdf.dll
0x000007fec9440000 - 0x000007fec9708000 	C:\Xilinx\SDK\2016.4\lib\win64.o\librdi_ippcw.dll
0x000007fefabc0000 - 0x000007fefabd6000 	C:\Xilinx\SDK\2016.4\eclipse\win64.o\plugins\org.eclipse.cdt.core.win32.x86_64_5.4.0.201509131935\os\win32\x86_64\spawner.dll
0x0000000071080000 - 0x00000000710a6000 	C:\Xilinx\SDK\2016.4\eclipse\win64.o\plugins\gnu.io.rxtx.win32.x86_64_2.1.7.3_v20071015\os\win32\x86_64\rxtxSerial.dll
0x000007fef4db0000 - 0x000007fef4dba000 	C:\Xilinx\SDK\2016.4\lib\win64.o\librdi_jtag_settings.dll
0x000007fef4260000 - 0x000007fef4289000 	C:\Xilinx\SDK\2016.4\lib\win64.o\librdi_debug_dialog.dll
0x000007fef62c0000 - 0x000007fef62c8000 	C:\Xilinx\SDK\2016.4\lib\win64.o\librdi_target_manager.dll
0x000007feb5ec0000 - 0x000007feb66d0000 	C:\Xilinx\SDK\2016.4\lib\win64.o\libXil_lmgr11FNP.dll

VM Arguments:
jvm_args: -Dcom.xilinx.sdk.args.hwspec=C:/Users/shlab_89/Downloads/0620_lab_BRAM/0316303_0619/0316303_0619.sdk/lab6_wrapper.hdf -Xms64m -Xmx512m & 
java_command: <unknown>
java_class_path (initial): C:\Xilinx\SDK\2016.4\eclipse\win64.o\\plugins/org.eclipse.equinox.launcher_1.3.100.v20150511-1540.jar
Launcher Type: generic

Environment Variables:
PATH=C:/Xilinx/SDK/2016.4/tps/win64/jre/bin/server;C:/Xilinx/SDK/2016.4/tps/win64/jre/bin;C:/Xilinx/SDK/2016.4/tps/win64/jre/lib/amd64;C:\Xilinx\SDK\2016.4\gnuwin\bin;C:\Xilinx\SDK\2016.4\gnu\microblaze\nt\bin;C:\Xilinx\SDK\2016.4\gnu\microblaze\linux_toolchain\nt64_le\bin;C:\Xilinx\SDK\2016.4\gnu\microblaze\linux_toolchain\nt64_be\bin;C:\Xilinx\SDK\2016.4\gnu\arm\nt\bin;C:\Xilinx\SDK\2016.4\gnu\aarch64\nt\aarch64-none\bin;C:\Xilinx\SDK\2016.4\gnu\aarch64\nt\aarch64-linux\bin;C:\Xilinx\SDK\2016.4\gnu\armr5\nt\gcc-arm-none-eabi\bin;C:\Xilinx\SDK\2016.4\gnu\aarch32\nt\gcc-arm-none-eabi\bin;C:\Xilinx\SDK\2016.4\gnu\aarch32\nt\gcc-arm-linux-gnueabi\bin;C:\Xilinx\SDK\2016.4\tps\win64\cmake-3.3.2\bin;;C:\Xilinx\SDK\2016.4\bin;C:\Xilinx\SDK\2016.4\lib\win64.o;C:\Xilinx\SDK\2016.4\tps\win64\jre\bin\server;C:\Xilinx\SDK\2016.4\tps\win64\jre\bin;C:\Xilinx\Vivado\2016.4\ids_lite\ISE\bin\nt64;C:\Xilinx\Vivado\2016.4\ids_lite\ISE\lib\nt64;C:\Xilinx\Vivado\2016.4\bin;C:\Xilinx\Vivado\2016.4\lib\win64.o;C:\Xilinx\Vivado\2016.4\tps\win64\jre\bin\server;C:\Xilinx\Vivado\2016.4\tps\win64\jre\bin;C:\Xilinx\Vivado_HLS\2016.4\bin;C:\ProgramData\Oracle\Java\javapath;C:\Windows\system32;C:\Windows;C:\Windows\System32\Wbem;C:\Windows\System32\WindowsPowerShell\v1.0\;C:\Program Files (x86)\Intel\OpenCL SDK\2.0\bin\x86;C:\Program Files (x86)\Intel\OpenCL SDK\2.0\bin\x64;C:\Users\shlab_89\Downloads\0620_lab_BRAM\0316303_0619;
USERNAME=shlab_89
OS=Windows_NT
PROCESSOR_IDENTIFIER=Intel64 Family 6 Model 58 Stepping 9, GenuineIntel



---------------  S Y S T E M  ---------------

OS: Windows 7 , 64 bit Build 7601 (6.1.7601.23807)

CPU:total 4 (2 cores per cpu, 2 threads per core) family 6 model 58 stepping 9, cmov, cx8, fxsr, mmx, sse, sse2, sse3, ssse3, sse4.1, sse4.2, popcnt, avx, clmul, erms, ht, tsc, tscinvbit, tscinv

Memory: 4k page, physical 16462528k(12242284k free), swap 32923196k(28253132k free)

vm_info: Java HotSpot(TM) 64-Bit Server VM (25.66-b18) for windows-amd64 JRE (1.8.0_66-b18), built on Nov  9 2015 10:51:13 by "java_re" with MS VC++ 10.0 (VS2010)

time: Thu Jun 22 22:48:43 2017
elapsed time: 582 seconds (0d 0h 9m 42s)

