#
# A fatal error has been detected by the Java Runtime Environment:
#
#  Internal Error (0xc000000d), pid=4160, tid=4964
#
# JRE version: Java(TM) SE Runtime Environment (8.0_66-b18) (build 1.8.0_66-b18)
# Java VM: Java HotSpot(TM) 64-Bit Server VM (25.66-b18 mixed mode windows-amd64 compressed oops)
# Problematic frame:
# C  [ntdll.dll+0x96ccf]
#
# Failed to write core dump. Minidumps are not enabled by default on client versions of Windows
#
# If you would like to submit a bug report, please visit:
#   http://bugreport.java.com/bugreport/crash.jsp
#

---------------  T H R E A D  ---------------

Current thread (0x00000000137ba800):  VMThread [stack: 0x0000000014820000,0x0000000014920000] [id=4964]

siginfo: ExceptionCode=0xc000000d

Registers:
RAX=0x000000006009698b, RBX=0x0000000000000000, RCX=0x000000001491ed10, RDX=0x0000000000000000
RSP=0x000000001491f320, RBP=0x0000000000248480, RSI=0x000007fee2697408, RDI=0x000000001491f468
R8 =0x0000000000000000, R9 =0x0000000000000000, R10=0x0000000000000000, R11=0x0000000000000246
R12=0x00000000002794e0, R13=0x00000000002794b0, R14=0x0000000000248588, R15=0x0000000000000000
RIP=0x0000000077966ccf, EFLAGS=0x0000000000000206

Top of Stack: (sp=0x000000001491f320)
0x000000001491f320:   0000000000000000 000007fee2697408
0x000000001491f330:   000000001491f468 0000000000000000
0x000000001491f340:   0000000000000050 00000000001d0000
0x000000001491f350:   0000000000000000 0000000000000000
0x000000001491f360:   0000000000000002 000000007791dd48
0x000000001491f370:   00000000c000000d 0000000000000000
0x000000001491f380:   0000000077966ccf 0000000000000000
0x000000001491f390:   0000000000000000 0000000000000000
0x000000001491f3a0:   0000000000000000 0000000000000000
0x000000001491f3b0:   0000000000000000 0000000000000000
0x000000001491f3c0:   0000000000000000 0000000000000000
0x000000001491f3d0:   0000000000000000 0000000000000000
0x000000001491f3e0:   0000000000000000 0000000000000000
0x000000001491f3f0:   0000000000000000 0000000000000000
0x000000001491f400:   0000000000000000 00000000002794e0
0x000000001491f410:   0000000000000c34 00000000776f34a8 

Instructions: (pc=0x0000000077966ccf)
0x0000000077966caf:   5d 6c fb ff b9 57 00 00 00 c7 44 24 50 0d 00 00
0x0000000077966cbf:   c0 e8 4b 6f fb ff 48 8d 4c 24 50 e8 41 1c f8 ff
0x0000000077966ccf:   4c 8b 1d 02 67 09 00 4d 85 db 74 5b 65 48 8b 04
0x0000000077966cdf:   25 30 00 00 00 f6 80 ee 17 00 00 08 74 12 65 48 


Register to memory mapping:

RAX=0x000000006009698b is an unknown value
RBX=0x0000000000000000 is an unknown value
RCX=0x000000001491ed10 is an unknown value
RDX=0x0000000000000000 is an unknown value
RSP=0x000000001491f320 is an unknown value
RBP=0x0000000000248480 is an unknown value
RSI=0x000007fee2697408 is an unknown value
RDI=0x000000001491f468 is an unknown value
R8 =0x0000000000000000 is an unknown value
R9 =0x0000000000000000 is an unknown value
R10=0x0000000000000000 is an unknown value
R11=0x0000000000000246 is an unknown value
R12=0x00000000002794e0 is an unknown value
R13=0x00000000002794b0 is an unknown value
R14=0x0000000000248588 is an unknown value
R15=0x0000000000000000 is an unknown value


Stack: [0x0000000014820000,0x0000000014920000],  sp=0x000000001491f320,  free space=1020k
Native frames: (J=compiled Java code, j=interpreted, Vv=VM code, C=native code)
C  [ntdll.dll+0x96ccf]
C  [kernel32.dll+0x434a8]
C  [MSVCR110.dll+0x752d]
C  [MSVCR110.dll+0x73c6]
C  [MSVCR110.dll+0x14cca]
C  [MSVCR110.dll+0x13edc]
C  [MSVCR110.dll+0x239e]
C  [MSVCR110.dll+0xaf9e]
C  [MSVCP110.dll+0x397b9]
C  [librdi_common.dll+0x183a66]
C  [librdi_common.dll+0x1826fb]
C  [librdi_target_manager.dll+0x2400]
C  [librdi_target_manager.dll+0x2682]
C  [ntdll.dll+0x22ac1]
C  [ntdll.dll+0x228d0]
C  [MSVCR100.dll+0x20ccd]
V  [jvm.dll+0x210cc5]
V  [jvm.dll+0x249897]
V  [jvm.dll+0x248b36]
V  [jvm.dll+0x248fd1]
V  [jvm.dll+0x2491ee]
V  [jvm.dll+0x29a0fa]
C  [MSVCR100.dll+0x21d9f]
C  [MSVCR100.dll+0x21e3b]
C  [kernel32.dll+0x159cd]
C  [ntdll.dll+0x2a561]

VM_Operation (0x000000000012f4c0): Exit, mode: safepoint, requested by thread 0x0000000002398000


---------------  P R O C E S S  ---------------

Java Threads: ( => current thread )
  0x0000000018f31000 JavaThread "Thread-29" daemon [_thread_blocked, id=10864, stack(0x0000000025420000,0x0000000025520000)]
  0x0000000018f2d000 JavaThread "TCF Channel Transmitter" daemon [_thread_blocked, id=3836, stack(0x00000000255c0000,0x00000000256c0000)]
  0x0000000018f2c800 JavaThread "TCF Channel Receiver" daemon [_thread_in_native, id=10416, stack(0x0000000024170000,0x0000000024270000)]
  0x00000000189cd800 JavaThread "Process monitor" daemon [_thread_in_native, id=7860, stack(0x0000000024c90000,0x0000000024d90000)]
  0x00000000189cd000 JavaThread "Input Stream Monitor" daemon [_thread_blocked, id=1644, stack(0x0000000024b90000,0x0000000024c90000)]
  0x00000000189cc000 JavaThread "Output Stream Monitor" daemon [_thread_in_native, id=6612, stack(0x0000000024a90000,0x0000000024b90000)]
  0x00000000189cb800 JavaThread "Output Stream Monitor" daemon [_thread_in_native, id=2988, stack(0x0000000024990000,0x0000000024a90000)]
  0x0000000015c3f000 JavaThread "TCF Locator DNS Lookup" daemon [_thread_blocked, id=11152, stack(0x000000001c0c0000,0x000000001c1c0000)]
  0x0000000015c3e000 JavaThread "TCF Locator Timer" daemon [_thread_blocked, id=6980, stack(0x000000001bfc0000,0x000000001c0c0000)]
  0x0000000015c3d800 JavaThread "TCF Locator Receiver" daemon [_thread_in_native, id=10200, stack(0x000000001bec0000,0x000000001bfc0000)]
  0x0000000015c3c000 JavaThread "TCF Timer Dispatcher" daemon [_thread_blocked, id=4988, stack(0x000000001bcc0000,0x000000001bdc0000)]
  0x0000000016c27000 JavaThread "EMF Reference Cleaner" daemon [_thread_blocked, id=4484, stack(0x0000000017fa0000,0x00000000180a0000)]
  0x0000000014bb3800 JavaThread "Service Thread" daemon [_thread_blocked, id=3236, stack(0x0000000015420000,0x0000000015520000)]
  0x0000000014b3e800 JavaThread "C1 CompilerThread2" daemon [_thread_blocked, id=7624, stack(0x0000000015320000,0x0000000015420000)]
  0x0000000014b3d800 JavaThread "C2 CompilerThread1" daemon [_thread_blocked, id=3812, stack(0x0000000015220000,0x0000000015320000)]
  0x0000000014b28800 JavaThread "C2 CompilerThread0" daemon [_thread_blocked, id=6276, stack(0x0000000015120000,0x0000000015220000)]
  0x000000001382f000 JavaThread "Attach Listener" daemon [_thread_blocked, id=2568, stack(0x0000000015020000,0x0000000015120000)]
  0x00000000137c7000 JavaThread "Finalizer" daemon [_thread_blocked, id=9584, stack(0x0000000014a20000,0x0000000014b20000)]
  0x00000000137c0000 JavaThread "Reference Handler" daemon [_thread_blocked, id=9868, stack(0x0000000014920000,0x0000000014a20000)]
  0x0000000002398000 JavaThread "main" [_thread_blocked, id=7284, stack(0x0000000000030000,0x0000000000130000)]

Other Threads:
=>0x00000000137ba800 VMThread [stack: 0x0000000014820000,0x0000000014920000] [id=4964]

VM state:at safepoint (shutting down)

VM Mutex/Monitor currently owned by a thread:  ([mutex/lock_event])
[0x000000000226e310] Threads_lock - owner thread: 0x00000000137ba800

Heap:
 PSYoungGen      total 120320K, used 29575K [0x00000000f5580000, 0x00000000feb00000, 0x0000000100000000)
  eden space 91648K, 6% used [0x00000000f5580000,0x00000000f5b21410,0x00000000faf00000)
  from space 28672K, 83% used [0x00000000fcd00000,0x00000000fe440a60,0x00000000fe900000)
  to   space 30720K, 0% used [0x00000000faf00000,0x00000000faf00000,0x00000000fcd00000)
 ParOldGen       total 107520K, used 45332K [0x00000000e0000000, 0x00000000e6900000, 0x00000000f5580000)
  object space 107520K, 42% used [0x00000000e0000000,0x00000000e2c453a8,0x00000000e6900000)
 Metaspace       used 79315K, capacity 86326K, committed 86424K, reserved 1124352K
  class space    used 9636K, capacity 11886K, committed 11944K, reserved 1048576K

Card table byte_map: [0x0000000011820000,0x0000000011930000] byte_map_base: 0x0000000011120000

Marking Bits: (ParMarkBitMap*) 0x00000000707da5b0
 Begin Bits: [0x0000000011d30000, 0x0000000012530000)
 End Bits:   [0x0000000012530000, 0x0000000012d30000)

Polling page: 0x00000000004a0000

CodeCache: size=245760Kb used=24330Kb max_used=24558Kb free=221429Kb
 bounds [0x0000000002460000, 0x0000000003ca0000, 0x0000000011460000]
 total_blobs=7629 nmethods=6747 adapters=791
 compilation: enabled

Compilation events (10 events):
Event: 44.862 Thread 0x0000000014b3d800 nmethod 8127 0x0000000002da32d0 code [0x0000000002da3460, 0x0000000002da3870]
Event: 44.863 Thread 0x0000000014b3e800 nmethod 8132 0x0000000003ac90d0 code [0x0000000003ac94a0, 0x0000000003acbe38]
Event: 44.863 Thread 0x0000000014b3e800 8133       3       org.eclipse.osgi.internal.framework.EquinoxContainerAdaptor::clearManifestCache (84 bytes)
Event: 44.865 Thread 0x0000000014b3e800 nmethod 8133 0x000000000322ee90 code [0x000000000322f0e0, 0x00000000032307f8]
Event: 44.865 Thread 0x0000000014b3e800 8134   !   3       org.eclipse.osgi.storage.BundleInfo$Generation::clearManifestCache (30 bytes)
Event: 44.865 Thread 0x0000000014b3e800 nmethod 8134 0x000000000331cd90 code [0x000000000331cf20, 0x000000000331d568]
Event: 44.865 Thread 0x0000000014b3e800 8135       3       org.eclipse.osgi.container.ModuleWiring::invalidate0 (52 bytes)
Event: 44.866 Thread 0x0000000014b28800 nmethod 8126 0x00000000033293d0 code [0x0000000003329580, 0x0000000003329d00]
Event: 44.866 Thread 0x0000000014b3e800 nmethod 8135 0x000000000290d450 code [0x000000000290d600, 0x000000000290dfa8]
Event: 44.866 Thread 0x0000000014b3e800 8136   !   3       org.eclipse.osgi.container.ModuleDatabase::getRevisionsTimestamp (25 bytes)

GC Heap History (10 events):
Event: 7.685 GC heap before
{Heap before GC invocations=11 (full 2):
 PSYoungGen      total 82944K, used 71456K [0x00000000f5580000, 0x00000000fcb00000, 0x0000000100000000)
  eden space 68096K, 83% used [0x00000000f5580000,0x00000000f8ccbf18,0x00000000f9800000)
  from space 14848K, 99% used [0x00000000faa00000,0x00000000fb87c130,0x00000000fb880000)
  to   space 18432K, 0% used [0x00000000f9800000,0x00000000f9800000,0x00000000faa00000)
 ParOldGen       total 73216K, used 28417K [0x00000000e0000000, 0x00000000e4780000, 0x00000000f5580000)
  object space 73216K, 38% used [0x00000000e0000000,0x00000000e1bc06e8,0x00000000e4780000)
 Metaspace       used 54445K, capacity 59054K, committed 59160K, reserved 1099776K
  class space    used 6419K, capacity 7953K, committed 7976K, reserved 1048576K
Event: 7.710 GC heap after
Heap after GC invocations=11 (full 2):
 PSYoungGen      total 86528K, used 18407K [0x00000000f5580000, 0x00000000fd380000, 0x0000000100000000)
  eden space 68096K, 0% used [0x00000000f5580000,0x00000000f5580000,0x00000000f9800000)
  from space 18432K, 99% used [0x00000000f9800000,0x00000000fa9f9d70,0x00000000faa00000)
  to   space 22528K, 0% used [0x00000000fbd80000,0x00000000fbd80000,0x00000000fd380000)
 ParOldGen       total 73216K, used 32511K [0x00000000e0000000, 0x00000000e4780000, 0x00000000f5580000)
  object space 73216K, 44% used [0x00000000e0000000,0x00000000e1fbfc08,0x00000000e4780000)
 Metaspace       used 54445K, capacity 59054K, committed 59160K, reserved 1099776K
  class space    used 6419K, capacity 7953K, committed 7976K, reserved 1048576K
}
Event: 7.710 GC heap before
{Heap before GC invocations=12 (full 3):
 PSYoungGen      total 86528K, used 18407K [0x00000000f5580000, 0x00000000fd380000, 0x0000000100000000)
  eden space 68096K, 0% used [0x00000000f5580000,0x00000000f5580000,0x00000000f9800000)
  from space 18432K, 99% used [0x00000000f9800000,0x00000000fa9f9d70,0x00000000faa00000)
  to   space 22528K, 0% used [0x00000000fbd80000,0x00000000fbd80000,0x00000000fd380000)
 ParOldGen       total 73216K, used 32511K [0x00000000e0000000, 0x00000000e4780000, 0x00000000f5580000)
  object space 73216K, 44% used [0x00000000e0000000,0x00000000e1fbfc08,0x00000000e4780000)
 Metaspace       used 54445K, capacity 59054K, committed 59160K, reserved 1099776K
  class space    used 6419K, capacity 7953K, committed 7976K, reserved 1048576K
Event: 7.991 GC heap after
Heap after GC invocations=12 (full 3):
 PSYoungGen      total 86528K, used 0K [0x00000000f5580000, 0x00000000fd380000, 0x0000000100000000)
  eden space 68096K, 0% used [0x00000000f5580000,0x00000000f5580000,0x00000000f9800000)
  from space 18432K, 0% used [0x00000000f9800000,0x00000000f9800000,0x00000000faa00000)
  to   space 22528K, 0% used [0x00000000fbd80000,0x00000000fbd80000,0x00000000fd380000)
 ParOldGen       total 107520K, used 44656K [0x00000000e0000000, 0x00000000e6900000, 0x00000000f5580000)
  object space 107520K, 41% used [0x00000000e0000000,0x00000000e2b9c000,0x00000000e6900000)
 Metaspace       used 54445K, capacity 59054K, committed 59160K, reserved 1099776K
  class space    used 6419K, capacity 7953K, committed 7976K, reserved 1048576K
}
Event: 10.013 GC heap before
{Heap before GC invocations=13 (full 3):
 PSYoungGen      total 86528K, used 68096K [0x00000000f5580000, 0x00000000fd380000, 0x0000000100000000)
  eden space 68096K, 100% used [0x00000000f5580000,0x00000000f9800000,0x00000000f9800000)
  from space 18432K, 0% used [0x00000000f9800000,0x00000000f9800000,0x00000000faa00000)
  to   space 22528K, 0% used [0x00000000fbd80000,0x00000000fbd80000,0x00000000fd380000)
 ParOldGen       total 107520K, used 44656K [0x00000000e0000000, 0x00000000e6900000, 0x00000000f5580000)
  object space 107520K, 41% used [0x00000000e0000000,0x00000000e2b9c000,0x00000000e6900000)
 Metaspace       used 66102K, capacity 71134K, committed 71448K, reserved 1112064K
  class space    used 7978K, capacity 9648K, committed 9768K, reserved 1048576K
Event: 10.035 GC heap after
Heap after GC invocations=13 (full 3):
 PSYoungGen      total 102400K, used 19687K [0x00000000f5580000, 0x00000000fd380000, 0x0000000100000000)
  eden space 79872K, 0% used [0x00000000f5580000,0x00000000f5580000,0x00000000fa380000)
  from space 22528K, 87% used [0x00000000fbd80000,0x00000000fd0b9f90,0x00000000fd380000)
  to   space 24576K, 0% used [0x00000000fa380000,0x00000000fa380000,0x00000000fbb80000)
 ParOldGen       total 107520K, used 44664K [0x00000000e0000000, 0x00000000e6900000, 0x00000000f5580000)
  object space 107520K, 41% used [0x00000000e0000000,0x00000000e2b9e000,0x00000000e6900000)
 Metaspace       used 66102K, capacity 71134K, committed 71448K, reserved 1112064K
  class space    used 7978K, capacity 9648K, committed 9768K, reserved 1048576K
}
Event: 11.558 GC heap before
{Heap before GC invocations=14 (full 3):
 PSYoungGen      total 102400K, used 99559K [0x00000000f5580000, 0x00000000fd380000, 0x0000000100000000)
  eden space 79872K, 100% used [0x00000000f5580000,0x00000000fa380000,0x00000000fa380000)
  from space 22528K, 87% used [0x00000000fbd80000,0x00000000fd0b9f90,0x00000000fd380000)
  to   space 24576K, 0% used [0x00000000fa380000,0x00000000fa380000,0x00000000fbb80000)
 ParOldGen       total 107520K, used 44664K [0x00000000e0000000, 0x00000000e6900000, 0x00000000f5580000)
  object space 107520K, 41% used [0x00000000e0000000,0x00000000e2b9e000,0x00000000e6900000)
 Metaspace       used 73178K, capacity 79560K, committed 79896K, reserved 1118208K
  class space    used 8888K, capacity 10928K, committed 11048K, reserved 1048576K
Event: 11.590 GC heap after
Heap after GC invocations=14 (full 3):
 PSYoungGen      total 104448K, used 24556K [0x00000000f5580000, 0x00000000fe900000, 0x0000000100000000)
  eden space 79872K, 0% used [0x00000000f5580000,0x00000000f5580000,0x00000000fa380000)
  from space 24576K, 99% used [0x00000000fa380000,0x00000000fbb7b0d0,0x00000000fbb80000)
  to   space 28672K, 0% used [0x00000000fcd00000,0x00000000fcd00000,0x00000000fe900000)
 ParOldGen       total 107520K, used 45324K [0x00000000e0000000, 0x00000000e6900000, 0x00000000f5580000)
  object space 107520K, 42% used [0x00000000e0000000,0x00000000e2c433a8,0x00000000e6900000)
 Metaspace       used 73178K, capacity 79560K, committed 79896K, reserved 1118208K
  class space    used 8888K, capacity 10928K, committed 11048K, reserved 1048576K
}
Event: 44.748 GC heap before
{Heap before GC invocations=15 (full 3):
 PSYoungGen      total 104448K, used 104428K [0x00000000f5580000, 0x00000000fe900000, 0x0000000100000000)
  eden space 79872K, 100% used [0x00000000f5580000,0x00000000fa380000,0x00000000fa380000)
  from space 24576K, 99% used [0x00000000fa380000,0x00000000fbb7b0d0,0x00000000fbb80000)
  to   space 28672K, 0% used [0x00000000fcd00000,0x00000000fcd00000,0x00000000fe900000)
 ParOldGen       total 107520K, used 45324K [0x00000000e0000000, 0x00000000e6900000, 0x00000000f5580000)
  object space 107520K, 42% used [0x00000000e0000000,0x00000000e2c433a8,0x00000000e6900000)
 Metaspace       used 79195K, capacity 86260K, committed 86424K, reserved 1124352K
  class space    used 9623K, capacity 11884K, committed 11944K, reserved 1048576K
Event: 44.782 GC heap after
Heap after GC invocations=15 (full 3):
 PSYoungGen      total 120320K, used 23810K [0x00000000f5580000, 0x00000000feb00000, 0x0000000100000000)
  eden space 91648K, 0% used [0x00000000f5580000,0x00000000f5580000,0x00000000faf00000)
  from space 28672K, 83% used [0x00000000fcd00000,0x00000000fe440a60,0x00000000fe900000)
  to   space 30720K, 0% used [0x00000000faf00000,0x00000000faf00000,0x00000000fcd00000)
 ParOldGen       total 107520K, used 45332K [0x00000000e0000000, 0x00000000e6900000, 0x00000000f5580000)
  object space 107520K, 42% used [0x00000000e0000000,0x00000000e2c453a8,0x00000000e6900000)
 Metaspace       used 79195K, capacity 86260K, committed 86424K, reserved 1124352K
  class space    used 9623K, capacity 11884K, committed 11944K, reserved 1048576K
}

Deoptimization events (10 events):
Event: 43.712 Thread 0x0000000002398000 Uncommon trap: reason=class_check action=maybe_recompile pc=0x00000000032f07fc method=org.eclipse.emf.ecore.util.EcoreEList.contains(Ljava/lang/Object;)Z @ 53
Event: 43.781 Thread 0x0000000002398000 Uncommon trap: reason=unstable_if action=reinterpret pc=0x000000000289b9c4 method=java.lang.reflect.Executable.equalParamTypes([Ljava/lang/Class;[Ljava/lang/Class;)Z @ 12
Event: 44.030 Thread 0x0000000002398000 Uncommon trap: reason=unstable_if action=reinterpret pc=0x0000000003bbdc80 method=org.eclipse.e4.ui.model.application.ui.impl.UIElementImpl.eIsSet(I)Z @ 188
Event: 44.075 Thread 0x0000000002398000 Uncommon trap: reason=bimorphic action=maybe_recompile pc=0x0000000002718c7c method=org.eclipse.emf.common.util.BasicEMap.get(Ljava/lang/Object;)Ljava/lang/Object; @ 8
Event: 44.075 Thread 0x0000000002398000 Uncommon trap: reason=bimorphic action=maybe_recompile pc=0x0000000002718c7c method=org.eclipse.emf.common.util.BasicEMap.get(Ljava/lang/Object;)Ljava/lang/Object; @ 8
Event: 44.075 Thread 0x0000000002398000 Uncommon trap: reason=bimorphic action=maybe_recompile pc=0x0000000002718c7c method=org.eclipse.emf.common.util.BasicEMap.get(Ljava/lang/Object;)Ljava/lang/Object; @ 8
Event: 44.075 Thread 0x0000000002398000 Uncommon trap: reason=bimorphic action=maybe_recompile pc=0x0000000002718c7c method=org.eclipse.emf.common.util.BasicEMap.get(Ljava/lang/Object;)Ljava/lang/Object; @ 8
Event: 44.786 Thread 0x0000000015c3f800 Uncommon trap: reason=unstable_if action=reinterpret pc=0x00000000029c379c method=org.eclipse.osgi.internal.hooks.EclipseLazyStarter.shouldActivateFor(Ljava/lang/String;Lorg/eclipse/osgi/container/Module;Lorg/eclipse/osgi/container/ModuleRevision;Lorg/ecli"˧OBgF@
Event: 44.807 Thread 0x000000001681f000 Uncommon trap: reason=unstable_if action=reinterpret pc=0x000000000325717c method=org.eclipse.osgi.internal.framework.BundleContextImpl.dispatchEvent(Ljava/lang/Object;Ljava/lang/Object;ILjava/lang/Object;)V @ 16
Event: 44.809 Thread 0x0000000015c3f800 Uncommon trap: reason=unstable_if action=reinterpret pc=0x00000000028d3578 method=org.eclipse.osgi.internal.framework.FilterImpl.compare_Long(IJLjava/lang/Object;)Z @ 146

Internal exceptions (10 events):
Event: 11.517 Thread 0x00000000189c9000 Exception <a 'java/io/FileNotFoundException'> (0x00000000fa32a090) thrown at [C:\re\workspace\8-2-build-windows-amd64-cygwin\jdk8u66\5298\hotspot\src\share\vm\prims\jni.cpp, line 709]
Event: 13.226 Thread 0x00000000189ca000 Exception <a 'java/io/FileNotFoundException'> (0x00000000f5b606b0) thrown at [C:\re\workspace\8-2-build-windows-amd64-cygwin\jdk8u66\5298\hotspot\src\share\vm\prims\jni.cpp, line 709]
Event: 13.328 Thread 0x00000000189ca000 Exception <a 'java/io/FileNotFoundException'> (0x00000000f5dccec0) thrown at [C:\re\workspace\8-2-build-windows-amd64-cygwin\jdk8u66\5298\hotspot\src\share\vm\prims\jni.cpp, line 709]
Event: 26.330 Thread 0x0000000002398000 Exception <a 'java/lang/NullPointerException'> (0x00000000f6ff1710) thrown at [C:\re\workspace\8-2-build-windows-amd64-cygwin\jdk8u66\5298\hotspot\src\share\vm\interpreter\linkResolver.cpp, line 1280]
Event: 43.610 Thread 0x0000000002398000 Implicit null exception at 0x00000000030896d5 to 0x0000000003089b05
Event: 44.186 Thread 0x0000000018f2f800 Exception <a 'java/lang/InterruptedException'> (0x00000000fa1bd8e0) thrown at [C:\re\workspace\8-2-build-windows-amd64-cygwin\jdk8u66\5298\hotspot\src\share\vm\runtime\objectMonitor.cpp, line 1683]
Event: 44.825 Thread 0x0000000015c39800 Exception <a 'java/lang/InterruptedException'> (0x00000000f57854b8) thrown at [C:\re\workspace\8-2-build-windows-amd64-cygwin\jdk8u66\5298\hotspot\src\share\vm\runtime\objectMonitor.cpp, line 1683]
Event: 44.849 Thread 0x000000001681f000 Exception <a 'java/lang/InterruptedException'> (0x00000000f56e5378) thrown at [C:\re\workspace\8-2-build-windows-amd64-cygwin\jdk8u66\5298\hotspot\src\share\vm\runtime\objectMonitor.cpp, line 1683]
Event: 44.854 Thread 0x0000000018d39800 Exception <a 'java/lang/InterruptedException'> (0x00000000f561de68) thrown at [C:\re\workspace\8-2-build-windows-amd64-cygwin\jdk8u66\5298\hotspot\src\share\vm\runtime\objectMonitor.cpp, line 1683]
Event: 44.855 Thread 0x0000000016325800 Exception <a 'java/lang/InterruptedException'> (0x00000000f59844a8) thrown at [C:\re\workspace\8-2-build-windows-amd64-cygwin\jdk8u66\5298\hotspot\src\share\vm\runtime\objectMonitor.cpp, line 1683]

Events (10 events):
Event: 44.863 Executing VM operation: RevokeBias done
Event: 44.864 Thread 0x0000000015c3f800 Thread exited: 0x0000000015c3f800
Event: 44.865 loading class java/util/IdentityHashMap$KeyIterator
Event: 44.865 loading class java/util/IdentityHashMap$IdentityHashMapIterator
Event: 44.865 loading class java/util/IdentityHashMap$IdentityHashMapIterator done
Event: 44.865 loading class java/util/IdentityHashMap$KeyIterator done
Event: 44.865 Thread 0x0000000015c3f800 Thread added: 0x0000000015c3f800
Event: 44.866 Thread 0x0000000015c3f800 Thread exited: 0x0000000015c3f800
Event: 44.866 Thread 0x0000000013821000 Thread exited: 0x0000000013821000
Event: 44.866 Executing VM operation: Exit


Dynamic libraries:
0x0000000000400000 - 0x000000000044f000 	C:\Xilinx\SDK\2016.4\eclipse\win64.o\eclipse.exe
0x00000000778d0000 - 0x0000000077a7a000 	C:\Windows\SYSTEM32\ntdll.dll
0x00000000776b0000 - 0x00000000777cf000 	C:\Windows\system32\kernel32.dll
0x000007fefd890000 - 0x000007fefd8fa000 	C:\Windows\system32\KERNELBASE.dll
0x00000000777d0000 - 0x00000000778ca000 	C:\Windows\system32\USER32.dll
0x000007feff330000 - 0x000007feff397000 	C:\Windows\system32\GDI32.dll
0x000007fefda60000 - 0x000007fefda6e000 	C:\Windows\system32\LPK.dll
0x000007feff980000 - 0x000007feffa4b000 	C:\Windows\system32\USP10.dll
0x000007fefe2f0000 - 0x000007fefe38f000 	C:\Windows\system32\msvcrt.dll
0x000007fefbc50000 - 0x000007fefbe44000 	C:\Windows\WinSxS\amd64_microsoft.windows.common-controls_6595b64144ccf1df_6.0.7601.18837_none_fa3b1e3d17594757\COMCTL32.dll
0x000007fefe410000 - 0x000007fefe481000 	C:\Windows\system32\SHLWAPI.dll
0x000007fefe150000 - 0x000007fefe17e000 	C:\Windows\system32\IMM32.DLL
0x000007fefe490000 - 0x000007fefe599000 	C:\Windows\system32\MSCTF.dll
0x0000000072000000 - 0x0000000072012000 	C:\Xilinx\SDK\2016.4\eclipse\win64.o\plugins\org.eclipse.equinox.launcher.win32.win32.x86_64_1.1.300.v20150602-1417\eclipse_1611.dll
0x000007feff8a0000 - 0x000007feff97b000 	C:\Windows\system32\ADVAPI32.dll
0x000007feff3b0000 - 0x000007feff3cf000 	C:\Windows\SYSTEM32\sechost.dll
0x000007fefde40000 - 0x000007fefdf6d000 	C:\Windows\system32\RPCRT4.dll
0x000007fefc6a0000 - 0x000007fefc6ac000 	C:\Windows\system32\VERSION.dll
0x000007fefbb60000 - 0x000007fefbbb6000 	C:\Windows\system32\uxtheme.dll
0x000007fee1dd0000 - 0x000007fee1e18000 	C:\Program Files (x86)\TeamViewer\tv_x64.dll
0x000007fefe5a0000 - 0x000007feff32b000 	C:\Windows\system32\SHELL32.dll
0x000007feff6a0000 - 0x000007feff89c000 	C:\Windows\system32\ole32.dll
0x000000006ffd0000 - 0x0000000070859000 	C:\Xilinx\SDK\2016.4\tps\win64\jre\bin\server\jvm.dll
0x000007fefaeb0000 - 0x000007fefaeb9000 	C:\Windows\system32\WSOCK32.dll
0x000007fefe180000 - 0x000007fefe1cd000 	C:\Windows\system32\WS2_32.dll
0x000007feff3a0000 - 0x000007feff3a8000 	C:\Windows\system32\NSI.dll
0x000007fefa880000 - 0x000007fefa8bb000 	C:\Windows\system32\WINMM.dll
0x0000000077aa0000 - 0x0000000077aa7000 	C:\Windows\system32\PSAPI.DLL
0x000000006f5b0000 - 0x000000006f682000 	C:\Windows\system32\MSVCR100.dll
0x0000000071d10000 - 0x0000000071d1f000 	C:\Xilinx\SDK\2016.4\tps\win64\jre\bin\verify.dll
0x00000000654a0000 - 0x00000000654c9000 	C:\Xilinx\SDK\2016.4\tps\win64\jre\bin\java.dll
0x0000000069c90000 - 0x0000000069ca6000 	C:\Xilinx\SDK\2016.4\tps\win64\jre\bin\zip.dll
0x000007fefd5d0000 - 0x000007fefd5df000 	C:\Windows\system32\profapi.dll
0x000007fefcdb0000 - 0x000007fefcdc8000 	C:\Windows\system32\CRYPTSP.dll
0x000007fefcab0000 - 0x000007fefcaf7000 	C:\Windows\system32\rsaenh.dll
0x000007fefd920000 - 0x000007fefd93e000 	C:\Windows\system32\USERENV.dll
0x000007fefd3c0000 - 0x000007fefd3cf000 	C:\Windows\system32\CRYPTBASE.dll
0x00000000694d0000 - 0x00000000694ea000 	C:\Xilinx\SDK\2016.4\tps\win64\jre\bin\net.dll
0x000007fefcd50000 - 0x000007fefcda5000 	C:\Windows\system32\mswsock.dll
0x000007fefcd40000 - 0x000007fefcd47000 	C:\Windows\System32\wship6.dll
0x000007fefaa70000 - 0x000007fefaa97000 	C:\Windows\system32\IPHLPAPI.DLL
0x000007fefa9c0000 - 0x000007fefa9cb000 	C:\Windows\system32\WINNSI.DLL
0x000007fefa7d0000 - 0x000007fefa7e1000 	C:\Windows\system32\dhcpcsvc6.DLL
0x000007fefa7b0000 - 0x000007fefa7c8000 	C:\Windows\system32\dhcpcsvc.DLL
0x00000000627b0000 - 0x00000000627c1000 	C:\Xilinx\SDK\2016.4\tps\win64\jre\bin\nio.dll
0x000007fefb400000 - 0x000007fefb415000 	C:\Windows\system32\NLAapi.dll
0x000007fef45a0000 - 0x000007fef45b5000 	C:\Windows\system32\napinsp.dll
0x000007fef4580000 - 0x000007fef4599000 	C:\Windows\system32\pnrpnsp.dll
0x000007fefcbd0000 - 0x000007fefcc2b000 	C:\Windows\system32\DNSAPI.dll
0x000007fef57f0000 - 0x000007fef57fb000 	C:\Windows\System32\winrnr.dll
0x000007fefc770000 - 0x000007fefc777000 	C:\Windows\System32\wshtcpip.dll
0x000007fef5340000 - 0x000007fef5348000 	C:\Windows\system32\rasadhlp.dll
0x000007fefa920000 - 0x000007fefa973000 	C:\Windows\System32\fwpuclnt.dll
0x0000000017120000 - 0x00000000171c8000 	C:\Users\shlab_61\.Xilinx\SDK\2016.4\org.eclipse.osgi\319\0\.cp\swt-win32-4527.dll
0x000007fefd980000 - 0x000007fefda5a000 	C:\Windows\system32\OLEAUT32.dll
0x000007fefe250000 - 0x000007fefe2e7000 	C:\Windows\system32\comdlg32.dll
0x000007fef4df0000 - 0x000007fef4e61000 	C:\Windows\system32\WINSPOOL.DRV
0x000007fefda70000 - 0x000007fefdd91000 	C:\Windows\system32\WININET.dll
0x000007fefd6a0000 - 0x000007fefd6a4000 	C:\Windows\system32\api-ms-win-downlevel-user32-l1-1-0.dll
0x000007fefd900000 - 0x000007fefd904000 	C:\Windows\system32\api-ms-win-downlevel-shlwapi-l1-1-0.dll
0x000007fefd690000 - 0x000007fefd694000 	C:\Windows\system32\api-ms-win-downlevel-version-l1-1-0.dll
0x000007fefd6b0000 - 0x000007fefd6b3000 	C:\Windows\system32\api-ms-win-downlevel-normaliz-l1-1-0.dll
0x0000000077a90000 - 0x0000000077a93000 	C:\Windows\system32\normaliz.DLL
0x000007feff3d0000 - 0x000007feff69a000 	C:\Windows\system32\iertutil.dll
0x000007fefd5e0000 - 0x000007fefd5e5000 	C:\Windows\system32\api-ms-win-downlevel-advapi32-l1-1-0.dll
0x000007fefd720000 - 0x000007fefd88d000 	C:\Windows\system32\CRYPT32.dll
0x000007fefd5c0000 - 0x000007fefd5cf000 	C:\Windows\system32\MSASN1.dll
0x000007fefa730000 - 0x000007fefa748000 	C:\Windows\system32\dwmapi.dll
0x000007fefbe50000 - 0x000007fefbf7c000 	C:\Windows\system32\propsys.dll
0x000007fefdda0000 - 0x000007fefde39000 	C:\Windows\system32\CLBCatQ.DLL
0x0000000015e70000 - 0x0000000015e8e000 	C:\Users\shlab_61\.Xilinx\SDK\2016.4\org.eclipse.osgi\319\0\.cp\swt-gdip-win32-4527.dll
0x000007fefb940000 - 0x000007fefbb57000 	C:\Windows\WinSxS\amd64_microsoft.windows.gdiplus_6595b64144ccf1df_1.1.7601.23807_none_14556b8e8b95d1fc\gdiplus.dll
0x000007fefa460000 - 0x000007fefa5c1000 	C:\Windows\system32\WindowsCodecs.dll
0x0000000180000000 - 0x0000000180012000 	C:\Users\shlab_61\.Xilinx\SDK\2016.4\org.eclipse.osgi\133\0\.cp\os\win32\x86_64\localfile_1_0_0.dll
0x000007fef9c90000 - 0x000007fef9ce4000 	C:\Windows\system32\oleacc.dll
0x000007fef9bc0000 - 0x000007fef9bc7000 	C:\Windows\system32\msimg32.dll
0x000007fefd510000 - 0x000007fefd524000 	C:\Windows\system32\RpcRtRemote.dll
0x000007fefd470000 - 0x000007fefd4c7000 	C:\Windows\system32\apphelp.dll
0x000007fef2600000 - 0x000007fef2611000 	C:\Users\shlab_61\.Xilinx\SDK\2016.4\org.eclipse.osgi\136\0\.cp\jWinHttp-1.0.0.dll
0x000007fef6a40000 - 0x000007fef6ab1000 	C:\Windows\system32\WINHTTP.dll
0x000007fef69d0000 - 0x000007fef6a34000 	C:\Windows\system32\webio.dll
0x000007fefd390000 - 0x000007fefd3b5000 	C:\Windows\system32\SspiCli.dll
0x000007fefc980000 - 0x000007fefc98a000 	C:\Windows\system32\credssp.dll
0x000007fefd6e0000 - 0x000007fefd716000 	C:\Windows\system32\CFGMGR32.dll
0x000007fef4510000 - 0x000007fef451f000 	C:\Xilinx\SDK\2016.4\lib\win64.o\librdi_repo_manager.dll
0x000007feefce0000 - 0x000007feefd0a000 	C:\Xilinx\SDK\2016.4\lib\win64.o\libisl_sysinfo.dll
0x000007fee2690000 - 0x000007fee2764000 	C:\Windows\system32\MSVCR110.dll
0x000007fee2300000 - 0x000007fee23a7000 	C:\Windows\system32\MSVCP110.dll
0x000007feb52f0000 - 0x000007feb5d9a000 	C:\Xilinx\SDK\2016.4\lib\win64.o\librdi_common.dll
0x000007feb64e0000 - 0x000007feb684e000 	C:\Xilinx\SDK\2016.4\lib\win64.o\libCOIN-all.dll
0x000007feb6b40000 - 0x000007feb6d5f000 	C:\Xilinx\SDK\2016.4\lib\win64.o\libXil_lmgr11.dll
0x000007fefb4c0000 - 0x000007fefb4d6000 	C:\Windows\system32\NETAPI32.dll
0x000007fefb4b0000 - 0x000007fefb4bc000 	C:\Windows\system32\netutils.dll
0x000007fefd120000 - 0x000007fefd143000 	C:\Windows\system32\srvcli.dll
0x000007fefb470000 - 0x000007fefb485000 	C:\Windows\system32\wkscli.dll
0x000007fefd940000 - 0x000007fefd97b000 	C:\Windows\system32\WINTRUST.dll
0x000007fef43d0000 - 0x000007fef43e0000 	C:\Xilinx\SDK\2016.4\lib\win64.o\libboost_date_time.dll
0x000007feefcb0000 - 0x000007feefcd4000 	C:\Xilinx\SDK\2016.4\lib\win64.o\libboost_filesystem.dll
0x000007fef4400000 - 0x000007fef4409000 	C:\Xilinx\SDK\2016.4\lib\win64.o\libboost_system.dll
0x000007feefc30000 - 0x000007feefca7000 	C:\Xilinx\SDK\2016.4\lib\win64.o\libboost_program_options.dll
0x000007feb8e00000 - 0x000007feb8f06000 	C:\Xilinx\SDK\2016.4\lib\win64.o\libboost_regex.dll
0x000007feefc10000 - 0x000007feefc23000 	C:\Xilinx\SDK\2016.4\lib\win64.o\libboost_signals.dll
0x000007feefbf0000 - 0x000007feefc0d000 	C:\Xilinx\SDK\2016.4\lib\win64.o\libboost_thread.dll
0x000007fef43a0000 - 0x000007fef43ab000 	C:\Xilinx\SDK\2016.4\lib\win64.o\libboost_chrono.dll
0x000007fef2cc0000 - 0x000007fef2ccb000 	C:\Xilinx\SDK\2016.4\lib\win64.o\libboost_xilinx.dll
0x000007fee0fe0000 - 0x000007fee1060000 	C:\Xilinx\SDK\2016.4\lib\win64.o\libhdlpsolve.dll
0x000007febe170000 - 0x000007febe20a000 	C:\Xilinx\SDK\2016.4\lib\win64.o\libhdxml.dll
0x000007feb6110000 - 0x000007feb64d9000 	C:\Xilinx\SDK\2016.4\lib\win64.o\libisl_iostreams.dll
0x000007feefbd0000 - 0x000007feefbe6000 	C:\Xilinx\SDK\2016.4\lib\win64.o\libboost_iostreams.dll
0x000007feefbb0000 - 0x000007feefbcf000 	C:\Xilinx\SDK\2016.4\lib\win64.o\librdizlib.dll
0x000007feefb80000 - 0x000007feefba3000 	C:\Xilinx\SDK\2016.4\lib\win64.o\libisl_iosutils.dll
0x000007fee0fc0000 - 0x000007fee0fd5000 	C:\Xilinx\SDK\2016.4\lib\win64.o\pthreadVC2.dll
0x000007febe110000 - 0x000007febe163000 	C:\Xilinx\SDK\2016.4\lib\win64.o\librdi_commonxillic.dll
0x000007feb6a10000 - 0x000007feb6b40000 	C:\Xilinx\SDK\2016.4\lib\win64.o\librdi_curl.dll
0x000007fee0fa0000 - 0x000007fee0fb8000 	C:\Xilinx\SDK\2016.4\lib\win64.o\librdiconfig.dll
0x00000000559b0000 - 0x0000000055ad7000 	C:\Xilinx\SDK\2016.4\lib\win64.o\tcl85t.dll
0x0000000024520000 - 0x0000000024783000 	C:\Xilinx\SDK\2016.4\lib\win64.o\xerces-c_3_1.dll
0x000007feffa50000 - 0x000007feffbd5000 	C:\Windows\system32\urlmon.dll
0x000007fefd910000 - 0x000007fefd914000 	C:\Windows\system32\api-ms-win-downlevel-ole32-l1-1-0.dll
0x000007fef1d90000 - 0x000007fef1db3000 	C:\Windows\system32\VCOMP110.DLL
0x000007feb5f10000 - 0x000007feb6108000 	C:\Xilinx\SDK\2016.4\lib\win64.o\librdi_hsm.dll
0x000007febe0c0000 - 0x000007febe103000 	C:\Xilinx\SDK\2016.4\lib\win64.o\librdi_hdf.dll
0x000007feb5020000 - 0x000007feb52e8000 	C:\Xilinx\SDK\2016.4\lib\win64.o\librdi_ippcw.dll
0x000007fef2850000 - 0x000007fef285a000 	C:\Xilinx\SDK\2016.4\lib\win64.o\librdi_jtag_settings.dll
0x000007feb8dd0000 - 0x000007feb8df9000 	C:\Xilinx\SDK\2016.4\lib\win64.o\librdi_debug_dialog.dll
0x000007fef1f90000 - 0x000007fef1f98000 	C:\Xilinx\SDK\2016.4\lib\win64.o\librdi_target_manager.dll
0x000007fea9900000 - 0x000007feaa110000 	C:\Xilinx\SDK\2016.4\lib\win64.o\libXil_lmgr11FNP.dll
0x000007fef4d90000 - 0x000007fef4d9b000 	C:\Windows\system32\snmpapi.dll

VM Arguments:
jvm_args: -Dcom.xilinx.sdk.args.hwspec=C:/Users/shlab_61/Downloads/0619_lab/0316303_0619/0316303_0619.sdk/lab6_wrapper.hdf -Xms64m -Xmx512m & 
java_command: <unknown>
java_class_path (initial): C:\Xilinx\SDK\2016.4\eclipse\win64.o\\plugins/org.eclipse.equinox.launcher_1.3.100.v20150511-1540.jar
Launcher Type: generic

Environment Variables:
PATH=C:/Xilinx/SDK/2016.4/tps/win64/jre/bin/server;C:/Xilinx/SDK/2016.4/tps/win64/jre/bin;C:/Xilinx/SDK/2016.4/tps/win64/jre/lib/amd64;C:\Xilinx\SDK\2016.4\gnuwin\bin;C:\Xilinx\SDK\2016.4\gnu\microblaze\nt\bin;C:\Xilinx\SDK\2016.4\gnu\microblaze\linux_toolchain\nt64_le\bin;C:\Xilinx\SDK\2016.4\gnu\microblaze\linux_toolchain\nt64_be\bin;C:\Xilinx\SDK\2016.4\gnu\arm\nt\bin;C:\Xilinx\SDK\2016.4\gnu\aarch64\nt\aarch64-none\bin;C:\Xilinx\SDK\2016.4\gnu\aarch64\nt\aarch64-linux\bin;C:\Xilinx\SDK\2016.4\gnu\armr5\nt\gcc-arm-none-eabi\bin;C:\Xilinx\SDK\2016.4\gnu\aarch32\nt\gcc-arm-none-eabi\bin;C:\Xilinx\SDK\2016.4\gnu\aarch32\nt\gcc-arm-linux-gnueabi\bin;C:\Xilinx\SDK\2016.4\tps\win64\cmake-3.3.2\bin;;C:\Xilinx\SDK\2016.4\bin;C:\Xilinx\SDK\2016.4\lib\win64.o;C:\Xilinx\SDK\2016.4\tps\win64\jre\bin\server;C:\Xilinx\SDK\2016.4\tps\win64\jre\bin;C:\Xilinx\Vivado\2016.4\ids_lite\ISE\bin\nt64;C:\Xilinx\Vivado\2016.4\ids_lite\ISE\lib\nt64;C:\Xilinx\Vivado\2016.4\bin;C:\Xilinx\Vivado\2016.4\lib\win64.o;C:\Xilinx\Vivado\2016.4\tps\win64\jre\bin\server;C:\Xilinx\Vivado\2016.4\tps\win64\jre\bin;C:\Xilinx\Vivado_HLS\2016.4\bin;C:\ProgramData\Oracle\Java\javapath;C:\Windows\system32;C:\Windows;C:\Windows\System32\Wbem;C:\Windows\System32\WindowsPowerShell\v1.0\;C:\Program Files (x86)\Intel\OpenCL SDK\2.0\bin\x86;C:\Program Files (x86)\Intel\OpenCL SDK\2.0\bin\x64;c:\Users\shlab_61\Downloads\0619_lab\0316303_0619;
USERNAME=shlab_61
OS=Windows_NT
PROCESSOR_IDENTIFIER=Intel64 Family 6 Model 58 Stepping 9, GenuineIntel



---------------  S Y S T E M  ---------------

OS: Windows 7 , 64 bit Build 7601 (6.1.7601.23807)

CPU:total 4 (2 cores per cpu, 2 threads per core) family 6 model 58 stepping 9, cmov, cx8, fxsr, mmx, sse, sse2, sse3, ssse3, sse4.1, sse4.2, popcnt, avx, clmul, erms, ht, tsc, tscinvbit, tscinv

Memory: 4k page, physical 16462528k(7677800k free), swap 32923196k(22770172k free)

vm_info: Java HotSpot(TM) 64-Bit Server VM (25.66-b18) for windows-amd64 JRE (1.8.0_66-b18), built on Nov  9 2015 10:51:13 by "java_re" with MS VC++ 10.0 (VS2010)

time: Tue Jun 20 18:33:41 2017
elapsed time: 45 seconds (0d 0h 0m 45s)

