#
# A fatal error has been detected by the Java Runtime Environment:
#
#  EXCEPTION_UNCAUGHT_CXX_EXCEPTION (0xe06d7363) at pc=0x000007fefd8aa06d, pid=4212, tid=8144
#
# JRE version: Java(TM) SE Runtime Environment (8.0_66-b18) (build 1.8.0_66-b18)
# Java VM: Java HotSpot(TM) 64-Bit Server VM (25.66-b18 mixed mode windows-amd64 compressed oops)
# Problematic frame:
# C  [KERNELBASE.dll+0x1a06d]
#
# Failed to write core dump. Minidumps are not enabled by default on client versions of Windows
#
# If you would like to submit a bug report, please visit:
#   http://bugreport.java.com/bugreport/crash.jsp
#

---------------  T H R E A D  ---------------

Current thread (0x00000000135ba800):  VMThread [stack: 0x0000000014620000,0x0000000014720000] [id=8144]

siginfo: ExceptionCode=0xe06d7363, ExceptionInformation=0x0000000019930520 0x000000001471f6c8 0x000007fee2742cb8 0x000007fee2690000 

Registers:
RAX=0x00000000611d507d, RBX=0x000007fee2742cb8, RCX=0x000000001471ef10, RDX=0x00000000000000d0
RSP=0x000000001471f520, RBP=0x000000001471f650, RSI=0x00000000ffffffff, RDI=0x000000001603bb50
R8 =0x0000000000000000, R9 =0x0000000000000000, R10=0x000007fee2690000, R11=0x000000001471f560
R12=0x0000000000000001, R13=0x0000000000000008, R14=0x0000000000000000, R15=0xffffffffffffffff
RIP=0x000007fefd8aa06d, EFLAGS=0x0000000000000206

Top of Stack: (sp=0x000000001471f520)
0x000000001471f520:   000007fee2742cb8 00000000ffffffff
0x000000001471f530:   000000001603bb50 00000000002f07e0
0x000000001471f540:   00000001e06d7363 0000000000000000
0x000000001471f550:   000007fefd8aa06d 000007fe00000004
0x000000001471f560:   0000000019930520 000000001471f6c8
0x000000001471f570:   000007fee2742cb8 000007fee2690000
0x000000001471f580:   0000000000000000 000000001471f608
0x000000001471f590:   0000000000000028 000000001603bb40
0x000000001471f5a0:   0000000016030060 0000000000000000
0x000000001471f5b0:   000007fffffd4000 000000007791f4e3
0x000000001471f5c0:   0000000000000000 0000000000000008
0x000000001471f5d0:   0000000000000001 000000001603bb50
0x000000001471f5e0:   00000000ffffffff 000007fee26ee92c
0x000000001471f5f0:   000007fee2742cb8 000000001471f660
0x000000001471f600:   0000000000000001 000007fee26900f8
0x000000001471f610:   00000001e06d7363 0000000000000000 

Instructions: (pc=0x000007fefd8aa06d)
0x000007fefd8aa04d:   54 24 24 48 89 4c 24 28 4d 85 c9 0f 85 6a 03 00
0x000007fefd8aa05d:   00 89 4c 24 38 48 8d 4c 24 20 ff 15 33 02 03 00
0x000007fefd8aa06d:   48 81 c4 c8 00 00 00 c3 90 90 90 90 90 90 90 90
0x000007fefd8aa07d:   90 90 90 48 83 ec 28 65 48 8b 04 25 30 00 00 00 


Register to memory mapping:

RAX=0x00000000611d507d is an unknown value
RBX=0x000007fee2742cb8 is an unknown value
RCX=0x000000001471ef10 is an unknown value
RDX=0x00000000000000d0 is an unknown value
RSP=0x000000001471f520 is an unknown value
RBP=0x000000001471f650 is an unknown value
RSI=0x00000000ffffffff is an unallocated location in the heap
RDI=0x000000001603bb50 is an unknown value
R8 =0x0000000000000000 is an unknown value
R9 =0x0000000000000000 is an unknown value
R10=0x000007fee2690000 is an unknown value
R11=0x000000001471f560 is an unknown value
R12=0x0000000000000001 is an unknown value
R13=0x0000000000000008 is an unknown value
R14=0x0000000000000000 is an unknown value
R15=0xffffffffffffffff is an unknown value


Stack: [0x0000000014620000,0x0000000014720000],  sp=0x000000001471f520,  free space=1021k
Native frames: (J=compiled Java code, j=interpreted, Vv=VM code, C=native code)
C  [KERNELBASE.dll+0x1a06d]
C  [MSVCR110.dll+0x5e92c]
C  [MSVCR110.dll+0x1315c]
C  [MSVCR110.dll+0x136a9]
C  [MSVCR110.dll+0x13e9c]
C  [MSVCR110.dll+0x239e]
C  [MSVCR110.dll+0xaf9e]
C  [MSVCP110.dll+0x397b9]
C  [librdi_common.dll+0x183a66]
C  [librdi_common.dll+0x1826fb]
C  [librdi_target_manager.dll+0x2400]
C  [librdi_target_manager.dll+0x2682]
C  [ntdll.dll+0x22ac1]
C  [ntdll.dll+0x228d0]
C  [MSVCR100.dll+0x20ccd]
V  [jvm.dll+0x210cc5]
V  [jvm.dll+0x249897]
V  [jvm.dll+0x248b36]
V  [jvm.dll+0x248fd1]
V  [jvm.dll+0x2491ee]
V  [jvm.dll+0x29a0fa]
C  [MSVCR100.dll+0x21d9f]
C  [MSVCR100.dll+0x21e3b]
C  [kernel32.dll+0x159cd]
C  [ntdll.dll+0x2a561]

VM_Operation (0x000000000012f4c0): Exit, mode: safepoint, requested by thread 0x0000000002198000


---------------  P R O C E S S  ---------------

Java Threads: ( => current thread )
  0x000000001e510800 JavaThread "Spawner Reaper" daemon [_thread_in_native, id=9308, stack(0x00000000294e0000,0x00000000295e0000)]
  0x000000001b240800 JavaThread "pool-2-thread-4" [_thread_blocked, id=11168, stack(0x00000000290f0000,0x00000000291f0000)]
  0x0000000018d6c000 JavaThread "pool-2-thread-3" [_thread_blocked, id=9376, stack(0x0000000028ef0000,0x0000000028ff0000)]
  0x0000000018d71800 JavaThread "pool-2-thread-2" [_thread_blocked, id=8404, stack(0x0000000028cf0000,0x0000000028df0000)]
  0x000000001b23e000 JavaThread "pool-2-thread-1" [_thread_blocked, id=9384, stack(0x00000000258d0000,0x00000000259d0000)]
  0x000000001b23c800 JavaThread "Thread-31" daemon [_thread_blocked, id=9704, stack(0x0000000024ce0000,0x0000000024de0000)]
  0x0000000016676800 JavaThread "TCF Channel Transmitter" daemon [_thread_blocked, id=9464, stack(0x0000000021ba0000,0x0000000021ca0000)]
  0x0000000016675800 JavaThread "TCF Channel Receiver" daemon [_thread_in_native, id=6524, stack(0x0000000021aa0000,0x0000000021ba0000)]
  0x0000000016674000 JavaThread "Process monitor" daemon [_thread_in_native, id=9404, stack(0x00000000242e0000,0x00000000243e0000)]
  0x000000001e512800 JavaThread "Input Stream Monitor" daemon [_thread_blocked, id=11076, stack(0x00000000241e0000,0x00000000242e0000)]
  0x000000001e512000 JavaThread "Output Stream Monitor" daemon [_thread_in_native, id=5816, stack(0x00000000240e0000,0x00000000241e0000)]
  0x000000001e511000 JavaThread "Output Stream Monitor" daemon [_thread_in_native, id=3344, stack(0x0000000023fe0000,0x00000000240e0000)]
  0x000000001e50c800 JavaThread "TCF Locator DNS Lookup" daemon [_thread_blocked, id=5060, stack(0x000000001c860000,0x000000001c960000)]
  0x000000001e50c000 JavaThread "TCF Locator Timer" daemon [_thread_blocked, id=9148, stack(0x000000001c760000,0x000000001c860000)]
  0x000000001914f800 JavaThread "TCF Locator Receiver" daemon [_thread_blocked, id=7960, stack(0x000000001c410000,0x000000001c510000)]
  0x000000001914e000 JavaThread "TCF Timer Dispatcher" daemon [_thread_blocked, id=6424, stack(0x000000001c560000,0x000000001c660000)]
  0x0000000016271000 JavaThread "EMF Reference Cleaner" daemon [_thread_blocked, id=8764, stack(0x0000000018250000,0x0000000018350000)]
  0x00000000149d2800 JavaThread "Service Thread" daemon [_thread_blocked, id=3360, stack(0x0000000015220000,0x0000000015320000)]
  0x0000000014940000 JavaThread "C1 CompilerThread2" daemon [_thread_blocked, id=8976, stack(0x0000000015120000,0x0000000015220000)]
  0x000000001493e800 JavaThread "C2 CompilerThread1" daemon [_thread_blocked, id=9812, stack(0x0000000015020000,0x0000000015120000)]
  0x0000000014936000 JavaThread "C2 CompilerThread0" daemon [_thread_blocked, id=1248, stack(0x0000000014f20000,0x0000000015020000)]
  0x000000001492c800 JavaThread "Attach Listener" daemon [_thread_blocked, id=10944, stack(0x0000000014e20000,0x0000000014f20000)]
  0x0000000013626000 JavaThread "Signal Dispatcher" daemon [_thread_blocked, id=1720, stack(0x0000000014d20000,0x0000000014e20000)]
  0x00000000135ca800 JavaThread "Finalizer" daemon [_thread_blocked, id=8396, stack(0x0000000014820000,0x0000000014920000)]
  0x00000000135c4000 JavaThread "Reference Handler" daemon [_thread_blocked, id=3408, stack(0x0000000014720000,0x0000000014820000)]
  0x0000000002198000 JavaThread "main" [_thread_blocked, id=11072, stack(0x0000000000030000,0x0000000000130000)]

Other Threads:
=>0x00000000135ba800 VMThread [stack: 0x0000000014620000,0x0000000014720000] [id=8144]

VM state:at safepoint (shutting down)

VM Mutex/Monitor currently owned by a thread:  ([mutex/lock_event])
[0x00000000005de310] Threads_lock - owner thread: 0x00000000135ba800

Heap:
 PSYoungGen      total 131072K, used 90898K [0x00000000f5580000, 0x00000000ff100000, 0x0000000100000000)
  eden space 113664K, 79% used [0x00000000f5580000,0x00000000fae44b20,0x00000000fc480000)
  from space 17408K, 0% used [0x00000000fc480000,0x00000000fc480000,0x00000000fd580000)
  to   space 18944K, 0% used [0x00000000fde80000,0x00000000fde80000,0x00000000ff100000)
 ParOldGen       total 110592K, used 62513K [0x00000000e0000000, 0x00000000e6c00000, 0x00000000f5580000)
  object space 110592K, 56% used [0x00000000e0000000,0x00000000e3d0c688,0x00000000e6c00000)
 Metaspace       used 99733K, capacity 107582K, committed 107816K, reserved 1142784K
  class space    used 11817K, capacity 14249K, committed 14376K, reserved 1048576K

Card table byte_map: [0x0000000011620000,0x0000000011730000] byte_map_base: 0x0000000010f20000

Marking Bits: (ParMarkBitMap*) 0x00000000705aa5b0
 Begin Bits: [0x0000000011b30000, 0x0000000012330000)
 End Bits:   [0x0000000012330000, 0x0000000012b30000)

Polling page: 0x0000000000220000

CodeCache: size=245760Kb used=52191Kb max_used=53280Kb free=193568Kb
 bounds [0x0000000002260000, 0x00000000056c0000, 0x0000000011260000]
 total_blobs=14726 nmethods=13810 adapters=820
 compilation: enabled

Compilation events (10 events):
Event: 1265.370 Thread 0x0000000014940000 nmethod 17639 0x000000000411bed0 code [0x000000000411c040, 0x000000000411c1c8]
Event: 1265.370 Thread 0x0000000014940000 17640       3       org.eclipse.osgi.container.ModuleWiring::invalidate0 (52 bytes)
Event: 1265.371 Thread 0x0000000014940000 nmethod 17640 0x000000000320f450 code [0x000000000320f600, 0x000000000320ffa8]
Event: 1265.371 Thread 0x0000000014940000 17641       3       org.eclipse.osgi.internal.container.AtomicLazyInitializer::getAndClear (9 bytes)
Event: 1265.371 Thread 0x0000000014940000 nmethod 17641 0x00000000029be0d0 code [0x00000000029be240, 0x00000000029be490]
Event: 1265.371 Thread 0x0000000014940000 17647   !   3       org.eclipse.osgi.storage.BundleInfo$Generation::clearManifestCache (30 bytes)
Event: 1265.372 Thread 0x0000000014940000 nmethod 17647 0x00000000040113d0 code [0x0000000004011560, 0x0000000004011ba8]
Event: 1265.372 Thread 0x0000000014940000 17642       3       java.util.concurrent.atomic.AtomicReference::getAndSet (12 bytes)
Event: 1265.372 Thread 0x0000000014940000 nmethod 17642 0x0000000002b49890 code [0x0000000002b499e0, 0x0000000002b49b50]
Event: 1265.372 Thread 0x0000000014940000 17644       3       org.eclipse.osgi.internal.framework.EquinoxContainerAdaptor::invalidateWiring (186 bytes)

GC Heap History (10 events):
Event: 1143.827 GC heap before
{Heap before GC invocations=56 (full 19):
 PSYoungGen      total 131584K, used 3527K [0x00000000f5580000, 0x00000000fe480000, 0x0000000100000000)
  eden space 117760K, 2% used [0x00000000f5580000,0x00000000f58f1f20,0x00000000fc880000)
  from space 13824K, 0% used [0x00000000fd700000,0x00000000fd700000,0x00000000fe480000)
  to   space 14336K, 0% used [0x00000000fc880000,0x00000000fc880000,0x00000000fd680000)
 ParOldGen       total 110592K, used 50698K [0x00000000e0000000, 0x00000000e6c00000, 0x00000000f5580000)
  object space 110592K, 45% used [0x00000000e0000000,0x00000000e3182908,0x00000000e6c00000)
 Metaspace       used 95617K, capacity 103492K, committed 103848K, reserved 1138688K
  class space    used 11251K, capacity 13640K, committed 13736K, reserved 1048576K
Event: 1143.830 GC heap after
Heap after GC invocations=56 (full 19):
 PSYoungGen      total 118272K, used 160K [0x00000000f5580000, 0x00000000fe280000, 0x0000000100000000)
  eden space 117760K, 0% used [0x00000000f5580000,0x00000000f5580000,0x00000000fc880000)
  from space 512K, 31% used [0x00000000fc880000,0x00000000fc8a8000,0x00000000fc900000)
  to   space 13312K, 0% used [0x00000000fd580000,0x00000000fd580000,0x00000000fe280000)
 ParOldGen       total 110592K, used 50698K [0x00000000e0000000, 0x00000000e6c00000, 0x00000000f5580000)
  object space 110592K, 45% used [0x00000000e0000000,0x00000000e3182908,0x00000000e6c00000)
 Metaspace       used 95617K, capacity 103492K, committed 103848K, reserved 1138688K
  class space    used 11251K, capacity 13640K, committed 13736K, reserved 1048576K
}
Event: 1143.830 GC heap before
{Heap before GC invocations=57 (full 20):
 PSYoungGen      total 118272K, used 160K [0x00000000f5580000, 0x00000000fe280000, 0x0000000100000000)
  eden space 117760K, 0% used [0x00000000f5580000,0x00000000f5580000,0x00000000fc880000)
  from space 512K, 31% used [0x00000000fc880000,0x00000000fc8a8000,0x00000000fc900000)
  to   space 13312K, 0% used [0x00000000fd580000,0x00000000fd580000,0x00000000fe280000)
 ParOldGen       total 110592K, used 50698K [0x00000000e0000000, 0x00000000e6c00000, 0x00000000f5580000)
  object space 110592K, 45% used [0x00000000e0000000,0x00000000e3182908,0x00000000e6c00000)
 Metaspace       used 95617K, capacity 103492K, committed 103848K, reserved 1138688K
  class space    used 11251K, capacity 13640K, committed 13736K, reserved 1048576K
Event: 1144.057 GC heap after
Heap after GC invocations=57 (full 20):
 PSYoungGen      total 118272K, used 0K [0x00000000f5580000, 0x00000000fe280000, 0x0000000100000000)
  eden space 117760K, 0% used [0x00000000f5580000,0x00000000f5580000,0x00000000fc880000)
  from space 512K, 0% used [0x00000000fc880000,0x00000000fc880000,0x00000000fc900000)
  to   space 13312K, 0% used [0x00000000fd580000,0x00000000fd580000,0x00000000fe280000)
 ParOldGen       total 110592K, used 50671K [0x00000000e0000000, 0x00000000e6c00000, 0x00000000f5580000)
  object space 110592K, 45% used [0x00000000e0000000,0x00000000e317bd80,0x00000000e6c00000)
 Metaspace       used 95613K, capacity 103486K, committed 103848K, reserved 1138688K
  class space    used 11250K, capacity 13639K, committed 13736K, reserved 1048576K
}
Event: 1189.517 GC heap before
{Heap before GC invocations=58 (full 20):
 PSYoungGen      total 118272K, used 117760K [0x00000000f5580000, 0x00000000fe280000, 0x0000000100000000)
  eden space 117760K, 100% used [0x00000000f5580000,0x00000000fc880000,0x00000000fc880000)
  from space 512K, 0% used [0x00000000fc880000,0x00000000fc880000,0x00000000fc900000)
  to   space 13312K, 0% used [0x00000000fd580000,0x00000000fd580000,0x00000000fe280000)
 ParOldGen       total 110592K, used 50671K [0x00000000e0000000, 0x00000000e6c00000, 0x00000000f5580000)
  object space 110592K, 45% used [0x00000000e0000000,0x00000000e317bd80,0x00000000e6c00000)
 Metaspace       used 98832K, capacity 106854K, committed 107176K, reserved 1142784K
  class space    used 11718K, capacity 14117K, committed 14248K, reserved 1048576K
Event: 1189.536 GC heap after
Heap after GC invocations=58 (full 20):
 PSYoungGen      total 126976K, used 13310K [0x00000000f5580000, 0x00000000fee00000, 0x0000000100000000)
  eden space 113664K, 0% used [0x00000000f5580000,0x00000000f5580000,0x00000000fc480000)
  from space 13312K, 99% used [0x00000000fd580000,0x00000000fe27fad8,0x00000000fe280000)
  to   space 17408K, 0% used [0x00000000fc480000,0x00000000fc480000,0x00000000fd580000)
 ParOldGen       total 110592K, used 52630K [0x00000000e0000000, 0x00000000e6c00000, 0x00000000f5580000)
  object space 110592K, 47% used [0x00000000e0000000,0x00000000e3365bb0,0x00000000e6c00000)
 Metaspace       used 98832K, capacity 106854K, committed 107176K, reserved 1142784K
  class space    used 11718K, capacity 14117K, committed 14248K, reserved 1048576K
}
Event: 1203.844 GC heap before
{Heap before GC invocations=59 (full 20):
 PSYoungGen      total 126976K, used 30387K [0x00000000f5580000, 0x00000000fee00000, 0x0000000100000000)
  eden space 113664K, 15% used [0x00000000f5580000,0x00000000f662d4d0,0x00000000fc480000)
  from space 13312K, 99% used [0x00000000fd580000,0x00000000fe27fad8,0x00000000fe280000)
  to   space 17408K, 0% used [0x00000000fc480000,0x00000000fc480000,0x00000000fd580000)
 ParOldGen       total 110592K, used 52630K [0x00000000e0000000, 0x00000000e6c00000, 0x00000000f5580000)
  object space 110592K, 47% used [0x00000000e0000000,0x00000000e3365bb0,0x00000000e6c00000)
 Metaspace       used 98849K, capacity 106918K, committed 107176K, reserved 1142784K
  class space    used 11718K, capacity 14117K, committed 14248K, reserved 1048576K
Event: 1203.866 GC heap after
Heap after GC invocations=59 (full 20):
 PSYoungGen      total 131072K, used 12076K [0x00000000f5580000, 0x00000000ff100000, 0x0000000100000000)
  eden space 113664K, 0% used [0x00000000f5580000,0x00000000f5580000,0x00000000fc480000)
  from space 17408K, 69% used [0x00000000fc480000,0x00000000fd04b368,0x00000000fd580000)
  to   space 18944K, 0% used [0x00000000fde80000,0x00000000fde80000,0x00000000ff100000)
 ParOldGen       total 110592K, used 52638K [0x00000000e0000000, 0x00000000e6c00000, 0x00000000f5580000)
  object space 110592K, 47% used [0x00000000e0000000,0x00000000e3367bb0,0x00000000e6c00000)
 Metaspace       used 98849K, capacity 106918K, committed 107176K, reserved 1142784K
  class space    used 11718K, capacity 14117K, committed 14248K, reserved 1048576K
}
Event: 1203.866 GC heap before
{Heap before GC invocations=60 (full 21):
 PSYoungGen      total 131072K, used 12076K [0x00000000f5580000, 0x00000000ff100000, 0x0000000100000000)
  eden space 113664K, 0% used [0x00000000f5580000,0x00000000f5580000,0x00000000fc480000)
  from space 17408K, 69% used [0x00000000fc480000,0x00000000fd04b368,0x00000000fd580000)
  to   space 18944K, 0% used [0x00000000fde80000,0x00000000fde80000,0x00000000ff100000)
 ParOldGen       total 110592K, used 52638K [0x00000000e0000000, 0x00000000e6c00000, 0x00000000f5580000)
  object space 110592K, 47% used [0x00000000e0000000,0x00000000e3367bb0,0x00000000e6c00000)
 Metaspace       used 98849K, capacity 106918K, committed 107176K, reserved 1142784K
  class space    used 11718K, capacity 14117K, committed 14248K, reserved 1048576K
Event: 1204.286 GC heap after
Heap after GC invocations=60 (full 21):
 PSYoungGen      total 131072K, used 0K [0x00000000f5580000, 0x00000000ff100000, 0x0000000100000000)
  eden space 113664K, 0% used [0x00000000f5580000,0x00000000f5580000,0x00000000fc480000)
  from space 17408K, 0% used [0x00000000fc480000,0x00000000fc480000,0x00000000fd580000)
  to   space 18944K, 0% used [0x00000000fde80000,0x00000000fde80000,0x00000000ff100000)
 ParOldGen       total 110592K, used 62513K [0x00000000e0000000, 0x00000000e6c00000, 0x00000000f5580000)
  object space 110592K, 56% used [0x00000000e0000000,0x00000000e3d0c688,0x00000000e6c00000)
 Metaspace       used 98849K, capacity 106918K, committed 107176K, reserved 1142784K
  class space    used 11718K, capacity 14117K, committed 14248K, reserved 1048576K
}

Deoptimization events (10 events):
Event: 1264.695 Thread 0x0000000018d6f000 Uncommon trap: reason=unstable_if action=reinterpret pc=0x0000000004f6a0dc method=org.eclipse.ui.internal.UILockListener.isUI()Z @ 7
Event: 1264.696 Thread 0x0000000018d6f000 Uncommon trap: reason=unstable_if action=reinterpret pc=0x0000000004f65f9c method=org.eclipse.ui.internal.UILockListener.isUI()Z @ 7
Event: 1264.697 Thread 0x0000000016927800 Uncommon trap: reason=predicate action=maybe_recompile pc=0x0000000003adbf1c method=java.util.Arrays.fill([Ljava/lang/Object;Ljava/lang/Object;)V @ 10
Event: 1264.697 Thread 0x0000000018d6f000 Uncommon trap: reason=unstable_if action=reinterpret pc=0x0000000002c30da4 method=org.eclipse.swt.graphics.Resource.dispose()V @ 15
Event: 1264.699 Thread 0x0000000018d6f000 Uncommon trap: reason=unstable_if action=reinterpret pc=0x00000000035c1380 method=sun.nio.cs.UTF_8$Encoder.encodeArrayLoop(Ljava/nio/CharBuffer;Ljava/nio/ByteBuffer;)Ljava/nio/charset/CoderResult; @ 87
Event: 1265.242 Thread 0x0000000018d6f000 Uncommon trap: reason=unstable_if action=reinterpret pc=0x00000000036274c0 method=org.eclipse.swt.widgets.Display.getSystemFont()Lorg/eclipse/swt/graphics/Font; @ 8
Event: 1265.245 Thread 0x0000000018d6f000 Uncommon trap: reason=unstable_if action=reinterpret pc=0x000000000313b9b4 method=org.eclipse.osgi.internal.hooks.EclipseLazyStarter.shouldActivateFor(Ljava/lang/String;Lorg/eclipse/osgi/container/Module;Lorg/eclipse/osgi/container/ModuleRevision;Lorg/ecli»Êz“Å“@
Event: 1265.253 Thread 0x0000000016927800 Uncommon trap: reason=unstable_if action=reinterpret pc=0x00000000023c5aa4 method=org.eclipse.osgi.internal.framework.BundleContextImpl.dispatchEvent(Ljava/lang/Object;Ljava/lang/Object;ILjava/lang/Object;)V @ 16
Event: 1265.337 Thread 0x0000000018d6d800 Uncommon trap: reason=unstable_if action=reinterpret pc=0x0000000004227c3c method=org.eclipse.core.internal.jobs.JobManager.nextJob()Lorg/eclipse/core/runtime/jobs/Job; @ 80
Event: 1265.362 Thread 0x0000000018d6f000 Uncommon trap: reason=unstable_if action=reinterpret pc=0x0000000003913d0c method=sun.reflect.UnsafeStaticObjectFieldAccessorImpl.set(Ljava/lang/Object;Ljava/lang/Object;)V @ 13

Internal exceptions (10 events):
Event: 1264.241 Thread 0x0000000002198000 Implicit null exception at 0x0000000004ee040d to 0x0000000004ee10ad
Event: 1264.359 Thread 0x0000000002198000 Implicit null exception at 0x0000000004b87187 to 0x0000000004b894e5
Event: 1264.584 Thread 0x0000000002198000 Implicit null exception at 0x000000000505d868 to 0x000000000505dbb9
Event: 1264.668 Thread 0x0000000016677000 Exception <a 'java/lang/InterruptedException'> (0x00000000fa7d2528) thrown at [C:\re\workspace\8-2-build-windows-amd64-cygwin\jdk8u66\5298\hotspot\src\share\vm\runtime\objectMonitor.cpp, line 1683]
Event: 1264.671 Thread 0x0000000018d6d800 Implicit null exception at 0x0000000003b02e6a to 0x0000000003b04e9d
Event: 1265.329 Thread 0x000000001914c000 Exception <a 'java/lang/InterruptedException'> (0x00000000fa316150) thrown at [C:\re\workspace\8-2-build-windows-amd64-cygwin\jdk8u66\5298\hotspot\src\share\vm\runtime\objectMonitor.cpp, line 1683]
Event: 1265.362 Thread 0x0000000018d6f000 Implicit null exception at 0x0000000003913a10 to 0x0000000003913cf9
Event: 1265.363 Thread 0x0000000016927800 Exception <a 'java/lang/InterruptedException'> (0x00000000fab5de90) thrown at [C:\re\workspace\8-2-build-windows-amd64-cygwin\jdk8u66\5298\hotspot\src\share\vm\runtime\objectMonitor.cpp, line 1683]
Event: 1265.368 Thread 0x000000001914c800 Exception <a 'java/lang/InterruptedException'> (0x00000000f88a6c08) thrown at [C:\re\workspace\8-2-build-windows-amd64-cygwin\jdk8u66\5298\hotspot\src\share\vm\runtime\objectMonitor.cpp, line 1683]
Event: 1265.368 Thread 0x0000000015a97800 Exception <a 'java/lang/InterruptedException'> (0x00000000fad166b8) thrown at [C:\re\workspace\8-2-build-windows-amd64-cygwin\jdk8u66\5298\hotspot\src\share\vm\runtime\objectMonitor.cpp, line 1683]

Events (10 events):
Event: 1265.373 loading class java/util/IdentityHashMap$IdentityHashMapIterator
Event: 1265.373 loading class java/util/IdentityHashMap$IdentityHashMapIterator done
Event: 1265.373 loading class java/util/IdentityHashMap$KeyIterator done
Event: 1265.373 Thread 0x0000000018d6f000 Thread added: 0x0000000018d6f000
Event: 1265.374 Executing VM operation: RevokeBias
Event: 1265.374 Executing VM operation: RevokeBias done
Event: 1265.374 Executing VM operation: RevokeBias
Event: 1265.374 Executing VM operation: RevokeBias done
Event: 1265.374 Thread 0x0000000018d6f000 Thread exited: 0x0000000018d6f000
Event: 1265.375 Executing VM operation: Exit


Dynamic libraries:
0x0000000000400000 - 0x000000000044f000 	C:\Xilinx\SDK\2016.4\eclipse\win64.o\eclipse.exe
0x00000000778d0000 - 0x0000000077a7a000 	C:\Windows\SYSTEM32\ntdll.dll
0x00000000776b0000 - 0x00000000777cf000 	C:\Windows\system32\kernel32.dll
0x000007fefd890000 - 0x000007fefd8fa000 	C:\Windows\system32\KERNELBASE.dll
0x00000000777d0000 - 0x00000000778ca000 	C:\Windows\system32\USER32.dll
0x000007feff330000 - 0x000007feff397000 	C:\Windows\system32\GDI32.dll
0x000007fefda60000 - 0x000007fefda6e000 	C:\Windows\system32\LPK.dll
0x000007feff980000 - 0x000007feffa4b000 	C:\Windows\system32\USP10.dll
0x000007fefe2f0000 - 0x000007fefe38f000 	C:\Windows\system32\msvcrt.dll
0x000007fefbc50000 - 0x000007fefbe44000 	C:\Windows\WinSxS\amd64_microsoft.windows.common-controls_6595b64144ccf1df_6.0.7601.18837_none_fa3b1e3d17594757\COMCTL32.dll
0x000007fefe410000 - 0x000007fefe481000 	C:\Windows\system32\SHLWAPI.dll
0x000007fefe150000 - 0x000007fefe17e000 	C:\Windows\system32\IMM32.DLL
0x000007fefe490000 - 0x000007fefe599000 	C:\Windows\system32\MSCTF.dll
0x0000000072000000 - 0x0000000072012000 	C:\Xilinx\SDK\2016.4\eclipse\win64.o\plugins\org.eclipse.equinox.launcher.win32.win32.x86_64_1.1.300.v20150602-1417\eclipse_1611.dll
0x000007feff8a0000 - 0x000007feff97b000 	C:\Windows\system32\ADVAPI32.dll
0x000007feff3b0000 - 0x000007feff3cf000 	C:\Windows\SYSTEM32\sechost.dll
0x000007fefde40000 - 0x000007fefdf6d000 	C:\Windows\system32\RPCRT4.dll
0x000007fefc6a0000 - 0x000007fefc6ac000 	C:\Windows\system32\VERSION.dll
0x000000006fda0000 - 0x0000000070629000 	C:\Xilinx\SDK\2016.4\tps\win64\jre\bin\server\jvm.dll
0x000007fefaeb0000 - 0x000007fefaeb9000 	C:\Windows\system32\WSOCK32.dll
0x000007fefe180000 - 0x000007fefe1cd000 	C:\Windows\system32\WS2_32.dll
0x000007feff3a0000 - 0x000007feff3a8000 	C:\Windows\system32\NSI.dll
0x000007fefa880000 - 0x000007fefa8bb000 	C:\Windows\system32\WINMM.dll
0x0000000077aa0000 - 0x0000000077aa7000 	C:\Windows\system32\PSAPI.DLL
0x000000006f5b0000 - 0x000000006f682000 	C:\Windows\system32\MSVCR100.dll
0x0000000000210000 - 0x000000000021f000 	C:\Xilinx\SDK\2016.4\tps\win64\jre\bin\verify.dll
0x00000000568c0000 - 0x00000000568e9000 	C:\Xilinx\SDK\2016.4\tps\win64\jre\bin\java.dll
0x00000000568a0000 - 0x00000000568b6000 	C:\Xilinx\SDK\2016.4\tps\win64\jre\bin\zip.dll
0x000007fefe5a0000 - 0x000007feff32b000 	C:\Windows\system32\SHELL32.dll
0x000007feff6a0000 - 0x000007feff89c000 	C:\Windows\system32\ole32.dll
0x000007fefd5d0000 - 0x000007fefd5df000 	C:\Windows\system32\profapi.dll
0x000007fefcdb0000 - 0x000007fefcdc8000 	C:\Windows\system32\CRYPTSP.dll
0x000007fefcab0000 - 0x000007fefcaf7000 	C:\Windows\system32\rsaenh.dll
0x000007fefd920000 - 0x000007fefd93e000 	C:\Windows\system32\USERENV.dll
0x000007fefd3c0000 - 0x000007fefd3cf000 	C:\Windows\system32\CRYPTBASE.dll
0x000000006a110000 - 0x000000006a12a000 	C:\Xilinx\SDK\2016.4\tps\win64\jre\bin\net.dll
0x000007fefcd50000 - 0x000007fefcda5000 	C:\Windows\system32\mswsock.dll
0x000007fefcd40000 - 0x000007fefcd47000 	C:\Windows\System32\wship6.dll
0x000007fefaa70000 - 0x000007fefaa97000 	C:\Windows\system32\IPHLPAPI.DLL
0x000007fefa9c0000 - 0x000007fefa9cb000 	C:\Windows\system32\WINNSI.DLL
0x000007fefa7d0000 - 0x000007fefa7e1000 	C:\Windows\system32\dhcpcsvc6.DLL
0x000007fefa7b0000 - 0x000007fefa7c8000 	C:\Windows\system32\dhcpcsvc.DLL
0x000000006a0f0000 - 0x000000006a101000 	C:\Xilinx\SDK\2016.4\tps\win64\jre\bin\nio.dll
0x000007fefbb60000 - 0x000007fefbbb6000 	C:\Windows\system32\uxtheme.dll
0x000007fee1dd0000 - 0x000007fee1e18000 	C:\Program Files (x86)\TeamViewer\tv_x64.dll
0x000007fefdda0000 - 0x000007fefde39000 	C:\Windows\system32\CLBCatQ.DLL
0x000007fefd980000 - 0x000007fefda5a000 	C:\Windows\system32\OLEAUT32.dll
0x000007fefb400000 - 0x000007fefb415000 	C:\Windows\system32\NLAapi.dll
0x000007fef45a0000 - 0x000007fef45b5000 	C:\Windows\system32\napinsp.dll
0x000007fef4580000 - 0x000007fef4599000 	C:\Windows\system32\pnrpnsp.dll
0x000007fefcbd0000 - 0x000007fefcc2b000 	C:\Windows\system32\DNSAPI.dll
0x000007fef57f0000 - 0x000007fef57fb000 	C:\Windows\System32\winrnr.dll
0x000007fefc770000 - 0x000007fefc777000 	C:\Windows\System32\wshtcpip.dll
0x000007fef5340000 - 0x000007fef5348000 	C:\Windows\system32\rasadhlp.dll
0x000007fefa920000 - 0x000007fefa973000 	C:\Windows\System32\fwpuclnt.dll
0x00000000172d0000 - 0x0000000017378000 	C:\Users\shlab_61\.Xilinx\SDK\2016.4\org.eclipse.osgi\319\0\.cp\swt-win32-4527.dll
0x000007fefe250000 - 0x000007fefe2e7000 	C:\Windows\system32\comdlg32.dll
0x000007fef4df0000 - 0x000007fef4e61000 	C:\Windows\system32\WINSPOOL.DRV
0x000007fefda70000 - 0x000007fefdd91000 	C:\Windows\system32\WININET.dll
0x000007fefd6a0000 - 0x000007fefd6a4000 	C:\Windows\system32\api-ms-win-downlevel-user32-l1-1-0.dll
0x000007fefd900000 - 0x000007fefd904000 	C:\Windows\system32\api-ms-win-downlevel-shlwapi-l1-1-0.dll
0x000007fefd690000 - 0x000007fefd694000 	C:\Windows\system32\api-ms-win-downlevel-version-l1-1-0.dll
0x000007fefd6b0000 - 0x000007fefd6b3000 	C:\Windows\system32\api-ms-win-downlevel-normaliz-l1-1-0.dll
0x0000000077a90000 - 0x0000000077a93000 	C:\Windows\system32\normaliz.DLL
0x000007feff3d0000 - 0x000007feff69a000 	C:\Windows\system32\iertutil.dll
0x000007fefd5e0000 - 0x000007fefd5e5000 	C:\Windows\system32\api-ms-win-downlevel-advapi32-l1-1-0.dll
0x000007fefd720000 - 0x000007fefd88d000 	C:\Windows\system32\CRYPT32.dll
0x000007fefd5c0000 - 0x000007fefd5cf000 	C:\Windows\system32\MSASN1.dll
0x000007fefa730000 - 0x000007fefa748000 	C:\Windows\system32\dwmapi.dll
0x000007fefbe50000 - 0x000007fefbf7c000 	C:\Windows\system32\propsys.dll
0x0000000015c20000 - 0x0000000015c3e000 	C:\Users\shlab_61\.Xilinx\SDK\2016.4\org.eclipse.osgi\319\0\.cp\swt-gdip-win32-4527.dll
0x000007fefb940000 - 0x000007fefbb57000 	C:\Windows\WinSxS\amd64_microsoft.windows.gdiplus_6595b64144ccf1df_1.1.7601.23807_none_14556b8e8b95d1fc\gdiplus.dll
0x000007fefa460000 - 0x000007fefa5c1000 	C:\Windows\system32\WindowsCodecs.dll
0x0000000180000000 - 0x0000000180012000 	C:\Users\shlab_61\.Xilinx\SDK\2016.4\org.eclipse.osgi\133\0\.cp\os\win32\x86_64\localfile_1_0_0.dll
0x000007fef9c90000 - 0x000007fef9ce4000 	C:\Windows\system32\oleacc.dll
0x000007fef9bc0000 - 0x000007fef9bc7000 	C:\Windows\system32\msimg32.dll
0x000007fefd510000 - 0x000007fefd524000 	C:\Windows\system32\RpcRtRemote.dll
0x000007fefd470000 - 0x000007fefd4c7000 	C:\Windows\system32\apphelp.dll
0x000007fefbc20000 - 0x000007fefbc31000 	C:\Users\shlab_61\.Xilinx\SDK\2016.4\org.eclipse.osgi\136\0\.cp\jWinHttp-1.0.0.dll
0x000007fef6a40000 - 0x000007fef6ab1000 	C:\Windows\system32\WINHTTP.dll
0x000007fef69d0000 - 0x000007fef6a34000 	C:\Windows\system32\webio.dll
0x000007fefd390000 - 0x000007fefd3b5000 	C:\Windows\system32\SspiCli.dll
0x000007fefc980000 - 0x000007fefc98a000 	C:\Windows\system32\credssp.dll
0x000007fefd6e0000 - 0x000007fefd716000 	C:\Windows\system32\CFGMGR32.dll
0x000007fefafe0000 - 0x000007fefafef000 	C:\Xilinx\SDK\2016.4\lib\win64.o\librdi_repo_manager.dll
0x000007fefafb0000 - 0x000007fefafda000 	C:\Xilinx\SDK\2016.4\lib\win64.o\libisl_sysinfo.dll
0x000007fee2690000 - 0x000007fee2764000 	C:\Windows\system32\MSVCR110.dll
0x000007fee2300000 - 0x000007fee23a7000 	C:\Windows\system32\MSVCP110.dll
0x000007feb38c0000 - 0x000007feb436a000 	C:\Xilinx\SDK\2016.4\lib\win64.o\librdi_common.dll
0x000007fedeed0000 - 0x000007fedf23e000 	C:\Xilinx\SDK\2016.4\lib\win64.o\libCOIN-all.dll
0x000007feb7100000 - 0x000007feb731f000 	C:\Xilinx\SDK\2016.4\lib\win64.o\libXil_lmgr11.dll
0x000007fefb4c0000 - 0x000007fefb4d6000 	C:\Windows\system32\NETAPI32.dll
0x000007fefb4b0000 - 0x000007fefb4bc000 	C:\Windows\system32\netutils.dll
0x000007fefd120000 - 0x000007fefd143000 	C:\Windows\system32\srvcli.dll
0x000007fefb470000 - 0x000007fefb485000 	C:\Windows\system32\wkscli.dll
0x000007fefd940000 - 0x000007fefd97b000 	C:\Windows\system32\WINTRUST.dll
0x000007fefaff0000 - 0x000007fefb000000 	C:\Xilinx\SDK\2016.4\lib\win64.o\libboost_date_time.dll
0x000007fefaf50000 - 0x000007fefaf74000 	C:\Xilinx\SDK\2016.4\lib\win64.o\libboost_filesystem.dll
0x000007fefafa0000 - 0x000007fefafa9000 	C:\Xilinx\SDK\2016.4\lib\win64.o\libboost_system.dll
0x000007fefaed0000 - 0x000007fefaf47000 	C:\Xilinx\SDK\2016.4\lib\win64.o\libboost_program_options.dll
0x000007fef2390000 - 0x000007fef2496000 	C:\Xilinx\SDK\2016.4\lib\win64.o\libboost_regex.dll
0x000007fefae60000 - 0x000007fefae73000 	C:\Xilinx\SDK\2016.4\lib\win64.o\libboost_signals.dll
0x000007fef2d00000 - 0x000007fef2d1d000 	C:\Xilinx\SDK\2016.4\lib\win64.o\libboost_thread.dll
0x000007fefaf90000 - 0x000007fefaf9b000 	C:\Xilinx\SDK\2016.4\lib\win64.o\libboost_chrono.dll
0x000007fefaec0000 - 0x000007fefaecb000 	C:\Xilinx\SDK\2016.4\lib\win64.o\libboost_xilinx.dll
0x000007fee20a0000 - 0x000007fee2120000 	C:\Xilinx\SDK\2016.4\lib\win64.o\libhdlpsolve.dll
0x000007fedffc0000 - 0x000007fee005a000 	C:\Xilinx\SDK\2016.4\lib\win64.o\libhdxml.dll
0x000007feb6cf0000 - 0x000007feb70b9000 	C:\Xilinx\SDK\2016.4\lib\win64.o\libisl_iostreams.dll
0x000007fef2c20000 - 0x000007fef2c36000 	C:\Xilinx\SDK\2016.4\lib\win64.o\libboost_iostreams.dll
0x000007fef2c00000 - 0x000007fef2c1f000 	C:\Xilinx\SDK\2016.4\lib\win64.o\librdizlib.dll
0x000007fee23f0000 - 0x000007fee2413000 	C:\Xilinx\SDK\2016.4\lib\win64.o\libisl_iosutils.dll
0x000007feeecd0000 - 0x000007feeece5000 	C:\Xilinx\SDK\2016.4\lib\win64.o\pthreadVC2.dll
0x000007fee2040000 - 0x000007fee2093000 	C:\Xilinx\SDK\2016.4\lib\win64.o\librdi_commonxillic.dll
0x000007feb6bc0000 - 0x000007feb6cf0000 	C:\Xilinx\SDK\2016.4\lib\win64.o\librdi_curl.dll
0x000007fee23d0000 - 0x000007fee23e8000 	C:\Xilinx\SDK\2016.4\lib\win64.o\librdiconfig.dll
0x0000000052900000 - 0x0000000052a27000 	C:\Xilinx\SDK\2016.4\lib\win64.o\tcl85t.dll
0x0000000023b00000 - 0x0000000023d63000 	C:\Xilinx\SDK\2016.4\lib\win64.o\xerces-c_3_1.dll
0x000007feffa50000 - 0x000007feffbd5000 	C:\Windows\system32\urlmon.dll
0x000007fefd910000 - 0x000007fefd914000 	C:\Windows\system32\api-ms-win-downlevel-ole32-l1-1-0.dll
0x000007fedd5c0000 - 0x000007fedd5e3000 	C:\Windows\system32\VCOMP110.DLL
0x000007feb54e0000 - 0x000007feb56d8000 	C:\Xilinx\SDK\2016.4\lib\win64.o\librdi_hsm.dll
0x000007fee1f90000 - 0x000007fee1fd3000 	C:\Xilinx\SDK\2016.4\lib\win64.o\librdi_hdf.dll
0x000007feb5210000 - 0x000007feb54d8000 	C:\Xilinx\SDK\2016.4\lib\win64.o\librdi_ippcw.dll
0x000007fee2020000 - 0x000007fee2036000 	C:\Xilinx\SDK\2016.4\eclipse\win64.o\plugins\org.eclipse.cdt.core.win32.x86_64_5.4.0.201509131935\os\win32\x86_64\spawner.dll
0x000007fefa450000 - 0x000007fefa45a000 	C:\Xilinx\SDK\2016.4\lib\win64.o\librdi_jtag_settings.dll
0x000007fedff90000 - 0x000007fedffb9000 	C:\Xilinx\SDK\2016.4\lib\win64.o\librdi_debug_dialog.dll
0x000007fef58c0000 - 0x000007fef58c8000 	C:\Xilinx\SDK\2016.4\lib\win64.o\librdi_target_manager.dll
0x0000000071080000 - 0x00000000710a6000 	C:\Xilinx\SDK\2016.4\eclipse\win64.o\plugins\gnu.io.rxtx.win32.x86_64_2.1.7.3_v20071015\os\win32\x86_64\rxtxSerial.dll

VM Arguments:
jvm_args: -Dcom.xilinx.sdk.args.hwspec=C:/Users/shlab_61/Downloads/0619_lab/0316303_0619/0316303_0619.sdk/lab6_wrapper.hdf -Xms64m -Xmx512m & 
java_command: <unknown>
java_class_path (initial): C:\Xilinx\SDK\2016.4\eclipse\win64.o\\plugins/org.eclipse.equinox.launcher_1.3.100.v20150511-1540.jar
Launcher Type: generic

Environment Variables:
PATH=C:/Xilinx/SDK/2016.4/tps/win64/jre/bin/server;C:/Xilinx/SDK/2016.4/tps/win64/jre/bin;C:/Xilinx/SDK/2016.4/tps/win64/jre/lib/amd64;C:\Xilinx\SDK\2016.4\gnuwin\bin;C:\Xilinx\SDK\2016.4\gnu\microblaze\nt\bin;C:\Xilinx\SDK\2016.4\gnu\microblaze\linux_toolchain\nt64_le\bin;C:\Xilinx\SDK\2016.4\gnu\microblaze\linux_toolchain\nt64_be\bin;C:\Xilinx\SDK\2016.4\gnu\arm\nt\bin;C:\Xilinx\SDK\2016.4\gnu\aarch64\nt\aarch64-none\bin;C:\Xilinx\SDK\2016.4\gnu\aarch64\nt\aarch64-linux\bin;C:\Xilinx\SDK\2016.4\gnu\armr5\nt\gcc-arm-none-eabi\bin;C:\Xilinx\SDK\2016.4\gnu\aarch32\nt\gcc-arm-none-eabi\bin;C:\Xilinx\SDK\2016.4\gnu\aarch32\nt\gcc-arm-linux-gnueabi\bin;C:\Xilinx\SDK\2016.4\tps\win64\cmake-3.3.2\bin;;C:\Xilinx\SDK\2016.4\bin;C:\Xilinx\SDK\2016.4\lib\win64.o;C:\Xilinx\SDK\2016.4\tps\win64\jre\bin\server;C:\Xilinx\SDK\2016.4\tps\win64\jre\bin;C:\Xilinx\Vivado\2016.4\ids_lite\ISE\bin\nt64;C:\Xilinx\Vivado\2016.4\ids_lite\ISE\lib\nt64;C:\Xilinx\Vivado\2016.4\bin;C:\Xilinx\Vivado\2016.4\lib\win64.o;C:\Xilinx\Vivado\2016.4\tps\win64\jre\bin\server;C:\Xilinx\Vivado\2016.4\tps\win64\jre\bin;C:\Xilinx\Vivado_HLS\2016.4\bin;C:\ProgramData\Oracle\Java\javapath;C:\Windows\system32;C:\Windows;C:\Windows\System32\Wbem;C:\Windows\System32\WindowsPowerShell\v1.0\;C:\Program Files (x86)\Intel\OpenCL SDK\2.0\bin\x86;C:\Program Files (x86)\Intel\OpenCL SDK\2.0\bin\x64;c:\Users\shlab_61\Downloads\0619_lab\0316303_0619;
USERNAME=shlab_61
OS=Windows_NT
PROCESSOR_IDENTIFIER=Intel64 Family 6 Model 58 Stepping 9, GenuineIntel



---------------  S Y S T E M  ---------------

OS: Windows 7 , 64 bit Build 7601 (6.1.7601.23807)

CPU:total 4 (2 cores per cpu, 2 threads per core) family 6 model 58 stepping 9, cmov, cx8, fxsr, mmx, sse, sse2, sse3, ssse3, sse4.1, sse4.2, popcnt, avx, clmul, erms, ht, tsc, tscinvbit, tscinv

Memory: 4k page, physical 16462528k(10355816k free), swap 32923196k(25476616k free)

vm_info: Java HotSpot(TM) 64-Bit Server VM (25.66-b18) for windows-amd64 JRE (1.8.0_66-b18), built on Nov  9 2015 10:51:13 by "java_re" with MS VC++ 10.0 (VS2010)

time: Tue Jun 20 16:55:49 2017
elapsed time: 1265 seconds (0d 0h 21m 5s)

