#
# A fatal error has been detected by the Java Runtime Environment:
#
#  EXCEPTION_UNCAUGHT_CXX_EXCEPTION (0xe06d7363) at pc=0x000007fefdc3a06d, pid=4368, tid=2276
#
# JRE version: Java(TM) SE Runtime Environment (8.0_66-b18) (build 1.8.0_66-b18)
# Java VM: Java HotSpot(TM) 64-Bit Server VM (25.66-b18 mixed mode windows-amd64 compressed oops)
# Problematic frame:
# C  [KERNELBASE.dll+0x1a06d]
#
# Failed to write core dump. Minidumps are not enabled by default on client versions of Windows
#
# If you would like to submit a bug report, please visit:
#   http://bugreport.java.com/bugreport/crash.jsp
#

---------------  T H R E A D  ---------------

Current thread (0x0000000013b2a800):  VMThread [stack: 0x0000000014b90000,0x0000000014c90000] [id=2276]

siginfo: ExceptionCode=0xe06d7363, ExceptionInformation=0x0000000019930520 0x0000000014c8f4c8 0x000007feefa22cb8 0x000007feef970000 

Registers:
RAX=0x0000000063142cd4, RBX=0x000007feefa22cb8, RCX=0x0000000014c8ed10, RDX=0x00000000000000d0
RSP=0x0000000014c8f320, RBP=0x0000000014c8f450, RSI=0x00000000ffffffff, RDI=0x000000001645a3a0
R8 =0x0000000000000000, R9 =0x0000000000000000, R10=0x000007feef970000, R11=0x0000000014c8f360
R12=0x0000000000000001, R13=0x0000000000000008, R14=0x0000000000000000, R15=0xffffffffffffffff
RIP=0x000007fefdc3a06d, EFLAGS=0x0000000000000206

Top of Stack: (sp=0x0000000014c8f320)
0x0000000014c8f320:   000007feefa22cb8 00000000ffffffff
0x0000000014c8f330:   000000001645a3a0 00000000001f20a0
0x0000000014c8f340:   00000001e06d7363 0000000000000000
0x0000000014c8f350:   000007fefdc3a06d 000007fe00000004
0x0000000014c8f360:   0000000019930520 0000000014c8f4c8
0x0000000014c8f370:   000007feefa22cb8 000007feef970000
0x0000000014c8f380:   0000000000000000 0000000014c8f408
0x0000000014c8f390:   0000000000000028 000000001645a390
0x0000000014c8f3a0:   00000000163d1470 0000000000000000
0x0000000014c8f3b0:   000007fffff9c000 0000000077c2f4e3
0x0000000014c8f3c0:   0000000000000000 0000000000000008
0x0000000014c8f3d0:   0000000000000001 000000001645a3a0
0x0000000014c8f3e0:   00000000ffffffff 000007feef9ce92c
0x0000000014c8f3f0:   000007feefa22cb8 0000000014c8f460
0x0000000014c8f400:   0000000000000001 000007feef9700f8
0x0000000014c8f410:   00000001e06d7363 0000000000000000 

Instructions: (pc=0x000007fefdc3a06d)
0x000007fefdc3a04d:   54 24 24 48 89 4c 24 28 4d 85 c9 0f 85 6a 03 00
0x000007fefdc3a05d:   00 89 4c 24 38 48 8d 4c 24 20 ff 15 33 02 03 00
0x000007fefdc3a06d:   48 81 c4 c8 00 00 00 c3 90 90 90 90 90 90 90 90
0x000007fefdc3a07d:   90 90 90 48 83 ec 28 65 48 8b 04 25 30 00 00 00 


Register to memory mapping:

RAX=0x0000000063142cd4 is an unknown value
RBX=0x000007feefa22cb8 is an unknown value
RCX=0x0000000014c8ed10 is an unknown value
RDX=0x00000000000000d0 is an unknown value
RSP=0x0000000014c8f320 is an unknown value
RBP=0x0000000014c8f450 is an unknown value
RSI=0x00000000ffffffff is an unallocated location in the heap
RDI=0x000000001645a3a0 is an unknown value
R8 =0x0000000000000000 is an unknown value
R9 =0x0000000000000000 is an unknown value
R10=0x000007feef970000 is an unknown value
R11=0x0000000014c8f360 is an unknown value
R12=0x0000000000000001 is an unknown value
R13=0x0000000000000008 is an unknown value
R14=0x0000000000000000 is an unknown value
R15=0xffffffffffffffff is an unknown value


Stack: [0x0000000014b90000,0x0000000014c90000],  sp=0x0000000014c8f320,  free space=1020k
Native frames: (J=compiled Java code, j=interpreted, Vv=VM code, C=native code)
C  [KERNELBASE.dll+0x1a06d]
C  [MSVCR110.dll+0x5e92c]
C  [MSVCR110.dll+0x1315c]
C  [MSVCR110.dll+0x136a9]
C  [MSVCR110.dll+0x13e9c]
C  [MSVCR110.dll+0x239e]
C  [MSVCR110.dll+0xaf9e]
C  [MSVCP110.dll+0x397b9]
C  [librdi_common.dll+0x183a66]
C  [librdi_common.dll+0x1826fb]
C  [librdi_target_manager.dll+0x2400]
C  [librdi_target_manager.dll+0x2682]
C  [ntdll.dll+0x22ac1]
C  [ntdll.dll+0x228d0]
C  [MSVCR100.dll+0x20ccd]
V  [jvm.dll+0x210cc5]
V  [jvm.dll+0x249897]
V  [jvm.dll+0x248b36]
V  [jvm.dll+0x248fd1]
V  [jvm.dll+0x2491ee]
V  [jvm.dll+0x29a0fa]
C  [MSVCR100.dll+0x21d9f]
C  [MSVCR100.dll+0x21e3b]
C  [kernel32.dll+0x159cd]
C  [ntdll.dll+0x2a561]

VM_Operation (0x000000000012f4c0): Exit, mode: safepoint, requested by thread 0x0000000002659000


---------------  P R O C E S S  ---------------

Java Threads: ( => current thread )
  0x0000000017280000 JavaThread "pool-2-thread-1" [_thread_blocked, id=5156, stack(0x0000000025f70000,0x0000000026070000)]
  0x0000000019e7b800 JavaThread "Thread-41" daemon [_thread_blocked, id=5972, stack(0x0000000025b80000,0x0000000025c80000)]
  0x00000000160ff000 JavaThread "TCF Channel Transmitter" daemon [_thread_blocked, id=4448, stack(0x0000000021650000,0x0000000021750000)]
  0x00000000160fe800 JavaThread "TCF Channel Receiver" daemon [_thread_in_native, id=3796, stack(0x0000000021550000,0x0000000021650000)]
  0x00000000160fd800 JavaThread "Process monitor" daemon [_thread_in_native, id=4944, stack(0x0000000021450000,0x0000000021550000)]
  0x00000000160fd000 JavaThread "Input Stream Monitor" daemon [_thread_blocked, id=4412, stack(0x0000000021350000,0x0000000021450000)]
  0x00000000160fc000 JavaThread "Output Stream Monitor" daemon [_thread_in_native, id=3064, stack(0x0000000021050000,0x0000000021150000)]
  0x00000000160fb800 JavaThread "Output Stream Monitor" daemon [_thread_in_native, id=5596, stack(0x0000000020c30000,0x0000000020d30000)]
  0x00000000160fa800 JavaThread "TCF Locator DNS Lookup" daemon [_thread_blocked, id=5992, stack(0x000000001c2d0000,0x000000001c3d0000)]
  0x00000000160f9800 JavaThread "TCF Locator Timer" daemon [_thread_blocked, id=5988, stack(0x000000001c1d0000,0x000000001c2d0000)]
  0x000000001af46000 JavaThread "TCF Locator Receiver" daemon [_thread_blocked, id=5996, stack(0x000000001c0d0000,0x000000001c1d0000)]
  0x000000001af44800 JavaThread "TCF Timer Dispatcher" daemon [_thread_blocked, id=4100, stack(0x000000001bed0000,0x000000001bfd0000)]
  0x0000000016e9b800 JavaThread "EMF Reference Cleaner" daemon [_thread_blocked, id=5932, stack(0x0000000018550000,0x0000000018650000)]
  0x0000000014f22000 JavaThread "Service Thread" daemon [_thread_blocked, id=5636, stack(0x0000000015790000,0x0000000015890000)]
  0x0000000014eab000 JavaThread "C1 CompilerThread2" daemon [_thread_blocked, id=5628, stack(0x0000000015690000,0x0000000015790000)]
  0x0000000014ea9800 JavaThread "C2 CompilerThread1" daemon [_thread_blocked, id=5552, stack(0x0000000015590000,0x0000000015690000)]
  0x0000000014ea4000 JavaThread "C2 CompilerThread0" daemon [_thread_blocked, id=5900, stack(0x0000000015490000,0x0000000015590000)]
  0x0000000014e98800 JavaThread "Attach Listener" daemon [_thread_blocked, id=5864, stack(0x0000000015390000,0x0000000015490000)]
  0x0000000013b9d000 JavaThread "Signal Dispatcher" daemon [_thread_blocked, id=5840, stack(0x0000000015290000,0x0000000015390000)]
  0x0000000013b37000 JavaThread "Finalizer" daemon [_thread_blocked, id=5536, stack(0x0000000014d90000,0x0000000014e90000)]
  0x0000000013b30000 JavaThread "Reference Handler" daemon [_thread_blocked, id=5856, stack(0x0000000014c90000,0x0000000014d90000)]
  0x0000000002659000 JavaThread "main" [_thread_blocked, id=2044, stack(0x0000000000030000,0x0000000000130000)]

Other Threads:
=>0x0000000013b2a800 VMThread [stack: 0x0000000014b90000,0x0000000014c90000] [id=2276]

VM state:at safepoint (shutting down)

VM Mutex/Monitor currently owned by a thread:  ([mutex/lock_event])
[0x000000000261e380] Threads_lock - owner thread: 0x0000000013b2a800

Heap:
 PSYoungGen      total 146432K, used 40335K [0x00000000f5580000, 0x00000000fff00000, 0x0000000100000000)
  eden space 119296K, 33% used [0x00000000f5580000,0x00000000f7ce3f88,0x00000000fca00000)
  from space 27136K, 0% used [0x00000000fe480000,0x00000000fe480000,0x00000000fff00000)
  to   space 27136K, 0% used [0x00000000fca00000,0x00000000fca00000,0x00000000fe480000)
 ParOldGen       total 119296K, used 41636K [0x00000000e0000000, 0x00000000e7480000, 0x00000000f5580000)
  object space 119296K, 34% used [0x00000000e0000000,0x00000000e28a9298,0x00000000e7480000)
 Metaspace       used 76194K, capacity 83466K, committed 83800K, reserved 1122304K
  class space    used 9116K, capacity 11587K, committed 11648K, reserved 1048576K

Card table byte_map: [0x0000000011ae0000,0x0000000011bf0000] byte_map_base: 0x00000000113e0000

Marking Bits: (ParMarkBitMap*) 0x00000000666ba5b0
 Begin Bits: [0x00000000120a0000, 0x00000000128a0000)
 End Bits:   [0x00000000128a0000, 0x00000000130a0000)

Polling page: 0x00000000022e0000

CodeCache: size=245760Kb used=27056Kb max_used=27468Kb free=218704Kb
 bounds [0x0000000002720000, 0x0000000004220000, 0x0000000011720000]
 total_blobs=8384 nmethods=7501 adapters=791
 compilation: enabled

Compilation events (10 events):
Event: 714.487 Thread 0x0000000014eab000 9247   !   3       org.eclipse.osgi.storage.BundleInfo$Generation::clearManifestCache (30 bytes)
Event: 714.487 Thread 0x0000000014eab000 nmethod 9247 0x000000000323f990 code [0x000000000323fb20, 0x0000000003240168]
Event: 714.489 Thread 0x0000000014eab000 9248       3       org.eclipse.osgi.container.ModuleWiring::invalidate0 (52 bytes)
Event: 714.489 Thread 0x0000000014eab000 nmethod 9248 0x0000000002db17d0 code [0x0000000002db1980, 0x0000000002db2328]
Event: 714.490 Thread 0x0000000014eab000 9249       3       org.eclipse.osgi.internal.framework.EquinoxContainerAdaptor::clearManifestCache (84 bytes)
Event: 714.492 Thread 0x0000000014eab000 nmethod 9249 0x0000000003fc3c90 code [0x0000000003fc3ee0, 0x0000000003fc55f8]
Event: 714.493 Thread 0x0000000014eab000 9250   !   3       org.eclipse.osgi.internal.loader.BundleLoader::close (74 bytes)
Event: 714.494 Thread 0x0000000014eab000 nmethod 9250 0x0000000002bdb650 code [0x0000000002bdb840, 0x0000000002bdc238]
Event: 714.496 Thread 0x0000000014eab000 9251  s    3       java.util.Hashtable::clear (38 bytes)
Event: 714.496 Thread 0x0000000014eab000 nmethod 9251 0x000000000355d250 code [0x000000000355d3c0, 0x000000000355d890]

GC Heap History (10 events):
Event: 548.151 GC heap before
{Heap before GC invocations=30 (full 12):
 PSYoungGen      total 145408K, used 128K [0x00000000f5580000, 0x0000000100000000, 0x0000000100000000)
  eden space 115200K, 0% used [0x00000000f5580000,0x00000000f5580000,0x00000000fc600000)
  from space 30208K, 0% used [0x00000000fe280000,0x00000000fe2a0000,0x0000000100000000)
  to   space 29184K, 0% used [0x00000000fc600000,0x00000000fc600000,0x00000000fe280000)
 ParOldGen       total 119296K, used 42490K [0x00000000e0000000, 0x00000000e7480000, 0x00000000f5580000)
  object space 119296K, 35% used [0x00000000e0000000,0x00000000e297ebe8,0x00000000e7480000)
 Metaspace       used 75352K, capacity 82642K, committed 83032K, reserved 1120256K
  class space    used 9034K, capacity 11333K, committed 11392K, reserved 1048576K
Event: 548.356 GC heap after
Heap after GC invocations=30 (full 12):
 PSYoungGen      total 145408K, used 0K [0x00000000f5580000, 0x0000000100000000, 0x0000000100000000)
  eden space 115200K, 0% used [0x00000000f5580000,0x00000000f5580000,0x00000000fc600000)
  from space 30208K, 0% used [0x00000000fe280000,0x00000000fe280000,0x0000000100000000)
  to   space 29184K, 0% used [0x00000000fc600000,0x00000000fc600000,0x00000000fe280000)
 ParOldGen       total 119296K, used 42333K [0x00000000e0000000, 0x00000000e7480000, 0x00000000f5580000)
  object space 119296K, 35% used [0x00000000e0000000,0x00000000e2957688,0x00000000e7480000)
 Metaspace       used 75346K, capacity 82630K, committed 83032K, reserved 1120256K
  class space    used 9033K, capacity 11331K, committed 11392K, reserved 1048576K
}
Event: 608.162 GC heap before
{Heap before GC invocations=31 (full 12):
 PSYoungGen      total 145408K, used 13337K [0x00000000f5580000, 0x0000000100000000, 0x0000000100000000)
  eden space 115200K, 11% used [0x00000000f5580000,0x00000000f6286520,0x00000000fc600000)
  from space 30208K, 0% used [0x00000000fe280000,0x00000000fe280000,0x0000000100000000)
  to   space 29184K, 0% used [0x00000000fc600000,0x00000000fc600000,0x00000000fe280000)
 ParOldGen       total 119296K, used 42333K [0x00000000e0000000, 0x00000000e7480000, 0x00000000f5580000)
  object space 119296K, 35% used [0x00000000e0000000,0x00000000e2957688,0x00000000e7480000)
 Metaspace       used 75395K, capacity 82694K, committed 83032K, reserved 1120256K
  class space    used 9033K, capacity 11331K, committed 11392K, reserved 1048576K
Event: 608.167 GC heap after
Heap after GC invocations=31 (full 12):
 PSYoungGen      total 144384K, used 448K [0x00000000f5580000, 0x0000000100000000, 0x0000000100000000)
  eden space 115200K, 0% used [0x00000000f5580000,0x00000000f5580000,0x00000000fc600000)
  from space 29184K, 1% used [0x00000000fc600000,0x00000000fc670000,0x00000000fe280000)
  to   space 28160K, 0% used [0x00000000fe480000,0x00000000fe480000,0x0000000100000000)
 ParOldGen       total 119296K, used 42333K [0x00000000e0000000, 0x00000000e7480000, 0x00000000f5580000)
  object space 119296K, 35% used [0x00000000e0000000,0x00000000e2957688,0x00000000e7480000)
 Metaspace       used 75395K, capacity 82694K, committed 83032K, reserved 1120256K
  class space    used 9033K, capacity 11331K, committed 11392K, reserved 1048576K
}
Event: 608.167 GC heap before
{Heap before GC invocations=32 (full 13):
 PSYoungGen      total 144384K, used 448K [0x00000000f5580000, 0x0000000100000000, 0x0000000100000000)
  eden space 115200K, 0% used [0x00000000f5580000,0x00000000f5580000,0x00000000fc600000)
  from space 29184K, 1% used [0x00000000fc600000,0x00000000fc670000,0x00000000fe280000)
  to   space 28160K, 0% used [0x00000000fe480000,0x00000000fe480000,0x0000000100000000)
 ParOldGen       total 119296K, used 42333K [0x00000000e0000000, 0x00000000e7480000, 0x00000000f5580000)
  object space 119296K, 35% used [0x00000000e0000000,0x00000000e2957688,0x00000000e7480000)
 Metaspace       used 75395K, capacity 82694K, committed 83032K, reserved 1120256K
  class space    used 9033K, capacity 11331K, committed 11392K, reserved 1048576K
Event: 608.382 GC heap after
Heap after GC invocations=32 (full 13):
 PSYoungGen      total 144384K, used 0K [0x00000000f5580000, 0x0000000100000000, 0x0000000100000000)
  eden space 115200K, 0% used [0x00000000f5580000,0x00000000f5580000,0x00000000fc600000)
  from space 29184K, 0% used [0x00000000fc600000,0x00000000fc600000,0x00000000fe280000)
  to   space 28160K, 0% used [0x00000000fe480000,0x00000000fe480000,0x0000000100000000)
 ParOldGen       total 119296K, used 41782K [0x00000000e0000000, 0x00000000e7480000, 0x00000000f5580000)
  object space 119296K, 35% used [0x00000000e0000000,0x00000000e28cdb10,0x00000000e7480000)
 Metaspace       used 75395K, capacity 82694K, committed 83032K, reserved 1120256K
  class space    used 9033K, capacity 11331K, committed 11392K, reserved 1048576K
}
Event: 668.171 GC heap before
{Heap before GC invocations=33 (full 13):
 PSYoungGen      total 144384K, used 9497K [0x00000000f5580000, 0x0000000100000000, 0x0000000100000000)
  eden space 115200K, 8% used [0x00000000f5580000,0x00000000f5ec65c0,0x00000000fc600000)
  from space 29184K, 0% used [0x00000000fc600000,0x00000000fc600000,0x00000000fe280000)
  to   space 28160K, 0% used [0x00000000fe480000,0x00000000fe480000,0x0000000100000000)
 ParOldGen       total 119296K, used 41782K [0x00000000e0000000, 0x00000000e7480000, 0x00000000f5580000)
  object space 119296K, 35% used [0x00000000e0000000,0x00000000e28cdb10,0x00000000e7480000)
 Metaspace       used 75404K, capacity 82694K, committed 83032K, reserved 1120256K
  class space    used 9033K, capacity 11331K, committed 11392K, reserved 1048576K
Event: 668.176 GC heap after
Heap after GC invocations=33 (full 13):
 PSYoungGen      total 146432K, used 128K [0x00000000f5580000, 0x00000000fff00000, 0x0000000100000000)
  eden space 119296K, 0% used [0x00000000f5580000,0x00000000f5580000,0x00000000fca00000)
  from space 27136K, 0% used [0x00000000fe480000,0x00000000fe4a0000,0x00000000fff00000)
  to   space 27136K, 0% used [0x00000000fca00000,0x00000000fca00000,0x00000000fe480000)
 ParOldGen       total 119296K, used 41782K [0x00000000e0000000, 0x00000000e7480000, 0x00000000f5580000)
  object space 119296K, 35% used [0x00000000e0000000,0x00000000e28cdb10,0x00000000e7480000)
 Metaspace       used 75404K, capacity 82694K, committed 83032K, reserved 1120256K
  class space    used 9033K, capacity 11331K, committed 11392K, reserved 1048576K
}
Event: 668.176 GC heap before
{Heap before GC invocations=34 (full 14):
 PSYoungGen      total 146432K, used 128K [0x00000000f5580000, 0x00000000fff00000, 0x0000000100000000)
  eden space 119296K, 0% used [0x00000000f5580000,0x00000000f5580000,0x00000000fca00000)
  from space 27136K, 0% used [0x00000000fe480000,0x00000000fe4a0000,0x00000000fff00000)
  to   space 27136K, 0% used [0x00000000fca00000,0x00000000fca00000,0x00000000fe480000)
 ParOldGen       total 119296K, used 41782K [0x00000000e0000000, 0x00000000e7480000, 0x00000000f5580000)
  object space 119296K, 35% used [0x00000000e0000000,0x00000000e28cdb10,0x00000000e7480000)
 Metaspace       used 75404K, capacity 82694K, committed 83032K, reserved 1120256K
  class space    used 9033K, capacity 11331K, committed 11392K, reserved 1048576K
Event: 668.279 GC heap after
Heap after GC invocations=34 (full 14):
 PSYoungGen      total 146432K, used 0K [0x00000000f5580000, 0x00000000fff00000, 0x0000000100000000)
  eden space 119296K, 0% used [0x00000000f5580000,0x00000000f5580000,0x00000000fca00000)
  from space 27136K, 0% used [0x00000000fe480000,0x00000000fe480000,0x00000000fff00000)
  to   space 27136K, 0% used [0x00000000fca00000,0x00000000fca00000,0x00000000fe480000)
 ParOldGen       total 119296K, used 41636K [0x00000000e0000000, 0x00000000e7480000, 0x00000000f5580000)
  object space 119296K, 34% used [0x00000000e0000000,0x00000000e28a9298,0x00000000e7480000)
 Metaspace       used 75404K, capacity 82694K, committed 83032K, reserved 1120256K
  class space    used 9033K, capacity 11331K, committed 11392K, reserved 1048576K
}

Deoptimization events (10 events):
Event: 713.615 Thread 0x0000000002659000 Uncommon trap: reason=unstable_if action=reinterpret pc=0x0000000003f0fc40 method=org.eclipse.swt.widgets.Display.drawMenuBars()V @ 4
Event: 713.748 Thread 0x0000000002659000 Uncommon trap: reason=unstable_if action=reinterpret pc=0x0000000002d64304 method=java.lang.ref.SoftReference.get()Ljava/lang/Object; @ 6
Event: 713.774 Thread 0x000000001727e800 Uncommon trap: reason=class_check action=maybe_recompile pc=0x00000000041d8fe8 method=org.eclipse.e4.core.internal.contexts.TrackableComputationExt.update(Lorg/eclipse/e4/core/internal/contexts/ContextChangeEvent;)Z @ 62
Event: 713.774 Thread 0x000000001727e800 Uncommon trap: reason=class_check action=maybe_recompile pc=0x00000000041d8fe8 method=org.eclipse.e4.core.internal.contexts.TrackableComputationExt.update(Lorg/eclipse/e4/core/internal/contexts/ContextChangeEvent;)Z @ 62
Event: 713.822 Thread 0x0000000019e7a800 Uncommon trap: reason=unstable_if action=reinterpret pc=0x0000000002f90d30 method=java.lang.Character.isSurrogate(C)Z @ 3
Event: 714.370 Thread 0x000000001727e800 Uncommon trap: reason=unstable_if action=reinterpret pc=0x0000000002d30d9c method=org.eclipse.osgi.internal.hooks.EclipseLazyStarter.shouldActivateFor(Ljava/lang/String;Lorg/eclipse/osgi/container/Module;Lorg/eclipse/osgi/container/ModuleRevision;Lorg/ecliѪ@
Event: 714.375 Thread 0x0000000015f86800 Uncommon trap: reason=unstable_if action=reinterpret pc=0x0000000003526590 method=org.eclipse.osgi.internal.framework.BundleContextImpl.dispatchEvent(Ljava/lang/Object;Ljava/lang/Object;ILjava/lang/Object;)V @ 16
Event: 714.418 Thread 0x000000001727e800 Uncommon trap: reason=class_check action=maybe_recompile pc=0x00000000030e37a8 method=org.eclipse.osgi.internal.loader.BundleLoader.findImportedSource(Ljava/lang/String;Ljava/util/Collection;)Lorg/eclipse/osgi/internal/loader/sources/PackageSource; @ 16
Event: 714.418 Thread 0x000000001727e800 Uncommon trap: reason=class_check action=maybe_recompile pc=0x00000000030e37a8 method=org.eclipse.osgi.internal.loader.BundleLoader.findImportedSource(Ljava/lang/String;Ljava/util/Collection;)Lorg/eclipse/osgi/internal/loader/sources/PackageSource; @ 16
Event: 714.458 Thread 0x000000001727e800 Uncommon trap: reason=unstable_if action=reinterpret pc=0x0000000003e3ff94 method=java.util.TimSort.sort([Ljava/lang/Object;IILjava/util/Comparator;[Ljava/lang/Object;II)V @ 121

Internal exceptions (10 events):
Event: 304.201 Thread 0x0000000002659000 Implicit null exception at 0x000000000329bb15 to 0x000000000329bf51
Event: 706.867 Thread 0x0000000002659000 Implicit null exception at 0x0000000002ff31f4 to 0x0000000002ff3291
Event: 707.989 Thread 0x0000000002659000 Implicit null exception at 0x00000000032646a0 to 0x0000000003265a75
Event: 712.208 Thread 0x0000000002659000 Implicit null exception at 0x0000000002ffa261 to 0x0000000002ffa441
Event: 713.748 Thread 0x0000000002659000 Implicit null exception at 0x0000000002d614e6 to 0x0000000002d642ad
Event: 713.819 Thread 0x0000000019e78800 Exception <a 'java/lang/InterruptedException'> (0x00000000f761ee40) thrown at [C:\re\workspace\8-2-build-windows-amd64-cygwin\jdk8u66\5298\hotspot\src\share\vm\runtime\objectMonitor.cpp, line 1683]
Event: 714.431 Thread 0x000000001af41800 Exception <a 'java/lang/InterruptedException'> (0x00000000f5e03a50) thrown at [C:\re\workspace\8-2-build-windows-amd64-cygwin\jdk8u66\5298\hotspot\src\share\vm\runtime\objectMonitor.cpp, line 1683]
Event: 714.459 Thread 0x0000000015f86800 Exception <a 'java/lang/InterruptedException'> (0x00000000f796ca68) thrown at [C:\re\workspace\8-2-build-windows-amd64-cygwin\jdk8u66\5298\hotspot\src\share\vm\runtime\objectMonitor.cpp, line 1683]
Event: 714.478 Thread 0x0000000016012800 Exception <a 'java/lang/InterruptedException'> (0x00000000f7c12300) thrown at [C:\re\workspace\8-2-build-windows-amd64-cygwin\jdk8u66\5298\hotspot\src\share\vm\runtime\objectMonitor.cpp, line 1683]
Event: 714.478 Thread 0x000000001af43000 Exception <a 'java/lang/InterruptedException'> (0x00000000f7856898) thrown at [C:\re\workspace\8-2-build-windows-amd64-cygwin\jdk8u66\5298\hotspot\src\share\vm\runtime\objectMonitor.cpp, line 1683]

Events (10 events):
Event: 714.494 Thread 0x000000001727e800 Thread exited: 0x000000001727e800
Event: 714.495 Thread 0x0000000014eab000 flushing nmethod 0x0000000003f65e50
Event: 714.495 Thread 0x0000000014eab000 flushing nmethod 0x0000000003f67dd0
Event: 714.495 loading class java/util/IdentityHashMap$KeyIterator
Event: 714.495 loading class java/util/IdentityHashMap$IdentityHashMapIterator
Event: 714.495 loading class java/util/IdentityHashMap$IdentityHashMapIterator done
Event: 714.495 loading class java/util/IdentityHashMap$KeyIterator done
Event: 714.496 Thread 0x000000001727e800 Thread added: 0x000000001727e800
Event: 714.496 Thread 0x000000001727e800 Thread exited: 0x000000001727e800
Event: 714.497 Executing VM operation: Exit


Dynamic libraries:
0x0000000000400000 - 0x000000000044f000 	C:\Xilinx\SDK\2016.4\eclipse\win64.o\eclipse.exe
0x0000000077be0000 - 0x0000000077d8a000 	C:\Windows\SYSTEM32\ntdll.dll
0x0000000077ac0000 - 0x0000000077bdf000 	C:\Windows\system32\kernel32.dll
0x000007fefdc20000 - 0x000007fefdc8a000 	C:\Windows\system32\KERNELBASE.dll
0x00000000779c0000 - 0x0000000077aba000 	C:\Windows\system32\USER32.dll
0x000007fefdff0000 - 0x000007fefe057000 	C:\Windows\system32\GDI32.dll
0x000007fefdc90000 - 0x000007fefdc9e000 	C:\Windows\system32\LPK.dll
0x000007fefe190000 - 0x000007fefe25b000 	C:\Windows\system32\USP10.dll
0x000007feff710000 - 0x000007feff7af000 	C:\Windows\system32\msvcrt.dll
0x000007fefc110000 - 0x000007fefc304000 	C:\Windows\WinSxS\amd64_microsoft.windows.common-controls_6595b64144ccf1df_6.0.7601.18837_none_fa3b1e3d17594757\COMCTL32.dll
0x000007feffa70000 - 0x000007feffae1000 	C:\Windows\system32\SHLWAPI.dll
0x000007feffc20000 - 0x000007feffc4e000 	C:\Windows\system32\IMM32.DLL
0x000007fefe060000 - 0x000007fefe169000 	C:\Windows\system32\MSCTF.dll
0x0000000072000000 - 0x0000000072012000 	C:\Xilinx\SDK\2016.4\eclipse\win64.o\plugins\org.eclipse.equinox.launcher.win32.win32.x86_64_1.1.300.v20150602-1417\eclipse_1611.dll
0x000007feff940000 - 0x000007feffa1b000 	C:\Windows\system32\ADVAPI32.dll
0x000007fefe260000 - 0x000007fefe27f000 	C:\Windows\SYSTEM32\sechost.dll
0x000007feffaf0000 - 0x000007feffc1d000 	C:\Windows\system32\RPCRT4.dll
0x000007fefc9b0000 - 0x000007fefc9bc000 	C:\Windows\system32\VERSION.dll
0x000007fefbbd0000 - 0x000007fefbc26000 	C:\Windows\system32\uxtheme.dll
0x000007fef2730000 - 0x000007fef2778000 	C:\Program Files (x86)\TeamViewer\tv_x64.dll
0x000007fefe2f0000 - 0x000007feff07b000 	C:\Windows\system32\SHELL32.dll
0x000007feffcf0000 - 0x000007feffeec000 	C:\Windows\system32\ole32.dll
0x0000000065eb0000 - 0x0000000066739000 	C:\Xilinx\SDK\2016.4\tps\win64\jre\bin\server\jvm.dll
0x000007fefa900000 - 0x000007fefa909000 	C:\Windows\system32\WSOCK32.dll
0x000007feffa20000 - 0x000007feffa6d000 	C:\Windows\system32\WS2_32.dll
0x000007fefe2e0000 - 0x000007fefe2e8000 	C:\Windows\system32\NSI.dll
0x000007fefb450000 - 0x000007fefb48b000 	C:\Windows\system32\WINMM.dll
0x0000000077db0000 - 0x0000000077db7000 	C:\Windows\system32\PSAPI.DLL
0x00000000754b0000 - 0x0000000075582000 	C:\Windows\system32\MSVCR100.dll
0x000000006f220000 - 0x000000006f22f000 	C:\Xilinx\SDK\2016.4\tps\win64\jre\bin\verify.dll
0x000000006c850000 - 0x000000006c879000 	C:\Xilinx\SDK\2016.4\tps\win64\jre\bin\java.dll
0x000000006da50000 - 0x000000006da66000 	C:\Xilinx\SDK\2016.4\tps\win64\jre\bin\zip.dll
0x000007fefd8d0000 - 0x000007fefd8df000 	C:\Windows\system32\profapi.dll
0x000007fefd0c0000 - 0x000007fefd0d8000 	C:\Windows\system32\CRYPTSP.dll
0x000007fefcdc0000 - 0x000007fefce07000 	C:\Windows\system32\rsaenh.dll
0x000007fefdbb0000 - 0x000007fefdbce000 	C:\Windows\system32\USERENV.dll
0x000007fefd730000 - 0x000007fefd73f000 	C:\Windows\system32\CRYPTBASE.dll
0x000000006da10000 - 0x000000006da2a000 	C:\Xilinx\SDK\2016.4\tps\win64\jre\bin\net.dll
0x000007fefd060000 - 0x000007fefd0b5000 	C:\Windows\system32\mswsock.dll
0x000007fefd050000 - 0x000007fefd057000 	C:\Windows\System32\wship6.dll
0x000007fefb730000 - 0x000007fefb757000 	C:\Windows\system32\IPHLPAPI.DLL
0x000007fefb720000 - 0x000007fefb72b000 	C:\Windows\system32\WINNSI.DLL
0x000007fefb650000 - 0x000007fefb661000 	C:\Windows\system32\dhcpcsvc6.DLL
0x000007fefb630000 - 0x000007fefb648000 	C:\Windows\system32\dhcpcsvc.DLL
0x000000006d600000 - 0x000000006d611000 	C:\Xilinx\SDK\2016.4\tps\win64\jre\bin\nio.dll
0x000007feffc50000 - 0x000007feffce9000 	C:\Windows\system32\CLBCatQ.DLL
0x000007feff590000 - 0x000007feff66a000 	C:\Windows\system32\OLEAUT32.dll
0x000007fefb7d0000 - 0x000007fefb7e5000 	C:\Windows\system32\NLAapi.dll
0x000007fef89d0000 - 0x000007fef89e5000 	C:\Windows\system32\napinsp.dll
0x000007fef89b0000 - 0x000007fef89c9000 	C:\Windows\system32\pnrpnsp.dll
0x000007fefcee0000 - 0x000007fefcf3b000 	C:\Windows\system32\DNSAPI.dll
0x000007fef89a0000 - 0x000007fef89ab000 	C:\Windows\System32\winrnr.dll
0x000007fefca80000 - 0x000007fefca87000 	C:\Windows\System32\wshtcpip.dll
0x000007fef8f20000 - 0x000007fef8f28000 	C:\Windows\system32\rasadhlp.dll
0x000007fefb4a0000 - 0x000007fefb4f3000 	C:\Windows\System32\fwpuclnt.dll
0x0000000018850000 - 0x00000000188f8000 	C:\Users\shlab_89\.Xilinx\SDK\2016.4\org.eclipse.osgi\319\0\.cp\swt-win32-4527.dll
0x000007feff670000 - 0x000007feff707000 	C:\Windows\system32\comdlg32.dll
0x000007fef86f0000 - 0x000007fef8761000 	C:\Windows\system32\WINSPOOL.DRV
0x000007feff080000 - 0x000007feff3a1000 	C:\Windows\system32\WININET.dll
0x000007fefda90000 - 0x000007fefda94000 	C:\Windows\system32\api-ms-win-downlevel-user32-l1-1-0.dll
0x000007fefdb90000 - 0x000007fefdb94000 	C:\Windows\system32\api-ms-win-downlevel-shlwapi-l1-1-0.dll
0x000007fefdc10000 - 0x000007fefdc14000 	C:\Windows\system32\api-ms-win-downlevel-version-l1-1-0.dll
0x000007fefdba0000 - 0x000007fefdba3000 	C:\Windows\system32\api-ms-win-downlevel-normaliz-l1-1-0.dll
0x0000000077da0000 - 0x0000000077da3000 	C:\Windows\system32\normaliz.DLL
0x000007fefdca0000 - 0x000007fefdf6a000 	C:\Windows\system32\iertutil.dll
0x000007fefd8f0000 - 0x000007fefd8f5000 	C:\Windows\system32\api-ms-win-downlevel-advapi32-l1-1-0.dll
0x000007fefd920000 - 0x000007fefda8d000 	C:\Windows\system32\CRYPT32.dll
0x000007fefd8e0000 - 0x000007fefd8ef000 	C:\Windows\system32\MSASN1.dll
0x000007fefb350000 - 0x000007fefb368000 	C:\Windows\system32\dwmapi.dll
0x000007fefbf60000 - 0x000007fefc08c000 	C:\Windows\system32\propsys.dll
0x0000000015a20000 - 0x0000000015a3e000 	C:\Users\shlab_89\.Xilinx\SDK\2016.4\org.eclipse.osgi\319\0\.cp\swt-gdip-win32-4527.dll
0x000007fef71c0000 - 0x000007fef73d7000 	C:\Windows\WinSxS\amd64_microsoft.windows.gdiplus_6595b64144ccf1df_1.1.7601.23807_none_14556b8e8b95d1fc\gdiplus.dll
0x000007fefb1a0000 - 0x000007fefb301000 	C:\Windows\system32\WindowsCodecs.dll
0x0000000180000000 - 0x0000000180012000 	C:\Users\shlab_89\.Xilinx\SDK\2016.4\org.eclipse.osgi\133\0\.cp\os\win32\x86_64\localfile_1_0_0.dll
0x000007fef2b60000 - 0x000007fef2bb4000 	C:\Windows\system32\oleacc.dll
0x000007fef4f30000 - 0x000007fef4f37000 	C:\Windows\system32\msimg32.dll
0x000007fefd820000 - 0x000007fefd834000 	C:\Windows\system32\RpcRtRemote.dll
0x000007fefd6d0000 - 0x000007fefd727000 	C:\Windows\system32\apphelp.dll
0x000007fec9fd0000 - 0x000007fec9fe1000 	C:\Users\shlab_89\.Xilinx\SDK\2016.4\org.eclipse.osgi\136\0\.cp\jWinHttp-1.0.0.dll
0x000007fefa040000 - 0x000007fefa0b1000 	C:\Windows\system32\WINHTTP.dll
0x000007fef9f70000 - 0x000007fef9fd4000 	C:\Windows\system32\webio.dll
0x000007fefd6a0000 - 0x000007fefd6c5000 	C:\Windows\system32\SspiCli.dll
0x000007fefccc0000 - 0x000007fefccca000 	C:\Windows\system32\credssp.dll
0x000007fefdaa0000 - 0x000007fefdad6000 	C:\Windows\system32\CFGMGR32.dll
0x000007fecd420000 - 0x000007fecd42f000 	C:\Xilinx\SDK\2016.4\lib\win64.o\librdi_repo_manager.dll
0x000007feca950000 - 0x000007feca97a000 	C:\Xilinx\SDK\2016.4\lib\win64.o\libisl_sysinfo.dll
0x000007feef970000 - 0x000007feefa44000 	C:\Windows\system32\MSVCR110.dll
0x000007feefd50000 - 0x000007feefdf7000 	C:\Windows\system32\MSVCP110.dll
0x000007febff40000 - 0x000007fec09ea000 	C:\Xilinx\SDK\2016.4\lib\win64.o\librdi_common.dll
0x000007fec55d0000 - 0x000007fec593e000 	C:\Xilinx\SDK\2016.4\lib\win64.o\libCOIN-all.dll
0x000007feca730000 - 0x000007feca94f000 	C:\Xilinx\SDK\2016.4\lib\win64.o\libXil_lmgr11.dll
0x000007fefbcd0000 - 0x000007fefbce6000 	C:\Windows\system32\NETAPI32.dll
0x000007fefb810000 - 0x000007fefb81c000 	C:\Windows\system32\netutils.dll
0x000007fefd370000 - 0x000007fefd393000 	C:\Windows\system32\srvcli.dll
0x000007fefb7f0000 - 0x000007fefb805000 	C:\Windows\system32\wkscli.dll
0x000007fefdbd0000 - 0x000007fefdc0b000 	C:\Windows\system32\WINTRUST.dll
0x000007feefc90000 - 0x000007feefca0000 	C:\Xilinx\SDK\2016.4\lib\win64.o\libboost_date_time.dll
0x000007fecd430000 - 0x000007fecd454000 	C:\Xilinx\SDK\2016.4\lib\win64.o\libboost_filesystem.dll
0x000007feefca0000 - 0x000007feefca9000 	C:\Xilinx\SDK\2016.4\lib\win64.o\libboost_system.dll
0x000007fecb700000 - 0x000007fecb777000 	C:\Xilinx\SDK\2016.4\lib\win64.o\libboost_program_options.dll
0x000007fecb5f0000 - 0x000007fecb6f6000 	C:\Xilinx\SDK\2016.4\lib\win64.o\libboost_regex.dll
0x000007fecade0000 - 0x000007fecadf3000 	C:\Xilinx\SDK\2016.4\lib\win64.o\libboost_signals.dll
0x000007fecadc0000 - 0x000007fecaddd000 	C:\Xilinx\SDK\2016.4\lib\win64.o\libboost_thread.dll
0x000007feeff00000 - 0x000007feeff0b000 	C:\Xilinx\SDK\2016.4\lib\win64.o\libboost_chrono.dll
0x000007fed6d10000 - 0x000007fed6d1b000 	C:\Xilinx\SDK\2016.4\lib\win64.o\libboost_xilinx.dll
0x000007feca140000 - 0x000007feca1c0000 	C:\Xilinx\SDK\2016.4\lib\win64.o\libhdlpsolve.dll
0x000007feca0a0000 - 0x000007feca13a000 	C:\Xilinx\SDK\2016.4\lib\win64.o\libhdxml.dll
0x000007feca9f0000 - 0x000007fecadb9000 	C:\Xilinx\SDK\2016.4\lib\win64.o\libisl_iostreams.dll
0x000007feca9d0000 - 0x000007feca9e6000 	C:\Xilinx\SDK\2016.4\lib\win64.o\libboost_iostreams.dll
0x000007feca9b0000 - 0x000007feca9cf000 	C:\Xilinx\SDK\2016.4\lib\win64.o\librdizlib.dll
0x000007feca980000 - 0x000007feca9a3000 	C:\Xilinx\SDK\2016.4\lib\win64.o\libisl_iosutils.dll
0x000007fecd460000 - 0x000007fecd475000 	C:\Xilinx\SDK\2016.4\lib\win64.o\pthreadVC2.dll
0x000007feca040000 - 0x000007feca093000 	C:\Xilinx\SDK\2016.4\lib\win64.o\librdi_commonxillic.dll
0x000007fec7ae0000 - 0x000007fec7c10000 	C:\Xilinx\SDK\2016.4\lib\win64.o\librdi_curl.dll
0x000007feca710000 - 0x000007feca728000 	C:\Xilinx\SDK\2016.4\lib\win64.o\librdiconfig.dll
0x000000006c2f0000 - 0x000000006c417000 	C:\Xilinx\SDK\2016.4\lib\win64.o\tcl85t.dll
0x0000000024400000 - 0x0000000024663000 	C:\Xilinx\SDK\2016.4\lib\win64.o\xerces-c_3_1.dll
0x000007feff7b0000 - 0x000007feff935000 	C:\Windows\system32\urlmon.dll
0x000007fefdb80000 - 0x000007fefdb84000 	C:\Windows\system32\api-ms-win-downlevel-ole32-l1-1-0.dll
0x000007fef0300000 - 0x000007fef0323000 	C:\Windows\system32\VCOMP110.DLL
0x000007fec53d0000 - 0x000007fec55c8000 	C:\Xilinx\SDK\2016.4\lib\win64.o\librdi_hsm.dll
0x000007fec9ff0000 - 0x000007feca033000 	C:\Xilinx\SDK\2016.4\lib\win64.o\librdi_hdf.dll
0x000007fec3f90000 - 0x000007fec4258000 	C:\Xilinx\SDK\2016.4\lib\win64.o\librdi_ippcw.dll
0x0000000071080000 - 0x00000000710a6000 	C:\Xilinx\SDK\2016.4\eclipse\win64.o\plugins\gnu.io.rxtx.win32.x86_64_2.1.7.3_v20071015\os\win32\x86_64\rxtxSerial.dll
0x000007fef7ff0000 - 0x000007fef8006000 	C:\Xilinx\SDK\2016.4\eclipse\win64.o\plugins\org.eclipse.cdt.core.win32.x86_64_5.4.0.201509131935\os\win32\x86_64\spawner.dll
0x000007feefcb0000 - 0x000007feefcba000 	C:\Xilinx\SDK\2016.4\lib\win64.o\librdi_jtag_settings.dll
0x000007fec9f80000 - 0x000007fec9fa9000 	C:\Xilinx\SDK\2016.4\lib\win64.o\librdi_debug_dialog.dll
0x000007fecb5e0000 - 0x000007fecb5e8000 	C:\Xilinx\SDK\2016.4\lib\win64.o\librdi_target_manager.dll

VM Arguments:
jvm_args: -Dcom.xilinx.sdk.args.hwspec=C:/Users/shlab_89/Desktop/0620_lab_BRAM/0316303_0619/0316303_0619.sdk/lab6_wrapper.hdf -Xms64m -Xmx512m & 
java_command: <unknown>
java_class_path (initial): C:\Xilinx\SDK\2016.4\eclipse\win64.o\\plugins/org.eclipse.equinox.launcher_1.3.100.v20150511-1540.jar
Launcher Type: generic

Environment Variables:
PATH=C:/Xilinx/SDK/2016.4/tps/win64/jre/bin/server;C:/Xilinx/SDK/2016.4/tps/win64/jre/bin;C:/Xilinx/SDK/2016.4/tps/win64/jre/lib/amd64;C:\Xilinx\SDK\2016.4\gnuwin\bin;C:\Xilinx\SDK\2016.4\gnu\microblaze\nt\bin;C:\Xilinx\SDK\2016.4\gnu\microblaze\linux_toolchain\nt64_le\bin;C:\Xilinx\SDK\2016.4\gnu\microblaze\linux_toolchain\nt64_be\bin;C:\Xilinx\SDK\2016.4\gnu\arm\nt\bin;C:\Xilinx\SDK\2016.4\gnu\aarch64\nt\aarch64-none\bin;C:\Xilinx\SDK\2016.4\gnu\aarch64\nt\aarch64-linux\bin;C:\Xilinx\SDK\2016.4\gnu\armr5\nt\gcc-arm-none-eabi\bin;C:\Xilinx\SDK\2016.4\gnu\aarch32\nt\gcc-arm-none-eabi\bin;C:\Xilinx\SDK\2016.4\gnu\aarch32\nt\gcc-arm-linux-gnueabi\bin;C:\Xilinx\SDK\2016.4\tps\win64\cmake-3.3.2\bin;;C:\Xilinx\SDK\2016.4\bin;C:\Xilinx\SDK\2016.4\lib\win64.o;C:\Xilinx\SDK\2016.4\tps\win64\jre\bin\server;C:\Xilinx\SDK\2016.4\tps\win64\jre\bin;C:\Xilinx\Vivado\2016.4\ids_lite\ISE\bin\nt64;C:\Xilinx\Vivado\2016.4\ids_lite\ISE\lib\nt64;C:\Xilinx\Vivado\2016.4\bin;C:\Xilinx\Vivado\2016.4\lib\win64.o;C:\Xilinx\Vivado\2016.4\tps\win64\jre\bin\server;C:\Xilinx\Vivado\2016.4\tps\win64\jre\bin;C:\Xilinx\Vivado_HLS\2016.4\bin;C:\ProgramData\Oracle\Java\javapath;C:\Windows\system32;C:\Windows;C:\Windows\System32\Wbem;C:\Windows\System32\WindowsPowerShell\v1.0\;C:\Program Files (x86)\Intel\OpenCL SDK\2.0\bin\x86;C:\Program Files (x86)\Intel\OpenCL SDK\2.0\bin\x64;C:\Users\shlab_89\Desktop\0620_lab_BRAM\0316303_0619;
USERNAME=shlab_89
OS=Windows_NT
PROCESSOR_IDENTIFIER=Intel64 Family 6 Model 58 Stepping 9, GenuineIntel



---------------  S Y S T E M  ---------------

OS: Windows 7 , 64 bit Build 7601 (6.1.7601.23807)

CPU:total 4 (2 cores per cpu, 2 threads per core) family 6 model 58 stepping 9, cmov, cx8, fxsr, mmx, sse, sse2, sse3, ssse3, sse4.1, sse4.2, popcnt, avx, clmul, erms, ht, tsc, tscinvbit, tscinv

Memory: 4k page, physical 16462528k(9716772k free), swap 32923196k(25939720k free)

vm_info: Java HotSpot(TM) 64-Bit Server VM (25.66-b18) for windows-amd64 JRE (1.8.0_66-b18), built on Nov  9 2015 10:51:13 by "java_re" with MS VC++ 10.0 (VS2010)

time: Wed Jun 21 12:39:26 2017
elapsed time: 714 seconds (0d 0h 11m 54s)

