#
# A fatal error has been detected by the Java Runtime Environment:
#
#  Internal Error (0xc000000d), pid=7444, tid=3328
#
# JRE version: Java(TM) SE Runtime Environment (8.0_66-b18) (build 1.8.0_66-b18)
# Java VM: Java HotSpot(TM) 64-Bit Server VM (25.66-b18 mixed mode windows-amd64 compressed oops)
# Problematic frame:
# C  [ntdll.dll+0x96ccf]
#
# Failed to write core dump. Minidumps are not enabled by default on client versions of Windows
#
# If you would like to submit a bug report, please visit:
#   http://bugreport.java.com/bugreport/crash.jsp
#

---------------  T H R E A D  ---------------

Current thread (0x0000000013bac000):  VMThread [stack: 0x0000000014c10000,0x0000000014d10000] [id=3328]

siginfo: ExceptionCode=0xc000000d

Registers:
RAX=0x0000000063c620df, RBX=0x0000000000000000, RCX=0x0000000014d0ef10, RDX=0x0000000000000000
RSP=0x0000000014d0f520, RBP=0x0000000000276b30, RSI=0x000007feef977408, RDI=0x0000000014d0f668
R8 =0x0000000000000000, R9 =0x0000000000000000, R10=0x0000000000000000, R11=0x0000000000000246
R12=0x0000000016478610, R13=0x00000000164785e0, R14=0x0000000000276c38, R15=0x0000000000000000
RIP=0x0000000077c76ccf, EFLAGS=0x0000000000000202

Top of Stack: (sp=0x0000000014d0f520)
0x0000000014d0f520:   0000000000000000 000007feef977408
0x0000000014d0f530:   0000000014d0f668 0000000000000000
0x0000000014d0f540:   0000000000000050 0000000000210000
0x0000000014d0f550:   0000000000000000 0000000000000000
0x0000000014d0f560:   0000000000000002 0000000077c2dd48
0x0000000014d0f570:   00000000c000000d 0000000000000000
0x0000000014d0f580:   0000000077c76ccf 0000000000000000
0x0000000014d0f590:   0000000000000000 0000000000000000
0x0000000014d0f5a0:   0000000000000000 0000000000000000
0x0000000014d0f5b0:   0000000000000000 0000000000000000
0x0000000014d0f5c0:   0000000000000000 0000000000000000
0x0000000014d0f5d0:   0000000000000000 0000000000000000
0x0000000014d0f5e0:   0000000000000000 0000000000000000
0x0000000014d0f5f0:   0000000000000000 0000000000000000
0x0000000014d0f600:   0000000000000000 0000000016478610
0x0000000014d0f610:   0000000000000c34 0000000077b034a8 

Instructions: (pc=0x0000000077c76ccf)
0x0000000077c76caf:   5d 6c fb ff b9 57 00 00 00 c7 44 24 50 0d 00 00
0x0000000077c76cbf:   c0 e8 4b 6f fb ff 48 8d 4c 24 50 e8 41 1c f8 ff
0x0000000077c76ccf:   4c 8b 1d 02 67 09 00 4d 85 db 74 5b 65 48 8b 04
0x0000000077c76cdf:   25 30 00 00 00 f6 80 ee 17 00 00 08 74 12 65 48 


Register to memory mapping:

RAX=0x0000000063c620df is an unknown value
RBX=0x0000000000000000 is an unknown value
RCX=0x0000000014d0ef10 is an unknown value
RDX=0x0000000000000000 is an unknown value
RSP=0x0000000014d0f520 is an unknown value
RBP=0x0000000000276b30 is an unknown value
RSI=0x000007feef977408 is an unknown value
RDI=0x0000000014d0f668 is an unknown value
R8 =0x0000000000000000 is an unknown value
R9 =0x0000000000000000 is an unknown value
R10=0x0000000000000000 is an unknown value
R11=0x0000000000000246 is an unknown value
R12=0x0000000016478610 is an unknown value
R13=0x00000000164785e0 is an unknown value
R14=0x0000000000276c38 is an unknown value
R15=0x0000000000000000 is an unknown value


Stack: [0x0000000014c10000,0x0000000014d10000],  sp=0x0000000014d0f520,  free space=1021k
Native frames: (J=compiled Java code, j=interpreted, Vv=VM code, C=native code)
C  [ntdll.dll+0x96ccf]
C  [kernel32.dll+0x434a8]
C  [MSVCR110.dll+0x752d]
C  [MSVCR110.dll+0x73c6]
C  [MSVCR110.dll+0x14cca]
C  [MSVCR110.dll+0x13edc]
C  [MSVCR110.dll+0x239e]
C  [MSVCR110.dll+0xaf9e]
C  [MSVCP110.dll+0x397b9]
C  [librdi_common.dll+0x183a66]
C  [librdi_common.dll+0x1826fb]
C  [librdi_target_manager.dll+0x2400]
C  [librdi_target_manager.dll+0x2682]
C  [ntdll.dll+0x22ac1]
C  [ntdll.dll+0x228d0]
C  [MSVCR100.dll+0x20ccd]
V  [jvm.dll+0x210cc5]
V  [jvm.dll+0x249897]
V  [jvm.dll+0x248b36]
V  [jvm.dll+0x248fd1]
V  [jvm.dll+0x2491ee]
V  [jvm.dll+0x29a0fa]
C  [MSVCR100.dll+0x21d9f]
C  [MSVCR100.dll+0x21e3b]
C  [kernel32.dll+0x159cd]
C  [ntdll.dll+0x2a561]

VM_Operation (0x000000000012f4c0): Exit, mode: safepoint, requested by thread 0x00000000026b9000


---------------  P R O C E S S  ---------------

Java Threads: ( => current thread )
  0x0000000016ecb000 JavaThread "pool-2-thread-3" [_thread_blocked, id=9388, stack(0x0000000025160000,0x0000000025260000)]
  0x0000000016a84800 JavaThread "pool-2-thread-2" [_thread_blocked, id=9524, stack(0x0000000027e10000,0x0000000027f10000)]
  0x0000000016fe2000 JavaThread "pool-2-thread-1" [_thread_blocked, id=4948, stack(0x0000000026420000,0x0000000026520000)]
  0x0000000016fde000 JavaThread "Thread-30" daemon [_thread_blocked, id=940, stack(0x0000000022af0000,0x0000000022bf0000)]
  0x000000001fa60000 JavaThread "TCF Channel Transmitter" daemon [_thread_blocked, id=4496, stack(0x00000000226f0000,0x00000000227f0000)]
  0x000000001fa5f800 JavaThread "TCF Channel Receiver" daemon [_thread_in_native, id=9392, stack(0x0000000022120000,0x0000000022220000)]
  0x000000001fa5e800 JavaThread "Process monitor" daemon [_thread_in_native, id=6484, stack(0x00000000225f0000,0x00000000226f0000)]
  0x000000001fa5e000 JavaThread "Input Stream Monitor" daemon [_thread_blocked, id=7068, stack(0x00000000224f0000,0x00000000225f0000)]
  0x000000001b033800 JavaThread "Output Stream Monitor" daemon [_thread_in_native, id=9928, stack(0x0000000021d20000,0x0000000021e20000)]
  0x000000001b032800 JavaThread "Output Stream Monitor" daemon [_thread_in_native, id=8640, stack(0x000000001c390000,0x000000001c490000)]
  0x000000001b032000 JavaThread "TCF Locator DNS Lookup" daemon [_thread_blocked, id=8672, stack(0x000000001c210000,0x000000001c310000)]
  0x000000001b031000 JavaThread "TCF Locator Timer" daemon [_thread_blocked, id=9972, stack(0x000000001c110000,0x000000001c210000)]
  0x000000001b02f000 JavaThread "TCF Timer Dispatcher" daemon [_thread_blocked, id=7164, stack(0x000000001bde0000,0x000000001bee0000)]
  0x0000000016934800 JavaThread "EMF Reference Cleaner" daemon [_thread_blocked, id=7968, stack(0x00000000184d0000,0x00000000185d0000)]
  0x0000000014fc9000 JavaThread "Service Thread" daemon [_thread_blocked, id=6884, stack(0x0000000015810000,0x0000000015910000)]
  0x0000000014f42000 JavaThread "C1 CompilerThread2" daemon [_thread_blocked, id=4760, stack(0x0000000015710000,0x0000000015810000)]
  0x0000000014f3b000 JavaThread "C2 CompilerThread1" daemon [_thread_blocked, id=5784, stack(0x0000000015610000,0x0000000015710000)]
  0x0000000014f1b000 JavaThread "C2 CompilerThread0" daemon [_thread_blocked, id=10220, stack(0x0000000015510000,0x0000000015610000)]
  0x0000000013c1f000 JavaThread "Attach Listener" daemon [_thread_blocked, id=9976, stack(0x0000000015410000,0x0000000015510000)]
  0x0000000013c1e000 JavaThread "Signal Dispatcher" daemon [_thread_blocked, id=5532, stack(0x0000000015310000,0x0000000015410000)]
  0x0000000013bb8800 JavaThread "Finalizer" daemon [_thread_blocked, id=8952, stack(0x0000000014e10000,0x0000000014f10000)]
  0x0000000013bb1800 JavaThread "Reference Handler" daemon [_thread_blocked, id=6336, stack(0x0000000014d10000,0x0000000014e10000)]
  0x00000000026b9000 JavaThread "main" [_thread_blocked, id=7816, stack(0x0000000000030000,0x0000000000130000)]

Other Threads:
=>0x0000000013bac000 VMThread [stack: 0x0000000014c10000,0x0000000014d10000] [id=3328]

VM state:at safepoint (shutting down)

VM Mutex/Monitor currently owned by a thread:  ([mutex/lock_event])
[0x000000000279e380] Threads_lock - owner thread: 0x0000000013bac000

Heap:
 PSYoungGen      total 103936K, used 40744K [0x00000000f5580000, 0x00000000ffa00000, 0x0000000100000000)
  eden space 97792K, 41% used [0x00000000f5580000,0x00000000f7d4a280,0x00000000fb500000)
  from space 6144K, 0% used [0x00000000fb500000,0x00000000fb500000,0x00000000fbb00000)
  to   space 35328K, 0% used [0x00000000fd780000,0x00000000fd780000,0x00000000ffa00000)
 ParOldGen       total 121344K, used 64559K [0x00000000e0000000, 0x00000000e7680000, 0x00000000f5580000)
  object space 121344K, 53% used [0x00000000e0000000,0x00000000e3f0bcb0,0x00000000e7680000)
 Metaspace       used 87703K, capacity 95166K, committed 95400K, reserved 1132544K
  class space    used 10554K, capacity 12945K, committed 12968K, reserved 1048576K

Card table byte_map: [0x0000000011b60000,0x0000000011c70000] byte_map_base: 0x0000000011460000

Marking Bits: (ParMarkBitMap*) 0x00000000684ea5b0
 Begin Bits: [0x0000000012120000, 0x0000000012920000)
 End Bits:   [0x0000000012920000, 0x0000000013120000)

Polling page: 0x0000000000370000

CodeCache: size=245760Kb used=37239Kb max_used=37906Kb free=208520Kb
 bounds [0x00000000027a0000, 0x0000000004d10000, 0x00000000117a0000]
 total_blobs=11009 nmethods=10103 adapters=813
 compilation: enabled

Compilation events (10 events):
Event: 374.950 Thread 0x0000000014f42000 nmethod 12629 0x0000000002f491d0 code [0x0000000002f49360, 0x0000000002f498a8]
Event: 374.951 Thread 0x0000000014f42000 12630       3       org.eclipse.osgi.storage.bundlefile.MRUBundleFileList::removeInternal (37 bytes)
Event: 374.951 Thread 0x0000000014f42000 nmethod 12630 0x00000000032c7450 code [0x00000000032c75c0, 0x00000000032c7a30]
Event: 374.952 Thread 0x0000000014f42000 12633   !   3       org.eclipse.osgi.storage.BundleInfo$Generation::close (34 bytes)
Event: 374.952 Thread 0x0000000014f42000 nmethod 12633 0x000000000399aa50 code [0x000000000399abc0, 0x000000000399afe8]
Event: 374.952 Thread 0x0000000014f3b000 12645       4       java.util.concurrent.locks.AbstractQueuedSynchronizer::release (33 bytes)
Event: 374.953 Thread 0x0000000014f42000 12635       3       org.eclipse.osgi.container.Module::holdsTransitionEventLock (25 bytes)
Event: 374.953 Thread 0x0000000014f42000 nmethod 12635 0x0000000003031890 code [0x0000000003031a20, 0x0000000003032148]
Event: 374.953 Thread 0x0000000014f3b000 nmethod 12645 0x000000000367cb50 code [0x000000000367cca0, 0x000000000367cd68]
Event: 374.954 Thread 0x0000000014f42000 12644   !   3       org.eclipse.osgi.storage.BundleInfo$Generation::clearManifestCache (30 bytes)

GC Heap History (10 events):
Event: 250.854 GC heap before
{Heap before GC invocations=21 (full 6):
 PSYoungGen      total 135680K, used 5194K [0x00000000f5580000, 0x0000000100000000, 0x0000000100000000)
  eden space 97792K, 5% used [0x00000000f5580000,0x00000000f5a92b18,0x00000000fb500000)
  from space 37888K, 0% used [0x00000000fdb00000,0x00000000fdb00000,0x0000000100000000)
  to   space 38400K, 0% used [0x00000000fb500000,0x00000000fb500000,0x00000000fda80000)
 ParOldGen       total 121344K, used 62967K [0x00000000e0000000, 0x00000000e7680000, 0x00000000f5580000)
  object space 121344K, 51% used [0x00000000e0000000,0x00000000e3d7dd98,0x00000000e7680000)
 Metaspace       used 85631K, capacity 93070K, committed 93224K, reserved 1130496K
  class space    used 10410K, capacity 12719K, committed 12840K, reserved 1048576K
Event: 250.859 GC heap after
Heap after GC invocations=21 (full 6):
 PSYoungGen      total 136192K, used 128K [0x00000000f5580000, 0x0000000100000000, 0x0000000100000000)
  eden space 97792K, 0% used [0x00000000f5580000,0x00000000f5580000,0x00000000fb500000)
  from space 38400K, 0% used [0x00000000fb500000,0x00000000fb520000,0x00000000fda80000)
  to   space 38400K, 0% used [0x00000000fda80000,0x00000000fda80000,0x0000000100000000)
 ParOldGen       total 121344K, used 62967K [0x00000000e0000000, 0x00000000e7680000, 0x00000000f5580000)
  object space 121344K, 51% used [0x00000000e0000000,0x00000000e3d7dd98,0x00000000e7680000)
 Metaspace       used 85631K, capacity 93070K, committed 93224K, reserved 1130496K
  class space    used 10410K, capacity 12719K, committed 12840K, reserved 1048576K
}
Event: 250.859 GC heap before
{Heap before GC invocations=22 (full 7):
 PSYoungGen      total 136192K, used 128K [0x00000000f5580000, 0x0000000100000000, 0x0000000100000000)
  eden space 97792K, 0% used [0x00000000f5580000,0x00000000f5580000,0x00000000fb500000)
  from space 38400K, 0% used [0x00000000fb500000,0x00000000fb520000,0x00000000fda80000)
  to   space 38400K, 0% used [0x00000000fda80000,0x00000000fda80000,0x0000000100000000)
 ParOldGen       total 121344K, used 62967K [0x00000000e0000000, 0x00000000e7680000, 0x00000000f5580000)
  object space 121344K, 51% used [0x00000000e0000000,0x00000000e3d7dd98,0x00000000e7680000)
 Metaspace       used 85631K, capacity 93070K, committed 93224K, reserved 1130496K
  class space    used 10410K, capacity 12719K, committed 12840K, reserved 1048576K
Event: 251.065 GC heap after
Heap after GC invocations=22 (full 7):
 PSYoungGen      total 136192K, used 0K [0x00000000f5580000, 0x0000000100000000, 0x0000000100000000)
  eden space 97792K, 0% used [0x00000000f5580000,0x00000000f5580000,0x00000000fb500000)
  from space 38400K, 0% used [0x00000000fb500000,0x00000000fb500000,0x00000000fda80000)
  to   space 38400K, 0% used [0x00000000fda80000,0x00000000fda80000,0x0000000100000000)
 ParOldGen       total 121344K, used 62961K [0x00000000e0000000, 0x00000000e7680000, 0x00000000f5580000)
  object space 121344K, 51% used [0x00000000e0000000,0x00000000e3d7c500,0x00000000e7680000)
 Metaspace       used 85631K, capacity 93070K, committed 93224K, reserved 1130496K
  class space    used 10410K, capacity 12719K, committed 12840K, reserved 1048576K
}
Event: 315.627 GC heap before
{Heap before GC invocations=23 (full 7):
 PSYoungGen      total 136192K, used 97792K [0x00000000f5580000, 0x0000000100000000, 0x0000000100000000)
  eden space 97792K, 100% used [0x00000000f5580000,0x00000000fb500000,0x00000000fb500000)
  from space 38400K, 0% used [0x00000000fb500000,0x00000000fb500000,0x00000000fda80000)
  to   space 38400K, 0% used [0x00000000fda80000,0x00000000fda80000,0x0000000100000000)
 ParOldGen       total 121344K, used 62961K [0x00000000e0000000, 0x00000000e7680000, 0x00000000f5580000)
  object space 121344K, 51% used [0x00000000e0000000,0x00000000e3d7c500,0x00000000e7680000)
 Metaspace       used 86627K, capacity 93902K, committed 94248K, reserved 1130496K
  class space    used 10446K, capacity 12719K, committed 12840K, reserved 1048576K
Event: 315.635 GC heap after
Heap after GC invocations=23 (full 7):
 PSYoungGen      total 134144K, used 3565K [0x00000000f5580000, 0x00000000ffe00000, 0x0000000100000000)
  eden space 97792K, 0% used [0x00000000f5580000,0x00000000f5580000,0x00000000fb500000)
  from space 36352K, 9% used [0x00000000fda80000,0x00000000fddfb4a8,0x00000000ffe00000)
  to   space 37376K, 0% used [0x00000000fb500000,0x00000000fb500000,0x00000000fd980000)
 ParOldGen       total 121344K, used 63033K [0x00000000e0000000, 0x00000000e7680000, 0x00000000f5580000)
  object space 121344K, 51% used [0x00000000e0000000,0x00000000e3d8e510,0x00000000e7680000)
 Metaspace       used 86627K, capacity 93902K, committed 94248K, reserved 1130496K
  class space    used 10446K, capacity 12719K, committed 12840K, reserved 1048576K
}
Event: 332.191 GC heap before
{Heap before GC invocations=24 (full 7):
 PSYoungGen      total 134144K, used 47435K [0x00000000f5580000, 0x00000000ffe00000, 0x0000000100000000)
  eden space 97792K, 44% used [0x00000000f5580000,0x00000000f8057870,0x00000000fb500000)
  from space 36352K, 9% used [0x00000000fda80000,0x00000000fddfb4a8,0x00000000ffe00000)
  to   space 37376K, 0% used [0x00000000fb500000,0x00000000fb500000,0x00000000fd980000)
 ParOldGen       total 121344K, used 63033K [0x00000000e0000000, 0x00000000e7680000, 0x00000000f5580000)
  object space 121344K, 51% used [0x00000000e0000000,0x00000000e3d8e510,0x00000000e7680000)
 Metaspace       used 86790K, capacity 94074K, committed 94248K, reserved 1130496K
  class space    used 10454K, capacity 12753K, committed 12840K, reserved 1048576K
Event: 332.204 GC heap after
Heap after GC invocations=24 (full 7):
 PSYoungGen      total 103936K, used 5813K [0x00000000f5580000, 0x00000000ffa00000, 0x0000000100000000)
  eden space 97792K, 0% used [0x00000000f5580000,0x00000000f5580000,0x00000000fb500000)
  from space 6144K, 94% used [0x00000000fb500000,0x00000000fbaad4c8,0x00000000fbb00000)
  to   space 35328K, 0% used [0x00000000fd780000,0x00000000fd780000,0x00000000ffa00000)
 ParOldGen       total 121344K, used 63041K [0x00000000e0000000, 0x00000000e7680000, 0x00000000f5580000)
  object space 121344K, 51% used [0x00000000e0000000,0x00000000e3d90510,0x00000000e7680000)
 Metaspace       used 86790K, capacity 94074K, committed 94248K, reserved 1130496K
  class space    used 10454K, capacity 12753K, committed 12840K, reserved 1048576K
}
Event: 332.204 GC heap before
{Heap before GC invocations=25 (full 8):
 PSYoungGen      total 103936K, used 5813K [0x00000000f5580000, 0x00000000ffa00000, 0x0000000100000000)
  eden space 97792K, 0% used [0x00000000f5580000,0x00000000f5580000,0x00000000fb500000)
  from space 6144K, 94% used [0x00000000fb500000,0x00000000fbaad4c8,0x00000000fbb00000)
  to   space 35328K, 0% used [0x00000000fd780000,0x00000000fd780000,0x00000000ffa00000)
 ParOldGen       total 121344K, used 63041K [0x00000000e0000000, 0x00000000e7680000, 0x00000000f5580000)
  object space 121344K, 51% used [0x00000000e0000000,0x00000000e3d90510,0x00000000e7680000)
 Metaspace       used 86790K, capacity 94074K, committed 94248K, reserved 1130496K
  class space    used 10454K, capacity 12753K, committed 12840K, reserved 1048576K
Event: 332.532 GC heap after
Heap after GC invocations=25 (full 8):
 PSYoungGen      total 103936K, used 0K [0x00000000f5580000, 0x00000000ffa00000, 0x0000000100000000)
  eden space 97792K, 0% used [0x00000000f5580000,0x00000000f5580000,0x00000000fb500000)
  from space 6144K, 0% used [0x00000000fb500000,0x00000000fb500000,0x00000000fbb00000)
  to   space 35328K, 0% used [0x00000000fd780000,0x00000000fd780000,0x00000000ffa00000)
 ParOldGen       total 121344K, used 64559K [0x00000000e0000000, 0x00000000e7680000, 0x00000000f5580000)
  object space 121344K, 53% used [0x00000000e0000000,0x00000000e3f0bcb0,0x00000000e7680000)
 Metaspace       used 86790K, capacity 94074K, committed 94248K, reserved 1130496K
  class space    used 10454K, capacity 12753K, committed 12840K, reserved 1048576K
}

Deoptimization events (10 events):
Event: 374.069 Thread 0x00000000026b9000 Uncommon trap: reason=unstable_if action=reinterpret pc=0x000000000438eb14 method=org.eclipse.e4.ui.internal.workbench.swt.PartRenderingEngine.someAreVisible(Ljava/util/List;)Z @ 41
Event: 374.078 Thread 0x00000000026b9000 Uncommon trap: reason=unstable_if action=reinterpret pc=0x00000000049b57d8 method=org.eclipse.emf.ecore.xmi.impl.StringSegment.add(Ljava/lang/String;)V @ 151
Event: 374.132 Thread 0x0000000016eca800 Uncommon trap: reason=unstable_if action=reinterpret pc=0x0000000004163cc0 method=org.eclipse.e4.ui.internal.workbench.swt.E4Application$1.syncExec(Ljava/lang/Runnable;)V @ 14
Event: 374.174 Thread 0x0000000016fe0800 Uncommon trap: reason=unstable_if action=reinterpret pc=0x0000000004c0310c method=org.eclipse.equinox.internal.event.EventHandlerTracker.getHandlers(Ljava/lang/String;)Ljava/util/Set; @ 28
Event: 374.237 Thread 0x0000000016fdd000 Uncommon trap: reason=unstable_if action=reinterpret pc=0x00000000032c7d88 method=org.eclipse.ui.PlatformUI.isWorkbenchRunning()Z @ 12
Event: 374.845 Thread 0x0000000016fe0800 Uncommon trap: reason=unstable_if action=reinterpret pc=0x000000000308d9b4 method=org.eclipse.osgi.internal.hooks.EclipseLazyStarter.shouldActivateFor(Ljava/lang/String;Lorg/eclipse/osgi/container/Module;Lorg/eclipse/osgi/container/ModuleRevision;Lorg/ecli¸ª
Event: 374.852 Thread 0x0000000016f6c800 Uncommon trap: reason=unstable_if action=reinterpret pc=0x000000000351078c method=org.eclipse.osgi.internal.framework.BundleContextImpl.dispatchEvent(Ljava/lang/Object;Ljava/lang/Object;ILjava/lang/Object;)V @ 16
Event: 374.906 Thread 0x0000000016ec8000 Uncommon trap: reason=unstable_if action=reinterpret pc=0x0000000004a01634 method=org.eclipse.core.internal.jobs.JobManager.nextJob()Lorg/eclipse/core/runtime/jobs/Job; @ 80
Event: 374.906 Thread 0x000000001fa61800 Uncommon trap: reason=unstable_if action=reinterpret pc=0x00000000049d4abc method=org.eclipse.core.internal.jobs.JobManager.nextJob()Lorg/eclipse/core/runtime/jobs/Job; @ 80
Event: 374.938 Thread 0x0000000016fe0800 Uncommon trap: reason=unstable_if action=reinterpret pc=0x0000000002c339a4 method=sun.reflect.UnsafeStaticObjectFieldAccessorImpl.set(Ljava/lang/Object;Ljava/lang/Object;)V @ 13

Internal exceptions (10 events):
Event: 314.926 Thread 0x00000000026b9000 Exception <a 'java/io/FileNotFoundException'> (0x00000000fa27e080) thrown at [C:\re\workspace\8-2-build-windows-amd64-cygwin\jdk8u66\5298\hotspot\src\share\vm\prims\jni.cpp, line 709]
Event: 316.184 Thread 0x0000000016ec9000 Exception <a 'java/io/FileNotFoundException'> (0x00000000f5b521d8) thrown at [C:\re\workspace\8-2-build-windows-amd64-cygwin\jdk8u66\5298\hotspot\src\share\vm\prims\jni.cpp, line 709]
Event: 316.362 Thread 0x0000000016ec9000 Exception <a 'java/io/FileNotFoundException'> (0x00000000f5c470c8) thrown at [C:\re\workspace\8-2-build-windows-amd64-cygwin\jdk8u66\5298\hotspot\src\share\vm\prims\jni.cpp, line 709]
Event: 373.942 Thread 0x00000000026b9000 Implicit null exception at 0x0000000004a45644 to 0x0000000004a45e95
Event: 374.223 Thread 0x0000000016fdb800 Exception <a 'java/lang/InterruptedException'> (0x00000000f771fc20) thrown at [C:\re\workspace\8-2-build-windows-amd64-cygwin\jdk8u66\5298\hotspot\src\share\vm\runtime\objectMonitor.cpp, line 1683]
Event: 374.903 Thread 0x0000000016eca800 Exception <a 'java/lang/InterruptedException'> (0x00000000f72d5880) thrown at [C:\re\workspace\8-2-build-windows-amd64-cygwin\jdk8u66\5298\hotspot\src\share\vm\runtime\objectMonitor.cpp, line 1683]
Event: 374.938 Thread 0x0000000016fe0800 Implicit null exception at 0x0000000002c33597 to 0x0000000002c33991
Event: 374.938 Thread 0x0000000016f6c800 Exception <a 'java/lang/InterruptedException'> (0x00000000f7a14120) thrown at [C:\re\workspace\8-2-build-windows-amd64-cygwin\jdk8u66\5298\hotspot\src\share\vm\runtime\objectMonitor.cpp, line 1683]
Event: 374.949 Thread 0x000000001b02d800 Exception <a 'java/lang/InterruptedException'> (0x00000000f78d09e8) thrown at [C:\re\workspace\8-2-build-windows-amd64-cygwin\jdk8u66\5298\hotspot\src\share\vm\runtime\objectMonitor.cpp, line 1683]
Event: 374.949 Thread 0x00000000160d6000 Exception <a 'java/lang/InterruptedException'> (0x00000000f7caae28) thrown at [C:\re\workspace\8-2-build-windows-amd64-cygwin\jdk8u66\5298\hotspot\src\share\vm\runtime\objectMonitor.cpp, line 1683]

Events (10 events):
Event: 374.950 Executing VM operation: RevokeBias done
Event: 374.952 Thread 0x0000000014f42000 flushing nmethod 0x000000000314e5d0
Event: 374.953 Thread 0x0000000016fe0800 Thread exited: 0x0000000016fe0800
Event: 374.953 loading class java/util/IdentityHashMap$KeyIterator
Event: 374.953 loading class java/util/IdentityHashMap$IdentityHashMapIterator
Event: 374.953 loading class java/util/IdentityHashMap$IdentityHashMapIterator done
Event: 374.953 loading class java/util/IdentityHashMap$KeyIterator done
Event: 374.954 Thread 0x0000000016fe0800 Thread added: 0x0000000016fe0800
Event: 374.954 Thread 0x0000000016fe0800 Thread exited: 0x0000000016fe0800
Event: 374.954 Executing VM operation: Exit


Dynamic libraries:
0x0000000000400000 - 0x000000000044f000 	C:\Xilinx\SDK\2016.4\eclipse\win64.o\eclipse.exe
0x0000000077be0000 - 0x0000000077d8a000 	C:\Windows\SYSTEM32\ntdll.dll
0x0000000077ac0000 - 0x0000000077bdf000 	C:\Windows\system32\kernel32.dll
0x000007fefdc20000 - 0x000007fefdc8a000 	C:\Windows\system32\KERNELBASE.dll
0x00000000779c0000 - 0x0000000077aba000 	C:\Windows\system32\USER32.dll
0x000007fefdff0000 - 0x000007fefe057000 	C:\Windows\system32\GDI32.dll
0x000007fefdc90000 - 0x000007fefdc9e000 	C:\Windows\system32\LPK.dll
0x000007fefe190000 - 0x000007fefe25b000 	C:\Windows\system32\USP10.dll
0x000007feff710000 - 0x000007feff7af000 	C:\Windows\system32\msvcrt.dll
0x000007fefc110000 - 0x000007fefc304000 	C:\Windows\WinSxS\amd64_microsoft.windows.common-controls_6595b64144ccf1df_6.0.7601.18837_none_fa3b1e3d17594757\COMCTL32.dll
0x000007feffa70000 - 0x000007feffae1000 	C:\Windows\system32\SHLWAPI.dll
0x000007feffc20000 - 0x000007feffc4e000 	C:\Windows\system32\IMM32.DLL
0x000007fefe060000 - 0x000007fefe169000 	C:\Windows\system32\MSCTF.dll
0x0000000072000000 - 0x0000000072012000 	C:\Xilinx\SDK\2016.4\eclipse\win64.o\plugins\org.eclipse.equinox.launcher.win32.win32.x86_64_1.1.300.v20150602-1417\eclipse_1611.dll
0x000007feff940000 - 0x000007feffa1b000 	C:\Windows\system32\ADVAPI32.dll
0x000007fefe260000 - 0x000007fefe27f000 	C:\Windows\SYSTEM32\sechost.dll
0x000007feffaf0000 - 0x000007feffc1d000 	C:\Windows\system32\RPCRT4.dll
0x000007fefc9b0000 - 0x000007fefc9bc000 	C:\Windows\system32\VERSION.dll
0x000007fefbbd0000 - 0x000007fefbc26000 	C:\Windows\system32\uxtheme.dll
0x000007fef2730000 - 0x000007fef2778000 	C:\Program Files (x86)\TeamViewer\tv_x64.dll
0x000007fefe2f0000 - 0x000007feff07b000 	C:\Windows\system32\SHELL32.dll
0x000007feffcf0000 - 0x000007feffeec000 	C:\Windows\system32\ole32.dll
0x0000000067ce0000 - 0x0000000068569000 	C:\Xilinx\SDK\2016.4\tps\win64\jre\bin\server\jvm.dll
0x000007fefa900000 - 0x000007fefa909000 	C:\Windows\system32\WSOCK32.dll
0x000007feffa20000 - 0x000007feffa6d000 	C:\Windows\system32\WS2_32.dll
0x000007fefe2e0000 - 0x000007fefe2e8000 	C:\Windows\system32\NSI.dll
0x000007fefb450000 - 0x000007fefb48b000 	C:\Windows\system32\WINMM.dll
0x0000000077db0000 - 0x0000000077db7000 	C:\Windows\system32\PSAPI.DLL
0x00000000754b0000 - 0x0000000075582000 	C:\Windows\system32\MSVCR100.dll
0x000000006db60000 - 0x000000006db6f000 	C:\Xilinx\SDK\2016.4\tps\win64\jre\bin\verify.dll
0x000000006db30000 - 0x000000006db59000 	C:\Xilinx\SDK\2016.4\tps\win64\jre\bin\java.dll
0x000000006db10000 - 0x000000006db26000 	C:\Xilinx\SDK\2016.4\tps\win64\jre\bin\zip.dll
0x000007fefd8d0000 - 0x000007fefd8df000 	C:\Windows\system32\profapi.dll
0x000007fefd0c0000 - 0x000007fefd0d8000 	C:\Windows\system32\CRYPTSP.dll
0x000007fefcdc0000 - 0x000007fefce07000 	C:\Windows\system32\rsaenh.dll
0x000007fefdbb0000 - 0x000007fefdbce000 	C:\Windows\system32\USERENV.dll
0x000007fefd730000 - 0x000007fefd73f000 	C:\Windows\system32\CRYPTBASE.dll
0x000000006da30000 - 0x000000006da4a000 	C:\Xilinx\SDK\2016.4\tps\win64\jre\bin\net.dll
0x000007fefd060000 - 0x000007fefd0b5000 	C:\Windows\system32\mswsock.dll
0x000007fefd050000 - 0x000007fefd057000 	C:\Windows\System32\wship6.dll
0x000007fefb730000 - 0x000007fefb757000 	C:\Windows\system32\IPHLPAPI.DLL
0x000007fefb720000 - 0x000007fefb72b000 	C:\Windows\system32\WINNSI.DLL
0x000007fefb650000 - 0x000007fefb661000 	C:\Windows\system32\dhcpcsvc6.DLL
0x000007fefb630000 - 0x000007fefb648000 	C:\Windows\system32\dhcpcsvc.DLL
0x000000006da50000 - 0x000000006da61000 	C:\Xilinx\SDK\2016.4\tps\win64\jre\bin\nio.dll
0x000007feffc50000 - 0x000007feffce9000 	C:\Windows\system32\CLBCatQ.DLL
0x000007feff590000 - 0x000007feff66a000 	C:\Windows\system32\OLEAUT32.dll
0x000007fefb7d0000 - 0x000007fefb7e5000 	C:\Windows\system32\NLAapi.dll
0x000007fef89d0000 - 0x000007fef89e5000 	C:\Windows\system32\napinsp.dll
0x000007fef89b0000 - 0x000007fef89c9000 	C:\Windows\system32\pnrpnsp.dll
0x000007fefcee0000 - 0x000007fefcf3b000 	C:\Windows\system32\DNSAPI.dll
0x000007fef89a0000 - 0x000007fef89ab000 	C:\Windows\System32\winrnr.dll
0x000007fefca80000 - 0x000007fefca87000 	C:\Windows\System32\wshtcpip.dll
0x000007fef8f20000 - 0x000007fef8f28000 	C:\Windows\system32\rasadhlp.dll
0x000007fefb4a0000 - 0x000007fefb4f3000 	C:\Windows\System32\fwpuclnt.dll
0x00000000187d0000 - 0x0000000018878000 	C:\Users\shlab_89\.Xilinx\SDK\2016.4\org.eclipse.osgi\319\0\.cp\swt-win32-4527.dll
0x000007feff670000 - 0x000007feff707000 	C:\Windows\system32\comdlg32.dll
0x000007fef86f0000 - 0x000007fef8761000 	C:\Windows\system32\WINSPOOL.DRV
0x000007feff080000 - 0x000007feff3a1000 	C:\Windows\system32\WININET.dll
0x000007fefda90000 - 0x000007fefda94000 	C:\Windows\system32\api-ms-win-downlevel-user32-l1-1-0.dll
0x000007fefdb90000 - 0x000007fefdb94000 	C:\Windows\system32\api-ms-win-downlevel-shlwapi-l1-1-0.dll
0x000007fefdc10000 - 0x000007fefdc14000 	C:\Windows\system32\api-ms-win-downlevel-version-l1-1-0.dll
0x000007fefdba0000 - 0x000007fefdba3000 	C:\Windows\system32\api-ms-win-downlevel-normaliz-l1-1-0.dll
0x0000000077da0000 - 0x0000000077da3000 	C:\Windows\system32\normaliz.DLL
0x000007fefdca0000 - 0x000007fefdf6a000 	C:\Windows\system32\iertutil.dll
0x000007fefd8f0000 - 0x000007fefd8f5000 	C:\Windows\system32\api-ms-win-downlevel-advapi32-l1-1-0.dll
0x000007fefd920000 - 0x000007fefda8d000 	C:\Windows\system32\CRYPT32.dll
0x000007fefd8e0000 - 0x000007fefd8ef000 	C:\Windows\system32\MSASN1.dll
0x000007fefb350000 - 0x000007fefb368000 	C:\Windows\system32\dwmapi.dll
0x000007fefbf60000 - 0x000007fefc08c000 	C:\Windows\system32\propsys.dll
0x0000000016320000 - 0x000000001633e000 	C:\Users\shlab_89\.Xilinx\SDK\2016.4\org.eclipse.osgi\319\0\.cp\swt-gdip-win32-4527.dll
0x000007fef71c0000 - 0x000007fef73d7000 	C:\Windows\WinSxS\amd64_microsoft.windows.gdiplus_6595b64144ccf1df_1.1.7601.23807_none_14556b8e8b95d1fc\gdiplus.dll
0x000007fefb1a0000 - 0x000007fefb301000 	C:\Windows\system32\WindowsCodecs.dll
0x0000000180000000 - 0x0000000180012000 	C:\Users\shlab_89\.Xilinx\SDK\2016.4\org.eclipse.osgi\133\0\.cp\os\win32\x86_64\localfile_1_0_0.dll
0x000007fef2b60000 - 0x000007fef2bb4000 	C:\Windows\system32\oleacc.dll
0x000007fef4f30000 - 0x000007fef4f37000 	C:\Windows\system32\msimg32.dll
0x000007fefd820000 - 0x000007fefd834000 	C:\Windows\system32\RpcRtRemote.dll
0x000007fefd6d0000 - 0x000007fefd727000 	C:\Windows\system32\apphelp.dll
0x000007fef75a0000 - 0x000007fef75b1000 	C:\Users\shlab_89\.Xilinx\SDK\2016.4\org.eclipse.osgi\136\0\.cp\jWinHttp-1.0.0.dll
0x000007fefa040000 - 0x000007fefa0b1000 	C:\Windows\system32\WINHTTP.dll
0x000007fef9f70000 - 0x000007fef9fd4000 	C:\Windows\system32\webio.dll
0x000007fefd6a0000 - 0x000007fefd6c5000 	C:\Windows\system32\SspiCli.dll
0x000007fefccc0000 - 0x000007fefccca000 	C:\Windows\system32\credssp.dll
0x000007fefdaa0000 - 0x000007fefdad6000 	C:\Windows\system32\CFGMGR32.dll
0x000007fef7670000 - 0x000007fef767f000 	C:\Xilinx\SDK\2016.4\lib\win64.o\librdi_repo_manager.dll
0x000007fef6bc0000 - 0x000007fef6bea000 	C:\Xilinx\SDK\2016.4\lib\win64.o\libisl_sysinfo.dll
0x000007feef970000 - 0x000007feefa44000 	C:\Windows\system32\MSVCR110.dll
0x000007feefd50000 - 0x000007feefdf7000 	C:\Windows\system32\MSVCP110.dll
0x000007fec52e0000 - 0x000007fec5d8a000 	C:\Xilinx\SDK\2016.4\lib\win64.o\librdi_common.dll
0x000007fec4f60000 - 0x000007fec52ce000 	C:\Xilinx\SDK\2016.4\lib\win64.o\libCOIN-all.dll
0x000007fec79f0000 - 0x000007fec7c0f000 	C:\Xilinx\SDK\2016.4\lib\win64.o\libXil_lmgr11.dll
0x000007fefbcd0000 - 0x000007fefbce6000 	C:\Windows\system32\NETAPI32.dll
0x000007fefb810000 - 0x000007fefb81c000 	C:\Windows\system32\netutils.dll
0x000007fefd370000 - 0x000007fefd393000 	C:\Windows\system32\srvcli.dll
0x000007fefb7f0000 - 0x000007fefb805000 	C:\Windows\system32\wkscli.dll
0x000007fefdbd0000 - 0x000007fefdc0b000 	C:\Windows\system32\WINTRUST.dll
0x000007fef8a60000 - 0x000007fef8a70000 	C:\Xilinx\SDK\2016.4\lib\win64.o\libboost_date_time.dll
0x000007fef9050000 - 0x000007fef9074000 	C:\Xilinx\SDK\2016.4\lib\win64.o\libboost_filesystem.dll
0x000007fef9020000 - 0x000007fef9029000 	C:\Xilinx\SDK\2016.4\lib\win64.o\libboost_system.dll
0x000007fef3650000 - 0x000007fef36c7000 	C:\Xilinx\SDK\2016.4\lib\win64.o\libboost_program_options.dll
0x000007fecc4c0000 - 0x000007fecc5c6000 	C:\Xilinx\SDK\2016.4\lib\win64.o\libboost_regex.dll
0x000007fef8a70000 - 0x000007fef8a83000 	C:\Xilinx\SDK\2016.4\lib\win64.o\libboost_signals.dll
0x000007fef8a00000 - 0x000007fef8a1d000 	C:\Xilinx\SDK\2016.4\lib\win64.o\libboost_thread.dll
0x000007fef9140000 - 0x000007fef914b000 	C:\Xilinx\SDK\2016.4\lib\win64.o\libboost_chrono.dll
0x000007fef7fc0000 - 0x000007fef7fcb000 	C:\Xilinx\SDK\2016.4\lib\win64.o\libboost_xilinx.dll
0x000007fef42e0000 - 0x000007fef4360000 	C:\Xilinx\SDK\2016.4\lib\win64.o\libhdlpsolve.dll
0x000007fef2870000 - 0x000007fef290a000 	C:\Xilinx\SDK\2016.4\lib\win64.o\libhdxml.dll
0x000007feca3f0000 - 0x000007feca7b9000 	C:\Xilinx\SDK\2016.4\lib\win64.o\libisl_iostreams.dll
0x000007fef7ff0000 - 0x000007fef8006000 	C:\Xilinx\SDK\2016.4\lib\win64.o\libboost_iostreams.dll
0x000007fef7680000 - 0x000007fef769f000 	C:\Xilinx\SDK\2016.4\lib\win64.o\librdizlib.dll
0x000007fef4360000 - 0x000007fef4383000 	C:\Xilinx\SDK\2016.4\lib\win64.o\libisl_iosutils.dll
0x000007fef8a90000 - 0x000007fef8aa5000 	C:\Xilinx\SDK\2016.4\lib\win64.o\pthreadVC2.dll
0x000007fef2810000 - 0x000007fef2863000 	C:\Xilinx\SDK\2016.4\lib\win64.o\librdi_commonxillic.dll
0x000007fecb1e0000 - 0x000007fecb310000 	C:\Xilinx\SDK\2016.4\lib\win64.o\librdi_curl.dll
0x000007fef42c0000 - 0x000007fef42d8000 	C:\Xilinx\SDK\2016.4\lib\win64.o\librdiconfig.dll
0x0000000068950000 - 0x0000000068a77000 	C:\Xilinx\SDK\2016.4\lib\win64.o\tcl85t.dll
0x0000000025360000 - 0x00000000255c3000 	C:\Xilinx\SDK\2016.4\lib\win64.o\xerces-c_3_1.dll
0x000007feff7b0000 - 0x000007feff935000 	C:\Windows\system32\urlmon.dll
0x000007fefdb80000 - 0x000007fefdb84000 	C:\Windows\system32\api-ms-win-downlevel-ole32-l1-1-0.dll
0x000007fef0300000 - 0x000007fef0323000 	C:\Windows\system32\VCOMP110.DLL
0x000007fec4940000 - 0x000007fec4b38000 	C:\Xilinx\SDK\2016.4\lib\win64.o\librdi_hsm.dll
0x000007feefa60000 - 0x000007feefaa3000 	C:\Xilinx\SDK\2016.4\lib\win64.o\librdi_hdf.dll
0x000007fec4670000 - 0x000007fec4938000 	C:\Xilinx\SDK\2016.4\lib\win64.o\librdi_ippcw.dll
0x000007fef4070000 - 0x000007fef407a000 	C:\Xilinx\SDK\2016.4\lib\win64.o\librdi_jtag_settings.dll
0x000007fef3d40000 - 0x000007fef3d69000 	C:\Xilinx\SDK\2016.4\lib\win64.o\librdi_debug_dialog.dll
0x000007fef3d30000 - 0x000007fef3d38000 	C:\Xilinx\SDK\2016.4\lib\win64.o\librdi_target_manager.dll
0x0000000071080000 - 0x00000000710a6000 	C:\Xilinx\SDK\2016.4\eclipse\win64.o\plugins\gnu.io.rxtx.win32.x86_64_2.1.7.3_v20071015\os\win32\x86_64\rxtxSerial.dll
0x000007fef8b40000 - 0x000007fef8b56000 	C:\Xilinx\SDK\2016.4\eclipse\win64.o\plugins\org.eclipse.cdt.core.win32.x86_64_5.4.0.201509131935\os\win32\x86_64\spawner.dll

VM Arguments:
jvm_args: -Dcom.xilinx.sdk.args.hwspec=C:/Users/shlab_89/Desktop/0620_lab_BRAM/0316303_0619/0316303_0619.sdk/lab6_wrapper.hdf -Xms64m -Xmx512m & 
java_command: <unknown>
java_class_path (initial): C:\Xilinx\SDK\2016.4\eclipse\win64.o\\plugins/org.eclipse.equinox.launcher_1.3.100.v20150511-1540.jar
Launcher Type: generic

Environment Variables:
PATH=C:/Xilinx/SDK/2016.4/tps/win64/jre/bin/server;C:/Xilinx/SDK/2016.4/tps/win64/jre/bin;C:/Xilinx/SDK/2016.4/tps/win64/jre/lib/amd64;C:\Xilinx\SDK\2016.4\gnuwin\bin;C:\Xilinx\SDK\2016.4\gnu\microblaze\nt\bin;C:\Xilinx\SDK\2016.4\gnu\microblaze\linux_toolchain\nt64_le\bin;C:\Xilinx\SDK\2016.4\gnu\microblaze\linux_toolchain\nt64_be\bin;C:\Xilinx\SDK\2016.4\gnu\arm\nt\bin;C:\Xilinx\SDK\2016.4\gnu\aarch64\nt\aarch64-none\bin;C:\Xilinx\SDK\2016.4\gnu\aarch64\nt\aarch64-linux\bin;C:\Xilinx\SDK\2016.4\gnu\armr5\nt\gcc-arm-none-eabi\bin;C:\Xilinx\SDK\2016.4\gnu\aarch32\nt\gcc-arm-none-eabi\bin;C:\Xilinx\SDK\2016.4\gnu\aarch32\nt\gcc-arm-linux-gnueabi\bin;C:\Xilinx\SDK\2016.4\tps\win64\cmake-3.3.2\bin;;C:\Xilinx\SDK\2016.4\bin;C:\Xilinx\SDK\2016.4\lib\win64.o;C:\Xilinx\SDK\2016.4\tps\win64\jre\bin\server;C:\Xilinx\SDK\2016.4\tps\win64\jre\bin;C:\Xilinx\Vivado\2016.4\ids_lite\ISE\bin\nt64;C:\Xilinx\Vivado\2016.4\ids_lite\ISE\lib\nt64;C:\Xilinx\Vivado\2016.4\bin;C:\Xilinx\Vivado\2016.4\lib\win64.o;C:\Xilinx\Vivado\2016.4\tps\win64\jre\bin\server;C:\Xilinx\Vivado\2016.4\tps\win64\jre\bin;C:\Xilinx\Vivado_HLS\2016.4\bin;C:\ProgramData\Oracle\Java\javapath;C:\Windows\system32;C:\Windows;C:\Windows\System32\Wbem;C:\Windows\System32\WindowsPowerShell\v1.0\;C:\Program Files (x86)\Intel\OpenCL SDK\2.0\bin\x86;C:\Program Files (x86)\Intel\OpenCL SDK\2.0\bin\x64;c:\Users\shlab_89\Desktop\0620_lab_BRAM\0316303_0619;
USERNAME=shlab_89
OS=Windows_NT
PROCESSOR_IDENTIFIER=Intel64 Family 6 Model 58 Stepping 9, GenuineIntel



---------------  S Y S T E M  ---------------

OS: Windows 7 , 64 bit Build 7601 (6.1.7601.23807)

CPU:total 4 (2 cores per cpu, 2 threads per core) family 6 model 58 stepping 9, cmov, cx8, fxsr, mmx, sse, sse2, sse3, ssse3, sse4.1, sse4.2, popcnt, avx, clmul, erms, ht, tsc, tscinvbit, tscinv

Memory: 4k page, physical 16462528k(5532320k free), swap 32923196k(21261388k free)

vm_info: Java HotSpot(TM) 64-Bit Server VM (25.66-b18) for windows-amd64 JRE (1.8.0_66-b18), built on Nov  9 2015 10:51:13 by "java_re" with MS VC++ 10.0 (VS2010)

time: Wed Jun 21 15:56:55 2017
elapsed time: 375 seconds (0d 0h 6m 15s)

