#
# A fatal error has been detected by the Java Runtime Environment:
#
#  Internal Error (0xc000000d), pid=7876, tid=7964
#
# JRE version: Java(TM) SE Runtime Environment (8.0_66-b18) (build 1.8.0_66-b18)
# Java VM: Java HotSpot(TM) 64-Bit Server VM (25.66-b18 mixed mode windows-amd64 compressed oops)
# Problematic frame:
# C  [ntdll.dll+0x96ccf]
#
# Failed to write core dump. Minidumps are not enabled by default on client versions of Windows
#
# If you would like to submit a bug report, please visit:
#   http://bugreport.java.com/bugreport/crash.jsp
#

---------------  T H R E A D  ---------------

Current thread (0x0000000013b50000):  VMThread [stack: 0x0000000014bb0000,0x0000000014cb0000] [id=7964]

siginfo: ExceptionCode=0xc000000d

Registers:
RAX=0x0000000063cf21d6, RBX=0x0000000000000000, RCX=0x0000000014caef10, RDX=0x0000000000000000
RSP=0x0000000014caf520, RBP=0x0000000000336540, RSI=0x000007feef977408, RDI=0x0000000014caf668
R8 =0x0000000000000000, R9 =0x0000000000000000, R10=0x0000000000000000, R11=0x0000000000000246
R12=0x00000000163e75c0, R13=0x00000000163e7590, R14=0x0000000000336648, R15=0x0000000000000000
RIP=0x0000000077c76ccf, EFLAGS=0x0000000000000202

Top of Stack: (sp=0x0000000014caf520)
0x0000000014caf520:   0000000000000000 000007feef977408
0x0000000014caf530:   0000000014caf668 0000000000000000
0x0000000014caf540:   0000000000000050 00000000002d0000
0x0000000014caf550:   0000000000000000 0000000000000000
0x0000000014caf560:   0000000000000002 0000000077c2dd48
0x0000000014caf570:   00000000c000000d 0000000000000000
0x0000000014caf580:   0000000077c76ccf 0000000000000000
0x0000000014caf590:   0000000000000000 0000000000000000
0x0000000014caf5a0:   0000000000000000 0000000000000000
0x0000000014caf5b0:   0000000000000000 0000000000000000
0x0000000014caf5c0:   0000000000000000 0000000000000000
0x0000000014caf5d0:   0000000000000000 0000000000000000
0x0000000014caf5e0:   0000000000000000 0000000000000000
0x0000000014caf5f0:   0000000000000000 0000000000000000
0x0000000014caf600:   0000000000000000 00000000163e75c0
0x0000000014caf610:   0000000000000650 0000000077b034a8 

Instructions: (pc=0x0000000077c76ccf)
0x0000000077c76caf:   5d 6c fb ff b9 57 00 00 00 c7 44 24 50 0d 00 00
0x0000000077c76cbf:   c0 e8 4b 6f fb ff 48 8d 4c 24 50 e8 41 1c f8 ff
0x0000000077c76ccf:   4c 8b 1d 02 67 09 00 4d 85 db 74 5b 65 48 8b 04
0x0000000077c76cdf:   25 30 00 00 00 f6 80 ee 17 00 00 08 74 12 65 48 


Register to memory mapping:

RAX=0x0000000063cf21d6 is an unknown value
RBX=0x0000000000000000 is an unknown value
RCX=0x0000000014caef10 is an unknown value
RDX=0x0000000000000000 is an unknown value
RSP=0x0000000014caf520 is an unknown value
RBP=0x0000000000336540 is an unknown value
RSI=0x000007feef977408 is an unknown value
RDI=0x0000000014caf668 is an unknown value
R8 =0x0000000000000000 is an unknown value
R9 =0x0000000000000000 is an unknown value
R10=0x0000000000000000 is an unknown value
R11=0x0000000000000246 is an unknown value
R12=0x00000000163e75c0 is an unknown value
R13=0x00000000163e7590 is an unknown value
R14=0x0000000000336648 is an unknown value
R15=0x0000000000000000 is an unknown value


Stack: [0x0000000014bb0000,0x0000000014cb0000],  sp=0x0000000014caf520,  free space=1021k
Native frames: (J=compiled Java code, j=interpreted, Vv=VM code, C=native code)
C  [ntdll.dll+0x96ccf]
C  [kernel32.dll+0x434a8]
C  [MSVCR110.dll+0x752d]
C  [MSVCR110.dll+0x73c6]
C  [MSVCR110.dll+0x14cca]
C  [MSVCR110.dll+0x13edc]
C  [MSVCR110.dll+0x239e]
C  [MSVCR110.dll+0xaf9e]
C  [MSVCP110.dll+0x397b9]
C  [librdi_common.dll+0x183a66]
C  [librdi_common.dll+0x1826fb]
C  [librdi_target_manager.dll+0x2400]
C  [librdi_target_manager.dll+0x2682]
C  [ntdll.dll+0x22ac1]
C  [ntdll.dll+0x228d0]
C  [MSVCR100.dll+0x20ccd]
V  [jvm.dll+0x210cc5]
V  [jvm.dll+0x249897]
V  [jvm.dll+0x248b36]
V  [jvm.dll+0x248fd1]
V  [jvm.dll+0x2491ee]
V  [jvm.dll+0x29a0fa]
C  [MSVCR100.dll+0x21d9f]
C  [MSVCR100.dll+0x21e3b]
C  [kernel32.dll+0x159cd]
C  [ntdll.dll+0x2a561]

VM_Operation (0x000000000012f4c0): Exit, mode: safepoint, requested by thread 0x0000000002679000


---------------  P R O C E S S  ---------------

Java Threads: ( => current thread )
  0x0000000015d1d800 JavaThread "Thread-1" [_thread_blocked, id=3160, stack(0x0000000017930000,0x0000000017a30000)]
  0x00000000175f9000 JavaThread "pool-2-thread-1" [_thread_blocked, id=4948, stack(0x0000000027090000,0x0000000027190000)]
  0x000000001a023000 JavaThread "Thread-27" daemon [_thread_blocked, id=8704, stack(0x0000000026900000,0x0000000026a00000)]
  0x000000001a01e800 JavaThread "TCF Channel Transmitter" daemon [_thread_blocked, id=5476, stack(0x0000000023ec0000,0x0000000023fc0000)]
  0x000000001a01d800 JavaThread "TCF Channel Receiver" daemon [_thread_in_native, id=3056, stack(0x0000000023b80000,0x0000000023c80000)]
  0x0000000019738000 JavaThread "Process monitor" daemon [_thread_in_native, id=6000, stack(0x0000000025dd0000,0x0000000025ed0000)]
  0x0000000019736000 JavaThread "Input Stream Monitor" daemon [_thread_blocked, id=4088, stack(0x0000000025cd0000,0x0000000025dd0000)]
  0x0000000019737800 JavaThread "Output Stream Monitor" daemon [_thread_in_native, id=7104, stack(0x0000000025220000,0x0000000025320000)]
  0x0000000019736800 JavaThread "Output Stream Monitor" daemon [_thread_in_native, id=7092, stack(0x0000000024e60000,0x0000000024f60000)]
  0x0000000015d1c000 JavaThread "TCF Locator DNS Lookup" daemon [_thread_blocked, id=9036, stack(0x000000001c1c0000,0x000000001c2c0000)]
  0x0000000015d1b800 JavaThread "TCF Locator Timer" daemon [_thread_blocked, id=9748, stack(0x000000001c0c0000,0x000000001c1c0000)]
  0x0000000015d1a800 JavaThread "TCF Locator Receiver" daemon [_thread_blocked, id=7228, stack(0x000000001bfc0000,0x000000001c0c0000)]
  0x0000000015d19000 JavaThread "TCF Timer Dispatcher" daemon [_thread_blocked, id=9420, stack(0x000000001bdc0000,0x000000001bec0000)]
  0x0000000015d13000 JavaThread "EMF Reference Cleaner" daemon [_thread_blocked, id=4764, stack(0x0000000018530000,0x0000000018630000)]
  0x0000000014f55800 JavaThread "Service Thread" daemon [_thread_blocked, id=7292, stack(0x00000000157b0000,0x00000000158b0000)]
  0x0000000014ecf000 JavaThread "C1 CompilerThread2" daemon [_thread_blocked, id=8544, stack(0x00000000156b0000,0x00000000157b0000)]
  0x0000000014ece000 JavaThread "C2 CompilerThread1" daemon [_thread_blocked, id=5796, stack(0x00000000155b0000,0x00000000156b0000)]
  0x0000000014ecc000 JavaThread "C2 CompilerThread0" daemon [_thread_blocked, id=5196, stack(0x00000000154b0000,0x00000000155b0000)]
  0x0000000014ebd000 JavaThread "Attach Listener" daemon [_thread_blocked, id=6472, stack(0x00000000153b0000,0x00000000154b0000)]
  0x0000000014eba800 JavaThread "Signal Dispatcher" daemon [_thread_blocked, id=5160, stack(0x00000000152b0000,0x00000000153b0000)]
  0x0000000013b5c000 JavaThread "Finalizer" daemon [_thread_blocked, id=8684, stack(0x0000000014db0000,0x0000000014eb0000)]
  0x0000000013b55000 JavaThread "Reference Handler" daemon [_thread_blocked, id=8060, stack(0x0000000014cb0000,0x0000000014db0000)]
  0x0000000002679000 JavaThread "main" [_thread_blocked, id=9516, stack(0x0000000000030000,0x0000000000130000)]

Other Threads:
=>0x0000000013b50000 VMThread [stack: 0x0000000014bb0000,0x0000000014cb0000] [id=7964]

VM state:at safepoint (shutting down)

VM Mutex/Monitor currently owned by a thread:  ([mutex/lock_event])
[0x000000000263e380] Threads_lock - owner thread: 0x0000000013b50000

Heap:
 PSYoungGen      total 101888K, used 36489K [0x00000000f5580000, 0x00000000fca00000, 0x0000000100000000)
  eden space 86528K, 42% used [0x00000000f5580000,0x00000000f7922440,0x00000000faa00000)
  from space 15360K, 0% used [0x00000000fbb00000,0x00000000fbb00000,0x00000000fca00000)
  to   space 16384K, 0% used [0x00000000faa00000,0x00000000faa00000,0x00000000fba00000)
 ParOldGen       total 110080K, used 48873K [0x00000000e0000000, 0x00000000e6b80000, 0x00000000f5580000)
  object space 110080K, 44% used [0x00000000e0000000,0x00000000e2fba7a8,0x00000000e6b80000)
 Metaspace       used 84008K, capacity 91600K, committed 91864K, reserved 1128448K
  class space    used 10180K, capacity 12720K, committed 12800K, reserved 1048576K

Card table byte_map: [0x0000000011b00000,0x0000000011c10000] byte_map_base: 0x0000000011400000

Marking Bits: (ParMarkBitMap*) 0x00000000684ea5b0
 Begin Bits: [0x00000000120c0000, 0x00000000128c0000)
 End Bits:   [0x00000000128c0000, 0x00000000130c0000)

Polling page: 0x0000000002230000

CodeCache: size=245760Kb used=29327Kb max_used=29961Kb free=216432Kb
 bounds [0x0000000002740000, 0x00000000044d0000, 0x0000000011740000]
 total_blobs=8965 nmethods=8066 adapters=807
 compilation: enabled

Compilation events (10 events):
Event: 1266.666 Thread 0x0000000014ecf000 nmethod 10126 0x0000000003c7acd0 code [0x0000000003c7ae40, 0x0000000003c7afc8]
Event: 1266.666 Thread 0x0000000014ecf000 10127       3       org.eclipse.osgi.container.ModuleWiring::invalidate0 (52 bytes)
Event: 1266.666 Thread 0x0000000014ecf000 nmethod 10127 0x000000000318e910 code [0x000000000318eac0, 0x000000000318f468]
Event: 1266.666 Thread 0x0000000014ecf000 10128       3       org.eclipse.osgi.internal.container.AtomicLazyInitializer::getAndClear (9 bytes)
Event: 1266.666 Thread 0x0000000014ecf000 nmethod 10128 0x0000000004141010 code [0x0000000004141180, 0x00000000041413d0]
Event: 1266.666 Thread 0x0000000014ecf000 10129       3       java.util.concurrent.atomic.AtomicReference::getAndSet (12 bytes)
Event: 1266.666 Thread 0x0000000014ecf000 nmethod 10129 0x00000000037854d0 code [0x0000000003785620, 0x0000000003785790]
Event: 1266.666 Thread 0x0000000014ecf000 10130       3       sun.misc.Unsafe::getAndSetObject (24 bytes)
Event: 1266.667 Thread 0x0000000014ecf000 nmethod 10130 0x0000000003512350 code [0x00000000035124c0, 0x00000000035126d0]
Event: 1266.667 Thread 0x0000000014ecf000 10131       3       org.eclipse.osgi.internal.framework.EquinoxContainerAdaptor::invalidateWiring (186 bytes)

GC Heap History (10 events):
Event: 1088.564 GC heap before
{Heap before GC invocations=51 (full 21):
 PSYoungGen      total 103936K, used 160K [0x00000000f5580000, 0x00000000fce00000, 0x0000000100000000)
  eden space 86528K, 0% used [0x00000000f5580000,0x00000000f5580000,0x00000000faa00000)
  from space 17408K, 0% used [0x00000000fbd00000,0x00000000fbd28000,0x00000000fce00000)
  to   space 18432K, 0% used [0x00000000faa00000,0x00000000faa00000,0x00000000fbc00000)
 ParOldGen       total 110080K, used 48727K [0x00000000e0000000, 0x00000000e6b80000, 0x00000000f5580000)
  object space 110080K, 44% used [0x00000000e0000000,0x00000000e2f95c40,0x00000000e6b80000)
 Metaspace       used 82975K, capacity 90342K, committed 90840K, reserved 1128448K
  class space    used 10062K, capacity 12431K, committed 12544K, reserved 1048576K
Event: 1088.690 GC heap after
Heap after GC invocations=51 (full 21):
 PSYoungGen      total 103936K, used 0K [0x00000000f5580000, 0x00000000fce00000, 0x0000000100000000)
  eden space 86528K, 0% used [0x00000000f5580000,0x00000000f5580000,0x00000000faa00000)
  from space 17408K, 0% used [0x00000000fbd00000,0x00000000fbd00000,0x00000000fce00000)
  to   space 18432K, 0% used [0x00000000faa00000,0x00000000faa00000,0x00000000fbc00000)
 ParOldGen       total 110080K, used 48727K [0x00000000e0000000, 0x00000000e6b80000, 0x00000000f5580000)
  object space 110080K, 44% used [0x00000000e0000000,0x00000000e2f95c28,0x00000000e6b80000)
 Metaspace       used 82975K, capacity 90342K, committed 90840K, reserved 1128448K
  class space    used 10062K, capacity 12431K, committed 12544K, reserved 1048576K
}
Event: 1148.569 GC heap before
{Heap before GC invocations=52 (full 21):
 PSYoungGen      total 103936K, used 5183K [0x00000000f5580000, 0x00000000fce00000, 0x0000000100000000)
  eden space 86528K, 5% used [0x00000000f5580000,0x00000000f5a8fd00,0x00000000faa00000)
  from space 17408K, 0% used [0x00000000fbd00000,0x00000000fbd00000,0x00000000fce00000)
  to   space 18432K, 0% used [0x00000000faa00000,0x00000000faa00000,0x00000000fbc00000)
 ParOldGen       total 110080K, used 48727K [0x00000000e0000000, 0x00000000e6b80000, 0x00000000f5580000)
  object space 110080K, 44% used [0x00000000e0000000,0x00000000e2f95c28,0x00000000e6b80000)
 Metaspace       used 82975K, capacity 90342K, committed 90840K, reserved 1128448K
  class space    used 10062K, capacity 12431K, committed 12544K, reserved 1048576K
Event: 1148.573 GC heap after
Heap after GC invocations=52 (full 21):
 PSYoungGen      total 87040K, used 128K [0x00000000f5580000, 0x00000000fcc00000, 0x0000000100000000)
  eden space 86528K, 0% used [0x00000000f5580000,0x00000000f5580000,0x00000000faa00000)
  from space 512K, 25% used [0x00000000faa00000,0x00000000faa20000,0x00000000faa80000)
  to   space 17408K, 0% used [0x00000000fbb00000,0x00000000fbb00000,0x00000000fcc00000)
 ParOldGen       total 110080K, used 48727K [0x00000000e0000000, 0x00000000e6b80000, 0x00000000f5580000)
  object space 110080K, 44% used [0x00000000e0000000,0x00000000e2f95c28,0x00000000e6b80000)
 Metaspace       used 82975K, capacity 90342K, committed 90840K, reserved 1128448K
  class space    used 10062K, capacity 12431K, committed 12544K, reserved 1048576K
}
Event: 1148.573 GC heap before
{Heap before GC invocations=53 (full 22):
 PSYoungGen      total 87040K, used 128K [0x00000000f5580000, 0x00000000fcc00000, 0x0000000100000000)
  eden space 86528K, 0% used [0x00000000f5580000,0x00000000f5580000,0x00000000faa00000)
  from space 512K, 25% used [0x00000000faa00000,0x00000000faa20000,0x00000000faa80000)
  to   space 17408K, 0% used [0x00000000fbb00000,0x00000000fbb00000,0x00000000fcc00000)
 ParOldGen       total 110080K, used 48727K [0x00000000e0000000, 0x00000000e6b80000, 0x00000000f5580000)
  object space 110080K, 44% used [0x00000000e0000000,0x00000000e2f95c28,0x00000000e6b80000)
 Metaspace       used 82975K, capacity 90342K, committed 90840K, reserved 1128448K
  class space    used 10062K, capacity 12431K, committed 12544K, reserved 1048576K
Event: 1148.690 GC heap after
Heap after GC invocations=53 (full 22):
 PSYoungGen      total 87040K, used 0K [0x00000000f5580000, 0x00000000fcc00000, 0x0000000100000000)
  eden space 86528K, 0% used [0x00000000f5580000,0x00000000f5580000,0x00000000faa00000)
  from space 512K, 0% used [0x00000000faa00000,0x00000000faa00000,0x00000000faa80000)
  to   space 17408K, 0% used [0x00000000fbb00000,0x00000000fbb00000,0x00000000fcc00000)
 ParOldGen       total 110080K, used 48725K [0x00000000e0000000, 0x00000000e6b80000, 0x00000000f5580000)
  object space 110080K, 44% used [0x00000000e0000000,0x00000000e2f957e8,0x00000000e6b80000)
 Metaspace       used 82975K, capacity 90342K, committed 90840K, reserved 1128448K
  class space    used 10062K, capacity 12431K, committed 12544K, reserved 1048576K
}
Event: 1208.587 GC heap before
{Heap before GC invocations=54 (full 22):
 PSYoungGen      total 87040K, used 10457K [0x00000000f5580000, 0x00000000fcc00000, 0x0000000100000000)
  eden space 86528K, 12% used [0x00000000f5580000,0x00000000f5fb6520,0x00000000faa00000)
  from space 512K, 0% used [0x00000000faa00000,0x00000000faa00000,0x00000000faa80000)
  to   space 17408K, 0% used [0x00000000fbb00000,0x00000000fbb00000,0x00000000fcc00000)
 ParOldGen       total 110080K, used 48725K [0x00000000e0000000, 0x00000000e6b80000, 0x00000000f5580000)
  object space 110080K, 44% used [0x00000000e0000000,0x00000000e2f957e8,0x00000000e6b80000)
 Metaspace       used 82989K, capacity 90342K, committed 90840K, reserved 1128448K
  class space    used 10062K, capacity 12431K, committed 12544K, reserved 1048576K
Event: 1208.592 GC heap after
Heap after GC invocations=54 (full 22):
 PSYoungGen      total 101888K, used 416K [0x00000000f5580000, 0x00000000fca00000, 0x0000000100000000)
  eden space 86528K, 0% used [0x00000000f5580000,0x00000000f5580000,0x00000000faa00000)
  from space 15360K, 2% used [0x00000000fbb00000,0x00000000fbb68000,0x00000000fca00000)
  to   space 16384K, 0% used [0x00000000faa00000,0x00000000faa00000,0x00000000fba00000)
 ParOldGen       total 110080K, used 48725K [0x00000000e0000000, 0x00000000e6b80000, 0x00000000f5580000)
  object space 110080K, 44% used [0x00000000e0000000,0x00000000e2f957e8,0x00000000e6b80000)
 Metaspace       used 82989K, capacity 90342K, committed 90840K, reserved 1128448K
  class space    used 10062K, capacity 12431K, committed 12544K, reserved 1048576K
}
Event: 1208.592 GC heap before
{Heap before GC invocations=55 (full 23):
 PSYoungGen      total 101888K, used 416K [0x00000000f5580000, 0x00000000fca00000, 0x0000000100000000)
  eden space 86528K, 0% used [0x00000000f5580000,0x00000000f5580000,0x00000000faa00000)
  from space 15360K, 2% used [0x00000000fbb00000,0x00000000fbb68000,0x00000000fca00000)
  to   space 16384K, 0% used [0x00000000faa00000,0x00000000faa00000,0x00000000fba00000)
 ParOldGen       total 110080K, used 48725K [0x00000000e0000000, 0x00000000e6b80000, 0x00000000f5580000)
  object space 110080K, 44% used [0x00000000e0000000,0x00000000e2f957e8,0x00000000e6b80000)
 Metaspace       used 82989K, capacity 90342K, committed 90840K, reserved 1128448K
  class space    used 10062K, capacity 12431K, committed 12544K, reserved 1048576K
Event: 1208.711 GC heap after
Heap after GC invocations=55 (full 23):
 PSYoungGen      total 101888K, used 0K [0x00000000f5580000, 0x00000000fca00000, 0x0000000100000000)
  eden space 86528K, 0% used [0x00000000f5580000,0x00000000f5580000,0x00000000faa00000)
  from space 15360K, 0% used [0x00000000fbb00000,0x00000000fbb00000,0x00000000fca00000)
  to   space 16384K, 0% used [0x00000000faa00000,0x00000000faa00000,0x00000000fba00000)
 ParOldGen       total 110080K, used 48873K [0x00000000e0000000, 0x00000000e6b80000, 0x00000000f5580000)
  object space 110080K, 44% used [0x00000000e0000000,0x00000000e2fba7a8,0x00000000e6b80000)
 Metaspace       used 82989K, capacity 90342K, committed 90840K, reserved 1128448K
  class space    used 10062K, capacity 12431K, committed 12544K, reserved 1048576K
}

Deoptimization events (10 events):
Event: 1265.830 Thread 0x0000000002679000 Uncommon trap: reason=class_check action=maybe_recompile pc=0x00000000044441c4 method=org.eclipse.e4.core.internal.contexts.ContextObjectSupplier$ContextInjectionListener.update(Lorg/eclipse/e4/core/contexts/IEclipseContext;I[Ljava/lang/Object;)Z @ 241
Event: 1265.831 Thread 0x0000000002679000 Uncommon trap: reason=class_check action=maybe_recompile pc=0x00000000044441c4 method=org.eclipse.e4.core.internal.contexts.ContextObjectSupplier$ContextInjectionListener.update(Lorg/eclipse/e4/core/contexts/IEclipseContext;I[Ljava/lang/Object;)Z @ 241
Event: 1265.886 Thread 0x0000000002679000 Uncommon trap: reason=unstable_if action=reinterpret pc=0x0000000004358948 method=java.util.Arrays.equals([Ljava/lang/Object;[Ljava/lang/Object;)Z @ 65
Event: 1265.912 Thread 0x0000000002679000 Uncommon trap: reason=unstable_if action=reinterpret pc=0x0000000002d90d24 method=java.lang.ref.SoftReference.get()Ljava/lang/Object; @ 6
Event: 1265.924 Thread 0x0000000015d1d800 Uncommon trap: reason=unstable_if action=reinterpret pc=0x0000000004444088 method=org.eclipse.e4.core.internal.contexts.ContextObjectSupplier$ContextInjectionListener.update(Lorg/eclipse/e4/core/contexts/IEclipseContext;I[Ljava/lang/Object;)Z @ 159
Event: 1265.981 Thread 0x0000000015ee0800 Uncommon trap: reason=unstable_if action=reinterpret pc=0x0000000004159548 method=org.eclipse.equinox.internal.event.EventHandlerTracker.getHandlers(Ljava/lang/String;)Ljava/util/Set; @ 28
Event: 1265.993 Thread 0x000000001a022000 Uncommon trap: reason=unstable_if action=reinterpret pc=0x00000000028a0430 method=java.lang.Character.isSurrogate(C)Z @ 3
Event: 1266.564 Thread 0x0000000015d1d800 Uncommon trap: reason=unstable_if action=reinterpret pc=0x000000000297a5f4 method=org.eclipse.osgi.internal.hooks.EclipseLazyStarter.shouldActivateFor(Ljava/lang/String;Lorg/eclipse/osgi/container/Module;Lorg/eclipse/osgi/container/ModuleRevision;Lorg/eclišðGÊ“@
Event: 1266.570 Thread 0x0000000015ee0800 Uncommon trap: reason=unstable_if action=reinterpret pc=0x000000000347500c method=org.eclipse.osgi.internal.framework.BundleContextImpl.dispatchEvent(Ljava/lang/Object;Ljava/lang/Object;ILjava/lang/Object;)V @ 16
Event: 1266.649 Thread 0x0000000015d1d800 Uncommon trap: reason=unstable_if action=reinterpret pc=0x0000000003c32ea8 method=sun.reflect.UnsafeStaticObjectFieldAccessorImpl.set(Ljava/lang/Object;Ljava/lang/Object;)V @ 13

Internal exceptions (10 events):
Event: 818.516 Thread 0x0000000002679000 Implicit null exception at 0x000000000308f300 to 0x000000000308f771
Event: 904.401 Thread 0x0000000002679000 Implicit null exception at 0x000000000401a342 to 0x000000000401aa05
Event: 1265.405 Thread 0x0000000002679000 Implicit null exception at 0x000000000307ebc3 to 0x000000000307f129
Event: 1265.912 Thread 0x0000000002679000 Implicit null exception at 0x0000000002d8df8d to 0x0000000002d90cd9
Event: 1265.992 Thread 0x000000001a021800 Exception <a 'java/lang/InterruptedException'> (0x00000000f72e27c0) thrown at [C:\re\workspace\8-2-build-windows-amd64-cygwin\jdk8u66\5298\hotspot\src\share\vm\runtime\objectMonitor.cpp, line 1683]
Event: 1266.616 Thread 0x0000000015d15800 Exception <a 'java/lang/InterruptedException'> (0x00000000f5bdd520) thrown at [C:\re\workspace\8-2-build-windows-amd64-cygwin\jdk8u66\5298\hotspot\src\share\vm\runtime\objectMonitor.cpp, line 1683]
Event: 1266.649 Thread 0x0000000015d1d800 Implicit null exception at 0x0000000003c32a97 to 0x0000000003c32e95
Event: 1266.650 Thread 0x0000000015ee0800 Exception <a 'java/lang/InterruptedException'> (0x00000000f76a2b40) thrown at [C:\re\workspace\8-2-build-windows-amd64-cygwin\jdk8u66\5298\hotspot\src\share\vm\runtime\objectMonitor.cpp, line 1683]
Event: 1266.657 Thread 0x0000000015d17800 Exception <a 'java/lang/InterruptedException'> (0x00000000f641d240) thrown at [C:\re\workspace\8-2-build-windows-amd64-cygwin\jdk8u66\5298\hotspot\src\share\vm\runtime\objectMonitor.cpp, line 1683]
Event: 1266.659 Thread 0x0000000015fb8800 Exception <a 'java/lang/InterruptedException'> (0x00000000f78a58a8) thrown at [C:\re\workspace\8-2-build-windows-amd64-cygwin\jdk8u66\5298\hotspot\src\share\vm\runtime\objectMonitor.cpp, line 1683]

Events (10 events):
Event: 1266.662 Thread 0x0000000015d1d800 Thread exited: 0x0000000015d1d800
Event: 1266.663 Thread 0x0000000014ecf000 flushing nmethod 0x00000000040c5ed0
Event: 1266.664 Thread 0x0000000014ecf000 flushing nmethod 0x0000000004141c10
Event: 1266.664 Thread 0x0000000014ecf000 flushing nmethod 0x00000000041b4550
Event: 1266.666 loading class java/util/IdentityHashMap$KeyIterator
Event: 1266.666 loading class java/util/IdentityHashMap$IdentityHashMapIterator
Event: 1266.666 loading class java/util/IdentityHashMap$IdentityHashMapIterator done
Event: 1266.666 loading class java/util/IdentityHashMap$KeyIterator done
Event: 1266.666 Thread 0x0000000015d1d800 Thread added: 0x0000000015d1d800
Event: 1266.667 Executing VM operation: Exit


Dynamic libraries:
0x0000000000400000 - 0x000000000044f000 	C:\Xilinx\SDK\2016.4\eclipse\win64.o\eclipse.exe
0x0000000077be0000 - 0x0000000077d8a000 	C:\Windows\SYSTEM32\ntdll.dll
0x0000000077ac0000 - 0x0000000077bdf000 	C:\Windows\system32\kernel32.dll
0x000007fefdc20000 - 0x000007fefdc8a000 	C:\Windows\system32\KERNELBASE.dll
0x00000000779c0000 - 0x0000000077aba000 	C:\Windows\system32\USER32.dll
0x000007fefdff0000 - 0x000007fefe057000 	C:\Windows\system32\GDI32.dll
0x000007fefdc90000 - 0x000007fefdc9e000 	C:\Windows\system32\LPK.dll
0x000007fefe190000 - 0x000007fefe25b000 	C:\Windows\system32\USP10.dll
0x000007feff710000 - 0x000007feff7af000 	C:\Windows\system32\msvcrt.dll
0x000007fefc110000 - 0x000007fefc304000 	C:\Windows\WinSxS\amd64_microsoft.windows.common-controls_6595b64144ccf1df_6.0.7601.18837_none_fa3b1e3d17594757\COMCTL32.dll
0x000007feffa70000 - 0x000007feffae1000 	C:\Windows\system32\SHLWAPI.dll
0x000007feffc20000 - 0x000007feffc4e000 	C:\Windows\system32\IMM32.DLL
0x000007fefe060000 - 0x000007fefe169000 	C:\Windows\system32\MSCTF.dll
0x0000000072000000 - 0x0000000072012000 	C:\Xilinx\SDK\2016.4\eclipse\win64.o\plugins\org.eclipse.equinox.launcher.win32.win32.x86_64_1.1.300.v20150602-1417\eclipse_1611.dll
0x000007feff940000 - 0x000007feffa1b000 	C:\Windows\system32\ADVAPI32.dll
0x000007fefe260000 - 0x000007fefe27f000 	C:\Windows\SYSTEM32\sechost.dll
0x000007feffaf0000 - 0x000007feffc1d000 	C:\Windows\system32\RPCRT4.dll
0x000007fefc9b0000 - 0x000007fefc9bc000 	C:\Windows\system32\VERSION.dll
0x000007fefbbd0000 - 0x000007fefbc26000 	C:\Windows\system32\uxtheme.dll
0x000007fef2730000 - 0x000007fef2778000 	C:\Program Files (x86)\TeamViewer\tv_x64.dll
0x000007fefe2f0000 - 0x000007feff07b000 	C:\Windows\system32\SHELL32.dll
0x000007feffcf0000 - 0x000007feffeec000 	C:\Windows\system32\ole32.dll
0x0000000067ce0000 - 0x0000000068569000 	C:\Xilinx\SDK\2016.4\tps\win64\jre\bin\server\jvm.dll
0x000007fefa900000 - 0x000007fefa909000 	C:\Windows\system32\WSOCK32.dll
0x000007feffa20000 - 0x000007feffa6d000 	C:\Windows\system32\WS2_32.dll
0x000007fefe2e0000 - 0x000007fefe2e8000 	C:\Windows\system32\NSI.dll
0x000007fefb450000 - 0x000007fefb48b000 	C:\Windows\system32\WINMM.dll
0x0000000077db0000 - 0x0000000077db7000 	C:\Windows\system32\PSAPI.DLL
0x00000000754b0000 - 0x0000000075582000 	C:\Windows\system32\MSVCR100.dll
0x000000006db60000 - 0x000000006db6f000 	C:\Xilinx\SDK\2016.4\tps\win64\jre\bin\verify.dll
0x000000006db30000 - 0x000000006db59000 	C:\Xilinx\SDK\2016.4\tps\win64\jre\bin\java.dll
0x000000006db10000 - 0x000000006db26000 	C:\Xilinx\SDK\2016.4\tps\win64\jre\bin\zip.dll
0x000007fefd8d0000 - 0x000007fefd8df000 	C:\Windows\system32\profapi.dll
0x000007fefd0c0000 - 0x000007fefd0d8000 	C:\Windows\system32\CRYPTSP.dll
0x000007fefcdc0000 - 0x000007fefce07000 	C:\Windows\system32\rsaenh.dll
0x000007fefdbb0000 - 0x000007fefdbce000 	C:\Windows\system32\USERENV.dll
0x000007fefd730000 - 0x000007fefd73f000 	C:\Windows\system32\CRYPTBASE.dll
0x000000006da30000 - 0x000000006da4a000 	C:\Xilinx\SDK\2016.4\tps\win64\jre\bin\net.dll
0x000007fefd060000 - 0x000007fefd0b5000 	C:\Windows\system32\mswsock.dll
0x000007fefd050000 - 0x000007fefd057000 	C:\Windows\System32\wship6.dll
0x000007fefb730000 - 0x000007fefb757000 	C:\Windows\system32\IPHLPAPI.DLL
0x000007fefb720000 - 0x000007fefb72b000 	C:\Windows\system32\WINNSI.DLL
0x000007fefb650000 - 0x000007fefb661000 	C:\Windows\system32\dhcpcsvc6.DLL
0x000007fefb630000 - 0x000007fefb648000 	C:\Windows\system32\dhcpcsvc.DLL
0x000000006da50000 - 0x000000006da61000 	C:\Xilinx\SDK\2016.4\tps\win64\jre\bin\nio.dll
0x000007feffc50000 - 0x000007feffce9000 	C:\Windows\system32\CLBCatQ.DLL
0x000007feff590000 - 0x000007feff66a000 	C:\Windows\system32\OLEAUT32.dll
0x000007fefb7d0000 - 0x000007fefb7e5000 	C:\Windows\system32\NLAapi.dll
0x000007fef89d0000 - 0x000007fef89e5000 	C:\Windows\system32\napinsp.dll
0x000007fef89b0000 - 0x000007fef89c9000 	C:\Windows\system32\pnrpnsp.dll
0x000007fefcee0000 - 0x000007fefcf3b000 	C:\Windows\system32\DNSAPI.dll
0x000007fef89a0000 - 0x000007fef89ab000 	C:\Windows\System32\winrnr.dll
0x000007fefca80000 - 0x000007fefca87000 	C:\Windows\System32\wshtcpip.dll
0x000007fef8f20000 - 0x000007fef8f28000 	C:\Windows\system32\rasadhlp.dll
0x000007fefb4a0000 - 0x000007fefb4f3000 	C:\Windows\System32\fwpuclnt.dll
0x0000000018830000 - 0x00000000188d8000 	C:\Users\shlab_89\.Xilinx\SDK\2016.4\org.eclipse.osgi\319\0\.cp\swt-win32-4527.dll
0x000007feff670000 - 0x000007feff707000 	C:\Windows\system32\comdlg32.dll
0x000007fef86f0000 - 0x000007fef8761000 	C:\Windows\system32\WINSPOOL.DRV
0x000007feff080000 - 0x000007feff3a1000 	C:\Windows\system32\WININET.dll
0x000007fefda90000 - 0x000007fefda94000 	C:\Windows\system32\api-ms-win-downlevel-user32-l1-1-0.dll
0x000007fefdb90000 - 0x000007fefdb94000 	C:\Windows\system32\api-ms-win-downlevel-shlwapi-l1-1-0.dll
0x000007fefdc10000 - 0x000007fefdc14000 	C:\Windows\system32\api-ms-win-downlevel-version-l1-1-0.dll
0x000007fefdba0000 - 0x000007fefdba3000 	C:\Windows\system32\api-ms-win-downlevel-normaliz-l1-1-0.dll
0x0000000077da0000 - 0x0000000077da3000 	C:\Windows\system32\normaliz.DLL
0x000007fefdca0000 - 0x000007fefdf6a000 	C:\Windows\system32\iertutil.dll
0x000007fefd8f0000 - 0x000007fefd8f5000 	C:\Windows\system32\api-ms-win-downlevel-advapi32-l1-1-0.dll
0x000007fefd920000 - 0x000007fefda8d000 	C:\Windows\system32\CRYPT32.dll
0x000007fefd8e0000 - 0x000007fefd8ef000 	C:\Windows\system32\MSASN1.dll
0x000007fefb350000 - 0x000007fefb368000 	C:\Windows\system32\dwmapi.dll
0x000007fefbf60000 - 0x000007fefc08c000 	C:\Windows\system32\propsys.dll
0x0000000016230000 - 0x000000001624e000 	C:\Users\shlab_89\.Xilinx\SDK\2016.4\org.eclipse.osgi\319\0\.cp\swt-gdip-win32-4527.dll
0x000007fef71c0000 - 0x000007fef73d7000 	C:\Windows\WinSxS\amd64_microsoft.windows.gdiplus_6595b64144ccf1df_1.1.7601.23807_none_14556b8e8b95d1fc\gdiplus.dll
0x000007fefb1a0000 - 0x000007fefb301000 	C:\Windows\system32\WindowsCodecs.dll
0x0000000180000000 - 0x0000000180012000 	C:\Users\shlab_89\.Xilinx\SDK\2016.4\org.eclipse.osgi\133\0\.cp\os\win32\x86_64\localfile_1_0_0.dll
0x000007fef2b60000 - 0x000007fef2bb4000 	C:\Windows\system32\oleacc.dll
0x000007fef4f30000 - 0x000007fef4f37000 	C:\Windows\system32\msimg32.dll
0x000007fefd820000 - 0x000007fefd834000 	C:\Windows\system32\RpcRtRemote.dll
0x000007fefd6d0000 - 0x000007fefd727000 	C:\Windows\system32\apphelp.dll
0x000007fef8b60000 - 0x000007fef8b71000 	C:\Users\shlab_89\.Xilinx\SDK\2016.4\org.eclipse.osgi\136\0\.cp\jWinHttp-1.0.0.dll
0x000007fefa040000 - 0x000007fefa0b1000 	C:\Windows\system32\WINHTTP.dll
0x000007fef9f70000 - 0x000007fef9fd4000 	C:\Windows\system32\webio.dll
0x000007fefd6a0000 - 0x000007fefd6c5000 	C:\Windows\system32\SspiCli.dll
0x000007fefccc0000 - 0x000007fefccca000 	C:\Windows\system32\credssp.dll
0x000007fefdaa0000 - 0x000007fefdad6000 	C:\Windows\system32\CFGMGR32.dll
0x000007fef91c0000 - 0x000007fef91cf000 	C:\Xilinx\SDK\2016.4\lib\win64.o\librdi_repo_manager.dll
0x000007fef8a80000 - 0x000007fef8aaa000 	C:\Xilinx\SDK\2016.4\lib\win64.o\libisl_sysinfo.dll
0x000007feef970000 - 0x000007feefa44000 	C:\Windows\system32\MSVCR110.dll
0x000007feefd50000 - 0x000007feefdf7000 	C:\Windows\system32\MSVCP110.dll
0x000007fec4820000 - 0x000007fec52ca000 	C:\Xilinx\SDK\2016.4\lib\win64.o\librdi_common.dll
0x000007feca450000 - 0x000007feca7be000 	C:\Xilinx\SDK\2016.4\lib\win64.o\libCOIN-all.dll
0x000007fef3d70000 - 0x000007fef3f8f000 	C:\Xilinx\SDK\2016.4\lib\win64.o\libXil_lmgr11.dll
0x000007fefbcd0000 - 0x000007fefbce6000 	C:\Windows\system32\NETAPI32.dll
0x000007fefb810000 - 0x000007fefb81c000 	C:\Windows\system32\netutils.dll
0x000007fefd370000 - 0x000007fefd393000 	C:\Windows\system32\srvcli.dll
0x000007fefb7f0000 - 0x000007fefb805000 	C:\Windows\system32\wkscli.dll
0x000007fefdbd0000 - 0x000007fefdc0b000 	C:\Windows\system32\WINTRUST.dll
0x000007fef9050000 - 0x000007fef9060000 	C:\Xilinx\SDK\2016.4\lib\win64.o\libboost_date_time.dll
0x000007fef7670000 - 0x000007fef7694000 	C:\Xilinx\SDK\2016.4\lib\win64.o\libboost_filesystem.dll
0x000007fef9020000 - 0x000007fef9029000 	C:\Xilinx\SDK\2016.4\lib\win64.o\libboost_system.dll
0x000007fef4310000 - 0x000007fef4387000 	C:\Xilinx\SDK\2016.4\lib\win64.o\libboost_program_options.dll
0x000007fef2800000 - 0x000007fef2906000 	C:\Xilinx\SDK\2016.4\lib\win64.o\libboost_regex.dll
0x000007fef8b40000 - 0x000007fef8b53000 	C:\Xilinx\SDK\2016.4\lib\win64.o\libboost_signals.dll
0x000007fef8a60000 - 0x000007fef8a7d000 	C:\Xilinx\SDK\2016.4\lib\win64.o\libboost_thread.dll
0x000007fef8000000 - 0x000007fef800b000 	C:\Xilinx\SDK\2016.4\lib\win64.o\libboost_chrono.dll
0x000007fef7ff0000 - 0x000007fef7ffb000 	C:\Xilinx\SDK\2016.4\lib\win64.o\libboost_xilinx.dll
0x000007fef3650000 - 0x000007fef36d0000 	C:\Xilinx\SDK\2016.4\lib\win64.o\libhdlpsolve.dll
0x000007feef5a0000 - 0x000007feef63a000 	C:\Xilinx\SDK\2016.4\lib\win64.o\libhdxml.dll
0x000007fec9df0000 - 0x000007feca1b9000 	C:\Xilinx\SDK\2016.4\lib\win64.o\libisl_iostreams.dll
0x000007fef75e0000 - 0x000007fef75f6000 	C:\Xilinx\SDK\2016.4\lib\win64.o\libboost_iostreams.dll
0x000007fef75c0000 - 0x000007fef75df000 	C:\Xilinx\SDK\2016.4\lib\win64.o\librdizlib.dll
0x000007fef6bc0000 - 0x000007fef6be3000 	C:\Xilinx\SDK\2016.4\lib\win64.o\libisl_iosutils.dll
0x000007fef75a0000 - 0x000007fef75b5000 	C:\Xilinx\SDK\2016.4\lib\win64.o\pthreadVC2.dll
0x000007fef42b0000 - 0x000007fef4303000 	C:\Xilinx\SDK\2016.4\lib\win64.o\librdi_commonxillic.dll
0x000007fecc4a0000 - 0x000007fecc5d0000 	C:\Xilinx\SDK\2016.4\lib\win64.o\librdi_curl.dll
0x000007fef3d50000 - 0x000007fef3d68000 	C:\Xilinx\SDK\2016.4\lib\win64.o\librdiconfig.dll
0x0000000069970000 - 0x0000000069a97000 	C:\Xilinx\SDK\2016.4\lib\win64.o\tcl85t.dll
0x0000000026160000 - 0x00000000263c3000 	C:\Xilinx\SDK\2016.4\lib\win64.o\xerces-c_3_1.dll
0x000007feff7b0000 - 0x000007feff935000 	C:\Windows\system32\urlmon.dll
0x000007fefdb80000 - 0x000007fefdb84000 	C:\Windows\system32\api-ms-win-downlevel-ole32-l1-1-0.dll
0x000007fef0300000 - 0x000007fef0323000 	C:\Windows\system32\VCOMP110.DLL
0x000007fec93c0000 - 0x000007fec95b8000 	C:\Xilinx\SDK\2016.4\lib\win64.o\librdi_hsm.dll
0x000007feef550000 - 0x000007feef593000 	C:\Xilinx\SDK\2016.4\lib\win64.o\librdi_hdf.dll
0x000007fec7940000 - 0x000007fec7c08000 	C:\Xilinx\SDK\2016.4\lib\win64.o\librdi_ippcw.dll
0x000007fef7fc0000 - 0x000007fef7fca000 	C:\Xilinx\SDK\2016.4\lib\win64.o\librdi_jtag_settings.dll
0x000007fef35e0000 - 0x000007fef3609000 	C:\Xilinx\SDK\2016.4\lib\win64.o\librdi_debug_dialog.dll
0x000007fef42a0000 - 0x000007fef42a8000 	C:\Xilinx\SDK\2016.4\lib\win64.o\librdi_target_manager.dll
0x0000000071080000 - 0x00000000710a6000 	C:\Xilinx\SDK\2016.4\eclipse\win64.o\plugins\gnu.io.rxtx.win32.x86_64_2.1.7.3_v20071015\os\win32\x86_64\rxtxSerial.dll
0x000007fef3560000 - 0x000007fef3576000 	C:\Xilinx\SDK\2016.4\eclipse\win64.o\plugins\org.eclipse.cdt.core.win32.x86_64_5.4.0.201509131935\os\win32\x86_64\spawner.dll

VM Arguments:
jvm_args: -Dcom.xilinx.sdk.args.hwspec=C:/Users/shlab_89/Desktop/0620_lab_BRAM/0316303_0619/0316303_0619.sdk/lab6_wrapper.hdf -Xms64m -Xmx512m & 
java_command: <unknown>
java_class_path (initial): C:\Xilinx\SDK\2016.4\eclipse\win64.o\\plugins/org.eclipse.equinox.launcher_1.3.100.v20150511-1540.jar
Launcher Type: generic

Environment Variables:
PATH=C:/Xilinx/SDK/2016.4/tps/win64/jre/bin/server;C:/Xilinx/SDK/2016.4/tps/win64/jre/bin;C:/Xilinx/SDK/2016.4/tps/win64/jre/lib/amd64;C:\Xilinx\SDK\2016.4\gnuwin\bin;C:\Xilinx\SDK\2016.4\gnu\microblaze\nt\bin;C:\Xilinx\SDK\2016.4\gnu\microblaze\linux_toolchain\nt64_le\bin;C:\Xilinx\SDK\2016.4\gnu\microblaze\linux_toolchain\nt64_be\bin;C:\Xilinx\SDK\2016.4\gnu\arm\nt\bin;C:\Xilinx\SDK\2016.4\gnu\aarch64\nt\aarch64-none\bin;C:\Xilinx\SDK\2016.4\gnu\aarch64\nt\aarch64-linux\bin;C:\Xilinx\SDK\2016.4\gnu\armr5\nt\gcc-arm-none-eabi\bin;C:\Xilinx\SDK\2016.4\gnu\aarch32\nt\gcc-arm-none-eabi\bin;C:\Xilinx\SDK\2016.4\gnu\aarch32\nt\gcc-arm-linux-gnueabi\bin;C:\Xilinx\SDK\2016.4\tps\win64\cmake-3.3.2\bin;;C:\Xilinx\SDK\2016.4\bin;C:\Xilinx\SDK\2016.4\lib\win64.o;C:\Xilinx\SDK\2016.4\tps\win64\jre\bin\server;C:\Xilinx\SDK\2016.4\tps\win64\jre\bin;C:\Xilinx\Vivado\2016.4\ids_lite\ISE\bin\nt64;C:\Xilinx\Vivado\2016.4\ids_lite\ISE\lib\nt64;C:\Xilinx\Vivado\2016.4\bin;C:\Xilinx\Vivado\2016.4\lib\win64.o;C:\Xilinx\Vivado\2016.4\tps\win64\jre\bin\server;C:\Xilinx\Vivado\2016.4\tps\win64\jre\bin;C:\Xilinx\Vivado_HLS\2016.4\bin;C:\ProgramData\Oracle\Java\javapath;C:\Windows\system32;C:\Windows;C:\Windows\System32\Wbem;C:\Windows\System32\WindowsPowerShell\v1.0\;C:\Program Files (x86)\Intel\OpenCL SDK\2.0\bin\x86;C:\Program Files (x86)\Intel\OpenCL SDK\2.0\bin\x64;c:\Users\shlab_89\Desktop\0620_lab_BRAM\0316303_0619;
USERNAME=shlab_89
OS=Windows_NT
PROCESSOR_IDENTIFIER=Intel64 Family 6 Model 58 Stepping 9, GenuineIntel



---------------  S Y S T E M  ---------------

OS: Windows 7 , 64 bit Build 7601 (6.1.7601.23807)

CPU:total 4 (2 cores per cpu, 2 threads per core) family 6 model 58 stepping 9, cmov, cx8, fxsr, mmx, sse, sse2, sse3, ssse3, sse4.1, sse4.2, popcnt, avx, clmul, erms, ht, tsc, tscinvbit, tscinv

Memory: 4k page, physical 16462528k(5143304k free), swap 32923196k(20886144k free)

vm_info: Java HotSpot(TM) 64-Bit Server VM (25.66-b18) for windows-amd64 JRE (1.8.0_66-b18), built on Nov  9 2015 10:51:13 by "java_re" with MS VC++ 10.0 (VS2010)

time: Wed Jun 21 16:25:58 2017
elapsed time: 1267 seconds (0d 0h 21m 7s)

