#
# A fatal error has been detected by the Java Runtime Environment:
#
#  Internal Error (0xc000000d), pid=7636, tid=7804
#
# JRE version: Java(TM) SE Runtime Environment (8.0_66-b18) (build 1.8.0_66-b18)
# Java VM: Java HotSpot(TM) 64-Bit Server VM (25.66-b18 mixed mode windows-amd64 compressed oops)
# Problematic frame:
# C  [ntdll.dll+0x96ccf]
#
# Failed to write core dump. Minidumps are not enabled by default on client versions of Windows
#
# If you would like to submit a bug report, please visit:
#   http://bugreport.java.com/bugreport/crash.jsp
#

---------------  T H R E A D  ---------------

Current thread (0x0000000013b5b800):  VMThread [stack: 0x0000000014bc0000,0x0000000014cc0000] [id=7804]

siginfo: ExceptionCode=0xc000000d

Registers:
RAX=0x0000000062683048, RBX=0x0000000000000000, RCX=0x0000000014cbef10, RDX=0x0000000000000000
RSP=0x0000000014cbf520, RBP=0x0000000000346670, RSI=0x000007feef977408, RDI=0x0000000014cbf668
R8 =0x0000000000000000, R9 =0x0000000000000000, R10=0x0000000000000000, R11=0x0000000000000246
R12=0x0000000016452e80, R13=0x0000000016452e50, R14=0x0000000000346778, R15=0x0000000000000000
RIP=0x0000000077c76ccf, EFLAGS=0x0000000000000206

Top of Stack: (sp=0x0000000014cbf520)
0x0000000014cbf520:   0000000000000000 000007feef977408
0x0000000014cbf530:   0000000014cbf668 0000000000000000
0x0000000014cbf540:   0000000000000050 00000000002e0000
0x0000000014cbf550:   0000000000000000 0000000000000000
0x0000000014cbf560:   0000000000000002 0000000077c2dd48
0x0000000014cbf570:   00000000c000000d 0000000000000000
0x0000000014cbf580:   0000000077c76ccf 0000000000000000
0x0000000014cbf590:   0000000000000000 0000000000000000
0x0000000014cbf5a0:   0000000000000000 0000000000000000
0x0000000014cbf5b0:   0000000000000000 0000000000000000
0x0000000014cbf5c0:   0000000000000000 0000000000000000
0x0000000014cbf5d0:   0000000000000000 0000000000000000
0x0000000014cbf5e0:   0000000000000000 0000000000000000
0x0000000014cbf5f0:   0000000000000000 0000000000000000
0x0000000014cbf600:   0000000000000000 0000000016452e80
0x0000000014cbf610:   0000000000000948 0000000077b034a8 

Instructions: (pc=0x0000000077c76ccf)
0x0000000077c76caf:   5d 6c fb ff b9 57 00 00 00 c7 44 24 50 0d 00 00
0x0000000077c76cbf:   c0 e8 4b 6f fb ff 48 8d 4c 24 50 e8 41 1c f8 ff
0x0000000077c76ccf:   4c 8b 1d 02 67 09 00 4d 85 db 74 5b 65 48 8b 04
0x0000000077c76cdf:   25 30 00 00 00 f6 80 ee 17 00 00 08 74 12 65 48 


Register to memory mapping:

RAX=0x0000000062683048 is an unknown value
RBX=0x0000000000000000 is an unknown value
RCX=0x0000000014cbef10 is an unknown value
RDX=0x0000000000000000 is an unknown value
RSP=0x0000000014cbf520 is an unknown value
RBP=0x0000000000346670 is an unknown value
RSI=0x000007feef977408 is an unknown value
RDI=0x0000000014cbf668 is an unknown value
R8 =0x0000000000000000 is an unknown value
R9 =0x0000000000000000 is an unknown value
R10=0x0000000000000000 is an unknown value
R11=0x0000000000000246 is an unknown value
R12=0x0000000016452e80 is an unknown value
R13=0x0000000016452e50 is an unknown value
R14=0x0000000000346778 is an unknown value
R15=0x0000000000000000 is an unknown value


Stack: [0x0000000014bc0000,0x0000000014cc0000],  sp=0x0000000014cbf520,  free space=1021k
Native frames: (J=compiled Java code, j=interpreted, Vv=VM code, C=native code)
C  [ntdll.dll+0x96ccf]
C  [kernel32.dll+0x434a8]
C  [MSVCR110.dll+0x752d]
C  [MSVCR110.dll+0x73c6]
C  [MSVCR110.dll+0x14cca]
C  [MSVCR110.dll+0x13edc]
C  [MSVCR110.dll+0x239e]
C  [MSVCR110.dll+0xaf9e]
C  [MSVCP110.dll+0x397b9]
C  [librdi_common.dll+0x183a66]
C  [librdi_common.dll+0x1826fb]
C  [librdi_target_manager.dll+0x2400]
C  [librdi_target_manager.dll+0x2682]
C  [ntdll.dll+0x22ac1]
C  [ntdll.dll+0x228d0]
C  [MSVCR100.dll+0x20ccd]
V  [jvm.dll+0x210cc5]
V  [jvm.dll+0x249897]
V  [jvm.dll+0x248b36]
V  [jvm.dll+0x248fd1]
V  [jvm.dll+0x2491ee]
V  [jvm.dll+0x29a0fa]
C  [MSVCR100.dll+0x21d9f]
C  [MSVCR100.dll+0x21e3b]
C  [kernel32.dll+0x159cd]
C  [ntdll.dll+0x2a561]

VM_Operation (0x000000000012f4c0): Exit, mode: safepoint, requested by thread 0x00000000025a9000


---------------  P R O C E S S  ---------------

Java Threads: ( => current thread )
  0x000000001ff1b000 JavaThread "pool-2-thread-2" [_thread_blocked, id=9204, stack(0x00000000246d0000,0x00000000247d0000)]
  0x000000001fcd7000 JavaThread "pool-2-thread-1" [_thread_blocked, id=9832, stack(0x00000000263b0000,0x00000000264b0000)]
  0x00000000174ba000 JavaThread "Thread-27" daemon [_thread_blocked, id=9944, stack(0x00000000254b0000,0x00000000255b0000)]
  0x00000000174b6800 JavaThread "TCF Channel Transmitter" daemon [_thread_blocked, id=5952, stack(0x00000000253b0000,0x00000000254b0000)]
  0x00000000174b5000 JavaThread "TCF Channel Receiver" daemon [_thread_in_native, id=10124, stack(0x0000000025140000,0x0000000025240000)]
  0x00000000174b4000 JavaThread "Process monitor" daemon [_thread_in_native, id=9808, stack(0x0000000025a60000,0x0000000025b60000)]
  0x000000001ecae000 JavaThread "Input Stream Monitor" daemon [_thread_blocked, id=1328, stack(0x00000000252b0000,0x00000000253b0000)]
  0x000000001ecad800 JavaThread "Output Stream Monitor" daemon [_thread_in_native, id=3552, stack(0x0000000024f40000,0x0000000025040000)]
  0x000000001ecac800 JavaThread "Output Stream Monitor" daemon [_thread_in_native, id=4908, stack(0x00000000244a0000,0x00000000245a0000)]
  0x000000001eca8000 JavaThread "TCF Locator DNS Lookup" daemon [_thread_blocked, id=4560, stack(0x0000000020f10000,0x0000000021010000)]
  0x000000001eca7000 JavaThread "TCF Locator Timer" daemon [_thread_blocked, id=9936, stack(0x0000000020e10000,0x0000000020f10000)]
  0x000000001738b000 JavaThread "TCF Locator Receiver" daemon [_thread_in_native, id=5832, stack(0x000000001c450000,0x000000001c550000)]
  0x0000000017389800 JavaThread "TCF Timer Dispatcher" daemon [_thread_blocked, id=6892, stack(0x000000001c110000,0x000000001c210000)]
  0x0000000016e74800 JavaThread "EMF Reference Cleaner" daemon [_thread_blocked, id=5056, stack(0x0000000018520000,0x0000000018620000)]
  0x0000000014f59800 JavaThread "Service Thread" daemon [_thread_blocked, id=804, stack(0x00000000157c0000,0x00000000158c0000)]
  0x0000000014ef3800 JavaThread "C1 CompilerThread2" daemon [_thread_blocked, id=184, stack(0x00000000156c0000,0x00000000157c0000)]
  0x0000000014ee8800 JavaThread "C2 CompilerThread1" daemon [_thread_blocked, id=8996, stack(0x00000000155c0000,0x00000000156c0000)]
  0x0000000014ed5800 JavaThread "C2 CompilerThread0" daemon [_thread_blocked, id=6496, stack(0x00000000154c0000,0x00000000155c0000)]
  0x0000000014ed4000 JavaThread "Attach Listener" daemon [_thread_blocked, id=4840, stack(0x00000000153c0000,0x00000000154c0000)]
  0x0000000014ec8800 JavaThread "Signal Dispatcher" daemon [_thread_blocked, id=3872, stack(0x00000000152c0000,0x00000000153c0000)]
  0x0000000013b68000 JavaThread "Finalizer" daemon [_thread_blocked, id=6228, stack(0x0000000014dc0000,0x0000000014ec0000)]
  0x0000000013b61000 JavaThread "Reference Handler" daemon [_thread_blocked, id=8844, stack(0x0000000014cc0000,0x0000000014dc0000)]
  0x00000000025a9000 JavaThread "main" [_thread_blocked, id=3192, stack(0x0000000000030000,0x0000000000130000)]

Other Threads:
=>0x0000000013b5b800 VMThread [stack: 0x0000000014bc0000,0x0000000014cc0000] [id=7804]

VM state:at safepoint (shutting down)

VM Mutex/Monitor currently owned by a thread:  ([mutex/lock_event])
[0x000000000028e380] Threads_lock - owner thread: 0x0000000013b5b800

Heap:
 PSYoungGen      total 141824K, used 38640K [0x00000000f5580000, 0x00000000ff900000, 0x0000000100000000)
  eden space 119296K, 32% used [0x00000000f5580000,0x00000000f7b3c2e0,0x00000000fca00000)
  from space 22528K, 0% used [0x00000000fe300000,0x00000000fe300000,0x00000000ff900000)
  to   space 24064K, 0% used [0x00000000fca00000,0x00000000fca00000,0x00000000fe180000)
 ParOldGen       total 101888K, used 49597K [0x00000000e0000000, 0x00000000e6380000, 0x00000000f5580000)
  object space 101888K, 48% used [0x00000000e0000000,0x00000000e306f540,0x00000000e6380000)
 Metaspace       used 86190K, capacity 93716K, committed 94040K, reserved 1130496K
  class space    used 10359K, capacity 12848K, committed 12888K, reserved 1048576K

Card table byte_map: [0x0000000011b10000,0x0000000011c20000] byte_map_base: 0x0000000011410000

Marking Bits: (ParMarkBitMap*) 0x000000006b50a5b0
 Begin Bits: [0x00000000120d0000, 0x00000000128d0000)
 End Bits:   [0x00000000128d0000, 0x00000000130d0000)

Polling page: 0x0000000000270000

CodeCache: size=245760Kb used=34481Kb max_used=34891Kb free=211278Kb
 bounds [0x0000000002750000, 0x00000000049b0000, 0x0000000011750000]
 total_blobs=10253 nmethods=9351 adapters=810
 compilation: enabled

Compilation events (10 events):
Event: 1009.794 Thread 0x0000000014ef3800 nmethod 11753 0x0000000002f915d0 code [0x0000000002f91760, 0x0000000002f91e88]
Event: 1009.794 Thread 0x0000000014ef3800 11758       3       org.eclipse.osgi.container.ModuleWiring::invalidate0 (52 bytes)
Event: 1009.794 Thread 0x0000000014ee8800 11760       4       org.eclipse.osgi.container.ModuleDatabase::readLock (11 bytes)
Event: 1009.795 Thread 0x0000000014ef3800 nmethod 11758 0x0000000004250ad0 code [0x0000000004250c80, 0x0000000004251628]
Event: 1009.795 Thread 0x0000000014ef3800 11759       3       org.eclipse.osgi.internal.container.AtomicLazyInitializer::getAndClear (9 bytes)
Event: 1009.795 Thread 0x0000000014ef3800 nmethod 11759 0x000000000302a550 code [0x000000000302a6c0, 0x000000000302a910]
Event: 1009.795 Thread 0x0000000014ef3800 11756       3       org.eclipse.osgi.internal.framework.EquinoxContainerAdaptor::clearManifestCache (84 bytes)
Event: 1009.795 Thread 0x0000000014ee8800 nmethod 11760 0x0000000004976610 code [0x0000000004976760, 0x0000000004976828]
Event: 1009.797 Thread 0x0000000014ef3800 nmethod 11756 0x0000000003a7b750 code [0x0000000003a7b9a0, 0x0000000003a7d0b8]
Event: 1009.797 Thread 0x0000000014ef3800 11754       3       org.eclipse.osgi.internal.framework.EquinoxContainerAdaptor::invalidateWiring (186 bytes)

GC Heap History (10 events):
Event: 854.519 GC heap before
{Heap before GC invocations=41 (full 17):
 PSYoungGen      total 146432K, used 128K [0x00000000f5580000, 0x00000000fff00000, 0x0000000100000000)
  eden space 118784K, 0% used [0x00000000f5580000,0x00000000f5580000,0x00000000fc980000)
  from space 27648K, 0% used [0x00000000fe400000,0x00000000fe420000,0x00000000fff00000)
  to   space 27136K, 0% used [0x00000000fc980000,0x00000000fc980000,0x00000000fe400000)
 ParOldGen       total 101888K, used 49623K [0x00000000e0000000, 0x00000000e6380000, 0x00000000f5580000)
  object space 101888K, 48% used [0x00000000e0000000,0x00000000e3075ff8,0x00000000e6380000)
 Metaspace       used 85218K, capacity 92714K, committed 93144K, reserved 1130496K
  class space    used 10252K, capacity 12623K, committed 12760K, reserved 1048576K
Event: 854.652 GC heap after
Heap after GC invocations=41 (full 17):
 PSYoungGen      total 146432K, used 0K [0x00000000f5580000, 0x00000000fff00000, 0x0000000100000000)
  eden space 118784K, 0% used [0x00000000f5580000,0x00000000f5580000,0x00000000fc980000)
  from space 27648K, 0% used [0x00000000fe400000,0x00000000fe400000,0x00000000fff00000)
  to   space 27136K, 0% used [0x00000000fc980000,0x00000000fc980000,0x00000000fe400000)
 ParOldGen       total 101888K, used 49624K [0x00000000e0000000, 0x00000000e6380000, 0x00000000f5580000)
  object space 101888K, 48% used [0x00000000e0000000,0x00000000e3076020,0x00000000e6380000)
 Metaspace       used 85218K, capacity 92714K, committed 93144K, reserved 1130496K
  class space    used 10252K, capacity 12623K, committed 12760K, reserved 1048576K
}
Event: 914.527 GC heap before
{Heap before GC invocations=42 (full 17):
 PSYoungGen      total 146432K, used 11990K [0x00000000f5580000, 0x00000000fff00000, 0x0000000100000000)
  eden space 118784K, 10% used [0x00000000f5580000,0x00000000f6135bf0,0x00000000fc980000)
  from space 27648K, 0% used [0x00000000fe400000,0x00000000fe400000,0x00000000fff00000)
  to   space 27136K, 0% used [0x00000000fc980000,0x00000000fc980000,0x00000000fe400000)
 ParOldGen       total 101888K, used 49624K [0x00000000e0000000, 0x00000000e6380000, 0x00000000f5580000)
  object space 101888K, 48% used [0x00000000e0000000,0x00000000e3076020,0x00000000e6380000)
 Metaspace       used 85242K, capacity 92778K, committed 93144K, reserved 1130496K
  class space    used 10252K, capacity 12623K, committed 12760K, reserved 1048576K
Event: 914.532 GC heap after
Heap after GC invocations=42 (full 17):
 PSYoungGen      total 119296K, used 416K [0x00000000f5580000, 0x00000000ffc00000, 0x0000000100000000)
  eden space 118784K, 0% used [0x00000000f5580000,0x00000000f5580000,0x00000000fc980000)
  from space 512K, 81% used [0x00000000fc980000,0x00000000fc9e8000,0x00000000fca00000)
  to   space 25600K, 0% used [0x00000000fe300000,0x00000000fe300000,0x00000000ffc00000)
 ParOldGen       total 101888K, used 49624K [0x00000000e0000000, 0x00000000e6380000, 0x00000000f5580000)
  object space 101888K, 48% used [0x00000000e0000000,0x00000000e3076020,0x00000000e6380000)
 Metaspace       used 85242K, capacity 92778K, committed 93144K, reserved 1130496K
  class space    used 10252K, capacity 12623K, committed 12760K, reserved 1048576K
}
Event: 914.532 GC heap before
{Heap before GC invocations=43 (full 18):
 PSYoungGen      total 119296K, used 416K [0x00000000f5580000, 0x00000000ffc00000, 0x0000000100000000)
  eden space 118784K, 0% used [0x00000000f5580000,0x00000000f5580000,0x00000000fc980000)
  from space 512K, 81% used [0x00000000fc980000,0x00000000fc9e8000,0x00000000fca00000)
  to   space 25600K, 0% used [0x00000000fe300000,0x00000000fe300000,0x00000000ffc00000)
 ParOldGen       total 101888K, used 49624K [0x00000000e0000000, 0x00000000e6380000, 0x00000000f5580000)
  object space 101888K, 48% used [0x00000000e0000000,0x00000000e3076020,0x00000000e6380000)
 Metaspace       used 85242K, capacity 92778K, committed 93144K, reserved 1130496K
  class space    used 10252K, capacity 12623K, committed 12760K, reserved 1048576K
Event: 914.765 GC heap after
Heap after GC invocations=43 (full 18):
 PSYoungGen      total 119296K, used 0K [0x00000000f5580000, 0x00000000ffc00000, 0x0000000100000000)
  eden space 118784K, 0% used [0x00000000f5580000,0x00000000f5580000,0x00000000fc980000)
  from space 512K, 0% used [0x00000000fc980000,0x00000000fc980000,0x00000000fca00000)
  to   space 25600K, 0% used [0x00000000fe300000,0x00000000fe300000,0x00000000ffc00000)
 ParOldGen       total 101888K, used 49744K [0x00000000e0000000, 0x00000000e6380000, 0x00000000f5580000)
  object space 101888K, 48% used [0x00000000e0000000,0x00000000e3094100,0x00000000e6380000)
 Metaspace       used 85242K, capacity 92778K, committed 93144K, reserved 1130496K
  class space    used 10252K, capacity 12623K, committed 12760K, reserved 1048576K
}
Event: 974.536 GC heap before
{Heap before GC invocations=44 (full 18):
 PSYoungGen      total 119296K, used 5659K [0x00000000f5580000, 0x00000000ffc00000, 0x0000000100000000)
  eden space 118784K, 4% used [0x00000000f5580000,0x00000000f5b06cf8,0x00000000fc980000)
  from space 512K, 0% used [0x00000000fc980000,0x00000000fc980000,0x00000000fca00000)
  to   space 25600K, 0% used [0x00000000fe300000,0x00000000fe300000,0x00000000ffc00000)
 ParOldGen       total 101888K, used 49744K [0x00000000e0000000, 0x00000000e6380000, 0x00000000f5580000)
  object space 101888K, 48% used [0x00000000e0000000,0x00000000e3094100,0x00000000e6380000)
 Metaspace       used 85242K, capacity 92778K, committed 93144K, reserved 1130496K
  class space    used 10252K, capacity 12623K, committed 12760K, reserved 1048576K
Event: 974.558 GC heap after
Heap after GC invocations=44 (full 18):
 PSYoungGen      total 141824K, used 128K [0x00000000f5580000, 0x00000000ff900000, 0x0000000100000000)
  eden space 119296K, 0% used [0x00000000f5580000,0x00000000f5580000,0x00000000fca00000)
  from space 22528K, 0% used [0x00000000fe300000,0x00000000fe320000,0x00000000ff900000)
  to   space 24064K, 0% used [0x00000000fca00000,0x00000000fca00000,0x00000000fe180000)
 ParOldGen       total 101888K, used 49744K [0x00000000e0000000, 0x00000000e6380000, 0x00000000f5580000)
  object space 101888K, 48% used [0x00000000e0000000,0x00000000e3094100,0x00000000e6380000)
 Metaspace       used 85242K, capacity 92778K, committed 93144K, reserved 1130496K
  class space    used 10252K, capacity 12623K, committed 12760K, reserved 1048576K
}
Event: 974.558 GC heap before
{Heap before GC invocations=45 (full 19):
 PSYoungGen      total 141824K, used 128K [0x00000000f5580000, 0x00000000ff900000, 0x0000000100000000)
  eden space 119296K, 0% used [0x00000000f5580000,0x00000000f5580000,0x00000000fca00000)
  from space 22528K, 0% used [0x00000000fe300000,0x00000000fe320000,0x00000000ff900000)
  to   space 24064K, 0% used [0x00000000fca00000,0x00000000fca00000,0x00000000fe180000)
 ParOldGen       total 101888K, used 49744K [0x00000000e0000000, 0x00000000e6380000, 0x00000000f5580000)
  object space 101888K, 48% used [0x00000000e0000000,0x00000000e3094100,0x00000000e6380000)
 Metaspace       used 85242K, capacity 92778K, committed 93144K, reserved 1130496K
  class space    used 10252K, capacity 12623K, committed 12760K, reserved 1048576K
Event: 974.729 GC heap after
Heap after GC invocations=45 (full 19):
 PSYoungGen      total 141824K, used 0K [0x00000000f5580000, 0x00000000ff900000, 0x0000000100000000)
  eden space 119296K, 0% used [0x00000000f5580000,0x00000000f5580000,0x00000000fca00000)
  from space 22528K, 0% used [0x00000000fe300000,0x00000000fe300000,0x00000000ff900000)
  to   space 24064K, 0% used [0x00000000fca00000,0x00000000fca00000,0x00000000fe180000)
 ParOldGen       total 101888K, used 49597K [0x00000000e0000000, 0x00000000e6380000, 0x00000000f5580000)
  object space 101888K, 48% used [0x00000000e0000000,0x00000000e306f540,0x00000000e6380000)
 Metaspace       used 85242K, capacity 92778K, committed 93144K, reserved 1130496K
  class space    used 10252K, capacity 12623K, committed 12760K, reserved 1048576K
}

Deoptimization events (10 events):
Event: 1009.038 Thread 0x000000001eca8800 Uncommon trap: reason=class_check action=maybe_recompile pc=0x000000000490948c method=org.eclipse.e4.core.internal.contexts.TrackableComputationExt.update(Lorg/eclipse/e4/core/internal/contexts/ContextChangeEvent;)Z @ 62
Event: 1009.038 Thread 0x000000001eca8800 Uncommon trap: reason=class_check action=maybe_recompile pc=0x000000000490948c method=org.eclipse.e4.core.internal.contexts.TrackableComputationExt.update(Lorg/eclipse/e4/core/internal/contexts/ContextChangeEvent;)Z @ 62
Event: 1009.135 Thread 0x0000000015d5e800 Uncommon trap: reason=predicate action=maybe_recompile pc=0x00000000033f2edc method=java.util.Arrays.fill([Ljava/lang/Object;Ljava/lang/Object;)V @ 10
Event: 1009.147 Thread 0x0000000015d5e800 Uncommon trap: reason=array_check action=maybe_recompile pc=0x0000000003271378 method=java.util.Arrays.fill([Ljava/lang/Object;Ljava/lang/Object;)V @ 13
Event: 1009.147 Thread 0x0000000015d5e800 Uncommon trap: reason=array_check action=maybe_recompile pc=0x0000000003271378 method=java.util.Arrays.fill([Ljava/lang/Object;Ljava/lang/Object;)V @ 13
Event: 1009.147 Thread 0x0000000015d5e800 Uncommon trap: reason=array_check action=maybe_recompile pc=0x0000000003271378 method=java.util.Arrays.fill([Ljava/lang/Object;Ljava/lang/Object;)V @ 13
Event: 1009.147 Thread 0x0000000015d5e800 Uncommon trap: reason=array_check action=maybe_recompile pc=0x0000000003271378 method=java.util.Arrays.fill([Ljava/lang/Object;Ljava/lang/Object;)V @ 13
Event: 1009.682 Thread 0x000000001eca8800 Uncommon trap: reason=unstable_if action=reinterpret pc=0x00000000033df53c method=org.eclipse.osgi.internal.hooks.EclipseLazyStarter.shouldActivateFor(Ljava/lang/String;Lorg/eclipse/osgi/container/Module;Lorg/eclipse/osgi/container/ModuleRevision;Lorg/ecli∂øßÅçè@
Event: 1009.688 Thread 0x0000000015d5e800 Uncommon trap: reason=unstable_if action=reinterpret pc=0x0000000003526ad8 method=org.eclipse.osgi.internal.framework.BundleContextImpl.dispatchEvent(Ljava/lang/Object;Ljava/lang/Object;ILjava/lang/Object;)V @ 16
Event: 1009.782 Thread 0x000000001eca8800 Uncommon trap: reason=unstable_if action=reinterpret pc=0x0000000004043bd8 method=sun.reflect.UnsafeStaticObjectFieldAccessorImpl.set(Ljava/lang/Object;Ljava/lang/Object;)V @ 13

Internal exceptions (10 events):
Event: 208.958 Thread 0x000000001ecab000 Exception <a 'java/io/FileNotFoundException'> (0x00000000f8479878) thrown at [C:\re\workspace\8-2-build-windows-amd64-cygwin\jdk8u66\5298\hotspot\src\share\vm\prims\jni.cpp, line 709]
Event: 1000.062 Thread 0x00000000025a9000 Implicit null exception at 0x0000000003362820 to 0x0000000003362c75
Event: 1003.737 Thread 0x00000000025a9000 Implicit null exception at 0x00000000029c2fe3 to 0x00000000029c3549
Event: 1008.997 Thread 0x00000000025a9000 Implicit null exception at 0x0000000002daf266 to 0x0000000002db202d
Event: 1009.103 Thread 0x00000000174b8000 Exception <a 'java/lang/InterruptedException'> (0x00000000f74088a8) thrown at [C:\re\workspace\8-2-build-windows-amd64-cygwin\jdk8u66\5298\hotspot\src\share\vm\runtime\objectMonitor.cpp, line 1683]
Event: 1009.747 Thread 0x0000000017385000 Exception <a 'java/lang/InterruptedException'> (0x00000000f5d27610) thrown at [C:\re\workspace\8-2-build-windows-amd64-cygwin\jdk8u66\5298\hotspot\src\share\vm\runtime\objectMonitor.cpp, line 1683]
Event: 1009.782 Thread 0x000000001eca8800 Implicit null exception at 0x00000000040437d3 to 0x0000000004043bc5
Event: 1009.782 Thread 0x0000000015d5e800 Exception <a 'java/lang/InterruptedException'> (0x00000000f77c35e0) thrown at [C:\re\workspace\8-2-build-windows-amd64-cygwin\jdk8u66\5298\hotspot\src\share\vm\runtime\objectMonitor.cpp, line 1683]
Event: 1009.791 Thread 0x0000000017388000 Exception <a 'java/lang/InterruptedException'> (0x00000000f6bf6a60) thrown at [C:\re\workspace\8-2-build-windows-amd64-cygwin\jdk8u66\5298\hotspot\src\share\vm\runtime\objectMonitor.cpp, line 1683]
Event: 1009.793 Thread 0x0000000016bb1800 Exception <a 'java/lang/InterruptedException'> (0x00000000f7a634c0) thrown at [C:\re\workspace\8-2-build-windows-amd64-cygwin\jdk8u66\5298\hotspot\src\share\vm\runtime\objectMonitor.cpp, line 1683]

Events (10 events):
Event: 1009.793 Executing VM operation: RevokeBias
Event: 1009.793 Executing VM operation: RevokeBias done
Event: 1009.795 Thread 0x000000001eca8800 Thread exited: 0x000000001eca8800
Event: 1009.795 loading class java/util/IdentityHashMap$KeyIterator
Event: 1009.796 loading class java/util/IdentityHashMap$IdentityHashMapIterator
Event: 1009.796 loading class java/util/IdentityHashMap$IdentityHashMapIterator done
Event: 1009.796 loading class java/util/IdentityHashMap$KeyIterator done
Event: 1009.796 Thread 0x000000001eca8800 Thread added: 0x000000001eca8800
Event: 1009.797 Thread 0x000000001eca8800 Thread exited: 0x000000001eca8800
Event: 1009.797 Executing VM operation: Exit


Dynamic libraries:
0x0000000000400000 - 0x000000000044f000 	C:\Xilinx\SDK\2016.4\eclipse\win64.o\eclipse.exe
0x0000000077be0000 - 0x0000000077d8a000 	C:\Windows\SYSTEM32\ntdll.dll
0x0000000077ac0000 - 0x0000000077bdf000 	C:\Windows\system32\kernel32.dll
0x000007fefdc20000 - 0x000007fefdc8a000 	C:\Windows\system32\KERNELBASE.dll
0x00000000779c0000 - 0x0000000077aba000 	C:\Windows\system32\USER32.dll
0x000007fefdff0000 - 0x000007fefe057000 	C:\Windows\system32\GDI32.dll
0x000007fefdc90000 - 0x000007fefdc9e000 	C:\Windows\system32\LPK.dll
0x000007fefe190000 - 0x000007fefe25b000 	C:\Windows\system32\USP10.dll
0x000007feff710000 - 0x000007feff7af000 	C:\Windows\system32\msvcrt.dll
0x000007fefc110000 - 0x000007fefc304000 	C:\Windows\WinSxS\amd64_microsoft.windows.common-controls_6595b64144ccf1df_6.0.7601.18837_none_fa3b1e3d17594757\COMCTL32.dll
0x000007feffa70000 - 0x000007feffae1000 	C:\Windows\system32\SHLWAPI.dll
0x000007feffc20000 - 0x000007feffc4e000 	C:\Windows\system32\IMM32.DLL
0x000007fefe060000 - 0x000007fefe169000 	C:\Windows\system32\MSCTF.dll
0x0000000072000000 - 0x0000000072012000 	C:\Xilinx\SDK\2016.4\eclipse\win64.o\plugins\org.eclipse.equinox.launcher.win32.win32.x86_64_1.1.300.v20150602-1417\eclipse_1611.dll
0x000007feff940000 - 0x000007feffa1b000 	C:\Windows\system32\ADVAPI32.dll
0x000007fefe260000 - 0x000007fefe27f000 	C:\Windows\SYSTEM32\sechost.dll
0x000007feffaf0000 - 0x000007feffc1d000 	C:\Windows\system32\RPCRT4.dll
0x000007fefc9b0000 - 0x000007fefc9bc000 	C:\Windows\system32\VERSION.dll
0x000007fefbbd0000 - 0x000007fefbc26000 	C:\Windows\system32\uxtheme.dll
0x000007fef2730000 - 0x000007fef2778000 	C:\Program Files (x86)\TeamViewer\tv_x64.dll
0x000007fefe2f0000 - 0x000007feff07b000 	C:\Windows\system32\SHELL32.dll
0x000007feffcf0000 - 0x000007feffeec000 	C:\Windows\system32\ole32.dll
0x000000006ad00000 - 0x000000006b589000 	C:\Xilinx\SDK\2016.4\tps\win64\jre\bin\server\jvm.dll
0x000007fefa900000 - 0x000007fefa909000 	C:\Windows\system32\WSOCK32.dll
0x000007feffa20000 - 0x000007feffa6d000 	C:\Windows\system32\WS2_32.dll
0x000007fefe2e0000 - 0x000007fefe2e8000 	C:\Windows\system32\NSI.dll
0x000007fefb450000 - 0x000007fefb48b000 	C:\Windows\system32\WINMM.dll
0x0000000077db0000 - 0x0000000077db7000 	C:\Windows\system32\PSAPI.DLL
0x00000000754b0000 - 0x0000000075582000 	C:\Windows\system32\MSVCR100.dll
0x000000006dfc0000 - 0x000000006dfcf000 	C:\Xilinx\SDK\2016.4\tps\win64\jre\bin\verify.dll
0x000000006df90000 - 0x000000006dfb9000 	C:\Xilinx\SDK\2016.4\tps\win64\jre\bin\java.dll
0x000000006df70000 - 0x000000006df86000 	C:\Xilinx\SDK\2016.4\tps\win64\jre\bin\zip.dll
0x000007fefd8d0000 - 0x000007fefd8df000 	C:\Windows\system32\profapi.dll
0x000007fefd0c0000 - 0x000007fefd0d8000 	C:\Windows\system32\CRYPTSP.dll
0x000007fefcdc0000 - 0x000007fefce07000 	C:\Windows\system32\rsaenh.dll
0x000007fefdbb0000 - 0x000007fefdbce000 	C:\Windows\system32\USERENV.dll
0x000007fefd730000 - 0x000007fefd73f000 	C:\Windows\system32\CRYPTBASE.dll
0x000000006df50000 - 0x000000006df6a000 	C:\Xilinx\SDK\2016.4\tps\win64\jre\bin\net.dll
0x000007fefd060000 - 0x000007fefd0b5000 	C:\Windows\system32\mswsock.dll
0x000007fefd050000 - 0x000007fefd057000 	C:\Windows\System32\wship6.dll
0x000007fefb730000 - 0x000007fefb757000 	C:\Windows\system32\IPHLPAPI.DLL
0x000007fefb720000 - 0x000007fefb72b000 	C:\Windows\system32\WINNSI.DLL
0x000007fefb650000 - 0x000007fefb661000 	C:\Windows\system32\dhcpcsvc6.DLL
0x000007fefb630000 - 0x000007fefb648000 	C:\Windows\system32\dhcpcsvc.DLL
0x000000006df30000 - 0x000000006df41000 	C:\Xilinx\SDK\2016.4\tps\win64\jre\bin\nio.dll
0x000007feffc50000 - 0x000007feffce9000 	C:\Windows\system32\CLBCatQ.DLL
0x000007feff590000 - 0x000007feff66a000 	C:\Windows\system32\OLEAUT32.dll
0x000007fefb7d0000 - 0x000007fefb7e5000 	C:\Windows\system32\NLAapi.dll
0x000007fef89d0000 - 0x000007fef89e5000 	C:\Windows\system32\napinsp.dll
0x000007fef89b0000 - 0x000007fef89c9000 	C:\Windows\system32\pnrpnsp.dll
0x000007fefcee0000 - 0x000007fefcf3b000 	C:\Windows\system32\DNSAPI.dll
0x000007fef89a0000 - 0x000007fef89ab000 	C:\Windows\System32\winrnr.dll
0x000007fefca80000 - 0x000007fefca87000 	C:\Windows\System32\wshtcpip.dll
0x000007fef8f20000 - 0x000007fef8f28000 	C:\Windows\system32\rasadhlp.dll
0x000007fefb4a0000 - 0x000007fefb4f3000 	C:\Windows\System32\fwpuclnt.dll
0x0000000018820000 - 0x00000000188c8000 	C:\Users\shlab_89\.Xilinx\SDK\2016.4\org.eclipse.osgi\319\0\.cp\swt-win32-4527.dll
0x000007feff670000 - 0x000007feff707000 	C:\Windows\system32\comdlg32.dll
0x000007fef86f0000 - 0x000007fef8761000 	C:\Windows\system32\WINSPOOL.DRV
0x000007feff080000 - 0x000007feff3a1000 	C:\Windows\system32\WININET.dll
0x000007fefda90000 - 0x000007fefda94000 	C:\Windows\system32\api-ms-win-downlevel-user32-l1-1-0.dll
0x000007fefdb90000 - 0x000007fefdb94000 	C:\Windows\system32\api-ms-win-downlevel-shlwapi-l1-1-0.dll
0x000007fefdc10000 - 0x000007fefdc14000 	C:\Windows\system32\api-ms-win-downlevel-version-l1-1-0.dll
0x000007fefdba0000 - 0x000007fefdba3000 	C:\Windows\system32\api-ms-win-downlevel-normaliz-l1-1-0.dll
0x0000000077da0000 - 0x0000000077da3000 	C:\Windows\system32\normaliz.DLL
0x000007fefdca0000 - 0x000007fefdf6a000 	C:\Windows\system32\iertutil.dll
0x000007fefd8f0000 - 0x000007fefd8f5000 	C:\Windows\system32\api-ms-win-downlevel-advapi32-l1-1-0.dll
0x000007fefd920000 - 0x000007fefda8d000 	C:\Windows\system32\CRYPT32.dll
0x000007fefd8e0000 - 0x000007fefd8ef000 	C:\Windows\system32\MSASN1.dll
0x000007fefb350000 - 0x000007fefb368000 	C:\Windows\system32\dwmapi.dll
0x000007fefbf60000 - 0x000007fefc08c000 	C:\Windows\system32\propsys.dll
0x0000000016340000 - 0x000000001635e000 	C:\Users\shlab_89\.Xilinx\SDK\2016.4\org.eclipse.osgi\319\0\.cp\swt-gdip-win32-4527.dll
0x000007fef71c0000 - 0x000007fef73d7000 	C:\Windows\WinSxS\amd64_microsoft.windows.gdiplus_6595b64144ccf1df_1.1.7601.23807_none_14556b8e8b95d1fc\gdiplus.dll
0x000007fefb1a0000 - 0x000007fefb301000 	C:\Windows\system32\WindowsCodecs.dll
0x0000000180000000 - 0x0000000180012000 	C:\Users\shlab_89\.Xilinx\SDK\2016.4\org.eclipse.osgi\133\0\.cp\os\win32\x86_64\localfile_1_0_0.dll
0x000007fef2b60000 - 0x000007fef2bb4000 	C:\Windows\system32\oleacc.dll
0x000007fef4f30000 - 0x000007fef4f37000 	C:\Windows\system32\msimg32.dll
0x000007fefd820000 - 0x000007fefd834000 	C:\Windows\system32\RpcRtRemote.dll
0x000007fefd6d0000 - 0x000007fefd727000 	C:\Windows\system32\apphelp.dll
0x000007fef9090000 - 0x000007fef90a1000 	C:\Users\shlab_89\.Xilinx\SDK\2016.4\org.eclipse.osgi\136\0\.cp\jWinHttp-1.0.0.dll
0x000007fefa040000 - 0x000007fefa0b1000 	C:\Windows\system32\WINHTTP.dll
0x000007fef9f70000 - 0x000007fef9fd4000 	C:\Windows\system32\webio.dll
0x000007fefd6a0000 - 0x000007fefd6c5000 	C:\Windows\system32\SspiCli.dll
0x000007fefccc0000 - 0x000007fefccca000 	C:\Windows\system32\credssp.dll
0x000007fefdaa0000 - 0x000007fefdad6000 	C:\Windows\system32\CFGMGR32.dll
0x000007fef91c0000 - 0x000007fef91cf000 	C:\Xilinx\SDK\2016.4\lib\win64.o\librdi_repo_manager.dll
0x000007fef9030000 - 0x000007fef905a000 	C:\Xilinx\SDK\2016.4\lib\win64.o\libisl_sysinfo.dll
0x000007feef970000 - 0x000007feefa44000 	C:\Windows\system32\MSVCR110.dll
0x000007feefd50000 - 0x000007feefdf7000 	C:\Windows\system32\MSVCP110.dll
0x000007fecb5a0000 - 0x000007fecc04a000 	C:\Xilinx\SDK\2016.4\lib\win64.o\librdi_common.dll
0x000007fecae40000 - 0x000007fecb1ae000 	C:\Xilinx\SDK\2016.4\lib\win64.o\libCOIN-all.dll
0x000007fecb380000 - 0x000007fecb59f000 	C:\Xilinx\SDK\2016.4\lib\win64.o\libXil_lmgr11.dll
0x000007fefbcd0000 - 0x000007fefbce6000 	C:\Windows\system32\NETAPI32.dll
0x000007fefb810000 - 0x000007fefb81c000 	C:\Windows\system32\netutils.dll
0x000007fefd370000 - 0x000007fefd393000 	C:\Windows\system32\srvcli.dll
0x000007fefb7f0000 - 0x000007fefb805000 	C:\Windows\system32\wkscli.dll
0x000007fefdbd0000 - 0x000007fefdc0b000 	C:\Windows\system32\WINTRUST.dll
0x000007fef9080000 - 0x000007fef9090000 	C:\Xilinx\SDK\2016.4\lib\win64.o\libboost_date_time.dll
0x000007fef8b50000 - 0x000007fef8b74000 	C:\Xilinx\SDK\2016.4\lib\win64.o\libboost_filesystem.dll
0x000007fefaa10000 - 0x000007fefaa19000 	C:\Xilinx\SDK\2016.4\lib\win64.o\libboost_system.dll
0x000007fef4320000 - 0x000007fef4397000 	C:\Xilinx\SDK\2016.4\lib\win64.o\libboost_program_options.dll
0x000007fef3d30000 - 0x000007fef3e36000 	C:\Xilinx\SDK\2016.4\lib\win64.o\libboost_regex.dll
0x000007fef8a60000 - 0x000007fef8a73000 	C:\Xilinx\SDK\2016.4\lib\win64.o\libboost_signals.dll
0x000007fef8a00000 - 0x000007fef8a1d000 	C:\Xilinx\SDK\2016.4\lib\win64.o\libboost_thread.dll
0x000007fef9020000 - 0x000007fef902b000 	C:\Xilinx\SDK\2016.4\lib\win64.o\libboost_chrono.dll
0x000007fef8b40000 - 0x000007fef8b4b000 	C:\Xilinx\SDK\2016.4\lib\win64.o\libboost_xilinx.dll
0x000007fef3650000 - 0x000007fef36d0000 	C:\Xilinx\SDK\2016.4\lib\win64.o\libhdlpsolve.dll
0x000007fef2870000 - 0x000007fef290a000 	C:\Xilinx\SDK\2016.4\lib\win64.o\libhdxml.dll
0x000007feca5d0000 - 0x000007feca999000 	C:\Xilinx\SDK\2016.4\lib\win64.o\libisl_iostreams.dll
0x000007fef7ff0000 - 0x000007fef8006000 	C:\Xilinx\SDK\2016.4\lib\win64.o\libboost_iostreams.dll
0x000007fef7680000 - 0x000007fef769f000 	C:\Xilinx\SDK\2016.4\lib\win64.o\librdizlib.dll
0x000007fef75a0000 - 0x000007fef75c3000 	C:\Xilinx\SDK\2016.4\lib\win64.o\libisl_iosutils.dll
0x000007fef75e0000 - 0x000007fef75f5000 	C:\Xilinx\SDK\2016.4\lib\win64.o\pthreadVC2.dll
0x000007fef2810000 - 0x000007fef2863000 	C:\Xilinx\SDK\2016.4\lib\win64.o\librdi_commonxillic.dll
0x000007feca4a0000 - 0x000007feca5d0000 	C:\Xilinx\SDK\2016.4\lib\win64.o\librdi_curl.dll
0x000007fef6bd0000 - 0x000007fef6be8000 	C:\Xilinx\SDK\2016.4\lib\win64.o\librdiconfig.dll
0x000000006dbf0000 - 0x000000006dd17000 	C:\Xilinx\SDK\2016.4\lib\win64.o\tcl85t.dll
0x0000000024cd0000 - 0x0000000024f33000 	C:\Xilinx\SDK\2016.4\lib\win64.o\xerces-c_3_1.dll
0x000007feff7b0000 - 0x000007feff935000 	C:\Windows\system32\urlmon.dll
0x000007fefdb80000 - 0x000007fefdb84000 	C:\Windows\system32\api-ms-win-downlevel-ole32-l1-1-0.dll
0x000007fef0300000 - 0x000007fef0323000 	C:\Windows\system32\VCOMP110.DLL
0x000007fec9fc0000 - 0x000007feca1b8000 	C:\Xilinx\SDK\2016.4\lib\win64.o\librdi_hsm.dll
0x000007feefae0000 - 0x000007feefb23000 	C:\Xilinx\SDK\2016.4\lib\win64.o\librdi_hdf.dll
0x000007fec7940000 - 0x000007fec7c08000 	C:\Xilinx\SDK\2016.4\lib\win64.o\librdi_ippcw.dll
0x000007fef7fc0000 - 0x000007fef7fca000 	C:\Xilinx\SDK\2016.4\lib\win64.o\librdi_jtag_settings.dll
0x000007feeff70000 - 0x000007feeff99000 	C:\Xilinx\SDK\2016.4\lib\win64.o\librdi_debug_dialog.dll
0x000007fef7670000 - 0x000007fef7678000 	C:\Xilinx\SDK\2016.4\lib\win64.o\librdi_target_manager.dll
0x0000000071080000 - 0x00000000710a6000 	C:\Xilinx\SDK\2016.4\eclipse\win64.o\plugins\gnu.io.rxtx.win32.x86_64_2.1.7.3_v20071015\os\win32\x86_64\rxtxSerial.dll
0x000007fef3630000 - 0x000007fef3646000 	C:\Xilinx\SDK\2016.4\eclipse\win64.o\plugins\org.eclipse.cdt.core.win32.x86_64_5.4.0.201509131935\os\win32\x86_64\spawner.dll

VM Arguments:
jvm_args: -Dcom.xilinx.sdk.args.hwspec=C:/Users/shlab_89/Desktop/0620_lab_BRAM/0316303_0619/0316303_0619.sdk/lab6_wrapper.hdf -Xms64m -Xmx512m & 
java_command: <unknown>
java_class_path (initial): C:\Xilinx\SDK\2016.4\eclipse\win64.o\\plugins/org.eclipse.equinox.launcher_1.3.100.v20150511-1540.jar
Launcher Type: generic

Environment Variables:
PATH=C:/Xilinx/SDK/2016.4/tps/win64/jre/bin/server;C:/Xilinx/SDK/2016.4/tps/win64/jre/bin;C:/Xilinx/SDK/2016.4/tps/win64/jre/lib/amd64;C:\Xilinx\SDK\2016.4\gnuwin\bin;C:\Xilinx\SDK\2016.4\gnu\microblaze\nt\bin;C:\Xilinx\SDK\2016.4\gnu\microblaze\linux_toolchain\nt64_le\bin;C:\Xilinx\SDK\2016.4\gnu\microblaze\linux_toolchain\nt64_be\bin;C:\Xilinx\SDK\2016.4\gnu\arm\nt\bin;C:\Xilinx\SDK\2016.4\gnu\aarch64\nt\aarch64-none\bin;C:\Xilinx\SDK\2016.4\gnu\aarch64\nt\aarch64-linux\bin;C:\Xilinx\SDK\2016.4\gnu\armr5\nt\gcc-arm-none-eabi\bin;C:\Xilinx\SDK\2016.4\gnu\aarch32\nt\gcc-arm-none-eabi\bin;C:\Xilinx\SDK\2016.4\gnu\aarch32\nt\gcc-arm-linux-gnueabi\bin;C:\Xilinx\SDK\2016.4\tps\win64\cmake-3.3.2\bin;;C:\Xilinx\SDK\2016.4\bin;C:\Xilinx\SDK\2016.4\lib\win64.o;C:\Xilinx\SDK\2016.4\tps\win64\jre\bin\server;C:\Xilinx\SDK\2016.4\tps\win64\jre\bin;C:\Xilinx\Vivado\2016.4\ids_lite\ISE\bin\nt64;C:\Xilinx\Vivado\2016.4\ids_lite\ISE\lib\nt64;C:\Xilinx\Vivado\2016.4\bin;C:\Xilinx\Vivado\2016.4\lib\win64.o;C:\Xilinx\Vivado\2016.4\tps\win64\jre\bin\server;C:\Xilinx\Vivado\2016.4\tps\win64\jre\bin;C:\Xilinx\Vivado_HLS\2016.4\bin;C:\ProgramData\Oracle\Java\javapath;C:\Windows\system32;C:\Windows;C:\Windows\System32\Wbem;C:\Windows\System32\WindowsPowerShell\v1.0\;C:\Program Files (x86)\Intel\OpenCL SDK\2.0\bin\x86;C:\Program Files (x86)\Intel\OpenCL SDK\2.0\bin\x64;c:\Users\shlab_89\Desktop\0620_lab_BRAM\0316303_0619;
USERNAME=shlab_89
OS=Windows_NT
PROCESSOR_IDENTIFIER=Intel64 Family 6 Model 58 Stepping 9, GenuineIntel



---------------  S Y S T E M  ---------------

OS: Windows 7 , 64 bit Build 7601 (6.1.7601.23807)

CPU:total 4 (2 cores per cpu, 2 threads per core) family 6 model 58 stepping 9, cmov, cx8, fxsr, mmx, sse, sse2, sse3, ssse3, sse4.1, sse4.2, popcnt, avx, clmul, erms, ht, tsc, tscinvbit, tscinv

Memory: 4k page, physical 16462528k(4291476k free), swap 32923196k(20155860k free)

vm_info: Java HotSpot(TM) 64-Bit Server VM (25.66-b18) for windows-amd64 JRE (1.8.0_66-b18), built on Nov  9 2015 10:51:13 by "java_re" with MS VC++ 10.0 (VS2010)

time: Wed Jun 21 19:14:13 2017
elapsed time: 1010 seconds (0d 0h 16m 50s)

