#
# A fatal error has been detected by the Java Runtime Environment:
#
#  EXCEPTION_UNCAUGHT_CXX_EXCEPTION (0xe06d7363) at pc=0x000007fefd8aa06d, pid=5908, tid=7268
#
# JRE version: Java(TM) SE Runtime Environment (8.0_66-b18) (build 1.8.0_66-b18)
# Java VM: Java HotSpot(TM) 64-Bit Server VM (25.66-b18 mixed mode windows-amd64 compressed oops)
# Problematic frame:
# C  [KERNELBASE.dll+0x1a06d]
#
# Failed to write core dump. Minidumps are not enabled by default on client versions of Windows
#
# If you would like to submit a bug report, please visit:
#   http://bugreport.java.com/bugreport/crash.jsp
#

---------------  T H R E A D  ---------------

Current thread (0x000000001383e800):  VMThread [stack: 0x00000000148a0000,0x00000000149a0000] [id=7268]

siginfo: ExceptionCode=0xe06d7363, ExceptionInformation=0x0000000019930520 0x000000001499f6c8 0x000007fee2742cb8 0x000007fee2690000 

Registers:
RAX=0x0000000061fdba98, RBX=0x000007fee2742cb8, RCX=0x000000001499ef10, RDX=0x00000000000000d0
RSP=0x000000001499f520, RBP=0x000000001499f650, RSI=0x00000000ffffffff, RDI=0x00000000262c1ae0
R8 =0x0000000000000000, R9 =0x0000000000000000, R10=0x000007fee2690000, R11=0x000000001499f560
R12=0x0000000000000001, R13=0x0000000000000008, R14=0x0000000000000000, R15=0xffffffffffffffff
RIP=0x000007fefd8aa06d, EFLAGS=0x0000000000000202

Top of Stack: (sp=0x000000001499f520)
0x000000001499f520:   000007fee2742cb8 00000000ffffffff
0x000000001499f530:   00000000262c1ae0 00000000003630d0
0x000000001499f540:   00000001e06d7363 0000000000000000
0x000000001499f550:   000007fefd8aa06d 000007fe00000004
0x000000001499f560:   0000000019930520 000000001499f6c8
0x000000001499f570:   000007fee2742cb8 000007fee2690000
0x000000001499f580:   0000000000000000 000000001499f608
0x000000001499f590:   0000000000000028 00000000262c1ad0
0x000000001499f5a0:   00000000003e4e40 0000000000000000
0x000000001499f5b0:   000007fffff9e000 000000007791f4e3
0x000000001499f5c0:   0000000000000000 0000000000000008
0x000000001499f5d0:   0000000000000001 00000000262c1ae0
0x000000001499f5e0:   00000000ffffffff 000007fee26ee92c
0x000000001499f5f0:   000007fee2742cb8 000000001499f660
0x000000001499f600:   0000000000000001 000007fee26900f8
0x000000001499f610:   00000001e06d7363 0000000000000000 

Instructions: (pc=0x000007fefd8aa06d)
0x000007fefd8aa04d:   54 24 24 48 89 4c 24 28 4d 85 c9 0f 85 6a 03 00
0x000007fefd8aa05d:   00 89 4c 24 38 48 8d 4c 24 20 ff 15 33 02 03 00
0x000007fefd8aa06d:   48 81 c4 c8 00 00 00 c3 90 90 90 90 90 90 90 90
0x000007fefd8aa07d:   90 90 90 48 83 ec 28 65 48 8b 04 25 30 00 00 00 


Register to memory mapping:

RAX=0x0000000061fdba98 is an unknown value
RBX=0x000007fee2742cb8 is an unknown value
RCX=0x000000001499ef10 is an unknown value
RDX=0x00000000000000d0 is an unknown value
RSP=0x000000001499f520 is an unknown value
RBP=0x000000001499f650 is an unknown value
RSI=0x00000000ffffffff is an unallocated location in the heap
RDI=0x00000000262c1ae0 is an unknown value
R8 =0x0000000000000000 is an unknown value
R9 =0x0000000000000000 is an unknown value
R10=0x000007fee2690000 is an unknown value
R11=0x000000001499f560 is an unknown value
R12=0x0000000000000001 is an unknown value
R13=0x0000000000000008 is an unknown value
R14=0x0000000000000000 is an unknown value
R15=0xffffffffffffffff is an unknown value


Stack: [0x00000000148a0000,0x00000000149a0000],  sp=0x000000001499f520,  free space=1021k
Native frames: (J=compiled Java code, j=interpreted, Vv=VM code, C=native code)
C  [KERNELBASE.dll+0x1a06d]
C  [MSVCR110.dll+0x5e92c]
C  [MSVCR110.dll+0x1315c]
C  [MSVCR110.dll+0x136a9]
C  [MSVCR110.dll+0x13e9c]
C  [MSVCR110.dll+0x239e]
C  [MSVCR110.dll+0xaf9e]
C  [MSVCP110.dll+0x397b9]
C  [librdi_common.dll+0x183a66]
C  [librdi_common.dll+0x1826fb]
C  [librdi_target_manager.dll+0x2400]
C  [librdi_target_manager.dll+0x2682]
C  [ntdll.dll+0x22ac1]
C  [ntdll.dll+0x228d0]
C  [MSVCR100.dll+0x20ccd]
V  [jvm.dll+0x210cc5]
V  [jvm.dll+0x249897]
V  [jvm.dll+0x248b36]
V  [jvm.dll+0x248fd1]
V  [jvm.dll+0x2491ee]
V  [jvm.dll+0x29a0fa]
C  [MSVCR100.dll+0x21d9f]
C  [MSVCR100.dll+0x21e3b]
C  [kernel32.dll+0x159cd]
C  [ntdll.dll+0x2a561]

VM_Operation (0x000000000012f4c0): Exit, mode: safepoint, requested by thread 0x00000000022c8000


---------------  P R O C E S S  ---------------

Java Threads: ( => current thread )
  0x0000000024398000 JavaThread "Spawner Reaper" daemon [_thread_in_native, id=2348, stack(0x000000002a7d0000,0x000000002a8d0000)]
  0x0000000024397800 JavaThread "Thread-182" [_thread_in_native, id=9404, stack(0x000000002a450000,0x000000002a550000)]
  0x0000000018d86000 JavaThread "pool-2-thread-4" [_thread_blocked, id=9288, stack(0x00000000290b0000,0x00000000291b0000)]
  0x0000000020f56800 JavaThread "pool-2-thread-3" [_thread_blocked, id=2272, stack(0x00000000284b0000,0x00000000285b0000)]
  0x0000000020f53800 JavaThread "pool-2-thread-2" [_thread_blocked, id=9260, stack(0x0000000028cb0000,0x0000000028db0000)]
  0x0000000020f53000 JavaThread "pool-2-thread-1" [_thread_blocked, id=3720, stack(0x00000000285b0000,0x00000000286b0000)]
  0x0000000020f51800 JavaThread "Thread-35" daemon [_thread_blocked, id=9908, stack(0x00000000281b0000,0x00000000282b0000)]
  0x000000001b156800 JavaThread "TCF Channel Transmitter" daemon [_thread_blocked, id=9992, stack(0x0000000023a20000,0x0000000023b20000)]
  0x000000001b156000 JavaThread "TCF Channel Receiver" daemon [_thread_in_native, id=10192, stack(0x0000000023920000,0x0000000023a20000)]
  0x000000001b155000 JavaThread "Process monitor" daemon [_thread_in_native, id=10728, stack(0x00000000279c0000,0x0000000027ac0000)]
  0x000000001b154800 JavaThread "Input Stream Monitor" daemon [_thread_blocked, id=7368, stack(0x00000000276a0000,0x00000000277a0000)]
  0x000000001b153800 JavaThread "Output Stream Monitor" daemon [_thread_in_native, id=4132, stack(0x0000000027310000,0x0000000027410000)]
  0x000000001b153000 JavaThread "Output Stream Monitor" daemon [_thread_in_native, id=5976, stack(0x0000000026e50000,0x0000000026f50000)]
  0x000000001ad85000 JavaThread "TCF Locator DNS Lookup" daemon [_thread_blocked, id=2116, stack(0x0000000021d70000,0x0000000021e70000)]
  0x0000000016b77000 JavaThread "TCF Locator Timer" daemon [_thread_blocked, id=3852, stack(0x0000000021560000,0x0000000021660000)]
  0x0000000016b76000 JavaThread "TCF Locator Receiver" daemon [_thread_blocked, id=9048, stack(0x000000001ec70000,0x000000001ed70000)]
  0x0000000016b74800 JavaThread "TCF Timer Dispatcher" daemon [_thread_blocked, id=4456, stack(0x000000001bc40000,0x000000001bd40000)]
  0x00000000168cd800 JavaThread "EMF Reference Cleaner" daemon [_thread_blocked, id=7848, stack(0x0000000018030000,0x0000000018130000)]
  0x0000000014c4f000 JavaThread "Service Thread" daemon [_thread_blocked, id=10544, stack(0x00000000154a0000,0x00000000155a0000)]
  0x00000000138ae800 JavaThread "C1 CompilerThread2" daemon [_thread_blocked, id=8944, stack(0x00000000153a0000,0x00000000154a0000)]
  0x00000000138ad000 JavaThread "C2 CompilerThread1" daemon [_thread_blocked, id=10532, stack(0x00000000152a0000,0x00000000153a0000)]
  0x0000000014bb1800 JavaThread "C2 CompilerThread0" daemon [_thread_blocked, id=5060, stack(0x00000000151a0000,0x00000000152a0000)]
  0x0000000014bb0800 JavaThread "Attach Listener" daemon [_thread_blocked, id=9148, stack(0x00000000150a0000,0x00000000151a0000)]
  0x00000000138a4000 JavaThread "Signal Dispatcher" daemon [_thread_blocked, id=7960, stack(0x0000000014fa0000,0x00000000150a0000)]
  0x000000001384a800 JavaThread "Finalizer" daemon [_thread_blocked, id=8612, stack(0x0000000014aa0000,0x0000000014ba0000)]
  0x0000000013843800 JavaThread "Reference Handler" daemon [_thread_blocked, id=6424, stack(0x00000000149a0000,0x0000000014aa0000)]
  0x00000000022c8000 JavaThread "main" [_thread_blocked, id=9380, stack(0x0000000000030000,0x0000000000130000)]

Other Threads:
=>0x000000001383e800 VMThread [stack: 0x00000000148a0000,0x00000000149a0000] [id=7268]

VM state:at safepoint (shutting down)

VM Mutex/Monitor currently owned by a thread:  ([mutex/lock_event])
[0x000000000242e310] Threads_lock - owner thread: 0x000000001383e800

Heap:
 PSYoungGen      total 120832K, used 72750K [0x00000000f5580000, 0x00000000fe300000, 0x0000000100000000)
  eden space 96768K, 71% used [0x00000000f5580000,0x00000000f994d640,0x00000000fb400000)
  from space 24064K, 13% used [0x00000000fb400000,0x00000000fb73e420,0x00000000fcb80000)
  to   space 23552K, 0% used [0x00000000fcc00000,0x00000000fcc00000,0x00000000fe300000)
 ParOldGen       total 116224K, used 59335K [0x00000000e0000000, 0x00000000e7180000, 0x00000000f5580000)
  object space 116224K, 51% used [0x00000000e0000000,0x00000000e39f1e88,0x00000000e7180000)
 Metaspace       used 99088K, capacity 107052K, committed 107288K, reserved 1142784K
  class space    used 11699K, capacity 14263K, committed 14360K, reserved 1048576K

Card table byte_map: [0x00000000117f0000,0x0000000011900000] byte_map_base: 0x00000000110f0000

Marking Bits: (ParMarkBitMap*) 0x00000000705aa5b0
 Begin Bits: [0x0000000011db0000, 0x00000000125b0000)
 End Bits:   [0x00000000125b0000, 0x0000000012db0000)

Polling page: 0x0000000000260000

CodeCache: size=245760Kb used=53929Kb max_used=53992Kb free=191830Kb
 bounds [0x0000000002430000, 0x0000000005950000, 0x0000000011430000]
 total_blobs=15023 nmethods=14109 adapters=818
 compilation: enabled

Compilation events (10 events):
Event: 562.695 Thread 0x00000000138ae800 18208   !   3       org.eclipse.osgi.container.ModuleDatabase::getRevisionsTimestamp (25 bytes)
Event: 562.696 Thread 0x00000000138ae800 nmethod 18208 0x0000000005930850 code [0x0000000005930a60, 0x0000000005931798]
Event: 562.696 Thread 0x00000000138ae800 18209       3       org.eclipse.osgi.internal.framework.EquinoxContainerAdaptor::clearManifestCache (84 bytes)
Event: 562.697 Thread 0x00000000138ae800 nmethod 18209 0x00000000049e70d0 code [0x00000000049e7320, 0x00000000049e8a38]
Event: 562.697 Thread 0x00000000138ae800 18210   !   3       org.eclipse.osgi.storage.BundleInfo$Generation::clearManifestCache (30 bytes)
Event: 562.698 Thread 0x00000000138ae800 nmethod 18210 0x000000000352c6d0 code [0x000000000352c860, 0x000000000352cea8]
Event: 562.698 Thread 0x00000000138ae800 18204       3       org.eclipse.osgi.internal.container.AtomicLazyInitializer::getAndClear (9 bytes)
Event: 562.698 Thread 0x00000000138ae800 nmethod 18204 0x000000000563b8d0 code [0x000000000563ba40, 0x000000000563bc90]
Event: 562.698 Thread 0x00000000138ae800 18205       3       java.util.concurrent.atomic.AtomicReference::getAndSet (12 bytes)
Event: 562.698 Thread 0x00000000138ae800 nmethod 18205 0x0000000003d10390 code [0x0000000003d104e0, 0x0000000003d10650]

GC Heap History (10 events):
Event: 463.541 GC heap before
{Heap before GC invocations=36 (full 8):
 PSYoungGen      total 119296K, used 96648K [0x00000000f5580000, 0x00000000fe580000, 0x0000000100000000)
  eden space 93184K, 100% used [0x00000000f5580000,0x00000000fb080000,0x00000000fb080000)
  from space 26112K, 13% used [0x00000000fb080000,0x00000000fb3e20d0,0x00000000fca00000)
  to   space 25600K, 0% used [0x00000000fcc80000,0x00000000fcc80000,0x00000000fe580000)
 ParOldGen       total 116224K, used 68351K [0x00000000e0000000, 0x00000000e7180000, 0x00000000f5580000)
  object space 116224K, 58% used [0x00000000e0000000,0x00000000e42bfe70,0x00000000e7180000)
 Metaspace       used 96551K, capacity 104550K, committed 104856K, reserved 1140736K
  class space    used 11446K, capacity 13942K, committed 13976K, reserved 1048576K
Event: 463.546 GC heap after
Heap after GC invocations=36 (full 8):
 PSYoungGen      total 119808K, used 3004K [0x00000000f5580000, 0x00000000fe400000, 0x0000000100000000)
  eden space 95744K, 0% used [0x00000000f5580000,0x00000000f5580000,0x00000000fb300000)
  from space 24064K, 12% used [0x00000000fcc80000,0x00000000fcf6f210,0x00000000fe400000)
  to   space 25088K, 0% used [0x00000000fb300000,0x00000000fb300000,0x00000000fcb80000)
 ParOldGen       total 116224K, used 68359K [0x00000000e0000000, 0x00000000e7180000, 0x00000000f5580000)
  object space 116224K, 58% used [0x00000000e0000000,0x00000000e42c1e70,0x00000000e7180000)
 Metaspace       used 96551K, capacity 104550K, committed 104856K, reserved 1140736K
  class space    used 11446K, capacity 13942K, committed 13976K, reserved 1048576K
}
Event: 465.778 GC heap before
{Heap before GC invocations=37 (full 8):
 PSYoungGen      total 119808K, used 25283K [0x00000000f5580000, 0x00000000fe400000, 0x0000000100000000)
  eden space 95744K, 23% used [0x00000000f5580000,0x00000000f6b41c10,0x00000000fb300000)
  from space 24064K, 12% used [0x00000000fcc80000,0x00000000fcf6f210,0x00000000fe400000)
  to   space 25088K, 0% used [0x00000000fb300000,0x00000000fb300000,0x00000000fcb80000)
 ParOldGen       total 116224K, used 68359K [0x00000000e0000000, 0x00000000e7180000, 0x00000000f5580000)
  object space 116224K, 58% used [0x00000000e0000000,0x00000000e42c1e70,0x00000000e7180000)
 Metaspace       used 96552K, capacity 104550K, committed 104856K, reserved 1140736K
  class space    used 11446K, capacity 13942K, committed 13976K, reserved 1048576K
Event: 465.786 GC heap after
Heap after GC invocations=37 (full 8):
 PSYoungGen      total 120832K, used 2412K [0x00000000f5580000, 0x00000000fe400000, 0x0000000100000000)
  eden space 95744K, 0% used [0x00000000f5580000,0x00000000f5580000,0x00000000fb300000)
  from space 25088K, 9% used [0x00000000fb300000,0x00000000fb55b070,0x00000000fcb80000)
  to   space 25088K, 0% used [0x00000000fcb80000,0x00000000fcb80000,0x00000000fe400000)
 ParOldGen       total 116224K, used 68359K [0x00000000e0000000, 0x00000000e7180000, 0x00000000f5580000)
  object space 116224K, 58% used [0x00000000e0000000,0x00000000e42c1e70,0x00000000e7180000)
 Metaspace       used 96552K, capacity 104550K, committed 104856K, reserved 1140736K
  class space    used 11446K, capacity 13942K, committed 13976K, reserved 1048576K
}
Event: 465.787 GC heap before
{Heap before GC invocations=38 (full 9):
 PSYoungGen      total 120832K, used 2412K [0x00000000f5580000, 0x00000000fe400000, 0x0000000100000000)
  eden space 95744K, 0% used [0x00000000f5580000,0x00000000f5580000,0x00000000fb300000)
  from space 25088K, 9% used [0x00000000fb300000,0x00000000fb55b070,0x00000000fcb80000)
  to   space 25088K, 0% used [0x00000000fcb80000,0x00000000fcb80000,0x00000000fe400000)
 ParOldGen       total 116224K, used 68359K [0x00000000e0000000, 0x00000000e7180000, 0x00000000f5580000)
  object space 116224K, 58% used [0x00000000e0000000,0x00000000e42c1e70,0x00000000e7180000)
 Metaspace       used 96552K, capacity 104550K, committed 104856K, reserved 1140736K
  class space    used 11446K, capacity 13942K, committed 13976K, reserved 1048576K
Event: 466.150 GC heap after
Heap after GC invocations=38 (full 9):
 PSYoungGen      total 120832K, used 0K [0x00000000f5580000, 0x00000000fe400000, 0x0000000100000000)
  eden space 95744K, 0% used [0x00000000f5580000,0x00000000f5580000,0x00000000fb300000)
  from space 25088K, 0% used [0x00000000fb300000,0x00000000fb300000,0x00000000fcb80000)
  to   space 25088K, 0% used [0x00000000fcb80000,0x00000000fcb80000,0x00000000fe400000)
 ParOldGen       total 116224K, used 59319K [0x00000000e0000000, 0x00000000e7180000, 0x00000000f5580000)
  object space 116224K, 51% used [0x00000000e0000000,0x00000000e39ede88,0x00000000e7180000)
 Metaspace       used 96514K, capacity 104486K, committed 104856K, reserved 1140736K
  class space    used 11438K, capacity 13928K, committed 13976K, reserved 1048576K
}
Event: 487.597 GC heap before
{Heap before GC invocations=39 (full 9):
 PSYoungGen      total 120832K, used 95744K [0x00000000f5580000, 0x00000000fe400000, 0x0000000100000000)
  eden space 95744K, 100% used [0x00000000f5580000,0x00000000fb300000,0x00000000fb300000)
  from space 25088K, 0% used [0x00000000fb300000,0x00000000fb300000,0x00000000fcb80000)
  to   space 25088K, 0% used [0x00000000fcb80000,0x00000000fcb80000,0x00000000fe400000)
 ParOldGen       total 116224K, used 59319K [0x00000000e0000000, 0x00000000e7180000, 0x00000000f5580000)
  object space 116224K, 51% used [0x00000000e0000000,0x00000000e39ede88,0x00000000e7180000)
 Metaspace       used 97909K, capacity 106046K, committed 106392K, reserved 1140736K
  class space    used 11580K, capacity 14128K, committed 14232K, reserved 1048576K
Event: 487.604 GC heap after
Heap after GC invocations=39 (full 9):
 PSYoungGen      total 121856K, used 3595K [0x00000000f5580000, 0x00000000fe400000, 0x0000000100000000)
  eden space 96768K, 0% used [0x00000000f5580000,0x00000000f5580000,0x00000000fb400000)
  from space 25088K, 14% used [0x00000000fcb80000,0x00000000fcf02d38,0x00000000fe400000)
  to   space 24064K, 0% used [0x00000000fb400000,0x00000000fb400000,0x00000000fcb80000)
 ParOldGen       total 116224K, used 59327K [0x00000000e0000000, 0x00000000e7180000, 0x00000000f5580000)
  object space 116224K, 51% used [0x00000000e0000000,0x00000000e39efe88,0x00000000e7180000)
 Metaspace       used 97909K, capacity 106046K, committed 106392K, reserved 1140736K
  class space    used 11580K, capacity 14128K, committed 14232K, reserved 1048576K
}
Event: 543.017 GC heap before
{Heap before GC invocations=40 (full 9):
 PSYoungGen      total 121856K, used 100363K [0x00000000f5580000, 0x00000000fe400000, 0x0000000100000000)
  eden space 96768K, 100% used [0x00000000f5580000,0x00000000fb400000,0x00000000fb400000)
  from space 25088K, 14% used [0x00000000fcb80000,0x00000000fcf02d38,0x00000000fe400000)
  to   space 24064K, 0% used [0x00000000fb400000,0x00000000fb400000,0x00000000fcb80000)
 ParOldGen       total 116224K, used 59327K [0x00000000e0000000, 0x00000000e7180000, 0x00000000f5580000)
  object space 116224K, 51% used [0x00000000e0000000,0x00000000e39efe88,0x00000000e7180000)
 Metaspace       used 98229K, capacity 106174K, committed 106392K, reserved 1140736K
  class space    used 11607K, capacity 14128K, committed 14232K, reserved 1048576K
Event: 543.023 GC heap after
Heap after GC invocations=40 (full 9):
 PSYoungGen      total 120832K, used 3321K [0x00000000f5580000, 0x00000000fe300000, 0x0000000100000000)
  eden space 96768K, 0% used [0x00000000f5580000,0x00000000f5580000,0x00000000fb400000)
  from space 24064K, 13% used [0x00000000fb400000,0x00000000fb73e420,0x00000000fcb80000)
  to   space 23552K, 0% used [0x00000000fcc00000,0x00000000fcc00000,0x00000000fe300000)
 ParOldGen       total 116224K, used 59335K [0x00000000e0000000, 0x00000000e7180000, 0x00000000f5580000)
  object space 116224K, 51% used [0x00000000e0000000,0x00000000e39f1e88,0x00000000e7180000)
 Metaspace       used 98229K, capacity 106174K, committed 106392K, reserved 1140736K
  class space    used 11607K, capacity 14128K, committed 14232K, reserved 1048576K
}

Deoptimization events (10 events):
Event: 562.030 Thread 0x0000000016757800 Uncommon trap: reason=array_check action=maybe_recompile pc=0x000000000576bb38 method=java.util.Arrays.fill([Ljava/lang/Object;Ljava/lang/Object;)V @ 13
Event: 562.031 Thread 0x0000000016757800 Uncommon trap: reason=array_check action=maybe_recompile pc=0x000000000576bb38 method=java.util.Arrays.fill([Ljava/lang/Object;Ljava/lang/Object;)V @ 13
Event: 562.031 Thread 0x0000000016757800 Uncommon trap: reason=array_check action=maybe_recompile pc=0x000000000576bb38 method=java.util.Arrays.fill([Ljava/lang/Object;Ljava/lang/Object;)V @ 13
Event: 562.583 Thread 0x0000000024394800 Uncommon trap: reason=unstable_if action=reinterpret pc=0x0000000002692454 method=org.eclipse.osgi.internal.hooks.EclipseLazyStarter.shouldActivateFor(Ljava/lang/String;Lorg/eclipse/osgi/container/Module;Lorg/eclipse/osgi/container/ModuleRevision;Lorg/ecliäeÇ∏˘îÅ@
Event: 562.622 Thread 0x0000000024394800 Uncommon trap: reason=null_check action=maybe_recompile pc=0x0000000002d9b3c4 method=com.xilinx.sdk.targetmanager.internal.json.XMDJSONProcess.issueCommand(Ljava/lang/String;)Lcom/xilinx/sdk/targetmanager/internal/IXMDResult; @ 3
Event: 562.629 Thread 0x0000000024394800 Uncommon trap: reason=class_check action=maybe_recompile pc=0x000000000544a3b8 method=org.eclipse.core.internal.jobs.DeadlockDetector.lockReleased(Ljava/lang/Thread;Lorg/eclipse/core/runtime/jobs/ISchedulingRule;)V @ 169
Event: 562.633 Thread 0x0000000024394800 Uncommon trap: reason=null_check action=make_not_entrant pc=0x0000000003b6eefc method=org.eclipse.core.internal.runtime.Log.isLoggable(Lorg/osgi/framework/Bundle;Ljava/lang/String;I)Z @ 3
Event: 562.647 Thread 0x0000000016757800 Uncommon trap: reason=unstable_if action=reinterpret pc=0x00000000030e928c method=org.eclipse.osgi.internal.framework.BundleContextImpl.dispatchEvent(Ljava/lang/Object;Ljava/lang/Object;ILjava/lang/Object;)V @ 16
Event: 562.660 Thread 0x000000001ad8c000 Uncommon trap: reason=unstable_if action=reinterpret pc=0x000000000503042c method=org.eclipse.core.internal.jobs.JobManager.nextJob()Lorg/eclipse/core/runtime/jobs/Job; @ 80
Event: 562.684 Thread 0x0000000024394800 Uncommon trap: reason=unstable_if action=reinterpret pc=0x00000000032437e4 method=sun.reflect.UnsafeStaticObjectFieldAccessorImpl.set(Ljava/lang/Object;Ljava/lang/Object;)V @ 13

Internal exceptions (10 events):
Event: 561.926 Thread 0x000000001ad8a800 Implicit null exception at 0x000000000585a5c9 to 0x000000000585bea1
Event: 561.972 Thread 0x000000001f393000 Exception <a 'java/lang/InterruptedException'> (0x00000000f932a440) thrown at [C:\re\workspace\8-2-build-windows-amd64-cygwin\jdk8u66\5298\hotspot\src\share\vm\runtime\objectMonitor.cpp, line 1683]
Event: 562.622 Thread 0x0000000024394800 Implicit null exception at 0x0000000002d99707 to 0x0000000002d9b3b5
Event: 562.622 Thread 0x0000000024394800 Exception <a 'java/lang/NullPointerException'> (0x00000000f959fe98) thrown at [C:\re\workspace\8-2-build-windows-amd64-cygwin\jdk8u66\5298\hotspot\src\share\vm\prims\jvm.cpp, line 1390]
Event: 562.633 Thread 0x0000000024394800 Implicit null exception at 0x0000000003b6eda2 to 0x0000000003b6eeed
Event: 562.658 Thread 0x0000000016b71800 Exception <a 'java/lang/InterruptedException'> (0x00000000f8f7d440) thrown at [C:\re\workspace\8-2-build-windows-amd64-cygwin\jdk8u66\5298\hotspot\src\share\vm\runtime\objectMonitor.cpp, line 1683]
Event: 562.684 Thread 0x0000000024394800 Implicit null exception at 0x00000000032433d7 to 0x00000000032437d1
Event: 562.684 Thread 0x0000000016757800 Exception <a 'java/lang/InterruptedException'> (0x00000000f96dcf80) thrown at [C:\re\workspace\8-2-build-windows-amd64-cygwin\jdk8u66\5298\hotspot\src\share\vm\runtime\objectMonitor.cpp, line 1683]
Event: 562.690 Thread 0x0000000016b73000 Exception <a 'java/lang/InterruptedException'> (0x00000000f649e6b8) thrown at [C:\re\workspace\8-2-build-windows-amd64-cygwin\jdk8u66\5298\hotspot\src\share\vm\runtime\objectMonitor.cpp, line 1683]
Event: 562.690 Thread 0x0000000016688800 Exception <a 'java/lang/InterruptedException'> (0x00000000f985de88) thrown at [C:\re\workspace\8-2-build-windows-amd64-cygwin\jdk8u66\5298\hotspot\src\share\vm\runtime\objectMonitor.cpp, line 1683]

Events (10 events):
Event: 562.724 loading class java/util/IdentityHashMap$IdentityHashMapIterator
Event: 562.724 loading class java/util/IdentityHashMap$IdentityHashMapIterator done
Event: 562.724 loading class java/util/IdentityHashMap$KeyIterator done
Event: 562.724 Thread 0x0000000024394800 Thread added: 0x0000000024394800
Event: 562.725 Executing VM operation: RevokeBias
Event: 562.725 Executing VM operation: RevokeBias done
Event: 562.725 Executing VM operation: RevokeBias
Event: 562.725 Executing VM operation: RevokeBias done
Event: 562.725 Thread 0x0000000024394800 Thread exited: 0x0000000024394800
Event: 562.725 Executing VM operation: Exit


Dynamic libraries:
0x0000000000400000 - 0x000000000044f000 	C:\Xilinx\SDK\2016.4\eclipse\win64.o\eclipse.exe
0x00000000778d0000 - 0x0000000077a7a000 	C:\Windows\SYSTEM32\ntdll.dll
0x00000000776b0000 - 0x00000000777cf000 	C:\Windows\system32\kernel32.dll
0x000007fefd890000 - 0x000007fefd8fa000 	C:\Windows\system32\KERNELBASE.dll
0x00000000777d0000 - 0x00000000778ca000 	C:\Windows\system32\USER32.dll
0x000007feff330000 - 0x000007feff397000 	C:\Windows\system32\GDI32.dll
0x000007fefda60000 - 0x000007fefda6e000 	C:\Windows\system32\LPK.dll
0x000007feff980000 - 0x000007feffa4b000 	C:\Windows\system32\USP10.dll
0x000007fefe2f0000 - 0x000007fefe38f000 	C:\Windows\system32\msvcrt.dll
0x000007fefbc50000 - 0x000007fefbe44000 	C:\Windows\WinSxS\amd64_microsoft.windows.common-controls_6595b64144ccf1df_6.0.7601.18837_none_fa3b1e3d17594757\COMCTL32.dll
0x000007fefe410000 - 0x000007fefe481000 	C:\Windows\system32\SHLWAPI.dll
0x000007fefe150000 - 0x000007fefe17e000 	C:\Windows\system32\IMM32.DLL
0x000007fefe490000 - 0x000007fefe599000 	C:\Windows\system32\MSCTF.dll
0x0000000072000000 - 0x0000000072012000 	C:\Xilinx\SDK\2016.4\eclipse\win64.o\plugins\org.eclipse.equinox.launcher.win32.win32.x86_64_1.1.300.v20150602-1417\eclipse_1611.dll
0x000007feff8a0000 - 0x000007feff97b000 	C:\Windows\system32\ADVAPI32.dll
0x000007feff3b0000 - 0x000007feff3cf000 	C:\Windows\SYSTEM32\sechost.dll
0x000007fefde40000 - 0x000007fefdf6d000 	C:\Windows\system32\RPCRT4.dll
0x000007fefc6a0000 - 0x000007fefc6ac000 	C:\Windows\system32\VERSION.dll
0x000007fefbb60000 - 0x000007fefbbb6000 	C:\Windows\system32\uxtheme.dll
0x000007fee1dd0000 - 0x000007fee1e18000 	C:\Program Files (x86)\TeamViewer\tv_x64.dll
0x000007fefe5a0000 - 0x000007feff32b000 	C:\Windows\system32\SHELL32.dll
0x000007feff6a0000 - 0x000007feff89c000 	C:\Windows\system32\ole32.dll
0x000000006fda0000 - 0x0000000070629000 	C:\Xilinx\SDK\2016.4\tps\win64\jre\bin\server\jvm.dll
0x000007fefaeb0000 - 0x000007fefaeb9000 	C:\Windows\system32\WSOCK32.dll
0x000007fefe180000 - 0x000007fefe1cd000 	C:\Windows\system32\WS2_32.dll
0x000007feff3a0000 - 0x000007feff3a8000 	C:\Windows\system32\NSI.dll
0x000007fefa880000 - 0x000007fefa8bb000 	C:\Windows\system32\WINMM.dll
0x0000000077aa0000 - 0x0000000077aa7000 	C:\Windows\system32\PSAPI.DLL
0x000000006f5b0000 - 0x000000006f682000 	C:\Windows\system32\MSVCR100.dll
0x0000000000250000 - 0x000000000025f000 	C:\Xilinx\SDK\2016.4\tps\win64\jre\bin\verify.dll
0x00000000568c0000 - 0x00000000568e9000 	C:\Xilinx\SDK\2016.4\tps\win64\jre\bin\java.dll
0x00000000568a0000 - 0x00000000568b6000 	C:\Xilinx\SDK\2016.4\tps\win64\jre\bin\zip.dll
0x000007fefd5d0000 - 0x000007fefd5df000 	C:\Windows\system32\profapi.dll
0x000007fefcdb0000 - 0x000007fefcdc8000 	C:\Windows\system32\CRYPTSP.dll
0x000007fefcab0000 - 0x000007fefcaf7000 	C:\Windows\system32\rsaenh.dll
0x000007fefd920000 - 0x000007fefd93e000 	C:\Windows\system32\USERENV.dll
0x000007fefd3c0000 - 0x000007fefd3cf000 	C:\Windows\system32\CRYPTBASE.dll
0x0000000056880000 - 0x000000005689a000 	C:\Xilinx\SDK\2016.4\tps\win64\jre\bin\net.dll
0x000007fefcd50000 - 0x000007fefcda5000 	C:\Windows\system32\mswsock.dll
0x000007fefcd40000 - 0x000007fefcd47000 	C:\Windows\System32\wship6.dll
0x000007fefaa70000 - 0x000007fefaa97000 	C:\Windows\system32\IPHLPAPI.DLL
0x000007fefa9c0000 - 0x000007fefa9cb000 	C:\Windows\system32\WINNSI.DLL
0x000007fefa7d0000 - 0x000007fefa7e1000 	C:\Windows\system32\dhcpcsvc6.DLL
0x000007fefa7b0000 - 0x000007fefa7c8000 	C:\Windows\system32\dhcpcsvc.DLL
0x0000000056860000 - 0x0000000056871000 	C:\Xilinx\SDK\2016.4\tps\win64\jre\bin\nio.dll
0x000007fefdda0000 - 0x000007fefde39000 	C:\Windows\system32\CLBCatQ.DLL
0x000007fefd980000 - 0x000007fefda5a000 	C:\Windows\system32\OLEAUT32.dll
0x000007fefb400000 - 0x000007fefb415000 	C:\Windows\system32\NLAapi.dll
0x000007fef45a0000 - 0x000007fef45b5000 	C:\Windows\system32\napinsp.dll
0x000007fef4580000 - 0x000007fef4599000 	C:\Windows\system32\pnrpnsp.dll
0x000007fefcbd0000 - 0x000007fefcc2b000 	C:\Windows\system32\DNSAPI.dll
0x000007fef57f0000 - 0x000007fef57fb000 	C:\Windows\System32\winrnr.dll
0x000007fefc770000 - 0x000007fefc777000 	C:\Windows\System32\wshtcpip.dll
0x000007fef5340000 - 0x000007fef5348000 	C:\Windows\system32\rasadhlp.dll
0x000007fefa920000 - 0x000007fefa973000 	C:\Windows\System32\fwpuclnt.dll
0x0000000017580000 - 0x0000000017628000 	C:\Users\shlab_61\.Xilinx\SDK\2016.4\org.eclipse.osgi\319\0\.cp\swt-win32-4527.dll
0x000007fefe250000 - 0x000007fefe2e7000 	C:\Windows\system32\comdlg32.dll
0x000007fef4df0000 - 0x000007fef4e61000 	C:\Windows\system32\WINSPOOL.DRV
0x000007fefda70000 - 0x000007fefdd91000 	C:\Windows\system32\WININET.dll
0x000007fefd6a0000 - 0x000007fefd6a4000 	C:\Windows\system32\api-ms-win-downlevel-user32-l1-1-0.dll
0x000007fefd900000 - 0x000007fefd904000 	C:\Windows\system32\api-ms-win-downlevel-shlwapi-l1-1-0.dll
0x000007fefd690000 - 0x000007fefd694000 	C:\Windows\system32\api-ms-win-downlevel-version-l1-1-0.dll
0x000007fefd6b0000 - 0x000007fefd6b3000 	C:\Windows\system32\api-ms-win-downlevel-normaliz-l1-1-0.dll
0x0000000077a90000 - 0x0000000077a93000 	C:\Windows\system32\normaliz.DLL
0x000007feff3d0000 - 0x000007feff69a000 	C:\Windows\system32\iertutil.dll
0x000007fefd5e0000 - 0x000007fefd5e5000 	C:\Windows\system32\api-ms-win-downlevel-advapi32-l1-1-0.dll
0x000007fefd720000 - 0x000007fefd88d000 	C:\Windows\system32\CRYPT32.dll
0x000007fefd5c0000 - 0x000007fefd5cf000 	C:\Windows\system32\MSASN1.dll
0x000007fefa730000 - 0x000007fefa748000 	C:\Windows\system32\dwmapi.dll
0x000007fefbe50000 - 0x000007fefbf7c000 	C:\Windows\system32\propsys.dll
0x0000000002400000 - 0x000000000241e000 	C:\Users\shlab_61\.Xilinx\SDK\2016.4\org.eclipse.osgi\319\0\.cp\swt-gdip-win32-4527.dll
0x000007fefb940000 - 0x000007fefbb57000 	C:\Windows\WinSxS\amd64_microsoft.windows.gdiplus_6595b64144ccf1df_1.1.7601.23807_none_14556b8e8b95d1fc\gdiplus.dll
0x000007fefa460000 - 0x000007fefa5c1000 	C:\Windows\system32\WindowsCodecs.dll
0x0000000180000000 - 0x0000000180012000 	C:\Users\shlab_61\.Xilinx\SDK\2016.4\org.eclipse.osgi\133\0\.cp\os\win32\x86_64\localfile_1_0_0.dll
0x000007fef9c90000 - 0x000007fef9ce4000 	C:\Windows\system32\oleacc.dll
0x000007fef9bc0000 - 0x000007fef9bc7000 	C:\Windows\system32\msimg32.dll
0x000007fefd510000 - 0x000007fefd524000 	C:\Windows\system32\RpcRtRemote.dll
0x000007fefd470000 - 0x000007fefd4c7000 	C:\Windows\system32\apphelp.dll
0x000007fefafc0000 - 0x000007fefafd1000 	C:\Users\shlab_61\.Xilinx\SDK\2016.4\org.eclipse.osgi\136\0\.cp\jWinHttp-1.0.0.dll
0x000007fef6a40000 - 0x000007fef6ab1000 	C:\Windows\system32\WINHTTP.dll
0x000007fef69d0000 - 0x000007fef6a34000 	C:\Windows\system32\webio.dll
0x000007fefd390000 - 0x000007fefd3b5000 	C:\Windows\system32\SspiCli.dll
0x000007fefc980000 - 0x000007fefc98a000 	C:\Windows\system32\credssp.dll
0x000007fefd6e0000 - 0x000007fefd716000 	C:\Windows\system32\CFGMGR32.dll
0x000007fefaff0000 - 0x000007fefafff000 	C:\Xilinx\SDK\2016.4\lib\win64.o\librdi_repo_manager.dll
0x000007fefaf90000 - 0x000007fefafba000 	C:\Xilinx\SDK\2016.4\lib\win64.o\libisl_sysinfo.dll
0x000007fee2690000 - 0x000007fee2764000 	C:\Windows\system32\MSVCR110.dll
0x000007fee2300000 - 0x000007fee23a7000 	C:\Windows\system32\MSVCP110.dll
0x000007feb4370000 - 0x000007feb4e1a000 	C:\Xilinx\SDK\2016.4\lib\win64.o\librdi_common.dll
0x000007feb6d50000 - 0x000007feb70be000 	C:\Xilinx\SDK\2016.4\lib\win64.o\libCOIN-all.dll
0x000007fedf020000 - 0x000007fedf23f000 	C:\Xilinx\SDK\2016.4\lib\win64.o\libXil_lmgr11.dll
0x000007fefb4c0000 - 0x000007fefb4d6000 	C:\Windows\system32\NETAPI32.dll
0x000007fefb4b0000 - 0x000007fefb4bc000 	C:\Windows\system32\netutils.dll
0x000007fefd120000 - 0x000007fefd143000 	C:\Windows\system32\srvcli.dll
0x000007fefb470000 - 0x000007fefb485000 	C:\Windows\system32\wkscli.dll
0x000007fefd940000 - 0x000007fefd97b000 	C:\Windows\system32\WINTRUST.dll
0x000007fefafe0000 - 0x000007fefaff0000 	C:\Xilinx\SDK\2016.4\lib\win64.o\libboost_date_time.dll
0x000007fefaee0000 - 0x000007fefaf04000 	C:\Xilinx\SDK\2016.4\lib\win64.o\libboost_filesystem.dll
0x000007fefaf60000 - 0x000007fefaf69000 	C:\Xilinx\SDK\2016.4\lib\win64.o\libboost_system.dll
0x000007fef23a0000 - 0x000007fef2417000 	C:\Xilinx\SDK\2016.4\lib\win64.o\libboost_program_options.dll
0x000007fedff50000 - 0x000007fee0056000 	C:\Xilinx\SDK\2016.4\lib\win64.o\libboost_regex.dll
0x000007fefaf40000 - 0x000007fefaf53000 	C:\Xilinx\SDK\2016.4\lib\win64.o\libboost_signals.dll
0x000007fefaf20000 - 0x000007fefaf3d000 	C:\Xilinx\SDK\2016.4\lib\win64.o\libboost_thread.dll
0x000007fefaed0000 - 0x000007fefaedb000 	C:\Xilinx\SDK\2016.4\lib\win64.o\libboost_chrono.dll
0x000007fefae70000 - 0x000007fefae7b000 	C:\Xilinx\SDK\2016.4\lib\win64.o\libboost_xilinx.dll
0x000007fef2420000 - 0x000007fef24a0000 	C:\Xilinx\SDK\2016.4\lib\win64.o\libhdlpsolve.dll
0x000007fee2080000 - 0x000007fee211a000 	C:\Xilinx\SDK\2016.4\lib\win64.o\libhdxml.dll
0x000007feb5310000 - 0x000007feb56d9000 	C:\Xilinx\SDK\2016.4\lib\win64.o\libisl_iostreams.dll
0x000007fef2d00000 - 0x000007fef2d16000 	C:\Xilinx\SDK\2016.4\lib\win64.o\libboost_iostreams.dll
0x000007fef2c20000 - 0x000007fef2c3f000 	C:\Xilinx\SDK\2016.4\lib\win64.o\librdizlib.dll
0x000007fee23c0000 - 0x000007fee23e3000 	C:\Xilinx\SDK\2016.4\lib\win64.o\libisl_iosutils.dll
0x000007fee2400000 - 0x000007fee2415000 	C:\Xilinx\SDK\2016.4\lib\win64.o\pthreadVC2.dll
0x000007fee2020000 - 0x000007fee2073000 	C:\Xilinx\SDK\2016.4\lib\win64.o\librdi_commonxillic.dll
0x000007fedeef0000 - 0x000007fedf020000 	C:\Xilinx\SDK\2016.4\lib\win64.o\librdi_curl.dll
0x000007fef2c00000 - 0x000007fef2c18000 	C:\Xilinx\SDK\2016.4\lib\win64.o\librdiconfig.dll
0x0000000052750000 - 0x0000000052877000 	C:\Xilinx\SDK\2016.4\lib\win64.o\tcl85t.dll
0x00000000270a0000 - 0x0000000027303000 	C:\Xilinx\SDK\2016.4\lib\win64.o\xerces-c_3_1.dll
0x000007feffa50000 - 0x000007feffbd5000 	C:\Windows\system32\urlmon.dll
0x000007fefd910000 - 0x000007fefd914000 	C:\Windows\system32\api-ms-win-downlevel-ole32-l1-1-0.dll
0x000007fedd5c0000 - 0x000007fedd5e3000 	C:\Windows\system32\VCOMP110.DLL
0x000007feb7120000 - 0x000007feb7318000 	C:\Xilinx\SDK\2016.4\lib\win64.o\librdi_hsm.dll
0x000007fee1fd0000 - 0x000007fee2013000 	C:\Xilinx\SDK\2016.4\lib\win64.o\librdi_hdf.dll
0x000007feb5040000 - 0x000007feb5308000 	C:\Xilinx\SDK\2016.4\lib\win64.o\librdi_ippcw.dll
0x0000000071080000 - 0x00000000710a6000 	C:\Xilinx\SDK\2016.4\eclipse\win64.o\plugins\gnu.io.rxtx.win32.x86_64_2.1.7.3_v20071015\os\win32\x86_64\rxtxSerial.dll
0x000007fefbc20000 - 0x000007fefbc36000 	C:\Xilinx\SDK\2016.4\eclipse\win64.o\plugins\org.eclipse.cdt.core.win32.x86_64_5.4.0.201509131935\os\win32\x86_64\spawner.dll
0x000007fefaec0000 - 0x000007fefaeca000 	C:\Xilinx\SDK\2016.4\lib\win64.o\librdi_jtag_settings.dll
0x000007fedeec0000 - 0x000007fedeee9000 	C:\Xilinx\SDK\2016.4\lib\win64.o\librdi_debug_dialog.dll
0x000007fefae60000 - 0x000007fefae68000 	C:\Xilinx\SDK\2016.4\lib\win64.o\librdi_target_manager.dll

VM Arguments:
jvm_args: -Dcom.xilinx.sdk.args.hwspec=C:/Users/shlab_61/Downloads/0619_lab/0316303_0619/0316303_0619.sdk/lab6_wrapper.hdf -Xms64m -Xmx512m & 
java_command: <unknown>
java_class_path (initial): C:\Xilinx\SDK\2016.4\eclipse\win64.o\\plugins/org.eclipse.equinox.launcher_1.3.100.v20150511-1540.jar
Launcher Type: generic

Environment Variables:
PATH=C:/Xilinx/SDK/2016.4/tps/win64/jre/bin/server;C:/Xilinx/SDK/2016.4/tps/win64/jre/bin;C:/Xilinx/SDK/2016.4/tps/win64/jre/lib/amd64;C:\Xilinx\SDK\2016.4\gnuwin\bin;C:\Xilinx\SDK\2016.4\gnu\microblaze\nt\bin;C:\Xilinx\SDK\2016.4\gnu\microblaze\linux_toolchain\nt64_le\bin;C:\Xilinx\SDK\2016.4\gnu\microblaze\linux_toolchain\nt64_be\bin;C:\Xilinx\SDK\2016.4\gnu\arm\nt\bin;C:\Xilinx\SDK\2016.4\gnu\aarch64\nt\aarch64-none\bin;C:\Xilinx\SDK\2016.4\gnu\aarch64\nt\aarch64-linux\bin;C:\Xilinx\SDK\2016.4\gnu\armr5\nt\gcc-arm-none-eabi\bin;C:\Xilinx\SDK\2016.4\gnu\aarch32\nt\gcc-arm-none-eabi\bin;C:\Xilinx\SDK\2016.4\gnu\aarch32\nt\gcc-arm-linux-gnueabi\bin;C:\Xilinx\SDK\2016.4\tps\win64\cmake-3.3.2\bin;;C:\Xilinx\SDK\2016.4\bin;C:\Xilinx\SDK\2016.4\lib\win64.o;C:\Xilinx\SDK\2016.4\tps\win64\jre\bin\server;C:\Xilinx\SDK\2016.4\tps\win64\jre\bin;C:\Xilinx\Vivado\2016.4\ids_lite\ISE\bin\nt64;C:\Xilinx\Vivado\2016.4\ids_lite\ISE\lib\nt64;C:\Xilinx\Vivado\2016.4\bin;C:\Xilinx\Vivado\2016.4\lib\win64.o;C:\Xilinx\Vivado\2016.4\tps\win64\jre\bin\server;C:\Xilinx\Vivado\2016.4\tps\win64\jre\bin;C:\Xilinx\Vivado_HLS\2016.4\bin;C:\ProgramData\Oracle\Java\javapath;C:\Windows\system32;C:\Windows;C:\Windows\System32\Wbem;C:\Windows\System32\WindowsPowerShell\v1.0\;C:\Program Files (x86)\Intel\OpenCL SDK\2.0\bin\x86;C:\Program Files (x86)\Intel\OpenCL SDK\2.0\bin\x64;c:\Users\shlab_61\Downloads\0619_lab\0316303_0619;
USERNAME=shlab_61
OS=Windows_NT
PROCESSOR_IDENTIFIER=Intel64 Family 6 Model 58 Stepping 9, GenuineIntel



---------------  S Y S T E M  ---------------

OS: Windows 7 , 64 bit Build 7601 (6.1.7601.23807)

CPU:total 4 (2 cores per cpu, 2 threads per core) family 6 model 58 stepping 9, cmov, cx8, fxsr, mmx, sse, sse2, sse3, ssse3, sse4.1, sse4.2, popcnt, avx, clmul, erms, ht, tsc, tscinvbit, tscinv

Memory: 4k page, physical 16462528k(10279868k free), swap 32923196k(25337688k free)

vm_info: Java HotSpot(TM) 64-Bit Server VM (25.66-b18) for windows-amd64 JRE (1.8.0_66-b18), built on Nov  9 2015 10:51:13 by "java_re" with MS VC++ 10.0 (VS2010)

time: Tue Jun 20 16:34:44 2017
elapsed time: 563 seconds (0d 0h 9m 23s)

