#-----------------------------------------------------------
# Vivado v2016.4 (64-bit)
# SW Build 1756540 on Mon Jan 23 19:11:23 MST 2017
# IP Build 1755317 on Mon Jan 23 20:30:07 MST 2017
# Start of session at: Tue Jun 20 21:33:19 2017
# Process ID: 4812
# Current directory: C:/Users/shlab_61/Desktop/0620/0620_labfq110/0316303_0619
# Command line: vivado.exe -gui_launcher_event rodinguilauncherevent2644 C:\Users\shlab_61\Desktop\0620\0620_labfq110\0316303_0619\0316303_0619.xpr
# Log file: C:/Users/shlab_61/Desktop/0620/0620_labfq110/0316303_0619/vivado.log
# Journal file: C:/Users/shlab_61/Desktop/0620/0620_labfq110/0316303_0619\vivado.jou
#-----------------------------------------------------------
start_gui
open_project C:/Users/shlab_61/Desktop/0620/0620_labfq110/0316303_0619/0316303_0619.xpr
INFO: [Project 1-313] Project file moved from 'C:/Users/shlab_61/Downloads/0619_lab/0316303_0619' since last save.
Scanning sources...
Finished scanning sources
INFO: [IP_Flow 19-234] Refreshing IP repositories
INFO: [IP_Flow 19-1700] Loaded user IP repository 'c:/Users/shlab_61/Desktop/0620/0620_labfq110/ip_repo/me_match_1.0'.
INFO: [IP_Flow 19-2313] Loaded Vivado IP repository 'C:/Xilinx/Vivado/2016.4/data/ip'.
open_project: Time (s): cpu = 00:00:12 ; elapsed = 00:00:07 . Memory (MB): peak = 790.266 ; gain = 116.867
open_bd_design {C:/Users/shlab_61/Desktop/0620/0620_labfq110/0316303_0619/0316303_0619.srcs/sources_1/bd/lab6/lab6.bd}
Adding cell -- xilinx.com:ip:processing_system7:5.5 - processing_system7_0
Adding cell -- xilinx.com:ip:proc_sys_reset:5.0 - rst_ps7_0_100M
Adding cell -- xilinx.com:user:me_match:1.0 - me_match_0
Adding cell -- xilinx.com:ip:axi_protocol_converter:2.1 - auto_pc
Successfully read diagram <lab6> from BD file <C:/Users/shlab_61/Desktop/0620/0620_labfq110/0316303_0619/0316303_0619.srcs/sources_1/bd/lab6/lab6.bd>
open_bd_design: Time (s): cpu = 00:00:07 ; elapsed = 00:00:05 . Memory (MB): peak = 842.684 ; gain = 45.180
exit
INFO: [Common 17-206] Exiting Vivado at Tue Jun 20 21:34:05 2017...
