#-----------------------------------------------------------
# Vivado v2016.4 (64-bit)
# SW Build 1756540 on Mon Jan 23 19:11:23 MST 2017
# IP Build 1755317 on Mon Jan 23 20:30:07 MST 2017
# Start of session at: Wed Jun 21 03:52:27 2017
# Process ID: 4528
# Current directory: C:/Users/Berlin/Desktop/0620/0620_lab_BRAM/0316303_0619
# Command line: vivado.exe -gui_launcher_event rodinguilauncherevent17044 C:\Users\Berlin\Desktop\0620\0620_lab_BRAM\0316303_0619\0316303_0619.xpr
# Log file: C:/Users/Berlin/Desktop/0620/0620_lab_BRAM/0316303_0619/vivado.log
# Journal file: C:/Users/Berlin/Desktop/0620/0620_lab_BRAM/0316303_0619\vivado.jou
#-----------------------------------------------------------
start_gui
open_project C:/Users/Berlin/Desktop/0620/0620_lab_BRAM/0316303_0619/0316303_0619.xpr
INFO: [Project 1-313] Project file moved from 'C:/Users/shlab_61/Downloads/0619_lab/0316303_0619' since last save.
Scanning sources...
Finished scanning sources
INFO: [IP_Flow 19-234] Refreshing IP repositories
INFO: [IP_Flow 19-1700] Loaded user IP repository 'c:/Users/Berlin/Desktop/0620/0620_lab_BRAM/ip_repo/me_match_1.0'.
INFO: [IP_Flow 19-2313] Loaded Vivado IP repository 'F:/Xilinx/Vivado/2016.4/data/ip'.
open_project: Time (s): cpu = 00:00:08 ; elapsed = 00:00:05 . Memory (MB): peak = 816.496 ; gain = 135.508
ipx::edit_ip_in_project -upgrade true -name me_match_v1_0_v1_0_project -directory C:/Users/Berlin/Desktop/0620/0620_lab_BRAM/0316303_0619/0316303_0619.tmp/me_match_v1_0_v1_0_project c:/Users/Berlin/Desktop/0620/0620_lab_BRAM/ip_repo/me_match_1.0/component.xml
INFO: [ProjectBase 1-489] The host OS only allows 260 characters in a normal path. The project is stored in a path with more than 80 characters. If you experience issues with IP, Block Designs, or files not being found, please consider moving the project to a location with a shorter path. Alternately consider using the OS subst command to map part of the path to a drive letter.
Current project path is 'c:/users/berlin/desktop/0620/0620_lab_bram/0316303_0619/0316303_0619.tmp/me_match_v1_0_v1_0_project'
INFO: [IP_Flow 19-234] Refreshing IP repositories
INFO: [IP_Flow 19-1704] No user IP repositories specified
INFO: [IP_Flow 19-2313] Loaded Vivado IP repository 'F:/Xilinx/Vivado/2016.4/data/ip'.
INFO: [IP_Flow 19-234] Refreshing IP repositories
INFO: [IP_Flow 19-1700] Loaded user IP repository 'c:/Users/Berlin/Desktop/0620/0620_lab_BRAM/ip_repo/me_match_1.0'.
INFO: [IP_Flow 19-795] Syncing license key meta-data
INFO: [IP_Flow 19-793] Syncing display name meta-data
INFO: [IP_Flow 19-798] Syncing taxonomy meta-data
set_property core_revision 15 [ipx::current_core]
ipx::create_xgui_files [ipx::current_core]
ipx::update_checksums [ipx::current_core]
ipx::save_core [ipx::current_core]
close_project -delete
update_ip_catalog -rebuild -repo_path c:/Users/Berlin/Desktop/0620/0620_lab_BRAM/ip_repo/me_match_1.0
INFO: [IP_Flow 19-725] Reloaded user IP repository 'c:/Users/Berlin/Desktop/0620/0620_lab_BRAM/ip_repo/me_match_1.0'
report_ip_status -name ip_status 
upgrade_ip -vlnv xilinx.com:user:me_match:1.0 [get_ips  lab6_me_match_0_0] -log ip_upgrade.log
Upgrading 'C:/Users/Berlin/Desktop/0620/0620_lab_BRAM/0316303_0619/0316303_0619.srcs/sources_1/bd/lab6/lab6.bd'
Adding cell -- xilinx.com:ip:processing_system7:5.5 - processing_system7_0
Adding cell -- xilinx.com:ip:proc_sys_reset:5.0 - rst_ps7_0_100M
Adding cell -- xilinx.com:user:me_match:1.0 - me_match_0
Adding cell -- xilinx.com:ip:axi_protocol_converter:2.1 - auto_pc
Successfully read diagram <lab6> from BD file <C:/Users/Berlin/Desktop/0620/0620_lab_BRAM/0316303_0619/0316303_0619.srcs/sources_1/bd/lab6/lab6.bd>
INFO: [IP_Flow 19-3422] Upgraded lab6_me_match_0_0 (me_match_v1.0 1.0) from revision 14 to revision 15
Wrote  : <C:/Users/Berlin/Desktop/0620/0620_lab_BRAM/0316303_0619/0316303_0619.srcs/sources_1/bd/lab6/lab6.bd> 
INFO: [Coretcl 2-1525] Wrote upgrade log to 'C:/Users/Berlin/Desktop/0620/0620_lab_BRAM/0316303_0619/ip_upgrade.log'.
export_ip_user_files -of_objects [get_ips lab6_me_match_0_0] -no_script -sync -force -quiet
report_ip_status -name ip_status 
reset_run synth_1
launch_runs impl_1 -to_step write_bitstream -jobs 4
Verilog Output written to : C:/Users/Berlin/Desktop/0620/0620_lab_BRAM/0316303_0619/0316303_0619.srcs/sources_1/bd/lab6/hdl/lab6.v
Verilog Output written to : C:/Users/Berlin/Desktop/0620/0620_lab_BRAM/0316303_0619/0316303_0619.srcs/sources_1/bd/lab6/hdl/lab6_wrapper.v
Wrote  : <C:/Users/Berlin/Desktop/0620/0620_lab_BRAM/0316303_0619/0316303_0619.srcs/sources_1/bd/lab6/lab6.bd> 
INFO: [BD 41-1029] Generation completed for the IP Integrator block processing_system7_0 .
INFO: [BD 41-1029] Generation completed for the IP Integrator block me_match_0 .
INFO: [BD 41-1029] Generation completed for the IP Integrator block rst_ps7_0_100M .
INFO: [BD 41-1029] Generation completed for the IP Integrator block ps7_0_axi_periph/s00_couplers/auto_pc .
Exporting to file C:/Users/Berlin/Desktop/0620/0620_lab_BRAM/0316303_0619/0316303_0619.srcs/sources_1/bd/lab6/hw_handoff/lab6.hwh
Generated Block Design Tcl file C:/Users/Berlin/Desktop/0620/0620_lab_BRAM/0316303_0619/0316303_0619.srcs/sources_1/bd/lab6/hw_handoff/lab6_bd.tcl
Generated Hardware Definition File C:/Users/Berlin/Desktop/0620/0620_lab_BRAM/0316303_0619/0316303_0619.srcs/sources_1/bd/lab6/hdl/lab6.hwdef
INFO: [IP_Flow 19-4993] Using cached IP synthesis design for IP lab6_auto_pc_0, cache-ID = 83e7b606e4f79014; cache size = 483.879 MB.
[Wed Jun 21 03:53:59 2017] Launched lab6_me_match_0_0_synth_1, synth_1...
Run output will be captured here:
lab6_me_match_0_0_synth_1: C:/Users/Berlin/Desktop/0620/0620_lab_BRAM/0316303_0619/0316303_0619.runs/lab6_me_match_0_0_synth_1/runme.log
synth_1: C:/Users/Berlin/Desktop/0620/0620_lab_BRAM/0316303_0619/0316303_0619.runs/synth_1/runme.log
[Wed Jun 21 03:53:59 2017] Launched impl_1...
Run output will be captured here: C:/Users/Berlin/Desktop/0620/0620_lab_BRAM/0316303_0619/0316303_0619.runs/impl_1/runme.log
launch_runs: Time (s): cpu = 00:00:09 ; elapsed = 00:00:08 . Memory (MB): peak = 1028.992 ; gain = 93.656
report_ip_status -name ip_status 
update_ip_catalog -rebuild -scan_changes
INFO: [IP_Flow 19-234] Refreshing IP repositories
INFO: [IP_Flow 19-1700] Loaded user IP repository 'c:/Users/Berlin/Desktop/0620/0620_lab_BRAM/ip_repo/me_match_1.0'.
report_ip_status -name ip_status
ipx::edit_ip_in_project -upgrade true -name me_match_v1_0_v1_0_project -directory C:/Users/Berlin/Desktop/0620/0620_lab_BRAM/0316303_0619/0316303_0619.tmp/me_match_v1_0_v1_0_project c:/Users/Berlin/Desktop/0620/0620_lab_BRAM/ip_repo/me_match_1.0/component.xml
INFO: [ProjectBase 1-489] The host OS only allows 260 characters in a normal path. The project is stored in a path with more than 80 characters. If you experience issues with IP, Block Designs, or files not being found, please consider moving the project to a location with a shorter path. Alternately consider using the OS subst command to map part of the path to a drive letter.
Current project path is 'c:/users/berlin/desktop/0620/0620_lab_bram/0316303_0619/0316303_0619.tmp/me_match_v1_0_v1_0_project'
INFO: [IP_Flow 19-234] Refreshing IP repositories
INFO: [IP_Flow 19-1704] No user IP repositories specified
INFO: [IP_Flow 19-2313] Loaded Vivado IP repository 'F:/Xilinx/Vivado/2016.4/data/ip'.
INFO: [IP_Flow 19-234] Refreshing IP repositories
INFO: [IP_Flow 19-1700] Loaded user IP repository 'c:/Users/Berlin/Desktop/0620/0620_lab_BRAM/ip_repo/me_match_1.0'.
INFO: [IP_Flow 19-795] Syncing license key meta-data
INFO: [IP_Flow 19-793] Syncing display name meta-data
INFO: [IP_Flow 19-798] Syncing taxonomy meta-data
set_property core_revision 16 [ipx::current_core]
ipx::create_xgui_files [ipx::current_core]
ipx::update_checksums [ipx::current_core]
ipx::save_core [ipx::current_core]
close_project -delete
update_ip_catalog -rebuild -repo_path c:/Users/Berlin/Desktop/0620/0620_lab_BRAM/ip_repo/me_match_1.0
INFO: [IP_Flow 19-725] Reloaded user IP repository 'c:/Users/Berlin/Desktop/0620/0620_lab_BRAM/ip_repo/me_match_1.0'
report_ip_status -name ip_status 
upgrade_ip -vlnv xilinx.com:user:me_match:1.0 [get_ips  lab6_me_match_0_0] -log ip_upgrade.log
Upgrading 'C:/Users/Berlin/Desktop/0620/0620_lab_BRAM/0316303_0619/0316303_0619.srcs/sources_1/bd/lab6/lab6.bd'
INFO: [IP_Flow 19-3422] Upgraded lab6_me_match_0_0 (me_match_v1.0 1.0) from revision 15 to revision 16
Wrote  : <C:/Users/Berlin/Desktop/0620/0620_lab_BRAM/0316303_0619/0316303_0619.srcs/sources_1/bd/lab6/lab6.bd> 
INFO: [Coretcl 2-1525] Wrote upgrade log to 'C:/Users/Berlin/Desktop/0620/0620_lab_BRAM/0316303_0619/ip_upgrade.log'.
export_ip_user_files -of_objects [get_ips lab6_me_match_0_0] -no_script -sync -force -quiet
reset_run synth_1
launch_runs impl_1 -to_step write_bitstream -jobs 4
Verilog Output written to : C:/Users/Berlin/Desktop/0620/0620_lab_BRAM/0316303_0619/0316303_0619.srcs/sources_1/bd/lab6/hdl/lab6.v
Verilog Output written to : C:/Users/Berlin/Desktop/0620/0620_lab_BRAM/0316303_0619/0316303_0619.srcs/sources_1/bd/lab6/hdl/lab6_wrapper.v
Wrote  : <C:/Users/Berlin/Desktop/0620/0620_lab_BRAM/0316303_0619/0316303_0619.srcs/sources_1/bd/lab6/lab6.bd> 
INFO: [BD 41-1029] Generation completed for the IP Integrator block processing_system7_0 .
INFO: [BD 41-1029] Generation completed for the IP Integrator block me_match_0 .
INFO: [BD 41-1029] Generation completed for the IP Integrator block rst_ps7_0_100M .
INFO: [BD 41-1029] Generation completed for the IP Integrator block ps7_0_axi_periph/s00_couplers/auto_pc .
Exporting to file C:/Users/Berlin/Desktop/0620/0620_lab_BRAM/0316303_0619/0316303_0619.srcs/sources_1/bd/lab6/hw_handoff/lab6.hwh
Generated Block Design Tcl file C:/Users/Berlin/Desktop/0620/0620_lab_BRAM/0316303_0619/0316303_0619.srcs/sources_1/bd/lab6/hw_handoff/lab6_bd.tcl
Generated Hardware Definition File C:/Users/Berlin/Desktop/0620/0620_lab_BRAM/0316303_0619/0316303_0619.srcs/sources_1/bd/lab6/hdl/lab6.hwdef
INFO: [IP_Flow 19-4993] Using cached IP synthesis design for IP lab6_auto_pc_0, cache-ID = 83e7b606e4f79014; cache size = 498.664 MB.
[Wed Jun 21 11:52:43 2017] Launched lab6_me_match_0_0_synth_1, synth_1...
Run output will be captured here:
lab6_me_match_0_0_synth_1: C:/Users/Berlin/Desktop/0620/0620_lab_BRAM/0316303_0619/0316303_0619.runs/lab6_me_match_0_0_synth_1/runme.log
synth_1: C:/Users/Berlin/Desktop/0620/0620_lab_BRAM/0316303_0619/0316303_0619.runs/synth_1/runme.log
[Wed Jun 21 11:52:43 2017] Launched impl_1...
Run output will be captured here: C:/Users/Berlin/Desktop/0620/0620_lab_BRAM/0316303_0619/0316303_0619.runs/impl_1/runme.log
report_ip_status -name ip_status 
